[2025-08-05T23:29:00.072+0000] {taskinstance.py:1956} INFO - Dependencies all met for dep_context=non-requeueable deps ti=<TaskInstance: Ejercicio1.CreaTabladimdate manual__2025-08-05T23:28:31.700452+00:00 [queued]>
[2025-08-05T23:29:00.138+0000] {taskinstance.py:1956} INFO - Dependencies all met for dep_context=requeueable deps ti=<TaskInstance: Ejercicio1.CreaTabladimdate manual__2025-08-05T23:28:31.700452+00:00 [queued]>
[2025-08-05T23:29:00.143+0000] {taskinstance.py:2170} INFO - Starting attempt 1 of 2
[2025-08-05T23:29:00.231+0000] {taskinstance.py:2191} INFO - Executing <Task(PythonOperator): CreaTabladimdate> on 2025-08-05 23:28:31.700452+00:00
[2025-08-05T23:29:00.307+0000] {standard_task_runner.py:60} INFO - Started process 3361 to run task
[2025-08-05T23:29:00.328+0000] {standard_task_runner.py:87} INFO - Running: ['***', 'tasks', 'run', 'Ejercicio1', 'CreaTabladimdate', 'manual__2025-08-05T23:28:31.700452+00:00', '--job-id', '234', '--raw', '--subdir', 'DAGS_FOLDER/ejercicio1.py', '--cfg-path', '/tmp/tmpnhrjwg_u']
[2025-08-05T23:29:00.346+0000] {standard_task_runner.py:88} INFO - Job 234: Subtask CreaTabladimdate
[2025-08-05T23:29:00.880+0000] {task_command.py:423} INFO - Running <TaskInstance: Ejercicio1.CreaTabladimdate manual__2025-08-05T23:28:31.700452+00:00 [running]> on host 019b67754667
[2025-08-05T23:29:01.371+0000] {taskinstance.py:2480} INFO - Exporting env vars: AIRFLOW_CTX_DAG_OWNER='***' AIRFLOW_CTX_DAG_ID='Ejercicio1' AIRFLOW_CTX_TASK_ID='CreaTabladimdate' AIRFLOW_CTX_EXECUTION_DATE='2025-08-05T23:28:31.700452+00:00' AIRFLOW_CTX_TRY_NUMBER='1' AIRFLOW_CTX_DAG_RUN_ID='manual__2025-08-05T23:28:31.700452+00:00'
[2025-08-05T23:29:01.574+0000] {logging_mixin.py:188} INFO -      dateid        date  year  quarter  ... monthname  day weekday  weekdayname
0         1  2019-03-09  2019        1  ...     March    9       7       Sunday
1         2  2019-03-10  2019        1  ...     March   10       1       Monday
2         3  2019-03-11  2019        1  ...     March   11       2      Tuesday
3         4  2019-03-12  2019        1  ...     March   12       3    Wednesday
4         5  2019-03-13  2019        1  ...     March   13       4     Thursday
..      ...         ...   ...      ...  ...       ...  ...     ...          ...
345     346  2020-02-17  2020        1  ...  February   17       2      Tuesday
346     347  2020-02-18  2020        1  ...  February   18       3    Wednesday
347     348  2020-02-19  2020        1  ...  February   19       4     Thursday
348     349  2020-02-20  2020        1  ...  February   20       5       Friday
349     350  2020-02-21  2020        1  ...  February   21       6     Saturday

[350 rows x 10 columns]
[2025-08-05T23:29:01.576+0000] {logging_mixin.py:188} INFO - 
 ---------------SE ENCONTRAROS DATOS PARA LA CARGA INICIAL | ULTIMO ID DE LA TABLA:350-----------------
[2025-08-05T23:29:02.302+0000] {_client.py:1038} INFO - HTTP Request: POST https://qwpzsjaaxuijmqodvslf.supabase.co/rest/v1/dimdate?columns=%22dateid%22%2C%22year%22%2C%22quarter%22%2C%22monthname%22%2C%22date%22%2C%22weekday%22%2C%22day%22%2C%22weekdayname%22%2C%22month%22%2C%22quartername%22 "HTTP/2 201 Created"
[2025-08-05T23:29:02.324+0000] {logging_mixin.py:188} INFO - ---------------------------------------Datos insertados Correctamente dimdate------------------------
 
[2025-08-05T23:29:02.892+0000] {_client.py:1038} INFO - HTTP Request: POST https://qwpzsjaaxuijmqodvslf.supabase.co/rest/v1/dimdate?columns=%22dateid%22%2C%22year%22%2C%22quarter%22%2C%22monthname%22%2C%22date%22%2C%22weekday%22%2C%22day%22%2C%22weekdayname%22%2C%22month%22%2C%22quartername%22 "HTTP/2 201 Created"
[2025-08-05T23:29:02.896+0000] {logging_mixin.py:188} INFO - ---------------------------------------Datos insertados Correctamente dimdate------------------------
 
[2025-08-05T23:29:03.129+0000] {_client.py:1038} INFO - HTTP Request: POST https://qwpzsjaaxuijmqodvslf.supabase.co/rest/v1/dimdate?columns=%22dateid%22%2C%22year%22%2C%22quarter%22%2C%22monthname%22%2C%22date%22%2C%22weekday%22%2C%22day%22%2C%22weekdayname%22%2C%22month%22%2C%22quartername%22 "HTTP/2 201 Created"
[2025-08-05T23:29:03.134+0000] {logging_mixin.py:188} INFO - ---------------------------------------Datos insertados Correctamente dimdate------------------------
 
[2025-08-05T23:29:03.374+0000] {_client.py:1038} INFO - HTTP Request: POST https://qwpzsjaaxuijmqodvslf.supabase.co/rest/v1/dimdate?columns=%22dateid%22%2C%22year%22%2C%22quarter%22%2C%22monthname%22%2C%22date%22%2C%22weekday%22%2C%22day%22%2C%22weekdayname%22%2C%22month%22%2C%22quartername%22 "HTTP/2 201 Created"
[2025-08-05T23:29:03.378+0000] {logging_mixin.py:188} INFO - ---------------------------------------Datos insertados Correctamente dimdate------------------------
 
[2025-08-05T23:29:06.320+0000] {_client.py:1038} INFO - HTTP Request: POST https://qwpzsjaaxuijmqodvslf.supabase.co/rest/v1/dimdate?columns=%22dateid%22%2C%22year%22%2C%22quarter%22%2C%22monthname%22%2C%22date%22%2C%22weekday%22%2C%22day%22%2C%22weekdayname%22%2C%22month%22%2C%22quartername%22 "HTTP/2 201 Created"
[2025-08-05T23:29:06.325+0000] {logging_mixin.py:188} INFO - ---------------------------------------Datos insertados Correctamente dimdate------------------------
 
[2025-08-05T23:29:06.573+0000] {_client.py:1038} INFO - HTTP Request: POST https://qwpzsjaaxuijmqodvslf.supabase.co/rest/v1/dimdate?columns=%22dateid%22%2C%22year%22%2C%22quarter%22%2C%22monthname%22%2C%22date%22%2C%22weekday%22%2C%22day%22%2C%22weekdayname%22%2C%22month%22%2C%22quartername%22 "HTTP/2 201 Created"
[2025-08-05T23:29:06.576+0000] {logging_mixin.py:188} INFO - ---------------------------------------Datos insertados Correctamente dimdate------------------------
 
[2025-08-05T23:29:07.158+0000] {_client.py:1038} INFO - HTTP Request: POST https://qwpzsjaaxuijmqodvslf.supabase.co/rest/v1/dimdate?columns=%22dateid%22%2C%22year%22%2C%22quarter%22%2C%22monthname%22%2C%22date%22%2C%22weekday%22%2C%22day%22%2C%22weekdayname%22%2C%22month%22%2C%22quartername%22 "HTTP/2 201 Created"
[2025-08-05T23:29:07.178+0000] {logging_mixin.py:188} INFO - ---------------------------------------Datos insertados Correctamente dimdate------------------------
 
[2025-08-05T23:29:07.415+0000] {_client.py:1038} INFO - HTTP Request: POST https://qwpzsjaaxuijmqodvslf.supabase.co/rest/v1/dimdate?columns=%22dateid%22%2C%22year%22%2C%22quarter%22%2C%22monthname%22%2C%22date%22%2C%22weekday%22%2C%22day%22%2C%22weekdayname%22%2C%22month%22%2C%22quartername%22 "HTTP/2 201 Created"
[2025-08-05T23:29:07.420+0000] {logging_mixin.py:188} INFO - ---------------------------------------Datos insertados Correctamente dimdate------------------------
 
[2025-08-05T23:29:07.647+0000] {_client.py:1038} INFO - HTTP Request: POST https://qwpzsjaaxuijmqodvslf.supabase.co/rest/v1/dimdate?columns=%22dateid%22%2C%22year%22%2C%22quarter%22%2C%22monthname%22%2C%22date%22%2C%22weekday%22%2C%22day%22%2C%22weekdayname%22%2C%22month%22%2C%22quartername%22 "HTTP/2 201 Created"
[2025-08-05T23:29:07.649+0000] {logging_mixin.py:188} INFO - ---------------------------------------Datos insertados Correctamente dimdate------------------------
 
[2025-08-05T23:29:07.893+0000] {_client.py:1038} INFO - HTTP Request: POST https://qwpzsjaaxuijmqodvslf.supabase.co/rest/v1/dimdate?columns=%22dateid%22%2C%22year%22%2C%22quarter%22%2C%22monthname%22%2C%22date%22%2C%22weekday%22%2C%22day%22%2C%22weekdayname%22%2C%22month%22%2C%22quartername%22 "HTTP/2 201 Created"
[2025-08-05T23:29:07.896+0000] {logging_mixin.py:188} INFO - ---------------------------------------Datos insertados Correctamente dimdate------------------------
 
[2025-08-05T23:29:08.132+0000] {_client.py:1038} INFO - HTTP Request: POST https://qwpzsjaaxuijmqodvslf.supabase.co/rest/v1/dimdate?columns=%22dateid%22%2C%22year%22%2C%22quarter%22%2C%22monthname%22%2C%22date%22%2C%22weekday%22%2C%22day%22%2C%22weekdayname%22%2C%22month%22%2C%22quartername%22 "HTTP/2 201 Created"
[2025-08-05T23:29:08.135+0000] {logging_mixin.py:188} INFO - ---------------------------------------Datos insertados Correctamente dimdate------------------------
 
[2025-08-05T23:29:08.398+0000] {_client.py:1038} INFO - HTTP Request: POST https://qwpzsjaaxuijmqodvslf.supabase.co/rest/v1/dimdate?columns=%22dateid%22%2C%22year%22%2C%22quarter%22%2C%22monthname%22%2C%22date%22%2C%22weekday%22%2C%22day%22%2C%22weekdayname%22%2C%22month%22%2C%22quartername%22 "HTTP/2 201 Created"
[2025-08-05T23:29:08.403+0000] {logging_mixin.py:188} INFO - ---------------------------------------Datos insertados Correctamente dimdate------------------------
 
[2025-08-05T23:29:08.651+0000] {_client.py:1038} INFO - HTTP Request: POST https://qwpzsjaaxuijmqodvslf.supabase.co/rest/v1/dimdate?columns=%22dateid%22%2C%22year%22%2C%22quarter%22%2C%22monthname%22%2C%22date%22%2C%22weekday%22%2C%22day%22%2C%22weekdayname%22%2C%22month%22%2C%22quartername%22 "HTTP/2 201 Created"
[2025-08-05T23:29:08.654+0000] {logging_mixin.py:188} INFO - ---------------------------------------Datos insertados Correctamente dimdate------------------------
 
[2025-08-05T23:29:08.897+0000] {_client.py:1038} INFO - HTTP Request: POST https://qwpzsjaaxuijmqodvslf.supabase.co/rest/v1/dimdate?columns=%22dateid%22%2C%22year%22%2C%22quarter%22%2C%22monthname%22%2C%22date%22%2C%22weekday%22%2C%22day%22%2C%22weekdayname%22%2C%22month%22%2C%22quartername%22 "HTTP/2 201 Created"
[2025-08-05T23:29:08.900+0000] {logging_mixin.py:188} INFO - ---------------------------------------Datos insertados Correctamente dimdate------------------------
 
[2025-08-05T23:29:09.159+0000] {_client.py:1038} INFO - HTTP Request: POST https://qwpzsjaaxuijmqodvslf.supabase.co/rest/v1/dimdate?columns=%22dateid%22%2C%22year%22%2C%22quarter%22%2C%22monthname%22%2C%22date%22%2C%22weekday%22%2C%22day%22%2C%22weekdayname%22%2C%22month%22%2C%22quartername%22 "HTTP/2 201 Created"
[2025-08-05T23:29:09.162+0000] {logging_mixin.py:188} INFO - ---------------------------------------Datos insertados Correctamente dimdate------------------------
 
[2025-08-05T23:29:09.397+0000] {_client.py:1038} INFO - HTTP Request: POST https://qwpzsjaaxuijmqodvslf.supabase.co/rest/v1/dimdate?columns=%22dateid%22%2C%22year%22%2C%22quarter%22%2C%22monthname%22%2C%22date%22%2C%22weekday%22%2C%22day%22%2C%22weekdayname%22%2C%22month%22%2C%22quartername%22 "HTTP/2 201 Created"
[2025-08-05T23:29:09.404+0000] {logging_mixin.py:188} INFO - ---------------------------------------Datos insertados Correctamente dimdate------------------------
 
[2025-08-05T23:29:09.643+0000] {_client.py:1038} INFO - HTTP Request: POST https://qwpzsjaaxuijmqodvslf.supabase.co/rest/v1/dimdate?columns=%22dateid%22%2C%22year%22%2C%22quarter%22%2C%22monthname%22%2C%22date%22%2C%22weekday%22%2C%22day%22%2C%22weekdayname%22%2C%22month%22%2C%22quartername%22 "HTTP/2 201 Created"
[2025-08-05T23:29:09.647+0000] {logging_mixin.py:188} INFO - ---------------------------------------Datos insertados Correctamente dimdate------------------------
 
[2025-08-05T23:29:09.907+0000] {_client.py:1038} INFO - HTTP Request: POST https://qwpzsjaaxuijmqodvslf.supabase.co/rest/v1/dimdate?columns=%22dateid%22%2C%22year%22%2C%22quarter%22%2C%22monthname%22%2C%22date%22%2C%22weekday%22%2C%22day%22%2C%22weekdayname%22%2C%22month%22%2C%22quartername%22 "HTTP/2 201 Created"
[2025-08-05T23:29:09.911+0000] {logging_mixin.py:188} INFO - ---------------------------------------Datos insertados Correctamente dimdate------------------------
 
[2025-08-05T23:29:10.149+0000] {_client.py:1038} INFO - HTTP Request: POST https://qwpzsjaaxuijmqodvslf.supabase.co/rest/v1/dimdate?columns=%22dateid%22%2C%22year%22%2C%22quarter%22%2C%22monthname%22%2C%22date%22%2C%22weekday%22%2C%22day%22%2C%22weekdayname%22%2C%22month%22%2C%22quartername%22 "HTTP/2 201 Created"
[2025-08-05T23:29:10.152+0000] {logging_mixin.py:188} INFO - ---------------------------------------Datos insertados Correctamente dimdate------------------------
 
[2025-08-05T23:29:10.411+0000] {_client.py:1038} INFO - HTTP Request: POST https://qwpzsjaaxuijmqodvslf.supabase.co/rest/v1/dimdate?columns=%22dateid%22%2C%22year%22%2C%22quarter%22%2C%22monthname%22%2C%22date%22%2C%22weekday%22%2C%22day%22%2C%22weekdayname%22%2C%22month%22%2C%22quartername%22 "HTTP/2 201 Created"
[2025-08-05T23:29:10.415+0000] {logging_mixin.py:188} INFO - ---------------------------------------Datos insertados Correctamente dimdate------------------------
 
[2025-08-05T23:29:10.659+0000] {_client.py:1038} INFO - HTTP Request: POST https://qwpzsjaaxuijmqodvslf.supabase.co/rest/v1/dimdate?columns=%22dateid%22%2C%22year%22%2C%22quarter%22%2C%22monthname%22%2C%22date%22%2C%22weekday%22%2C%22day%22%2C%22weekdayname%22%2C%22month%22%2C%22quartername%22 "HTTP/2 201 Created"
[2025-08-05T23:29:10.661+0000] {logging_mixin.py:188} INFO - ---------------------------------------Datos insertados Correctamente dimdate------------------------
 
[2025-08-05T23:29:10.933+0000] {_client.py:1038} INFO - HTTP Request: POST https://qwpzsjaaxuijmqodvslf.supabase.co/rest/v1/dimdate?columns=%22dateid%22%2C%22year%22%2C%22quarter%22%2C%22monthname%22%2C%22date%22%2C%22weekday%22%2C%22day%22%2C%22weekdayname%22%2C%22month%22%2C%22quartername%22 "HTTP/2 201 Created"
[2025-08-05T23:29:10.936+0000] {logging_mixin.py:188} INFO - ---------------------------------------Datos insertados Correctamente dimdate------------------------
 
[2025-08-05T23:29:11.278+0000] {_client.py:1038} INFO - HTTP Request: POST https://qwpzsjaaxuijmqodvslf.supabase.co/rest/v1/dimdate?columns=%22dateid%22%2C%22year%22%2C%22quarter%22%2C%22monthname%22%2C%22date%22%2C%22weekday%22%2C%22day%22%2C%22weekdayname%22%2C%22month%22%2C%22quartername%22 "HTTP/2 201 Created"
[2025-08-05T23:29:11.282+0000] {logging_mixin.py:188} INFO - ---------------------------------------Datos insertados Correctamente dimdate------------------------
 
[2025-08-05T23:29:11.528+0000] {_client.py:1038} INFO - HTTP Request: POST https://qwpzsjaaxuijmqodvslf.supabase.co/rest/v1/dimdate?columns=%22dateid%22%2C%22year%22%2C%22quarter%22%2C%22monthname%22%2C%22date%22%2C%22weekday%22%2C%22day%22%2C%22weekdayname%22%2C%22month%22%2C%22quartername%22 "HTTP/2 201 Created"
[2025-08-05T23:29:11.535+0000] {logging_mixin.py:188} INFO - ---------------------------------------Datos insertados Correctamente dimdate------------------------
 
[2025-08-05T23:29:11.780+0000] {_client.py:1038} INFO - HTTP Request: POST https://qwpzsjaaxuijmqodvslf.supabase.co/rest/v1/dimdate?columns=%22dateid%22%2C%22year%22%2C%22quarter%22%2C%22monthname%22%2C%22date%22%2C%22weekday%22%2C%22day%22%2C%22weekdayname%22%2C%22month%22%2C%22quartername%22 "HTTP/2 201 Created"
[2025-08-05T23:29:11.783+0000] {logging_mixin.py:188} INFO - ---------------------------------------Datos insertados Correctamente dimdate------------------------
 
[2025-08-05T23:29:12.035+0000] {_client.py:1038} INFO - HTTP Request: POST https://qwpzsjaaxuijmqodvslf.supabase.co/rest/v1/dimdate?columns=%22dateid%22%2C%22year%22%2C%22quarter%22%2C%22monthname%22%2C%22date%22%2C%22weekday%22%2C%22day%22%2C%22weekdayname%22%2C%22month%22%2C%22quartername%22 "HTTP/2 201 Created"
[2025-08-05T23:29:12.038+0000] {logging_mixin.py:188} INFO - ---------------------------------------Datos insertados Correctamente dimdate------------------------
 
[2025-08-05T23:29:12.288+0000] {_client.py:1038} INFO - HTTP Request: POST https://qwpzsjaaxuijmqodvslf.supabase.co/rest/v1/dimdate?columns=%22dateid%22%2C%22year%22%2C%22quarter%22%2C%22monthname%22%2C%22date%22%2C%22weekday%22%2C%22day%22%2C%22weekdayname%22%2C%22month%22%2C%22quartername%22 "HTTP/2 201 Created"
[2025-08-05T23:29:12.294+0000] {logging_mixin.py:188} INFO - ---------------------------------------Datos insertados Correctamente dimdate------------------------
 
[2025-08-05T23:29:12.543+0000] {_client.py:1038} INFO - HTTP Request: POST https://qwpzsjaaxuijmqodvslf.supabase.co/rest/v1/dimdate?columns=%22dateid%22%2C%22year%22%2C%22quarter%22%2C%22monthname%22%2C%22date%22%2C%22weekday%22%2C%22day%22%2C%22weekdayname%22%2C%22month%22%2C%22quartername%22 "HTTP/2 201 Created"
[2025-08-05T23:29:12.546+0000] {logging_mixin.py:188} INFO - ---------------------------------------Datos insertados Correctamente dimdate------------------------
 
[2025-08-05T23:29:12.774+0000] {_client.py:1038} INFO - HTTP Request: POST https://qwpzsjaaxuijmqodvslf.supabase.co/rest/v1/dimdate?columns=%22dateid%22%2C%22year%22%2C%22quarter%22%2C%22monthname%22%2C%22date%22%2C%22weekday%22%2C%22day%22%2C%22weekdayname%22%2C%22month%22%2C%22quartername%22 "HTTP/2 201 Created"
[2025-08-05T23:29:12.778+0000] {logging_mixin.py:188} INFO - ---------------------------------------Datos insertados Correctamente dimdate------------------------
 
[2025-08-05T23:29:13.027+0000] {_client.py:1038} INFO - HTTP Request: POST https://qwpzsjaaxuijmqodvslf.supabase.co/rest/v1/dimdate?columns=%22dateid%22%2C%22year%22%2C%22quarter%22%2C%22monthname%22%2C%22date%22%2C%22weekday%22%2C%22day%22%2C%22weekdayname%22%2C%22month%22%2C%22quartername%22 "HTTP/2 201 Created"
[2025-08-05T23:29:13.031+0000] {logging_mixin.py:188} INFO - ---------------------------------------Datos insertados Correctamente dimdate------------------------
 
[2025-08-05T23:29:13.259+0000] {_client.py:1038} INFO - HTTP Request: POST https://qwpzsjaaxuijmqodvslf.supabase.co/rest/v1/dimdate?columns=%22dateid%22%2C%22year%22%2C%22quarter%22%2C%22monthname%22%2C%22date%22%2C%22weekday%22%2C%22day%22%2C%22weekdayname%22%2C%22month%22%2C%22quartername%22 "HTTP/2 201 Created"
[2025-08-05T23:29:13.263+0000] {logging_mixin.py:188} INFO - ---------------------------------------Datos insertados Correctamente dimdate------------------------
 
[2025-08-05T23:29:13.509+0000] {_client.py:1038} INFO - HTTP Request: POST https://qwpzsjaaxuijmqodvslf.supabase.co/rest/v1/dimdate?columns=%22dateid%22%2C%22year%22%2C%22quarter%22%2C%22monthname%22%2C%22date%22%2C%22weekday%22%2C%22day%22%2C%22weekdayname%22%2C%22month%22%2C%22quartername%22 "HTTP/2 201 Created"
[2025-08-05T23:29:13.513+0000] {logging_mixin.py:188} INFO - ---------------------------------------Datos insertados Correctamente dimdate------------------------
 
[2025-08-05T23:29:13.753+0000] {_client.py:1038} INFO - HTTP Request: POST https://qwpzsjaaxuijmqodvslf.supabase.co/rest/v1/dimdate?columns=%22dateid%22%2C%22year%22%2C%22quarter%22%2C%22monthname%22%2C%22date%22%2C%22weekday%22%2C%22day%22%2C%22weekdayname%22%2C%22month%22%2C%22quartername%22 "HTTP/2 201 Created"
[2025-08-05T23:29:13.756+0000] {logging_mixin.py:188} INFO - ---------------------------------------Datos insertados Correctamente dimdate------------------------
 
[2025-08-05T23:29:13.990+0000] {_client.py:1038} INFO - HTTP Request: POST https://qwpzsjaaxuijmqodvslf.supabase.co/rest/v1/dimdate?columns=%22dateid%22%2C%22year%22%2C%22quarter%22%2C%22monthname%22%2C%22date%22%2C%22weekday%22%2C%22day%22%2C%22weekdayname%22%2C%22month%22%2C%22quartername%22 "HTTP/2 201 Created"
[2025-08-05T23:29:13.995+0000] {logging_mixin.py:188} INFO - ---------------------------------------Datos insertados Correctamente dimdate------------------------
 
[2025-08-05T23:29:14.221+0000] {_client.py:1038} INFO - HTTP Request: POST https://qwpzsjaaxuijmqodvslf.supabase.co/rest/v1/dimdate?columns=%22dateid%22%2C%22year%22%2C%22quarter%22%2C%22monthname%22%2C%22date%22%2C%22weekday%22%2C%22day%22%2C%22weekdayname%22%2C%22month%22%2C%22quartername%22 "HTTP/2 201 Created"
[2025-08-05T23:29:14.225+0000] {logging_mixin.py:188} INFO - ---------------------------------------Datos insertados Correctamente dimdate------------------------
 
[2025-08-05T23:29:14.741+0000] {_client.py:1038} INFO - HTTP Request: PATCH https://qwpzsjaaxuijmqodvslf.supabase.co/rest/v1/StgLogs?table_name=eq.dimdate "HTTP/2 200 OK"
[2025-08-05T23:29:14.743+0000] {python.py:201} INFO - Done. Returned value was: None
[2025-08-05T23:29:14.770+0000] {taskinstance.py:1138} INFO - Marking task as SUCCESS. dag_id=Ejercicio1, task_id=CreaTabladimdate, execution_date=20250805T232831, start_date=20250805T232900, end_date=20250805T232914
[2025-08-05T23:29:14.857+0000] {local_task_job_runner.py:234} INFO - Task exited with return code 0
[2025-08-05T23:29:14.902+0000] {taskinstance.py:3280} INFO - 0 downstream tasks scheduled from follow-on schedule check
