[2025-08-04T23:04:03.072+0000] {taskinstance.py:1956} INFO - Dependencies all met for dep_context=non-requeueable deps ti=<TaskInstance: Ejercicio1.ver_tablas_postgres manual__2025-08-04T23:03:57.775025+00:00 [queued]>
[2025-08-04T23:04:03.116+0000] {taskinstance.py:1956} INFO - Dependencies all met for dep_context=requeueable deps ti=<TaskInstance: Ejercicio1.ver_tablas_postgres manual__2025-08-04T23:03:57.775025+00:00 [queued]>
[2025-08-04T23:04:03.118+0000] {taskinstance.py:2170} INFO - Starting attempt 1 of 2
[2025-08-04T23:04:03.278+0000] {taskinstance.py:2191} INFO - Executing <Task(BashOperator): ver_tablas_postgres> on 2025-08-04 23:03:57.775025+00:00
[2025-08-04T23:04:03.302+0000] {standard_task_runner.py:60} INFO - Started process 187 to run task
[2025-08-04T23:04:03.357+0000] {standard_task_runner.py:87} INFO - Running: ['***', 'tasks', 'run', 'Ejercicio1', 'ver_tablas_postgres', 'manual__2025-08-04T23:03:57.775025+00:00', '--job-id', '4', '--raw', '--subdir', 'DAGS_FOLDER/ejercicio1.py', '--cfg-path', '/tmp/tmp73pzu588']
[2025-08-04T23:04:03.377+0000] {standard_task_runner.py:88} INFO - Job 4: Subtask ver_tablas_postgres
[2025-08-04T23:04:03.741+0000] {task_command.py:423} INFO - Running <TaskInstance: Ejercicio1.ver_tablas_postgres manual__2025-08-04T23:03:57.775025+00:00 [running]> on host 521155ff77c9
[2025-08-04T23:04:04.057+0000] {taskinstance.py:2480} INFO - Exporting env vars: AIRFLOW_CTX_DAG_OWNER='***' AIRFLOW_CTX_DAG_ID='Ejercicio1' AIRFLOW_CTX_TASK_ID='ver_tablas_postgres' AIRFLOW_CTX_EXECUTION_DATE='2025-08-04T23:03:57.775025+00:00' AIRFLOW_CTX_TRY_NUMBER='1' AIRFLOW_CTX_DAG_RUN_ID='manual__2025-08-04T23:03:57.775025+00:00'
[2025-08-04T23:04:04.071+0000] {subprocess.py:63} INFO - Tmp dir root location: /tmp
[2025-08-04T23:04:04.083+0000] {subprocess.py:75} INFO - Running command: ['/usr/bin/bash', '-c', '\n    psql -h $POSTGRES_HOST -U $POSTGRES_USUARIO -d $POSTGRES_DB_REPLICA -c "\\dt"\n    ']
[2025-08-04T23:04:04.153+0000] {subprocess.py:86} INFO - Output:
[2025-08-04T23:04:04.477+0000] {subprocess.py:93} INFO - psql: error: could not translate host name "-U" to address: Name or service not known
[2025-08-04T23:04:04.485+0000] {subprocess.py:97} INFO - Command exited with return code 2
[2025-08-04T23:04:04.596+0000] {taskinstance.py:2698} ERROR - Task failed with exception
Traceback (most recent call last):
  File "/home/airflow/.local/lib/python3.8/site-packages/airflow/models/taskinstance.py", line 433, in _execute_task
    result = execute_callable(context=context, **execute_callable_kwargs)
  File "/home/airflow/.local/lib/python3.8/site-packages/airflow/operators/bash.py", line 212, in execute
    raise AirflowException(
airflow.exceptions.AirflowException: Bash command failed. The command returned a non-zero exit code 2.
[2025-08-04T23:04:04.628+0000] {taskinstance.py:1138} INFO - Marking task as UP_FOR_RETRY. dag_id=Ejercicio1, task_id=ver_tablas_postgres, execution_date=20250804T230357, start_date=20250804T230403, end_date=20250804T230404
[2025-08-04T23:04:04.761+0000] {standard_task_runner.py:107} ERROR - Failed to execute job 4 for task ver_tablas_postgres (Bash command failed. The command returned a non-zero exit code 2.; 187)
[2025-08-04T23:04:04.863+0000] {local_task_job_runner.py:234} INFO - Task exited with return code 1
[2025-08-04T23:04:05.067+0000] {taskinstance.py:3280} INFO - 0 downstream tasks scheduled from follow-on schedule check
