[2025-08-05T19:52:24.455+0000] {taskinstance.py:1956} INFO - Dependencies all met for dep_context=non-requeueable deps ti=<TaskInstance: Ejercicio1.LoadAndSetdimdate manual__2025-08-05T19:52:08.294355+00:00 [queued]>
[2025-08-05T19:52:24.499+0000] {taskinstance.py:1956} INFO - Dependencies all met for dep_context=requeueable deps ti=<TaskInstance: Ejercicio1.LoadAndSetdimdate manual__2025-08-05T19:52:08.294355+00:00 [queued]>
[2025-08-05T19:52:24.501+0000] {taskinstance.py:2170} INFO - Starting attempt 1 of 2
[2025-08-05T19:52:24.555+0000] {taskinstance.py:2191} INFO - Executing <Task(PythonOperator): LoadAndSetdimdate> on 2025-08-05 19:52:08.294355+00:00
[2025-08-05T19:52:24.585+0000] {standard_task_runner.py:60} INFO - Started process 1551 to run task
[2025-08-05T19:52:24.615+0000] {standard_task_runner.py:87} INFO - Running: ['***', 'tasks', 'run', 'Ejercicio1', 'LoadAndSetdimdate', 'manual__2025-08-05T19:52:08.294355+00:00', '--job-id', '171', '--raw', '--subdir', 'DAGS_FOLDER/ejercicio1.py', '--cfg-path', '/tmp/tmpr61eo6yu']
[2025-08-05T19:52:24.690+0000] {standard_task_runner.py:88} INFO - Job 171: Subtask LoadAndSetdimdate
[2025-08-05T19:52:24.932+0000] {task_command.py:423} INFO - Running <TaskInstance: Ejercicio1.LoadAndSetdimdate manual__2025-08-05T19:52:08.294355+00:00 [running]> on host 019b67754667
[2025-08-05T19:52:25.456+0000] {taskinstance.py:2480} INFO - Exporting env vars: AIRFLOW_CTX_DAG_OWNER='***' AIRFLOW_CTX_DAG_ID='Ejercicio1' AIRFLOW_CTX_TASK_ID='LoadAndSetdimdate' AIRFLOW_CTX_EXECUTION_DATE='2025-08-05T19:52:08.294355+00:00' AIRFLOW_CTX_TRY_NUMBER='1' AIRFLOW_CTX_DAG_RUN_ID='manual__2025-08-05T19:52:08.294355+00:00'
[2025-08-05T19:52:26.239+0000] {logging_mixin.py:188} INFO -      dateid        date  year  quarter  ... monthname  day weekday  weekdayname
0         1  2019-03-09  2019        1  ...     March    9       7       Sunday
1         2  2019-03-10  2019        1  ...     March   10       1       Monday
2         3  2019-03-11  2019        1  ...     March   11       2      Tuesday
3         4  2019-03-12  2019        1  ...     March   12       3    Wednesday
4         5  2019-03-13  2019        1  ...     March   13       4     Thursday
..      ...         ...   ...      ...  ...       ...  ...     ...          ...
345     346  2020-02-17  2020        1  ...  February   17       2      Tuesday
346     347  2020-02-18  2020        1  ...  February   18       3    Wednesday
347     348  2020-02-19  2020        1  ...  February   19       4     Thursday
348     349  2020-02-20  2020        1  ...  February   20       5       Friday
349     350  2020-02-21  2020        1  ...  February   21       6     Saturday

[350 rows x 10 columns]
[2025-08-05T19:52:26.241+0000] {logging_mixin.py:188} INFO - 
 ---------------SE ENCONTRAROS DATOS PARA LA CARGA INICIAL | ULTIMO ID DE LA TABLA:350-----------------
[2025-08-05T19:52:27.216+0000] {_client.py:1038} INFO - HTTP Request: POST https://qwpzsjaaxuijmqodvslf.supabase.co/rest/v1/dimdate?columns=%22dateid%22%2C%22year%22%2C%22quarter%22%2C%22monthname%22%2C%22date%22%2C%22weekday%22%2C%22day%22%2C%22weekdayname%22%2C%22month%22%2C%22quartername%22 "HTTP/2 201 Created"
[2025-08-05T19:52:27.247+0000] {logging_mixin.py:188} INFO - ---------------------------------------Datos insertados Correctamente dimdate------------------------
 
[2025-08-05T19:52:27.784+0000] {_client.py:1038} INFO - HTTP Request: POST https://qwpzsjaaxuijmqodvslf.supabase.co/rest/v1/dimdate?columns=%22dateid%22%2C%22year%22%2C%22quarter%22%2C%22monthname%22%2C%22date%22%2C%22weekday%22%2C%22day%22%2C%22weekdayname%22%2C%22month%22%2C%22quartername%22 "HTTP/2 201 Created"
[2025-08-05T19:52:27.872+0000] {logging_mixin.py:188} INFO - ---------------------------------------Datos insertados Correctamente dimdate------------------------
 
[2025-08-05T19:52:28.156+0000] {_client.py:1038} INFO - HTTP Request: POST https://qwpzsjaaxuijmqodvslf.supabase.co/rest/v1/dimdate?columns=%22dateid%22%2C%22year%22%2C%22quarter%22%2C%22monthname%22%2C%22date%22%2C%22weekday%22%2C%22day%22%2C%22weekdayname%22%2C%22month%22%2C%22quartername%22 "HTTP/2 201 Created"
[2025-08-05T19:52:28.172+0000] {logging_mixin.py:188} INFO - ---------------------------------------Datos insertados Correctamente dimdate------------------------
 
[2025-08-05T19:52:28.755+0000] {_client.py:1038} INFO - HTTP Request: POST https://qwpzsjaaxuijmqodvslf.supabase.co/rest/v1/dimdate?columns=%22dateid%22%2C%22year%22%2C%22quarter%22%2C%22monthname%22%2C%22date%22%2C%22weekday%22%2C%22day%22%2C%22weekdayname%22%2C%22month%22%2C%22quartername%22 "HTTP/2 201 Created"
[2025-08-05T19:52:28.795+0000] {logging_mixin.py:188} INFO - ---------------------------------------Datos insertados Correctamente dimdate------------------------
 
[2025-08-05T19:52:29.041+0000] {_client.py:1038} INFO - HTTP Request: POST https://qwpzsjaaxuijmqodvslf.supabase.co/rest/v1/dimdate?columns=%22dateid%22%2C%22year%22%2C%22quarter%22%2C%22monthname%22%2C%22date%22%2C%22weekday%22%2C%22day%22%2C%22weekdayname%22%2C%22month%22%2C%22quartername%22 "HTTP/2 201 Created"
[2025-08-05T19:52:29.047+0000] {logging_mixin.py:188} INFO - ---------------------------------------Datos insertados Correctamente dimdate------------------------
 
[2025-08-05T19:52:29.302+0000] {_client.py:1038} INFO - HTTP Request: POST https://qwpzsjaaxuijmqodvslf.supabase.co/rest/v1/dimdate?columns=%22dateid%22%2C%22year%22%2C%22quarter%22%2C%22monthname%22%2C%22date%22%2C%22weekday%22%2C%22day%22%2C%22weekdayname%22%2C%22month%22%2C%22quartername%22 "HTTP/2 201 Created"
[2025-08-05T19:52:29.308+0000] {logging_mixin.py:188} INFO - ---------------------------------------Datos insertados Correctamente dimdate------------------------
 
[2025-08-05T19:52:29.531+0000] {_client.py:1038} INFO - HTTP Request: POST https://qwpzsjaaxuijmqodvslf.supabase.co/rest/v1/dimdate?columns=%22dateid%22%2C%22year%22%2C%22quarter%22%2C%22monthname%22%2C%22date%22%2C%22weekday%22%2C%22day%22%2C%22weekdayname%22%2C%22month%22%2C%22quartername%22 "HTTP/2 201 Created"
[2025-08-05T19:52:29.537+0000] {logging_mixin.py:188} INFO - ---------------------------------------Datos insertados Correctamente dimdate------------------------
 
[2025-08-05T19:52:29.771+0000] {_client.py:1038} INFO - HTTP Request: POST https://qwpzsjaaxuijmqodvslf.supabase.co/rest/v1/dimdate?columns=%22dateid%22%2C%22year%22%2C%22quarter%22%2C%22monthname%22%2C%22date%22%2C%22weekday%22%2C%22day%22%2C%22weekdayname%22%2C%22month%22%2C%22quartername%22 "HTTP/2 201 Created"
[2025-08-05T19:52:29.775+0000] {logging_mixin.py:188} INFO - ---------------------------------------Datos insertados Correctamente dimdate------------------------
 
[2025-08-05T19:52:30.020+0000] {_client.py:1038} INFO - HTTP Request: POST https://qwpzsjaaxuijmqodvslf.supabase.co/rest/v1/dimdate?columns=%22dateid%22%2C%22year%22%2C%22quarter%22%2C%22monthname%22%2C%22date%22%2C%22weekday%22%2C%22day%22%2C%22weekdayname%22%2C%22month%22%2C%22quartername%22 "HTTP/2 201 Created"
[2025-08-05T19:52:30.024+0000] {logging_mixin.py:188} INFO - ---------------------------------------Datos insertados Correctamente dimdate------------------------
 
[2025-08-05T19:52:30.247+0000] {_client.py:1038} INFO - HTTP Request: POST https://qwpzsjaaxuijmqodvslf.supabase.co/rest/v1/dimdate?columns=%22dateid%22%2C%22year%22%2C%22quarter%22%2C%22monthname%22%2C%22date%22%2C%22weekday%22%2C%22day%22%2C%22weekdayname%22%2C%22month%22%2C%22quartername%22 "HTTP/2 201 Created"
[2025-08-05T19:52:30.251+0000] {logging_mixin.py:188} INFO - ---------------------------------------Datos insertados Correctamente dimdate------------------------
 
[2025-08-05T19:52:30.474+0000] {_client.py:1038} INFO - HTTP Request: POST https://qwpzsjaaxuijmqodvslf.supabase.co/rest/v1/dimdate?columns=%22dateid%22%2C%22year%22%2C%22quarter%22%2C%22monthname%22%2C%22date%22%2C%22weekday%22%2C%22day%22%2C%22weekdayname%22%2C%22month%22%2C%22quartername%22 "HTTP/2 201 Created"
[2025-08-05T19:52:30.477+0000] {logging_mixin.py:188} INFO - ---------------------------------------Datos insertados Correctamente dimdate------------------------
 
[2025-08-05T19:52:30.708+0000] {_client.py:1038} INFO - HTTP Request: POST https://qwpzsjaaxuijmqodvslf.supabase.co/rest/v1/dimdate?columns=%22dateid%22%2C%22year%22%2C%22quarter%22%2C%22monthname%22%2C%22date%22%2C%22weekday%22%2C%22day%22%2C%22weekdayname%22%2C%22month%22%2C%22quartername%22 "HTTP/2 201 Created"
[2025-08-05T19:52:30.713+0000] {logging_mixin.py:188} INFO - ---------------------------------------Datos insertados Correctamente dimdate------------------------
 
[2025-08-05T19:52:30.948+0000] {_client.py:1038} INFO - HTTP Request: POST https://qwpzsjaaxuijmqodvslf.supabase.co/rest/v1/dimdate?columns=%22dateid%22%2C%22year%22%2C%22quarter%22%2C%22monthname%22%2C%22date%22%2C%22weekday%22%2C%22day%22%2C%22weekdayname%22%2C%22month%22%2C%22quartername%22 "HTTP/2 201 Created"
[2025-08-05T19:52:30.953+0000] {logging_mixin.py:188} INFO - ---------------------------------------Datos insertados Correctamente dimdate------------------------
 
[2025-08-05T19:52:31.167+0000] {_client.py:1038} INFO - HTTP Request: POST https://qwpzsjaaxuijmqodvslf.supabase.co/rest/v1/dimdate?columns=%22dateid%22%2C%22year%22%2C%22quarter%22%2C%22monthname%22%2C%22date%22%2C%22weekday%22%2C%22day%22%2C%22weekdayname%22%2C%22month%22%2C%22quartername%22 "HTTP/2 201 Created"
[2025-08-05T19:52:31.170+0000] {logging_mixin.py:188} INFO - ---------------------------------------Datos insertados Correctamente dimdate------------------------
 
[2025-08-05T19:52:31.403+0000] {_client.py:1038} INFO - HTTP Request: POST https://qwpzsjaaxuijmqodvslf.supabase.co/rest/v1/dimdate?columns=%22dateid%22%2C%22year%22%2C%22quarter%22%2C%22monthname%22%2C%22date%22%2C%22weekday%22%2C%22day%22%2C%22weekdayname%22%2C%22month%22%2C%22quartername%22 "HTTP/2 201 Created"
[2025-08-05T19:52:31.406+0000] {logging_mixin.py:188} INFO - ---------------------------------------Datos insertados Correctamente dimdate------------------------
 
[2025-08-05T19:52:31.632+0000] {_client.py:1038} INFO - HTTP Request: POST https://qwpzsjaaxuijmqodvslf.supabase.co/rest/v1/dimdate?columns=%22dateid%22%2C%22year%22%2C%22quarter%22%2C%22monthname%22%2C%22date%22%2C%22weekday%22%2C%22day%22%2C%22weekdayname%22%2C%22month%22%2C%22quartername%22 "HTTP/2 201 Created"
[2025-08-05T19:52:31.654+0000] {logging_mixin.py:188} INFO - ---------------------------------------Datos insertados Correctamente dimdate------------------------
 
[2025-08-05T19:52:31.896+0000] {_client.py:1038} INFO - HTTP Request: POST https://qwpzsjaaxuijmqodvslf.supabase.co/rest/v1/dimdate?columns=%22dateid%22%2C%22year%22%2C%22quarter%22%2C%22monthname%22%2C%22date%22%2C%22weekday%22%2C%22day%22%2C%22weekdayname%22%2C%22month%22%2C%22quartername%22 "HTTP/2 201 Created"
[2025-08-05T19:52:31.902+0000] {logging_mixin.py:188} INFO - ---------------------------------------Datos insertados Correctamente dimdate------------------------
 
[2025-08-05T19:52:32.143+0000] {_client.py:1038} INFO - HTTP Request: POST https://qwpzsjaaxuijmqodvslf.supabase.co/rest/v1/dimdate?columns=%22dateid%22%2C%22year%22%2C%22quarter%22%2C%22monthname%22%2C%22date%22%2C%22weekday%22%2C%22day%22%2C%22weekdayname%22%2C%22month%22%2C%22quartername%22 "HTTP/2 201 Created"
[2025-08-05T19:52:32.147+0000] {logging_mixin.py:188} INFO - ---------------------------------------Datos insertados Correctamente dimdate------------------------
 
[2025-08-05T19:52:32.403+0000] {_client.py:1038} INFO - HTTP Request: POST https://qwpzsjaaxuijmqodvslf.supabase.co/rest/v1/dimdate?columns=%22dateid%22%2C%22year%22%2C%22quarter%22%2C%22monthname%22%2C%22date%22%2C%22weekday%22%2C%22day%22%2C%22weekdayname%22%2C%22month%22%2C%22quartername%22 "HTTP/2 201 Created"
[2025-08-05T19:52:32.406+0000] {logging_mixin.py:188} INFO - ---------------------------------------Datos insertados Correctamente dimdate------------------------
 
[2025-08-05T19:52:32.639+0000] {_client.py:1038} INFO - HTTP Request: POST https://qwpzsjaaxuijmqodvslf.supabase.co/rest/v1/dimdate?columns=%22dateid%22%2C%22year%22%2C%22quarter%22%2C%22monthname%22%2C%22date%22%2C%22weekday%22%2C%22day%22%2C%22weekdayname%22%2C%22month%22%2C%22quartername%22 "HTTP/2 201 Created"
[2025-08-05T19:52:32.643+0000] {logging_mixin.py:188} INFO - ---------------------------------------Datos insertados Correctamente dimdate------------------------
 
[2025-08-05T19:52:32.884+0000] {_client.py:1038} INFO - HTTP Request: POST https://qwpzsjaaxuijmqodvslf.supabase.co/rest/v1/dimdate?columns=%22dateid%22%2C%22year%22%2C%22quarter%22%2C%22monthname%22%2C%22date%22%2C%22weekday%22%2C%22day%22%2C%22weekdayname%22%2C%22month%22%2C%22quartername%22 "HTTP/2 201 Created"
[2025-08-05T19:52:32.888+0000] {logging_mixin.py:188} INFO - ---------------------------------------Datos insertados Correctamente dimdate------------------------
 
[2025-08-05T19:52:33.114+0000] {_client.py:1038} INFO - HTTP Request: POST https://qwpzsjaaxuijmqodvslf.supabase.co/rest/v1/dimdate?columns=%22dateid%22%2C%22year%22%2C%22quarter%22%2C%22monthname%22%2C%22date%22%2C%22weekday%22%2C%22day%22%2C%22weekdayname%22%2C%22month%22%2C%22quartername%22 "HTTP/2 201 Created"
[2025-08-05T19:52:33.118+0000] {logging_mixin.py:188} INFO - ---------------------------------------Datos insertados Correctamente dimdate------------------------
 
[2025-08-05T19:52:33.345+0000] {_client.py:1038} INFO - HTTP Request: POST https://qwpzsjaaxuijmqodvslf.supabase.co/rest/v1/dimdate?columns=%22dateid%22%2C%22year%22%2C%22quarter%22%2C%22monthname%22%2C%22date%22%2C%22weekday%22%2C%22day%22%2C%22weekdayname%22%2C%22month%22%2C%22quartername%22 "HTTP/2 201 Created"
[2025-08-05T19:52:33.352+0000] {logging_mixin.py:188} INFO - ---------------------------------------Datos insertados Correctamente dimdate------------------------
 
[2025-08-05T19:52:33.578+0000] {_client.py:1038} INFO - HTTP Request: POST https://qwpzsjaaxuijmqodvslf.supabase.co/rest/v1/dimdate?columns=%22dateid%22%2C%22year%22%2C%22quarter%22%2C%22monthname%22%2C%22date%22%2C%22weekday%22%2C%22day%22%2C%22weekdayname%22%2C%22month%22%2C%22quartername%22 "HTTP/2 201 Created"
[2025-08-05T19:52:33.582+0000] {logging_mixin.py:188} INFO - ---------------------------------------Datos insertados Correctamente dimdate------------------------
 
[2025-08-05T19:52:34.603+0000] {_client.py:1038} INFO - HTTP Request: POST https://qwpzsjaaxuijmqodvslf.supabase.co/rest/v1/dimdate?columns=%22dateid%22%2C%22year%22%2C%22quarter%22%2C%22monthname%22%2C%22date%22%2C%22weekday%22%2C%22day%22%2C%22weekdayname%22%2C%22month%22%2C%22quartername%22 "HTTP/2 201 Created"
[2025-08-05T19:52:34.608+0000] {logging_mixin.py:188} INFO - ---------------------------------------Datos insertados Correctamente dimdate------------------------
 
[2025-08-05T19:52:34.858+0000] {_client.py:1038} INFO - HTTP Request: POST https://qwpzsjaaxuijmqodvslf.supabase.co/rest/v1/dimdate?columns=%22dateid%22%2C%22year%22%2C%22quarter%22%2C%22monthname%22%2C%22date%22%2C%22weekday%22%2C%22day%22%2C%22weekdayname%22%2C%22month%22%2C%22quartername%22 "HTTP/2 201 Created"
[2025-08-05T19:52:34.862+0000] {logging_mixin.py:188} INFO - ---------------------------------------Datos insertados Correctamente dimdate------------------------
 
[2025-08-05T19:52:35.135+0000] {_client.py:1038} INFO - HTTP Request: POST https://qwpzsjaaxuijmqodvslf.supabase.co/rest/v1/dimdate?columns=%22dateid%22%2C%22year%22%2C%22quarter%22%2C%22monthname%22%2C%22date%22%2C%22weekday%22%2C%22day%22%2C%22weekdayname%22%2C%22month%22%2C%22quartername%22 "HTTP/2 201 Created"
[2025-08-05T19:52:35.144+0000] {logging_mixin.py:188} INFO - ---------------------------------------Datos insertados Correctamente dimdate------------------------
 
[2025-08-05T19:52:35.382+0000] {_client.py:1038} INFO - HTTP Request: POST https://qwpzsjaaxuijmqodvslf.supabase.co/rest/v1/dimdate?columns=%22dateid%22%2C%22year%22%2C%22quarter%22%2C%22monthname%22%2C%22date%22%2C%22weekday%22%2C%22day%22%2C%22weekdayname%22%2C%22month%22%2C%22quartername%22 "HTTP/2 201 Created"
[2025-08-05T19:52:35.385+0000] {logging_mixin.py:188} INFO - ---------------------------------------Datos insertados Correctamente dimdate------------------------
 
[2025-08-05T19:52:35.598+0000] {_client.py:1038} INFO - HTTP Request: POST https://qwpzsjaaxuijmqodvslf.supabase.co/rest/v1/dimdate?columns=%22dateid%22%2C%22year%22%2C%22quarter%22%2C%22monthname%22%2C%22date%22%2C%22weekday%22%2C%22day%22%2C%22weekdayname%22%2C%22month%22%2C%22quartername%22 "HTTP/2 201 Created"
[2025-08-05T19:52:35.602+0000] {logging_mixin.py:188} INFO - ---------------------------------------Datos insertados Correctamente dimdate------------------------
 
[2025-08-05T19:52:35.821+0000] {_client.py:1038} INFO - HTTP Request: POST https://qwpzsjaaxuijmqodvslf.supabase.co/rest/v1/dimdate?columns=%22dateid%22%2C%22year%22%2C%22quarter%22%2C%22monthname%22%2C%22date%22%2C%22weekday%22%2C%22day%22%2C%22weekdayname%22%2C%22month%22%2C%22quartername%22 "HTTP/2 201 Created"
[2025-08-05T19:52:35.824+0000] {logging_mixin.py:188} INFO - ---------------------------------------Datos insertados Correctamente dimdate------------------------
 
[2025-08-05T19:52:36.073+0000] {_client.py:1038} INFO - HTTP Request: POST https://qwpzsjaaxuijmqodvslf.supabase.co/rest/v1/dimdate?columns=%22dateid%22%2C%22year%22%2C%22quarter%22%2C%22monthname%22%2C%22date%22%2C%22weekday%22%2C%22day%22%2C%22weekdayname%22%2C%22month%22%2C%22quartername%22 "HTTP/2 201 Created"
[2025-08-05T19:52:36.077+0000] {logging_mixin.py:188} INFO - ---------------------------------------Datos insertados Correctamente dimdate------------------------
 
[2025-08-05T19:52:36.320+0000] {_client.py:1038} INFO - HTTP Request: POST https://qwpzsjaaxuijmqodvslf.supabase.co/rest/v1/dimdate?columns=%22dateid%22%2C%22year%22%2C%22quarter%22%2C%22monthname%22%2C%22date%22%2C%22weekday%22%2C%22day%22%2C%22weekdayname%22%2C%22month%22%2C%22quartername%22 "HTTP/2 201 Created"
[2025-08-05T19:52:36.323+0000] {logging_mixin.py:188} INFO - ---------------------------------------Datos insertados Correctamente dimdate------------------------
 
[2025-08-05T19:52:36.552+0000] {_client.py:1038} INFO - HTTP Request: POST https://qwpzsjaaxuijmqodvslf.supabase.co/rest/v1/dimdate?columns=%22dateid%22%2C%22year%22%2C%22quarter%22%2C%22monthname%22%2C%22date%22%2C%22weekday%22%2C%22day%22%2C%22weekdayname%22%2C%22month%22%2C%22quartername%22 "HTTP/2 201 Created"
[2025-08-05T19:52:36.555+0000] {logging_mixin.py:188} INFO - ---------------------------------------Datos insertados Correctamente dimdate------------------------
 
[2025-08-05T19:52:36.786+0000] {_client.py:1038} INFO - HTTP Request: POST https://qwpzsjaaxuijmqodvslf.supabase.co/rest/v1/dimdate?columns=%22dateid%22%2C%22year%22%2C%22quarter%22%2C%22monthname%22%2C%22date%22%2C%22weekday%22%2C%22day%22%2C%22weekdayname%22%2C%22month%22%2C%22quartername%22 "HTTP/2 201 Created"
[2025-08-05T19:52:36.789+0000] {logging_mixin.py:188} INFO - ---------------------------------------Datos insertados Correctamente dimdate------------------------
 
[2025-08-05T19:52:37.020+0000] {_client.py:1038} INFO - HTTP Request: POST https://qwpzsjaaxuijmqodvslf.supabase.co/rest/v1/dimdate?columns=%22dateid%22%2C%22year%22%2C%22quarter%22%2C%22monthname%22%2C%22date%22%2C%22weekday%22%2C%22day%22%2C%22weekdayname%22%2C%22month%22%2C%22quartername%22 "HTTP/2 201 Created"
[2025-08-05T19:52:37.023+0000] {logging_mixin.py:188} INFO - ---------------------------------------Datos insertados Correctamente dimdate------------------------
 
[2025-08-05T19:52:37.506+0000] {_client.py:1038} INFO - HTTP Request: PATCH https://qwpzsjaaxuijmqodvslf.supabase.co/rest/v1/StgLogs?table_name=eq.dimdate "HTTP/2 200 OK"
[2025-08-05T19:52:37.508+0000] {python.py:201} INFO - Done. Returned value was: None
[2025-08-05T19:52:37.538+0000] {taskinstance.py:1138} INFO - Marking task as SUCCESS. dag_id=Ejercicio1, task_id=LoadAndSetdimdate, execution_date=20250805T195208, start_date=20250805T195224, end_date=20250805T195237
[2025-08-05T19:52:37.614+0000] {local_task_job_runner.py:234} INFO - Task exited with return code 0
[2025-08-05T19:52:37.654+0000] {taskinstance.py:3280} INFO - 0 downstream tasks scheduled from follow-on schedule check
