[2025-08-07T02:04:32.894+0000] {taskinstance.py:1956} INFO - Dependencies all met for dep_context=non-requeueable deps ti=<TaskInstance: Ejercicio2.Inicio manual__2025-08-07T02:04:27.705243+00:00 [queued]>
[2025-08-07T02:04:32.927+0000] {taskinstance.py:1956} INFO - Dependencies all met for dep_context=requeueable deps ti=<TaskInstance: Ejercicio2.Inicio manual__2025-08-07T02:04:27.705243+00:00 [queued]>
[2025-08-07T02:04:32.929+0000] {taskinstance.py:2170} INFO - Starting attempt 1 of 2
[2025-08-07T02:04:32.982+0000] {taskinstance.py:2191} INFO - Executing <Task(BranchPythonOperator): Inicio> on 2025-08-07 02:04:27.705243+00:00
[2025-08-07T02:04:33.011+0000] {standard_task_runner.py:60} INFO - Started process 6329 to run task
[2025-08-07T02:04:33.019+0000] {standard_task_runner.py:87} INFO - Running: ['***', 'tasks', 'run', 'Ejercicio2', 'Inicio', 'manual__2025-08-07T02:04:27.705243+00:00', '--job-id', '328', '--raw', '--subdir', 'DAGS_FOLDER/ejercicio2.py', '--cfg-path', '/tmp/tmpw6rk65_0']
[2025-08-07T02:04:33.024+0000] {standard_task_runner.py:88} INFO - Job 328: Subtask Inicio
[2025-08-07T02:04:33.145+0000] {task_command.py:423} INFO - Running <TaskInstance: Ejercicio2.Inicio manual__2025-08-07T02:04:27.705243+00:00 [running]> on host 019b67754667
[2025-08-07T02:04:33.455+0000] {taskinstance.py:2480} INFO - Exporting env vars: AIRFLOW_CTX_DAG_OWNER='***' AIRFLOW_CTX_DAG_ID='Ejercicio2' AIRFLOW_CTX_TASK_ID='Inicio' AIRFLOW_CTX_EXECUTION_DATE='2025-08-07T02:04:27.705243+00:00' AIRFLOW_CTX_TRY_NUMBER='1' AIRFLOW_CTX_DAG_RUN_ID='manual__2025-08-07T02:04:27.705243+00:00'
[2025-08-07T02:04:34.994+0000] {_client.py:1038} INFO - HTTP Request: GET https://qwpzsjaaxuijmqodvslf.supabase.co/rest/v1/cotizaciones?select=%2A "HTTP/2 200 OK"
[2025-08-07T02:04:35.025+0000] {logging_mixin.py:188} INFO - 
 ----------------------
data=[] count=None
[2025-08-07T02:04:35.026+0000] {python.py:201} INFO - Done. Returned value was: cargainicial
[2025-08-07T02:04:35.034+0000] {branch.py:35} INFO - Branch into cargainicial
[2025-08-07T02:04:35.037+0000] {skipmixin.py:178} INFO - Following branch cargainicial
[2025-08-07T02:04:35.102+0000] {skipmixin.py:244} INFO - Skipping tasks [('cargaincremental', -1)]
[2025-08-07T02:04:35.338+0000] {taskinstance.py:1138} INFO - Marking task as SUCCESS. dag_id=Ejercicio2, task_id=Inicio, execution_date=20250807T020427, start_date=20250807T020432, end_date=20250807T020435
[2025-08-07T02:04:35.501+0000] {local_task_job_runner.py:234} INFO - Task exited with return code 0
[2025-08-07T02:04:35.645+0000] {taskinstance.py:3280} INFO - 1 downstream tasks scheduled from follow-on schedule check
