[2025-08-05T19:53:54.289+0000] {taskinstance.py:1956} INFO - Dependencies all met for dep_context=non-requeueable deps ti=<TaskInstance: Ejercicio1.LoadAndSetdimcustomersegment manual__2025-08-05T19:53:40.364322+00:00 [queued]>
[2025-08-05T19:53:54.371+0000] {taskinstance.py:1956} INFO - Dependencies all met for dep_context=requeueable deps ti=<TaskInstance: Ejercicio1.LoadAndSetdimcustomersegment manual__2025-08-05T19:53:40.364322+00:00 [queued]>
[2025-08-05T19:53:54.373+0000] {taskinstance.py:2170} INFO - Starting attempt 1 of 2
[2025-08-05T19:53:54.453+0000] {taskinstance.py:2191} INFO - Executing <Task(PythonOperator): LoadAndSetdimcustomersegment> on 2025-08-05 19:53:40.364322+00:00
[2025-08-05T19:53:54.496+0000] {standard_task_runner.py:60} INFO - Started process 1586 to run task
[2025-08-05T19:53:54.511+0000] {standard_task_runner.py:87} INFO - Running: ['***', 'tasks', 'run', 'Ejercicio1', 'LoadAndSetdimcustomersegment', 'manual__2025-08-05T19:53:40.364322+00:00', '--job-id', '178', '--raw', '--subdir', 'DAGS_FOLDER/ejercicio1.py', '--cfg-path', '/tmp/tmp84gi1y4s']
[2025-08-05T19:53:54.525+0000] {standard_task_runner.py:88} INFO - Job 178: Subtask LoadAndSetdimcustomersegment
[2025-08-05T19:53:54.746+0000] {task_command.py:423} INFO - Running <TaskInstance: Ejercicio1.LoadAndSetdimcustomersegment manual__2025-08-05T19:53:40.364322+00:00 [running]> on host 019b67754667
[2025-08-05T19:53:55.079+0000] {taskinstance.py:2480} INFO - Exporting env vars: AIRFLOW_CTX_DAG_OWNER='***' AIRFLOW_CTX_DAG_ID='Ejercicio1' AIRFLOW_CTX_TASK_ID='LoadAndSetdimcustomersegment' AIRFLOW_CTX_EXECUTION_DATE='2025-08-05T19:53:40.364322+00:00' AIRFLOW_CTX_TRY_NUMBER='1' AIRFLOW_CTX_DAG_RUN_ID='manual__2025-08-05T19:53:40.364322+00:00'
[2025-08-05T19:53:55.513+0000] {logging_mixin.py:188} INFO - 
 --------------DB
     segmentid            city
0          19       Sao Paulo
1          21       Sao Paulo
2          31  Rio de Janeiro
3          32  Rio de Janeiro
4          40        Brasilia
5          43        Brasilia
6          44  Rio de Janeiro
7          46        Brasilia
8          47        Salvador
9          48        Salvador
10         57  Rio de Janeiro
11         71        Brasilia
12         77        Brasilia
13         81        Salvador
14         82        Salvador
15         83       Sao Paulo
16         84  Rio de Janeiro
17         86  Rio de Janeiro
18         97        Brasilia 
 --------------
[2025-08-05T19:53:56.172+0000] {_client.py:1038} INFO - HTTP Request: POST https://qwpzsjaaxuijmqodvslf.supabase.co/rest/v1/StgCustomer?columns=%22state%22%2C%22segmentid%22%2C%22city%22 "HTTP/2 400 Bad Request"
[2025-08-05T19:53:56.174+0000] {logging_mixin.py:188} INFO - Error insertando en StgCustomer: {'code': 'PGRST204', 'details': None, 'hint': None, 'message': "Could not find the 'city' column of 'StgCustomer' in the schema cache"}
[2025-08-05T19:53:56.398+0000] {_client.py:1038} INFO - HTTP Request: POST https://qwpzsjaaxuijmqodvslf.supabase.co/rest/v1/StgCustomer?columns=%22state%22%2C%22segmentid%22%2C%22city%22 "HTTP/2 400 Bad Request"
[2025-08-05T19:53:56.447+0000] {logging_mixin.py:188} INFO - Error insertando en StgCustomer: {'code': 'PGRST204', 'details': None, 'hint': None, 'message': "Could not find the 'city' column of 'StgCustomer' in the schema cache"}
[2025-08-05T19:53:57.114+0000] {_client.py:1038} INFO - HTTP Request: POST https://qwpzsjaaxuijmqodvslf.supabase.co/rest/v1/dimcustomersegment?columns=%22segmentid%22%2C%22city%22 "HTTP/2 201 Created"
[2025-08-05T19:53:57.144+0000] {logging_mixin.py:188} INFO - ---------------------------------------Datos insertados Correctamente dimcustomersegment------------------------
 
[2025-08-05T19:53:57.374+0000] {_client.py:1038} INFO - HTTP Request: POST https://qwpzsjaaxuijmqodvslf.supabase.co/rest/v1/dimcustomersegment?columns=%22segmentid%22%2C%22city%22 "HTTP/2 201 Created"
[2025-08-05T19:53:57.376+0000] {logging_mixin.py:188} INFO - ---------------------------------------Datos insertados Correctamente dimcustomersegment------------------------
 
[2025-08-05T19:53:57.378+0000] {python.py:201} INFO - Done. Returned value was: None
[2025-08-05T19:53:57.408+0000] {taskinstance.py:1138} INFO - Marking task as SUCCESS. dag_id=Ejercicio1, task_id=LoadAndSetdimcustomersegment, execution_date=20250805T195340, start_date=20250805T195354, end_date=20250805T195357
[2025-08-05T19:53:57.693+0000] {local_task_job_runner.py:234} INFO - Task exited with return code 0
[2025-08-05T19:53:57.839+0000] {taskinstance.py:3280} INFO - 0 downstream tasks scheduled from follow-on schedule check
