[2025-08-07T01:30:45.107+0000] {taskinstance.py:1956} INFO - Dependencies all met for dep_context=non-requeueable deps ti=<TaskInstance: Ejercicio2.cargainicial manual__2025-08-07T01:25:13.163799+00:00 [queued]>
[2025-08-07T01:30:45.149+0000] {taskinstance.py:1956} INFO - Dependencies all met for dep_context=requeueable deps ti=<TaskInstance: Ejercicio2.cargainicial manual__2025-08-07T01:25:13.163799+00:00 [queued]>
[2025-08-07T01:30:45.152+0000] {taskinstance.py:2170} INFO - Starting attempt 2 of 2
[2025-08-07T01:30:45.204+0000] {taskinstance.py:2191} INFO - Executing <Task(PythonOperator): cargainicial> on 2025-08-07 01:25:13.163799+00:00
[2025-08-07T01:30:45.227+0000] {standard_task_runner.py:60} INFO - Started process 5844 to run task
[2025-08-07T01:30:45.236+0000] {standard_task_runner.py:87} INFO - Running: ['***', 'tasks', 'run', 'Ejercicio2', 'cargainicial', 'manual__2025-08-07T01:25:13.163799+00:00', '--job-id', '313', '--raw', '--subdir', 'DAGS_FOLDER/ejercicio2.py', '--cfg-path', '/tmp/tmpxqpp7tk0']
[2025-08-07T01:30:45.243+0000] {standard_task_runner.py:88} INFO - Job 313: Subtask cargainicial
[2025-08-07T01:30:45.471+0000] {task_command.py:423} INFO - Running <TaskInstance: Ejercicio2.cargainicial manual__2025-08-07T01:25:13.163799+00:00 [running]> on host 019b67754667
[2025-08-07T01:30:45.746+0000] {taskinstance.py:2480} INFO - Exporting env vars: AIRFLOW_CTX_DAG_OWNER='***' AIRFLOW_CTX_DAG_ID='Ejercicio2' AIRFLOW_CTX_TASK_ID='cargainicial' AIRFLOW_CTX_EXECUTION_DATE='2025-08-07T01:25:13.163799+00:00' AIRFLOW_CTX_TRY_NUMBER='2' AIRFLOW_CTX_DAG_RUN_ID='manual__2025-08-07T01:25:13.163799+00:00'
[2025-08-07T01:30:46.141+0000] {warnings.py:109} WARNING - /home/***/.local/lib/python3.8/site-packages/urllib3/connectionpool.py:1061: InsecureRequestWarning: Unverified HTTPS request is being made to host 'api.bcra.gob.ar'. Adding certificate verification is strongly advised. See: https://urllib3.readthedocs.io/en/1.26.x/advanced-usage.html#ssl-warnings
  warnings.warn(

[2025-08-07T01:30:46.453+0000] {warnings.py:109} WARNING - /home/***/.local/lib/python3.8/site-packages/urllib3/connectionpool.py:1061: InsecureRequestWarning: Unverified HTTPS request is being made to host 'api.bcra.gob.ar'. Adding certificate verification is strongly advised. See: https://urllib3.readthedocs.io/en/1.26.x/advanced-usage.html#ssl-warnings
  warnings.warn(

[2025-08-07T01:30:50.317+0000] {logging_mixin.py:188} INFO - 
 ANTES DE NORMALIZAR: 
 [{'fecha': '2025-08-06', 'detalle': [{'codigoMoneda': 'ARS', 'descripcion': 'PESO', 'tipoPase': 0.000751, 'tipoCotizacion': 0.0}]}, {'fecha': '2025-08-05', 'detalle': [{'codigoMoneda': 'ARS', 'descripcion': 'PESO', 'tipoPase': 0.000747, 'tipoCotizacion': 0.0}]}, {'fecha': '2025-08-04', 'detalle': [{'codigoMoneda': 'ARS', 'descripcion': 'PESO', 'tipoPase': 0.000735, 'tipoCotizacion': 0.0}]}, {'fecha': '2025-08-01', 'detalle': [{'codigoMoneda': 'ARS', 'descripcion': 'PESO', 'tipoPase': 0.000733, 'tipoCotizacion': 0.0}]}, {'fecha': '2025-07-31', 'detalle': [{'codigoMoneda': 'ARS', 'descripcion': 'PESO', 'tipoPase': 0.000728, 'tipoCotizacion': 0.0}]}, {'fecha': '2025-07-30', 'detalle': [{'codigoMoneda': 'ARS', 'descripcion': 'PESO', 'tipoPase': 0.00076, 'tipoCotizacion': 0.0}]}, {'fecha': '2025-07-29', 'detalle': [{'codigoMoneda': 'ARS', 'descripcion': 'PESO', 'tipoPase': 0.000775, 'tipoCotizacion': 0.0}]}, {'fecha': '2025-07-28', 'detalle': [{'codigoMoneda': 'ARS', 'descripcion': 'PESO', 'tipoPase': 0.000772, 'tipoCotizacion': 0.0}]}, {'fecha': '2025-07-25', 'detalle': [{'codigoMoneda': 'ARS', 'descripcion': 'PESO', 'tipoPase': 0.000781, 'tipoCotizacion': 0.0}]}, {'fecha': '2025-07-24', 'detalle': [{'codigoMoneda': 'ARS', 'descripcion': 'PESO', 'tipoPase': 0.000786, 'tipoCotizacion': 0.0}]}, {'fecha': '2025-07-23', 'detalle': [{'codigoMoneda': 'ARS', 'descripcion': 'PESO', 'tipoPase': 0.000795, 'tipoCotizacion': 0.0}]}, {'fecha': '2025-07-22', 'detalle': [{'codigoMoneda': 'ARS', 'descripcion': 'PESO', 'tipoPase': 0.000796, 'tipoCotizacion': 0.0}]}, {'fecha': '2025-07-21', 'detalle': [{'codigoMoneda': 'ARS', 'descripcion': 'PESO', 'tipoPase': 0.000784, 'tipoCotizacion': 0.0}]}, {'fecha': '2025-07-18', 'detalle': [{'codigoMoneda': 'ARS', 'descripcion': 'PESO', 'tipoPase': 0.000778, 'tipoCotizacion': 0.0}]}, {'fecha': '2025-07-17', 'detalle': [{'codigoMoneda': 'ARS', 'descripcion': 'PESO', 'tipoPase': 0.000785, 'tipoCotizacion': 0.0}]}, {'fecha': '2025-07-16', 'detalle': [{'codigoMoneda': 'ARS', 'descripcion': 'PESO', 'tipoPase': 0.000793, 'tipoCotizacion': 0.0}]}, {'fecha': '2025-07-15', 'detalle': [{'codigoMoneda': 'ARS', 'descripcion': 'PESO', 'tipoPase': 0.000794, 'tipoCotizacion': 0.0}]}, {'fecha': '2025-07-14', 'detalle': [{'codigoMoneda': 'ARS', 'descripcion': 'PESO', 'tipoPase': 0.000781, 'tipoCotizacion': 0.0}]}, {'fecha': '2025-07-11', 'detalle': [{'codigoMoneda': 'ARS', 'descripcion': 'PESO', 'tipoPase': 0.000793, 'tipoCotizacion': 0.0}]}, {'fecha': '2025-07-10', 'detalle': [{'codigoMoneda': 'ARS', 'descripcion': 'PESO', 'tipoPase': 0.000797, 'tipoCotizacion': 0.0}]}, {'fecha': '2025-07-08', 'detalle': [{'codigoMoneda': 'ARS', 'descripcion': 'PESO', 'tipoPase': 0.000797, 'tipoCotizacion': 0.0}]}, {'fecha': '2025-07-07', 'detalle': [{'codigoMoneda': 'ARS', 'descripcion': 'PESO', 'tipoPase': 0.000791, 'tipoCotizacion': 0.0}]}, {'fecha': '2025-07-04', 'detalle': [{'codigoMoneda': 'ARS', 'descripcion': 'PESO', 'tipoPase': 0.000806, 'tipoCotizacion': 0.0}]}, {'fecha': '2025-07-03', 'detalle': [{'codigoMoneda': 'ARS', 'descripcion': 'PESO', 'tipoPase': 0.000812, 'tipoCotizacion': 0.0}]}, {'fecha': '2025-07-02', 'detalle': [{'codigoMoneda': 'ARS', 'descripcion': 'PESO', 'tipoPase': 0.000814, 'tipoCotizacion': 0.0}]}, {'fecha': '2025-07-01', 'detalle': [{'codigoMoneda': 'ARS', 'descripcion': 'PESO', 'tipoPase': 0.000818, 'tipoCotizacion': 0.0}]}, {'fecha': '2025-06-30', 'detalle': [{'codigoMoneda': 'ARS', 'descripcion': 'PESO', 'tipoPase': 0.00083, 'tipoCotizacion': 0.0}]}, {'fecha': '2025-06-27', 'detalle': [{'codigoMoneda': 'ARS', 'descripcion': 'PESO', 'tipoPase': 0.000841, 'tipoCotizacion': 0.0}]}, {'fecha': '2025-06-26', 'detalle': [{'codigoMoneda': 'ARS', 'descripcion': 'PESO', 'tipoPase': 0.000841, 'tipoCotizacion': 0.0}]}, {'fecha': '2025-06-25', 'detalle': [{'codigoMoneda': 'ARS', 'descripcion': 'PESO', 'tipoPase': 0.000839, 'tipoCotizacion': 0.0}]}, {'fecha': '2025-06-24', 'detalle': [{'codigoMoneda': 'ARS', 'descripcion': 'PESO', 'tipoPase': 0.000851, 'tipoCotizacion': 0.0}]}, {'fecha': '2025-06-23', 'detalle': [{'codigoMoneda': 'ARS', 'descripcion': 'PESO', 'tipoPase': 0.000854, 'tipoCotizacion': 0.0}]}, {'fecha': '2025-06-19', 'detalle': [{'codigoMoneda': 'ARS', 'descripcion': 'PESO', 'tipoPase': 0.000861, 'tipoCotizacion': 0.0}]}, {'fecha': '2025-06-18', 'detalle': [{'codigoMoneda': 'ARS', 'descripcion': 'PESO', 'tipoPase': 0.000875, 'tipoCotizacion': 0.0}]}, {'fecha': '2025-06-17', 'detalle': [{'codigoMoneda': 'ARS', 'descripcion': 'PESO', 'tipoPase': 0.000862, 'tipoCotizacion': 0.0}]}, {'fecha': '2025-06-13', 'detalle': [{'codigoMoneda': 'ARS', 'descripcion': 'PESO', 'tipoPase': 0.000846, 'tipoCotizacion': 0.0}]}, {'fecha': '2025-06-12', 'detalle': [{'codigoMoneda': 'ARS', 'descripcion': 'PESO', 'tipoPase': 0.000844, 'tipoCotizacion': 0.0}]}, {'fecha': '2025-06-11', 'detalle': [{'codigoMoneda': 'ARS', 'descripcion': 'PESO', 'tipoPase': 0.000846, 'tipoCotizacion': 0.0}]}, {'fecha': '2025-06-10', 'detalle': [{'codigoMoneda': 'ARS', 'descripcion': 'PESO', 'tipoPase': 0.000841, 'tipoCotizacion': 0.0}]}, {'fecha': '2025-06-09', 'detalle': [{'codigoMoneda': 'ARS', 'descripcion': 'PESO', 'tipoPase': 0.000844, 'tipoCotizacion': 0.0}]}, {'fecha': '2025-06-06', 'detalle': [{'codigoMoneda': 'ARS', 'descripcion': 'PESO', 'tipoPase': 0.000844, 'tipoCotizacion': 0.0}]}, {'fecha': '2025-06-05', 'detalle': [{'codigoMoneda': 'ARS', 'descripcion': 'PESO', 'tipoPase': 0.00084, 'tipoCotizacion': 0.0}]}, {'fecha': '2025-06-04', 'detalle': [{'codigoMoneda': 'ARS', 'descripcion': 'PESO', 'tipoPase': 0.000844, 'tipoCotizacion': 0.0}]}, {'fecha': '2025-06-03', 'detalle': [{'codigoMoneda': 'ARS', 'descripcion': 'PESO', 'tipoPase': 0.000845, 'tipoCotizacion': 0.0}]}, {'fecha': '2025-06-02', 'detalle': [{'codigoMoneda': 'ARS', 'descripcion': 'PESO', 'tipoPase': 0.000847, 'tipoCotizacion': 0.0}]}, {'fecha': '2025-05-30', 'detalle': [{'codigoMoneda': 'ARS', 'descripcion': 'PESO', 'tipoPase': 0.000842, 'tipoCotizacion': 0.0}]}, {'fecha': '2025-05-29', 'detalle': [{'codigoMoneda': 'ARS', 'descripcion': 'PESO', 'tipoPase': 0.000845, 'tipoCotizacion': 0.0}]}, {'fecha': '2025-05-28', 'detalle': [{'codigoMoneda': 'ARS', 'descripcion': 'PESO', 'tipoPase': 0.000862, 'tipoCotizacion': 0.0}]}, {'fecha': '2025-05-27', 'detalle': [{'codigoMoneda': 'ARS', 'descripcion': 'PESO', 'tipoPase': 0.000865, 'tipoCotizacion': 0.0}]}, {'fecha': '2025-05-26', 'detalle': [{'codigoMoneda': 'ARS', 'descripcion': 'PESO', 'tipoPase': 0.000875, 'tipoCotizacion': 0.0}]}]
[2025-08-07T01:30:50.319+0000] {logging_mixin.py:188} INFO - 
 NOrmalizado {'moneda': 'ARS', 'tipo_cambio': 0.0, 'fecha': '2025-08-06'}
[2025-08-07T01:30:50.322+0000] {logging_mixin.py:188} INFO - 
 NOrmalizado {'moneda': 'ARS', 'tipo_cambio': 0.0, 'fecha': '2025-08-05'}
[2025-08-07T01:30:50.324+0000] {logging_mixin.py:188} INFO - 
 NOrmalizado {'moneda': 'ARS', 'tipo_cambio': 0.0, 'fecha': '2025-08-04'}
[2025-08-07T01:30:50.326+0000] {logging_mixin.py:188} INFO - 
 NOrmalizado {'moneda': 'ARS', 'tipo_cambio': 0.0, 'fecha': '2025-08-01'}
[2025-08-07T01:30:50.327+0000] {logging_mixin.py:188} INFO - 
 NOrmalizado {'moneda': 'ARS', 'tipo_cambio': 0.0, 'fecha': '2025-07-31'}
[2025-08-07T01:30:50.328+0000] {logging_mixin.py:188} INFO - 
 NOrmalizado {'moneda': 'ARS', 'tipo_cambio': 0.0, 'fecha': '2025-07-30'}
[2025-08-07T01:30:50.330+0000] {logging_mixin.py:188} INFO - 
 NOrmalizado {'moneda': 'ARS', 'tipo_cambio': 0.0, 'fecha': '2025-07-29'}
[2025-08-07T01:30:50.332+0000] {logging_mixin.py:188} INFO - 
 NOrmalizado {'moneda': 'ARS', 'tipo_cambio': 0.0, 'fecha': '2025-07-28'}
[2025-08-07T01:30:50.334+0000] {logging_mixin.py:188} INFO - 
 NOrmalizado {'moneda': 'ARS', 'tipo_cambio': 0.0, 'fecha': '2025-07-25'}
[2025-08-07T01:30:50.335+0000] {logging_mixin.py:188} INFO - 
 NOrmalizado {'moneda': 'ARS', 'tipo_cambio': 0.0, 'fecha': '2025-07-24'}
[2025-08-07T01:30:50.338+0000] {logging_mixin.py:188} INFO - 
 NOrmalizado {'moneda': 'ARS', 'tipo_cambio': 0.0, 'fecha': '2025-07-23'}
[2025-08-07T01:30:50.339+0000] {logging_mixin.py:188} INFO - 
 NOrmalizado {'moneda': 'ARS', 'tipo_cambio': 0.0, 'fecha': '2025-07-22'}
[2025-08-07T01:30:50.340+0000] {logging_mixin.py:188} INFO - 
 NOrmalizado {'moneda': 'ARS', 'tipo_cambio': 0.0, 'fecha': '2025-07-21'}
[2025-08-07T01:30:50.342+0000] {logging_mixin.py:188} INFO - 
 NOrmalizado {'moneda': 'ARS', 'tipo_cambio': 0.0, 'fecha': '2025-07-18'}
[2025-08-07T01:30:50.343+0000] {logging_mixin.py:188} INFO - 
 NOrmalizado {'moneda': 'ARS', 'tipo_cambio': 0.0, 'fecha': '2025-07-17'}
[2025-08-07T01:30:50.344+0000] {logging_mixin.py:188} INFO - 
 NOrmalizado {'moneda': 'ARS', 'tipo_cambio': 0.0, 'fecha': '2025-07-16'}
[2025-08-07T01:30:50.346+0000] {logging_mixin.py:188} INFO - 
 NOrmalizado {'moneda': 'ARS', 'tipo_cambio': 0.0, 'fecha': '2025-07-15'}
[2025-08-07T01:30:50.348+0000] {logging_mixin.py:188} INFO - 
 NOrmalizado {'moneda': 'ARS', 'tipo_cambio': 0.0, 'fecha': '2025-07-14'}
[2025-08-07T01:30:50.350+0000] {logging_mixin.py:188} INFO - 
 NOrmalizado {'moneda': 'ARS', 'tipo_cambio': 0.0, 'fecha': '2025-07-11'}
[2025-08-07T01:30:50.352+0000] {logging_mixin.py:188} INFO - 
 NOrmalizado {'moneda': 'ARS', 'tipo_cambio': 0.0, 'fecha': '2025-07-10'}
[2025-08-07T01:30:50.355+0000] {logging_mixin.py:188} INFO - 
 NOrmalizado {'moneda': 'ARS', 'tipo_cambio': 0.0, 'fecha': '2025-07-08'}
[2025-08-07T01:30:50.356+0000] {logging_mixin.py:188} INFO - 
 NOrmalizado {'moneda': 'ARS', 'tipo_cambio': 0.0, 'fecha': '2025-07-07'}
[2025-08-07T01:30:50.358+0000] {logging_mixin.py:188} INFO - 
 NOrmalizado {'moneda': 'ARS', 'tipo_cambio': 0.0, 'fecha': '2025-07-04'}
[2025-08-07T01:30:50.360+0000] {logging_mixin.py:188} INFO - 
 NOrmalizado {'moneda': 'ARS', 'tipo_cambio': 0.0, 'fecha': '2025-07-03'}
[2025-08-07T01:30:50.361+0000] {logging_mixin.py:188} INFO - 
 NOrmalizado {'moneda': 'ARS', 'tipo_cambio': 0.0, 'fecha': '2025-07-02'}
[2025-08-07T01:30:50.363+0000] {logging_mixin.py:188} INFO - 
 NOrmalizado {'moneda': 'ARS', 'tipo_cambio': 0.0, 'fecha': '2025-07-01'}
[2025-08-07T01:30:50.364+0000] {logging_mixin.py:188} INFO - 
 NOrmalizado {'moneda': 'ARS', 'tipo_cambio': 0.0, 'fecha': '2025-06-30'}
[2025-08-07T01:30:50.366+0000] {logging_mixin.py:188} INFO - 
 NOrmalizado {'moneda': 'ARS', 'tipo_cambio': 0.0, 'fecha': '2025-06-27'}
[2025-08-07T01:30:50.367+0000] {logging_mixin.py:188} INFO - 
 NOrmalizado {'moneda': 'ARS', 'tipo_cambio': 0.0, 'fecha': '2025-06-26'}
[2025-08-07T01:30:50.369+0000] {logging_mixin.py:188} INFO - 
 NOrmalizado {'moneda': 'ARS', 'tipo_cambio': 0.0, 'fecha': '2025-06-25'}
[2025-08-07T01:30:50.372+0000] {logging_mixin.py:188} INFO - 
 NOrmalizado {'moneda': 'ARS', 'tipo_cambio': 0.0, 'fecha': '2025-06-24'}
[2025-08-07T01:30:50.373+0000] {logging_mixin.py:188} INFO - 
 NOrmalizado {'moneda': 'ARS', 'tipo_cambio': 0.0, 'fecha': '2025-06-23'}
[2025-08-07T01:30:50.374+0000] {logging_mixin.py:188} INFO - 
 NOrmalizado {'moneda': 'ARS', 'tipo_cambio': 0.0, 'fecha': '2025-06-19'}
[2025-08-07T01:30:50.376+0000] {logging_mixin.py:188} INFO - 
 NOrmalizado {'moneda': 'ARS', 'tipo_cambio': 0.0, 'fecha': '2025-06-18'}
[2025-08-07T01:30:50.378+0000] {logging_mixin.py:188} INFO - 
 NOrmalizado {'moneda': 'ARS', 'tipo_cambio': 0.0, 'fecha': '2025-06-17'}
[2025-08-07T01:30:50.379+0000] {logging_mixin.py:188} INFO - 
 NOrmalizado {'moneda': 'ARS', 'tipo_cambio': 0.0, 'fecha': '2025-06-13'}
[2025-08-07T01:30:50.381+0000] {logging_mixin.py:188} INFO - 
 NOrmalizado {'moneda': 'ARS', 'tipo_cambio': 0.0, 'fecha': '2025-06-12'}
[2025-08-07T01:30:50.382+0000] {logging_mixin.py:188} INFO - 
 NOrmalizado {'moneda': 'ARS', 'tipo_cambio': 0.0, 'fecha': '2025-06-11'}
[2025-08-07T01:30:50.384+0000] {logging_mixin.py:188} INFO - 
 NOrmalizado {'moneda': 'ARS', 'tipo_cambio': 0.0, 'fecha': '2025-06-10'}
[2025-08-07T01:30:50.386+0000] {logging_mixin.py:188} INFO - 
 NOrmalizado {'moneda': 'ARS', 'tipo_cambio': 0.0, 'fecha': '2025-06-09'}
[2025-08-07T01:30:50.387+0000] {logging_mixin.py:188} INFO - 
 NOrmalizado {'moneda': 'ARS', 'tipo_cambio': 0.0, 'fecha': '2025-06-06'}
[2025-08-07T01:30:50.389+0000] {logging_mixin.py:188} INFO - 
 NOrmalizado {'moneda': 'ARS', 'tipo_cambio': 0.0, 'fecha': '2025-06-05'}
[2025-08-07T01:30:50.390+0000] {logging_mixin.py:188} INFO - 
 NOrmalizado {'moneda': 'ARS', 'tipo_cambio': 0.0, 'fecha': '2025-06-04'}
[2025-08-07T01:30:50.392+0000] {logging_mixin.py:188} INFO - 
 NOrmalizado {'moneda': 'ARS', 'tipo_cambio': 0.0, 'fecha': '2025-06-03'}
[2025-08-07T01:30:50.394+0000] {logging_mixin.py:188} INFO - 
 NOrmalizado {'moneda': 'ARS', 'tipo_cambio': 0.0, 'fecha': '2025-06-02'}
[2025-08-07T01:30:50.395+0000] {logging_mixin.py:188} INFO - 
 NOrmalizado {'moneda': 'ARS', 'tipo_cambio': 0.0, 'fecha': '2025-05-30'}
[2025-08-07T01:30:50.397+0000] {logging_mixin.py:188} INFO - 
 NOrmalizado {'moneda': 'ARS', 'tipo_cambio': 0.0, 'fecha': '2025-05-29'}
[2025-08-07T01:30:50.398+0000] {logging_mixin.py:188} INFO - 
 NOrmalizado {'moneda': 'ARS', 'tipo_cambio': 0.0, 'fecha': '2025-05-28'}
[2025-08-07T01:30:50.399+0000] {logging_mixin.py:188} INFO - 
 NOrmalizado {'moneda': 'ARS', 'tipo_cambio': 0.0, 'fecha': '2025-05-27'}
[2025-08-07T01:30:50.401+0000] {logging_mixin.py:188} INFO - 
 NOrmalizado {'moneda': 'ARS', 'tipo_cambio': 0.0, 'fecha': '2025-05-26'}
[2025-08-07T01:30:50.537+0000] {logging_mixin.py:188} INFO - [{'moneda': 'ARS', 'tipo_cambio': 0.0, 'fecha': '2025-08-06'}, {'moneda': 'ARS', 'tipo_cambio': 0.0, 'fecha': '2025-08-05'}, {'moneda': 'ARS', 'tipo_cambio': 0.0, 'fecha': '2025-08-04'}, {'moneda': 'ARS', 'tipo_cambio': 0.0, 'fecha': '2025-08-01'}, {'moneda': 'ARS', 'tipo_cambio': 0.0, 'fecha': '2025-07-31'}, {'moneda': 'ARS', 'tipo_cambio': 0.0, 'fecha': '2025-07-30'}, {'moneda': 'ARS', 'tipo_cambio': 0.0, 'fecha': '2025-07-29'}, {'moneda': 'ARS', 'tipo_cambio': 0.0, 'fecha': '2025-07-28'}, {'moneda': 'ARS', 'tipo_cambio': 0.0, 'fecha': '2025-07-25'}, {'moneda': 'ARS', 'tipo_cambio': 0.0, 'fecha': '2025-07-24'}, {'moneda': 'ARS', 'tipo_cambio': 0.0, 'fecha': '2025-07-23'}, {'moneda': 'ARS', 'tipo_cambio': 0.0, 'fecha': '2025-07-22'}, {'moneda': 'ARS', 'tipo_cambio': 0.0, 'fecha': '2025-07-21'}, {'moneda': 'ARS', 'tipo_cambio': 0.0, 'fecha': '2025-07-18'}, {'moneda': 'ARS', 'tipo_cambio': 0.0, 'fecha': '2025-07-17'}, {'moneda': 'ARS', 'tipo_cambio': 0.0, 'fecha': '2025-07-16'}, {'moneda': 'ARS', 'tipo_cambio': 0.0, 'fecha': '2025-07-15'}, {'moneda': 'ARS', 'tipo_cambio': 0.0, 'fecha': '2025-07-14'}, {'moneda': 'ARS', 'tipo_cambio': 0.0, 'fecha': '2025-07-11'}, {'moneda': 'ARS', 'tipo_cambio': 0.0, 'fecha': '2025-07-10'}, {'moneda': 'ARS', 'tipo_cambio': 0.0, 'fecha': '2025-07-08'}, {'moneda': 'ARS', 'tipo_cambio': 0.0, 'fecha': '2025-07-07'}, {'moneda': 'ARS', 'tipo_cambio': 0.0, 'fecha': '2025-07-04'}, {'moneda': 'ARS', 'tipo_cambio': 0.0, 'fecha': '2025-07-03'}, {'moneda': 'ARS', 'tipo_cambio': 0.0, 'fecha': '2025-07-02'}, {'moneda': 'ARS', 'tipo_cambio': 0.0, 'fecha': '2025-07-01'}, {'moneda': 'ARS', 'tipo_cambio': 0.0, 'fecha': '2025-06-30'}, {'moneda': 'ARS', 'tipo_cambio': 0.0, 'fecha': '2025-06-27'}, {'moneda': 'ARS', 'tipo_cambio': 0.0, 'fecha': '2025-06-26'}, {'moneda': 'ARS', 'tipo_cambio': 0.0, 'fecha': '2025-06-25'}, {'moneda': 'ARS', 'tipo_cambio': 0.0, 'fecha': '2025-06-24'}, {'moneda': 'ARS', 'tipo_cambio': 0.0, 'fecha': '2025-06-23'}, {'moneda': 'ARS', 'tipo_cambio': 0.0, 'fecha': '2025-06-19'}, {'moneda': 'ARS', 'tipo_cambio': 0.0, 'fecha': '2025-06-18'}, {'moneda': 'ARS', 'tipo_cambio': 0.0, 'fecha': '2025-06-17'}, {'moneda': 'ARS', 'tipo_cambio': 0.0, 'fecha': '2025-06-13'}, {'moneda': 'ARS', 'tipo_cambio': 0.0, 'fecha': '2025-06-12'}, {'moneda': 'ARS', 'tipo_cambio': 0.0, 'fecha': '2025-06-11'}, {'moneda': 'ARS', 'tipo_cambio': 0.0, 'fecha': '2025-06-10'}, {'moneda': 'ARS', 'tipo_cambio': 0.0, 'fecha': '2025-06-09'}, {'moneda': 'ARS', 'tipo_cambio': 0.0, 'fecha': '2025-06-06'}, {'moneda': 'ARS', 'tipo_cambio': 0.0, 'fecha': '2025-06-05'}, {'moneda': 'ARS', 'tipo_cambio': 0.0, 'fecha': '2025-06-04'}, {'moneda': 'ARS', 'tipo_cambio': 0.0, 'fecha': '2025-06-03'}, {'moneda': 'ARS', 'tipo_cambio': 0.0, 'fecha': '2025-06-02'}, {'moneda': 'ARS', 'tipo_cambio': 0.0, 'fecha': '2025-05-30'}, {'moneda': 'ARS', 'tipo_cambio': 0.0, 'fecha': '2025-05-29'}, {'moneda': 'ARS', 'tipo_cambio': 0.0, 'fecha': '2025-05-28'}, {'moneda': 'ARS', 'tipo_cambio': 0.0, 'fecha': '2025-05-27'}, {'moneda': 'ARS', 'tipo_cambio': 0.0, 'fecha': '2025-05-26'}]
[2025-08-07T01:30:50.832+0000] {warnings.py:109} WARNING - /home/***/.local/lib/python3.8/site-packages/urllib3/connectionpool.py:1061: InsecureRequestWarning: Unverified HTTPS request is being made to host 'api.bcra.gob.ar'. Adding certificate verification is strongly advised. See: https://urllib3.readthedocs.io/en/1.26.x/advanced-usage.html#ssl-warnings
  warnings.warn(

[2025-08-07T01:30:54.451+0000] {taskinstance.py:2698} ERROR - Task failed with exception
Traceback (most recent call last):
  File "/home/airflow/.local/lib/python3.8/site-packages/airflow/models/taskinstance.py", line 433, in _execute_task
    result = execute_callable(context=context, **execute_callable_kwargs)
  File "/home/airflow/.local/lib/python3.8/site-packages/airflow/operators/python.py", line 199, in execute
    return_value = self.execute_callable()
  File "/home/airflow/.local/lib/python3.8/site-packages/airflow/operators/python.py", line 216, in execute_callable
    return self.python_callable(*self.op_args, **self.op_kwargs)
  File "/opt/airflow/dags/ejercicio2.py", line 62, in cargainicial
    df=limpiar(pd.DataFrame(historial))
  File "/opt/airflow/dags/ejercicio2.py", line 12, in limpiar
    df['tipo_cambio'] = pd.to_numeric(df['tipo_cambio'], errors='coerce')
  File "/home/airflow/.local/lib/python3.8/site-packages/pandas/core/frame.py", line 3761, in __getitem__
    indexer = self.columns.get_loc(key)
  File "/home/airflow/.local/lib/python3.8/site-packages/pandas/core/indexes/range.py", line 349, in get_loc
    raise KeyError(key)
KeyError: 'tipo_cambio'
[2025-08-07T01:30:54.510+0000] {taskinstance.py:1138} INFO - Marking task as FAILED. dag_id=Ejercicio2, task_id=cargainicial, execution_date=20250807T012513, start_date=20250807T013045, end_date=20250807T013054
[2025-08-07T01:30:54.576+0000] {standard_task_runner.py:107} ERROR - Failed to execute job 313 for task cargainicial ('tipo_cambio'; 5844)
[2025-08-07T01:30:54.649+0000] {local_task_job_runner.py:234} INFO - Task exited with return code 1
[2025-08-07T01:30:54.718+0000] {taskinstance.py:3280} INFO - 0 downstream tasks scheduled from follow-on schedule check
