[2025-08-05T01:39:04.359+0000] {taskinstance.py:1956} INFO - Dependencies all met for dep_context=non-requeueable deps ti=<TaskInstance: Ejercicio1.CrearTablasCsv manual__2025-08-05T01:38:42.210175+00:00 [queued]>
[2025-08-05T01:39:04.406+0000] {taskinstance.py:1956} INFO - Dependencies all met for dep_context=requeueable deps ti=<TaskInstance: Ejercicio1.CrearTablasCsv manual__2025-08-05T01:38:42.210175+00:00 [queued]>
[2025-08-05T01:39:04.409+0000] {taskinstance.py:2170} INFO - Starting attempt 1 of 2
[2025-08-05T01:39:04.477+0000] {taskinstance.py:2191} INFO - Executing <Task(PythonOperator): CrearTablasCsv> on 2025-08-05 01:38:42.210175+00:00
[2025-08-05T01:39:04.563+0000] {standard_task_runner.py:60} INFO - Started process 891 to run task
[2025-08-05T01:39:04.583+0000] {standard_task_runner.py:87} INFO - Running: ['***', 'tasks', 'run', 'Ejercicio1', 'CrearTablasCsv', 'manual__2025-08-05T01:38:42.210175+00:00', '--job-id', '35', '--raw', '--subdir', 'DAGS_FOLDER/ejercicio1.py', '--cfg-path', '/tmp/tmp8vwk61db']
[2025-08-05T01:39:04.629+0000] {standard_task_runner.py:88} INFO - Job 35: Subtask CrearTablasCsv
[2025-08-05T01:39:05.035+0000] {task_command.py:423} INFO - Running <TaskInstance: Ejercicio1.CrearTablasCsv manual__2025-08-05T01:38:42.210175+00:00 [running]> on host e9748c04215f
[2025-08-05T01:39:05.563+0000] {taskinstance.py:2480} INFO - Exporting env vars: AIRFLOW_CTX_DAG_OWNER='***' AIRFLOW_CTX_DAG_ID='Ejercicio1' AIRFLOW_CTX_TASK_ID='CrearTablasCsv' AIRFLOW_CTX_EXECUTION_DATE='2025-08-05T01:38:42.210175+00:00' AIRFLOW_CTX_TRY_NUMBER='1' AIRFLOW_CTX_DAG_RUN_ID='manual__2025-08-05T01:38:42.210175+00:00'
[2025-08-05T01:39:05.576+0000] {logging_mixin.py:188} INFO - 
----------------------------CARGANDO CSV--------------------
[2025-08-05T01:39:05.725+0000] {logging_mixin.py:188} INFO - Tabla: dimcustomersegment
[2025-08-05T01:39:05.983+0000] {logging_mixin.py:188} INFO -     Segmentid            City
0          19       Sao Paulo
1          21       Sao Paulo
2          31  Rio de Janeiro
3          32  Rio de Janeiro
4          40        Brasilia
5          43        Brasilia
6          44  Rio de Janeiro
7          46        Brasilia
8          47        Salvador
9          48        Salvador
10         57  Rio de Janeiro
11         71        Brasilia
12         77        Brasilia
13         81        Salvador
14         82        Salvador
15         83       Sao Paulo
16         84  Rio de Janeiro
17         86  Rio de Janeiro
18         97        Brasilia
[2025-08-05T01:39:05.990+0000] {python.py:201} INFO - Done. Returned value was: cargarinicialsupabase
[2025-08-05T01:39:06.209+0000] {taskinstance.py:1138} INFO - Marking task as SUCCESS. dag_id=Ejercicio1, task_id=CrearTablasCsv, execution_date=20250805T013842, start_date=20250805T013904, end_date=20250805T013906
[2025-08-05T01:39:06.304+0000] {local_task_job_runner.py:234} INFO - Task exited with return code 0
[2025-08-05T01:39:06.453+0000] {taskinstance.py:3280} INFO - 0 downstream tasks scheduled from follow-on schedule check
