[2025-08-05T22:31:51.220+0000] {taskinstance.py:1956} INFO - Dependencies all met for dep_context=non-requeueable deps ti=<TaskInstance: Ejercicio1.CreaTabladimdate manual__2025-08-05T22:31:35.433154+00:00 [queued]>
[2025-08-05T22:31:51.293+0000] {taskinstance.py:1956} INFO - Dependencies all met for dep_context=requeueable deps ti=<TaskInstance: Ejercicio1.CreaTabladimdate manual__2025-08-05T22:31:35.433154+00:00 [queued]>
[2025-08-05T22:31:51.301+0000] {taskinstance.py:2170} INFO - Starting attempt 1 of 2
[2025-08-05T22:31:51.384+0000] {taskinstance.py:2191} INFO - Executing <Task(PythonOperator): CreaTabladimdate> on 2025-08-05 22:31:35.433154+00:00
[2025-08-05T22:31:51.410+0000] {standard_task_runner.py:60} INFO - Started process 2430 to run task
[2025-08-05T22:31:51.463+0000] {standard_task_runner.py:87} INFO - Running: ['***', 'tasks', 'run', 'Ejercicio1', 'CreaTabladimdate', 'manual__2025-08-05T22:31:35.433154+00:00', '--job-id', '205', '--raw', '--subdir', 'DAGS_FOLDER/ejercicio1.py', '--cfg-path', '/tmp/tmpyp20f7jo']
[2025-08-05T22:31:51.491+0000] {standard_task_runner.py:88} INFO - Job 205: Subtask CreaTabladimdate
[2025-08-05T22:31:52.664+0000] {task_command.py:423} INFO - Running <TaskInstance: Ejercicio1.CreaTabladimdate manual__2025-08-05T22:31:35.433154+00:00 [running]> on host 019b67754667
[2025-08-05T22:31:53.131+0000] {taskinstance.py:2480} INFO - Exporting env vars: AIRFLOW_CTX_DAG_OWNER='***' AIRFLOW_CTX_DAG_ID='Ejercicio1' AIRFLOW_CTX_TASK_ID='CreaTabladimdate' AIRFLOW_CTX_EXECUTION_DATE='2025-08-05T22:31:35.433154+00:00' AIRFLOW_CTX_TRY_NUMBER='1' AIRFLOW_CTX_DAG_RUN_ID='manual__2025-08-05T22:31:35.433154+00:00'
[2025-08-05T22:31:53.383+0000] {logging_mixin.py:188} INFO -      dateid        date  year  quarter  ... monthname  day weekday  weekdayname
0         1  2019-03-09  2019        1  ...     March    9       7       Sunday
1         2  2019-03-10  2019        1  ...     March   10       1       Monday
2         3  2019-03-11  2019        1  ...     March   11       2      Tuesday
3         4  2019-03-12  2019        1  ...     March   12       3    Wednesday
4         5  2019-03-13  2019        1  ...     March   13       4     Thursday
..      ...         ...   ...      ...  ...       ...  ...     ...          ...
345     346  2020-02-17  2020        1  ...  February   17       2      Tuesday
346     347  2020-02-18  2020        1  ...  February   18       3    Wednesday
347     348  2020-02-19  2020        1  ...  February   19       4     Thursday
348     349  2020-02-20  2020        1  ...  February   20       5       Friday
349     350  2020-02-21  2020        1  ...  February   21       6     Saturday

[350 rows x 10 columns]
[2025-08-05T22:31:53.384+0000] {logging_mixin.py:188} INFO - 
 ---------------SE ENCONTRAROS DATOS PARA LA CARGA INICIAL | ULTIMO ID DE LA TABLA:350-----------------
[2025-08-05T22:31:54.216+0000] {_client.py:1038} INFO - HTTP Request: POST https://qwpzsjaaxuijmqodvslf.supabase.co/rest/v1/dimdate?columns=%22dateid%22%2C%22year%22%2C%22quarter%22%2C%22monthname%22%2C%22date%22%2C%22weekday%22%2C%22day%22%2C%22weekdayname%22%2C%22month%22%2C%22quartername%22 "HTTP/2 201 Created"
[2025-08-05T22:31:53.513+0000] {logging_mixin.py:188} INFO - ---------------------------------------Datos insertados Correctamente dimdate------------------------
 
[2025-08-05T22:31:52.391+0000] {_client.py:1038} INFO - HTTP Request: POST https://qwpzsjaaxuijmqodvslf.supabase.co/rest/v1/dimdate?columns=%22dateid%22%2C%22year%22%2C%22quarter%22%2C%22monthname%22%2C%22date%22%2C%22weekday%22%2C%22day%22%2C%22weekdayname%22%2C%22month%22%2C%22quartername%22 "HTTP/2 201 Created"
[2025-08-05T22:31:52.394+0000] {logging_mixin.py:188} INFO - ---------------------------------------Datos insertados Correctamente dimdate------------------------
 
[2025-08-05T22:31:52.617+0000] {_client.py:1038} INFO - HTTP Request: POST https://qwpzsjaaxuijmqodvslf.supabase.co/rest/v1/dimdate?columns=%22dateid%22%2C%22year%22%2C%22quarter%22%2C%22monthname%22%2C%22date%22%2C%22weekday%22%2C%22day%22%2C%22weekdayname%22%2C%22month%22%2C%22quartername%22 "HTTP/2 201 Created"
[2025-08-05T22:31:52.620+0000] {logging_mixin.py:188} INFO - ---------------------------------------Datos insertados Correctamente dimdate------------------------
 
[2025-08-05T22:31:52.848+0000] {_client.py:1038} INFO - HTTP Request: POST https://qwpzsjaaxuijmqodvslf.supabase.co/rest/v1/dimdate?columns=%22dateid%22%2C%22year%22%2C%22quarter%22%2C%22monthname%22%2C%22date%22%2C%22weekday%22%2C%22day%22%2C%22weekdayname%22%2C%22month%22%2C%22quartername%22 "HTTP/2 201 Created"
[2025-08-05T22:31:52.855+0000] {logging_mixin.py:188} INFO - ---------------------------------------Datos insertados Correctamente dimdate------------------------
 
[2025-08-05T22:31:53.088+0000] {_client.py:1038} INFO - HTTP Request: POST https://qwpzsjaaxuijmqodvslf.supabase.co/rest/v1/dimdate?columns=%22dateid%22%2C%22year%22%2C%22quarter%22%2C%22monthname%22%2C%22date%22%2C%22weekday%22%2C%22day%22%2C%22weekdayname%22%2C%22month%22%2C%22quartername%22 "HTTP/2 201 Created"
[2025-08-05T22:31:53.092+0000] {logging_mixin.py:188} INFO - ---------------------------------------Datos insertados Correctamente dimdate------------------------
 
[2025-08-05T22:31:53.325+0000] {_client.py:1038} INFO - HTTP Request: POST https://qwpzsjaaxuijmqodvslf.supabase.co/rest/v1/dimdate?columns=%22dateid%22%2C%22year%22%2C%22quarter%22%2C%22monthname%22%2C%22date%22%2C%22weekday%22%2C%22day%22%2C%22weekdayname%22%2C%22month%22%2C%22quartername%22 "HTTP/2 201 Created"
[2025-08-05T22:31:53.330+0000] {logging_mixin.py:188} INFO - ---------------------------------------Datos insertados Correctamente dimdate------------------------
 
[2025-08-05T22:31:53.579+0000] {_client.py:1038} INFO - HTTP Request: POST https://qwpzsjaaxuijmqodvslf.supabase.co/rest/v1/dimdate?columns=%22dateid%22%2C%22year%22%2C%22quarter%22%2C%22monthname%22%2C%22date%22%2C%22weekday%22%2C%22day%22%2C%22weekdayname%22%2C%22month%22%2C%22quartername%22 "HTTP/2 201 Created"
[2025-08-05T22:31:53.588+0000] {logging_mixin.py:188} INFO - ---------------------------------------Datos insertados Correctamente dimdate------------------------
 
[2025-08-05T22:31:53.838+0000] {_client.py:1038} INFO - HTTP Request: POST https://qwpzsjaaxuijmqodvslf.supabase.co/rest/v1/dimdate?columns=%22dateid%22%2C%22year%22%2C%22quarter%22%2C%22monthname%22%2C%22date%22%2C%22weekday%22%2C%22day%22%2C%22weekdayname%22%2C%22month%22%2C%22quartername%22 "HTTP/2 201 Created"
[2025-08-05T22:31:53.840+0000] {logging_mixin.py:188} INFO - ---------------------------------------Datos insertados Correctamente dimdate------------------------
 
[2025-08-05T22:31:54.067+0000] {_client.py:1038} INFO - HTTP Request: POST https://qwpzsjaaxuijmqodvslf.supabase.co/rest/v1/dimdate?columns=%22dateid%22%2C%22year%22%2C%22quarter%22%2C%22monthname%22%2C%22date%22%2C%22weekday%22%2C%22day%22%2C%22weekdayname%22%2C%22month%22%2C%22quartername%22 "HTTP/2 201 Created"
[2025-08-05T22:31:54.073+0000] {logging_mixin.py:188} INFO - ---------------------------------------Datos insertados Correctamente dimdate------------------------
 
[2025-08-05T22:31:54.303+0000] {_client.py:1038} INFO - HTTP Request: POST https://qwpzsjaaxuijmqodvslf.supabase.co/rest/v1/dimdate?columns=%22dateid%22%2C%22year%22%2C%22quarter%22%2C%22monthname%22%2C%22date%22%2C%22weekday%22%2C%22day%22%2C%22weekdayname%22%2C%22month%22%2C%22quartername%22 "HTTP/2 201 Created"
[2025-08-05T22:31:54.308+0000] {logging_mixin.py:188} INFO - ---------------------------------------Datos insertados Correctamente dimdate------------------------
 
[2025-08-05T22:31:54.549+0000] {_client.py:1038} INFO - HTTP Request: POST https://qwpzsjaaxuijmqodvslf.supabase.co/rest/v1/dimdate?columns=%22dateid%22%2C%22year%22%2C%22quarter%22%2C%22monthname%22%2C%22date%22%2C%22weekday%22%2C%22day%22%2C%22weekdayname%22%2C%22month%22%2C%22quartername%22 "HTTP/2 201 Created"
[2025-08-05T22:31:54.555+0000] {logging_mixin.py:188} INFO - ---------------------------------------Datos insertados Correctamente dimdate------------------------
 
[2025-08-05T22:31:54.792+0000] {_client.py:1038} INFO - HTTP Request: POST https://qwpzsjaaxuijmqodvslf.supabase.co/rest/v1/dimdate?columns=%22dateid%22%2C%22year%22%2C%22quarter%22%2C%22monthname%22%2C%22date%22%2C%22weekday%22%2C%22day%22%2C%22weekdayname%22%2C%22month%22%2C%22quartername%22 "HTTP/2 201 Created"
[2025-08-05T22:31:54.803+0000] {logging_mixin.py:188} INFO - ---------------------------------------Datos insertados Correctamente dimdate------------------------
 
[2025-08-05T22:31:55.038+0000] {_client.py:1038} INFO - HTTP Request: POST https://qwpzsjaaxuijmqodvslf.supabase.co/rest/v1/dimdate?columns=%22dateid%22%2C%22year%22%2C%22quarter%22%2C%22monthname%22%2C%22date%22%2C%22weekday%22%2C%22day%22%2C%22weekdayname%22%2C%22month%22%2C%22quartername%22 "HTTP/2 201 Created"
[2025-08-05T22:31:55.044+0000] {logging_mixin.py:188} INFO - ---------------------------------------Datos insertados Correctamente dimdate------------------------
 
[2025-08-05T22:31:55.271+0000] {_client.py:1038} INFO - HTTP Request: POST https://qwpzsjaaxuijmqodvslf.supabase.co/rest/v1/dimdate?columns=%22dateid%22%2C%22year%22%2C%22quarter%22%2C%22monthname%22%2C%22date%22%2C%22weekday%22%2C%22day%22%2C%22weekdayname%22%2C%22month%22%2C%22quartername%22 "HTTP/2 201 Created"
[2025-08-05T22:31:55.276+0000] {logging_mixin.py:188} INFO - ---------------------------------------Datos insertados Correctamente dimdate------------------------
 
[2025-08-05T22:31:55.507+0000] {_client.py:1038} INFO - HTTP Request: POST https://qwpzsjaaxuijmqodvslf.supabase.co/rest/v1/dimdate?columns=%22dateid%22%2C%22year%22%2C%22quarter%22%2C%22monthname%22%2C%22date%22%2C%22weekday%22%2C%22day%22%2C%22weekdayname%22%2C%22month%22%2C%22quartername%22 "HTTP/2 201 Created"
[2025-08-05T22:31:55.509+0000] {logging_mixin.py:188} INFO - ---------------------------------------Datos insertados Correctamente dimdate------------------------
 
[2025-08-05T22:31:55.745+0000] {_client.py:1038} INFO - HTTP Request: POST https://qwpzsjaaxuijmqodvslf.supabase.co/rest/v1/dimdate?columns=%22dateid%22%2C%22year%22%2C%22quarter%22%2C%22monthname%22%2C%22date%22%2C%22weekday%22%2C%22day%22%2C%22weekdayname%22%2C%22month%22%2C%22quartername%22 "HTTP/2 201 Created"
[2025-08-05T22:31:55.755+0000] {logging_mixin.py:188} INFO - ---------------------------------------Datos insertados Correctamente dimdate------------------------
 
[2025-08-05T22:31:55.977+0000] {_client.py:1038} INFO - HTTP Request: POST https://qwpzsjaaxuijmqodvslf.supabase.co/rest/v1/dimdate?columns=%22dateid%22%2C%22year%22%2C%22quarter%22%2C%22monthname%22%2C%22date%22%2C%22weekday%22%2C%22day%22%2C%22weekdayname%22%2C%22month%22%2C%22quartername%22 "HTTP/2 201 Created"
[2025-08-05T22:31:55.980+0000] {logging_mixin.py:188} INFO - ---------------------------------------Datos insertados Correctamente dimdate------------------------
 
[2025-08-05T22:31:56.202+0000] {_client.py:1038} INFO - HTTP Request: POST https://qwpzsjaaxuijmqodvslf.supabase.co/rest/v1/dimdate?columns=%22dateid%22%2C%22year%22%2C%22quarter%22%2C%22monthname%22%2C%22date%22%2C%22weekday%22%2C%22day%22%2C%22weekdayname%22%2C%22month%22%2C%22quartername%22 "HTTP/2 201 Created"
[2025-08-05T22:31:56.204+0000] {logging_mixin.py:188} INFO - ---------------------------------------Datos insertados Correctamente dimdate------------------------
 
[2025-08-05T22:31:56.434+0000] {_client.py:1038} INFO - HTTP Request: POST https://qwpzsjaaxuijmqodvslf.supabase.co/rest/v1/dimdate?columns=%22dateid%22%2C%22year%22%2C%22quarter%22%2C%22monthname%22%2C%22date%22%2C%22weekday%22%2C%22day%22%2C%22weekdayname%22%2C%22month%22%2C%22quartername%22 "HTTP/2 201 Created"
[2025-08-05T22:31:56.436+0000] {logging_mixin.py:188} INFO - ---------------------------------------Datos insertados Correctamente dimdate------------------------
 
[2025-08-05T22:31:56.672+0000] {_client.py:1038} INFO - HTTP Request: POST https://qwpzsjaaxuijmqodvslf.supabase.co/rest/v1/dimdate?columns=%22dateid%22%2C%22year%22%2C%22quarter%22%2C%22monthname%22%2C%22date%22%2C%22weekday%22%2C%22day%22%2C%22weekdayname%22%2C%22month%22%2C%22quartername%22 "HTTP/2 201 Created"
[2025-08-05T22:31:56.682+0000] {logging_mixin.py:188} INFO - ---------------------------------------Datos insertados Correctamente dimdate------------------------
 
[2025-08-05T22:31:56.940+0000] {_client.py:1038} INFO - HTTP Request: POST https://qwpzsjaaxuijmqodvslf.supabase.co/rest/v1/dimdate?columns=%22dateid%22%2C%22year%22%2C%22quarter%22%2C%22monthname%22%2C%22date%22%2C%22weekday%22%2C%22day%22%2C%22weekdayname%22%2C%22month%22%2C%22quartername%22 "HTTP/2 201 Created"
[2025-08-05T22:31:56.950+0000] {logging_mixin.py:188} INFO - ---------------------------------------Datos insertados Correctamente dimdate------------------------
 
[2025-08-05T22:31:57.176+0000] {_client.py:1038} INFO - HTTP Request: POST https://qwpzsjaaxuijmqodvslf.supabase.co/rest/v1/dimdate?columns=%22dateid%22%2C%22year%22%2C%22quarter%22%2C%22monthname%22%2C%22date%22%2C%22weekday%22%2C%22day%22%2C%22weekdayname%22%2C%22month%22%2C%22quartername%22 "HTTP/2 201 Created"
[2025-08-05T22:31:57.179+0000] {logging_mixin.py:188} INFO - ---------------------------------------Datos insertados Correctamente dimdate------------------------
 
[2025-08-05T22:31:57.415+0000] {_client.py:1038} INFO - HTTP Request: POST https://qwpzsjaaxuijmqodvslf.supabase.co/rest/v1/dimdate?columns=%22dateid%22%2C%22year%22%2C%22quarter%22%2C%22monthname%22%2C%22date%22%2C%22weekday%22%2C%22day%22%2C%22weekdayname%22%2C%22month%22%2C%22quartername%22 "HTTP/2 201 Created"
[2025-08-05T22:31:57.418+0000] {logging_mixin.py:188} INFO - ---------------------------------------Datos insertados Correctamente dimdate------------------------
 
[2025-08-05T22:31:57.643+0000] {_client.py:1038} INFO - HTTP Request: POST https://qwpzsjaaxuijmqodvslf.supabase.co/rest/v1/dimdate?columns=%22dateid%22%2C%22year%22%2C%22quarter%22%2C%22monthname%22%2C%22date%22%2C%22weekday%22%2C%22day%22%2C%22weekdayname%22%2C%22month%22%2C%22quartername%22 "HTTP/2 201 Created"
[2025-08-05T22:31:57.647+0000] {logging_mixin.py:188} INFO - ---------------------------------------Datos insertados Correctamente dimdate------------------------
 
[2025-08-05T22:31:57.874+0000] {_client.py:1038} INFO - HTTP Request: POST https://qwpzsjaaxuijmqodvslf.supabase.co/rest/v1/dimdate?columns=%22dateid%22%2C%22year%22%2C%22quarter%22%2C%22monthname%22%2C%22date%22%2C%22weekday%22%2C%22day%22%2C%22weekdayname%22%2C%22month%22%2C%22quartername%22 "HTTP/2 201 Created"
[2025-08-05T22:31:57.877+0000] {logging_mixin.py:188} INFO - ---------------------------------------Datos insertados Correctamente dimdate------------------------
 
[2025-08-05T22:31:58.098+0000] {_client.py:1038} INFO - HTTP Request: POST https://qwpzsjaaxuijmqodvslf.supabase.co/rest/v1/dimdate?columns=%22dateid%22%2C%22year%22%2C%22quarter%22%2C%22monthname%22%2C%22date%22%2C%22weekday%22%2C%22day%22%2C%22weekdayname%22%2C%22month%22%2C%22quartername%22 "HTTP/2 201 Created"
[2025-08-05T22:31:58.102+0000] {logging_mixin.py:188} INFO - ---------------------------------------Datos insertados Correctamente dimdate------------------------
 
[2025-08-05T22:31:58.333+0000] {_client.py:1038} INFO - HTTP Request: POST https://qwpzsjaaxuijmqodvslf.supabase.co/rest/v1/dimdate?columns=%22dateid%22%2C%22year%22%2C%22quarter%22%2C%22monthname%22%2C%22date%22%2C%22weekday%22%2C%22day%22%2C%22weekdayname%22%2C%22month%22%2C%22quartername%22 "HTTP/2 201 Created"
[2025-08-05T22:31:58.342+0000] {logging_mixin.py:188} INFO - ---------------------------------------Datos insertados Correctamente dimdate------------------------
 
[2025-08-05T22:31:58.565+0000] {_client.py:1038} INFO - HTTP Request: POST https://qwpzsjaaxuijmqodvslf.supabase.co/rest/v1/dimdate?columns=%22dateid%22%2C%22year%22%2C%22quarter%22%2C%22monthname%22%2C%22date%22%2C%22weekday%22%2C%22day%22%2C%22weekdayname%22%2C%22month%22%2C%22quartername%22 "HTTP/2 201 Created"
[2025-08-05T22:31:58.567+0000] {logging_mixin.py:188} INFO - ---------------------------------------Datos insertados Correctamente dimdate------------------------
 
[2025-08-05T22:31:58.789+0000] {_client.py:1038} INFO - HTTP Request: POST https://qwpzsjaaxuijmqodvslf.supabase.co/rest/v1/dimdate?columns=%22dateid%22%2C%22year%22%2C%22quarter%22%2C%22monthname%22%2C%22date%22%2C%22weekday%22%2C%22day%22%2C%22weekdayname%22%2C%22month%22%2C%22quartername%22 "HTTP/2 201 Created"
[2025-08-05T22:31:58.792+0000] {logging_mixin.py:188} INFO - ---------------------------------------Datos insertados Correctamente dimdate------------------------
 
[2025-08-05T22:31:59.012+0000] {_client.py:1038} INFO - HTTP Request: POST https://qwpzsjaaxuijmqodvslf.supabase.co/rest/v1/dimdate?columns=%22dateid%22%2C%22year%22%2C%22quarter%22%2C%22monthname%22%2C%22date%22%2C%22weekday%22%2C%22day%22%2C%22weekdayname%22%2C%22month%22%2C%22quartername%22 "HTTP/2 201 Created"
[2025-08-05T22:31:59.016+0000] {logging_mixin.py:188} INFO - ---------------------------------------Datos insertados Correctamente dimdate------------------------
 
[2025-08-05T22:31:59.264+0000] {_client.py:1038} INFO - HTTP Request: POST https://qwpzsjaaxuijmqodvslf.supabase.co/rest/v1/dimdate?columns=%22dateid%22%2C%22year%22%2C%22quarter%22%2C%22monthname%22%2C%22date%22%2C%22weekday%22%2C%22day%22%2C%22weekdayname%22%2C%22month%22%2C%22quartername%22 "HTTP/2 201 Created"
[2025-08-05T22:31:59.268+0000] {logging_mixin.py:188} INFO - ---------------------------------------Datos insertados Correctamente dimdate------------------------
 
[2025-08-05T22:31:59.496+0000] {_client.py:1038} INFO - HTTP Request: POST https://qwpzsjaaxuijmqodvslf.supabase.co/rest/v1/dimdate?columns=%22dateid%22%2C%22year%22%2C%22quarter%22%2C%22monthname%22%2C%22date%22%2C%22weekday%22%2C%22day%22%2C%22weekdayname%22%2C%22month%22%2C%22quartername%22 "HTTP/2 201 Created"
[2025-08-05T22:31:59.499+0000] {logging_mixin.py:188} INFO - ---------------------------------------Datos insertados Correctamente dimdate------------------------
 
[2025-08-05T22:31:59.714+0000] {_client.py:1038} INFO - HTTP Request: POST https://qwpzsjaaxuijmqodvslf.supabase.co/rest/v1/dimdate?columns=%22dateid%22%2C%22year%22%2C%22quarter%22%2C%22monthname%22%2C%22date%22%2C%22weekday%22%2C%22day%22%2C%22weekdayname%22%2C%22month%22%2C%22quartername%22 "HTTP/2 201 Created"
[2025-08-05T22:31:59.717+0000] {logging_mixin.py:188} INFO - ---------------------------------------Datos insertados Correctamente dimdate------------------------
 
[2025-08-05T22:31:59.941+0000] {_client.py:1038} INFO - HTTP Request: POST https://qwpzsjaaxuijmqodvslf.supabase.co/rest/v1/dimdate?columns=%22dateid%22%2C%22year%22%2C%22quarter%22%2C%22monthname%22%2C%22date%22%2C%22weekday%22%2C%22day%22%2C%22weekdayname%22%2C%22month%22%2C%22quartername%22 "HTTP/2 201 Created"
[2025-08-05T22:31:59.945+0000] {logging_mixin.py:188} INFO - ---------------------------------------Datos insertados Correctamente dimdate------------------------
 
[2025-08-05T22:32:00.165+0000] {_client.py:1038} INFO - HTTP Request: POST https://qwpzsjaaxuijmqodvslf.supabase.co/rest/v1/dimdate?columns=%22dateid%22%2C%22year%22%2C%22quarter%22%2C%22monthname%22%2C%22date%22%2C%22weekday%22%2C%22day%22%2C%22weekdayname%22%2C%22month%22%2C%22quartername%22 "HTTP/2 201 Created"
[2025-08-05T22:32:00.169+0000] {logging_mixin.py:188} INFO - ---------------------------------------Datos insertados Correctamente dimdate------------------------
 
[2025-08-05T22:32:00.936+0000] {_client.py:1038} INFO - HTTP Request: PATCH https://qwpzsjaaxuijmqodvslf.supabase.co/rest/v1/StgLogs?table_name=eq.dimdate "HTTP/2 200 OK"
[2025-08-05T22:32:00.940+0000] {python.py:201} INFO - Done. Returned value was: None
[2025-08-05T22:32:00.966+0000] {taskinstance.py:1138} INFO - Marking task as SUCCESS. dag_id=Ejercicio1, task_id=CreaTabladimdate, execution_date=20250805T223135, start_date=20250805T223151, end_date=20250805T223200
[2025-08-05T22:32:01.055+0000] {local_task_job_runner.py:234} INFO - Task exited with return code 0
[2025-08-05T22:32:01.100+0000] {taskinstance.py:3280} INFO - 0 downstream tasks scheduled from follow-on schedule check
