[2025-08-07T01:39:03.415+0000] {taskinstance.py:1956} INFO - Dependencies all met for dep_context=non-requeueable deps ti=<TaskInstance: Ejercicio2.cargainicial manual__2025-08-07T01:38:44.914108+00:00 [queued]>
[2025-08-07T01:39:03.449+0000] {taskinstance.py:1956} INFO - Dependencies all met for dep_context=requeueable deps ti=<TaskInstance: Ejercicio2.cargainicial manual__2025-08-07T01:38:44.914108+00:00 [queued]>
[2025-08-07T01:39:03.451+0000] {taskinstance.py:2170} INFO - Starting attempt 1 of 2
[2025-08-07T01:39:03.506+0000] {taskinstance.py:2191} INFO - Executing <Task(PythonOperator): cargainicial> on 2025-08-07 01:38:44.914108+00:00
[2025-08-07T01:39:03.537+0000] {standard_task_runner.py:60} INFO - Started process 5974 to run task
[2025-08-07T01:39:03.542+0000] {standard_task_runner.py:87} INFO - Running: ['***', 'tasks', 'run', 'Ejercicio2', 'cargainicial', 'manual__2025-08-07T01:38:44.914108+00:00', '--job-id', '318', '--raw', '--subdir', 'DAGS_FOLDER/ejercicio2.py', '--cfg-path', '/tmp/tmpv3kzz9tt']
[2025-08-07T01:39:03.553+0000] {standard_task_runner.py:88} INFO - Job 318: Subtask cargainicial
[2025-08-07T01:39:03.784+0000] {task_command.py:423} INFO - Running <TaskInstance: Ejercicio2.cargainicial manual__2025-08-07T01:38:44.914108+00:00 [running]> on host 019b67754667
[2025-08-07T01:39:04.157+0000] {taskinstance.py:2480} INFO - Exporting env vars: AIRFLOW_CTX_DAG_OWNER='***' AIRFLOW_CTX_DAG_ID='Ejercicio2' AIRFLOW_CTX_TASK_ID='cargainicial' AIRFLOW_CTX_EXECUTION_DATE='2025-08-07T01:38:44.914108+00:00' AIRFLOW_CTX_TRY_NUMBER='1' AIRFLOW_CTX_DAG_RUN_ID='manual__2025-08-07T01:38:44.914108+00:00'
[2025-08-07T01:39:04.582+0000] {warnings.py:109} WARNING - /home/***/.local/lib/python3.8/site-packages/urllib3/connectionpool.py:1061: InsecureRequestWarning: Unverified HTTPS request is being made to host 'api.bcra.gob.ar'. Adding certificate verification is strongly advised. See: https://urllib3.readthedocs.io/en/1.26.x/advanced-usage.html#ssl-warnings
  warnings.warn(

[2025-08-07T01:39:04.992+0000] {warnings.py:109} WARNING - /home/***/.local/lib/python3.8/site-packages/urllib3/connectionpool.py:1061: InsecureRequestWarning: Unverified HTTPS request is being made to host 'api.bcra.gob.ar'. Adding certificate verification is strongly advised. See: https://urllib3.readthedocs.io/en/1.26.x/advanced-usage.html#ssl-warnings
  warnings.warn(

[2025-08-07T01:39:08.870+0000] {logging_mixin.py:188} INFO - 
 ANTES DE NORMALIZAR: 
 [{'fecha': '2025-08-06', 'detalle': [{'codigoMoneda': 'ARS', 'descripcion': 'PESO', 'tipoPase': 0.000751, 'tipoCotizacion': 0.0}]}, {'fecha': '2025-08-05', 'detalle': [{'codigoMoneda': 'ARS', 'descripcion': 'PESO', 'tipoPase': 0.000747, 'tipoCotizacion': 0.0}]}, {'fecha': '2025-08-04', 'detalle': [{'codigoMoneda': 'ARS', 'descripcion': 'PESO', 'tipoPase': 0.000735, 'tipoCotizacion': 0.0}]}, {'fecha': '2025-08-01', 'detalle': [{'codigoMoneda': 'ARS', 'descripcion': 'PESO', 'tipoPase': 0.000733, 'tipoCotizacion': 0.0}]}, {'fecha': '2025-07-31', 'detalle': [{'codigoMoneda': 'ARS', 'descripcion': 'PESO', 'tipoPase': 0.000728, 'tipoCotizacion': 0.0}]}, {'fecha': '2025-07-30', 'detalle': [{'codigoMoneda': 'ARS', 'descripcion': 'PESO', 'tipoPase': 0.00076, 'tipoCotizacion': 0.0}]}, {'fecha': '2025-07-29', 'detalle': [{'codigoMoneda': 'ARS', 'descripcion': 'PESO', 'tipoPase': 0.000775, 'tipoCotizacion': 0.0}]}, {'fecha': '2025-07-28', 'detalle': [{'codigoMoneda': 'ARS', 'descripcion': 'PESO', 'tipoPase': 0.000772, 'tipoCotizacion': 0.0}]}, {'fecha': '2025-07-25', 'detalle': [{'codigoMoneda': 'ARS', 'descripcion': 'PESO', 'tipoPase': 0.000781, 'tipoCotizacion': 0.0}]}, {'fecha': '2025-07-24', 'detalle': [{'codigoMoneda': 'ARS', 'descripcion': 'PESO', 'tipoPase': 0.000786, 'tipoCotizacion': 0.0}]}, {'fecha': '2025-07-23', 'detalle': [{'codigoMoneda': 'ARS', 'descripcion': 'PESO', 'tipoPase': 0.000795, 'tipoCotizacion': 0.0}]}, {'fecha': '2025-07-22', 'detalle': [{'codigoMoneda': 'ARS', 'descripcion': 'PESO', 'tipoPase': 0.000796, 'tipoCotizacion': 0.0}]}, {'fecha': '2025-07-21', 'detalle': [{'codigoMoneda': 'ARS', 'descripcion': 'PESO', 'tipoPase': 0.000784, 'tipoCotizacion': 0.0}]}, {'fecha': '2025-07-18', 'detalle': [{'codigoMoneda': 'ARS', 'descripcion': 'PESO', 'tipoPase': 0.000778, 'tipoCotizacion': 0.0}]}, {'fecha': '2025-07-17', 'detalle': [{'codigoMoneda': 'ARS', 'descripcion': 'PESO', 'tipoPase': 0.000785, 'tipoCotizacion': 0.0}]}, {'fecha': '2025-07-16', 'detalle': [{'codigoMoneda': 'ARS', 'descripcion': 'PESO', 'tipoPase': 0.000793, 'tipoCotizacion': 0.0}]}, {'fecha': '2025-07-15', 'detalle': [{'codigoMoneda': 'ARS', 'descripcion': 'PESO', 'tipoPase': 0.000794, 'tipoCotizacion': 0.0}]}, {'fecha': '2025-07-14', 'detalle': [{'codigoMoneda': 'ARS', 'descripcion': 'PESO', 'tipoPase': 0.000781, 'tipoCotizacion': 0.0}]}, {'fecha': '2025-07-11', 'detalle': [{'codigoMoneda': 'ARS', 'descripcion': 'PESO', 'tipoPase': 0.000793, 'tipoCotizacion': 0.0}]}, {'fecha': '2025-07-10', 'detalle': [{'codigoMoneda': 'ARS', 'descripcion': 'PESO', 'tipoPase': 0.000797, 'tipoCotizacion': 0.0}]}, {'fecha': '2025-07-08', 'detalle': [{'codigoMoneda': 'ARS', 'descripcion': 'PESO', 'tipoPase': 0.000797, 'tipoCotizacion': 0.0}]}, {'fecha': '2025-07-07', 'detalle': [{'codigoMoneda': 'ARS', 'descripcion': 'PESO', 'tipoPase': 0.000791, 'tipoCotizacion': 0.0}]}, {'fecha': '2025-07-04', 'detalle': [{'codigoMoneda': 'ARS', 'descripcion': 'PESO', 'tipoPase': 0.000806, 'tipoCotizacion': 0.0}]}, {'fecha': '2025-07-03', 'detalle': [{'codigoMoneda': 'ARS', 'descripcion': 'PESO', 'tipoPase': 0.000812, 'tipoCotizacion': 0.0}]}, {'fecha': '2025-07-02', 'detalle': [{'codigoMoneda': 'ARS', 'descripcion': 'PESO', 'tipoPase': 0.000814, 'tipoCotizacion': 0.0}]}, {'fecha': '2025-07-01', 'detalle': [{'codigoMoneda': 'ARS', 'descripcion': 'PESO', 'tipoPase': 0.000818, 'tipoCotizacion': 0.0}]}, {'fecha': '2025-06-30', 'detalle': [{'codigoMoneda': 'ARS', 'descripcion': 'PESO', 'tipoPase': 0.00083, 'tipoCotizacion': 0.0}]}, {'fecha': '2025-06-27', 'detalle': [{'codigoMoneda': 'ARS', 'descripcion': 'PESO', 'tipoPase': 0.000841, 'tipoCotizacion': 0.0}]}, {'fecha': '2025-06-26', 'detalle': [{'codigoMoneda': 'ARS', 'descripcion': 'PESO', 'tipoPase': 0.000841, 'tipoCotizacion': 0.0}]}, {'fecha': '2025-06-25', 'detalle': [{'codigoMoneda': 'ARS', 'descripcion': 'PESO', 'tipoPase': 0.000839, 'tipoCotizacion': 0.0}]}, {'fecha': '2025-06-24', 'detalle': [{'codigoMoneda': 'ARS', 'descripcion': 'PESO', 'tipoPase': 0.000851, 'tipoCotizacion': 0.0}]}, {'fecha': '2025-06-23', 'detalle': [{'codigoMoneda': 'ARS', 'descripcion': 'PESO', 'tipoPase': 0.000854, 'tipoCotizacion': 0.0}]}, {'fecha': '2025-06-19', 'detalle': [{'codigoMoneda': 'ARS', 'descripcion': 'PESO', 'tipoPase': 0.000861, 'tipoCotizacion': 0.0}]}, {'fecha': '2025-06-18', 'detalle': [{'codigoMoneda': 'ARS', 'descripcion': 'PESO', 'tipoPase': 0.000875, 'tipoCotizacion': 0.0}]}, {'fecha': '2025-06-17', 'detalle': [{'codigoMoneda': 'ARS', 'descripcion': 'PESO', 'tipoPase': 0.000862, 'tipoCotizacion': 0.0}]}, {'fecha': '2025-06-13', 'detalle': [{'codigoMoneda': 'ARS', 'descripcion': 'PESO', 'tipoPase': 0.000846, 'tipoCotizacion': 0.0}]}, {'fecha': '2025-06-12', 'detalle': [{'codigoMoneda': 'ARS', 'descripcion': 'PESO', 'tipoPase': 0.000844, 'tipoCotizacion': 0.0}]}, {'fecha': '2025-06-11', 'detalle': [{'codigoMoneda': 'ARS', 'descripcion': 'PESO', 'tipoPase': 0.000846, 'tipoCotizacion': 0.0}]}, {'fecha': '2025-06-10', 'detalle': [{'codigoMoneda': 'ARS', 'descripcion': 'PESO', 'tipoPase': 0.000841, 'tipoCotizacion': 0.0}]}, {'fecha': '2025-06-09', 'detalle': [{'codigoMoneda': 'ARS', 'descripcion': 'PESO', 'tipoPase': 0.000844, 'tipoCotizacion': 0.0}]}, {'fecha': '2025-06-06', 'detalle': [{'codigoMoneda': 'ARS', 'descripcion': 'PESO', 'tipoPase': 0.000844, 'tipoCotizacion': 0.0}]}, {'fecha': '2025-06-05', 'detalle': [{'codigoMoneda': 'ARS', 'descripcion': 'PESO', 'tipoPase': 0.00084, 'tipoCotizacion': 0.0}]}, {'fecha': '2025-06-04', 'detalle': [{'codigoMoneda': 'ARS', 'descripcion': 'PESO', 'tipoPase': 0.000844, 'tipoCotizacion': 0.0}]}, {'fecha': '2025-06-03', 'detalle': [{'codigoMoneda': 'ARS', 'descripcion': 'PESO', 'tipoPase': 0.000845, 'tipoCotizacion': 0.0}]}, {'fecha': '2025-06-02', 'detalle': [{'codigoMoneda': 'ARS', 'descripcion': 'PESO', 'tipoPase': 0.000847, 'tipoCotizacion': 0.0}]}, {'fecha': '2025-05-30', 'detalle': [{'codigoMoneda': 'ARS', 'descripcion': 'PESO', 'tipoPase': 0.000842, 'tipoCotizacion': 0.0}]}, {'fecha': '2025-05-29', 'detalle': [{'codigoMoneda': 'ARS', 'descripcion': 'PESO', 'tipoPase': 0.000845, 'tipoCotizacion': 0.0}]}, {'fecha': '2025-05-28', 'detalle': [{'codigoMoneda': 'ARS', 'descripcion': 'PESO', 'tipoPase': 0.000862, 'tipoCotizacion': 0.0}]}, {'fecha': '2025-05-27', 'detalle': [{'codigoMoneda': 'ARS', 'descripcion': 'PESO', 'tipoPase': 0.000865, 'tipoCotizacion': 0.0}]}, {'fecha': '2025-05-26', 'detalle': [{'codigoMoneda': 'ARS', 'descripcion': 'PESO', 'tipoPase': 0.000875, 'tipoCotizacion': 0.0}]}]
[2025-08-07T01:39:08.882+0000] {taskinstance.py:2698} ERROR - Task failed with exception
Traceback (most recent call last):
  File "/home/airflow/.local/lib/python3.8/site-packages/airflow/models/taskinstance.py", line 433, in _execute_task
    result = execute_callable(context=context, **execute_callable_kwargs)
  File "/home/airflow/.local/lib/python3.8/site-packages/airflow/operators/python.py", line 199, in execute
    return_value = self.execute_callable()
  File "/home/airflow/.local/lib/python3.8/site-packages/airflow/operators/python.py", line 216, in execute_callable
    return self.python_callable(*self.op_args, **self.op_kwargs)
  File "/opt/airflow/dags/ejercicio2.py", line 62, in cargainicial
    df=limpiar(pd.DataFrame(historial))
  File "/opt/airflow/dags/ejercicio2.py", line 12, in limpiar
    df=df[df['tipo_cambio']>0]
  File "/home/airflow/.local/lib/python3.8/site-packages/pandas/core/frame.py", line 3761, in __getitem__
    indexer = self.columns.get_loc(key)
  File "/home/airflow/.local/lib/python3.8/site-packages/pandas/core/indexes/range.py", line 349, in get_loc
    raise KeyError(key)
KeyError: 'tipo_cambio'
[2025-08-07T01:39:08.940+0000] {taskinstance.py:1138} INFO - Marking task as UP_FOR_RETRY. dag_id=Ejercicio2, task_id=cargainicial, execution_date=20250807T013844, start_date=20250807T013903, end_date=20250807T013908
[2025-08-07T01:39:09.026+0000] {standard_task_runner.py:107} ERROR - Failed to execute job 318 for task cargainicial ('tipo_cambio'; 5974)
[2025-08-07T01:39:09.091+0000] {local_task_job_runner.py:234} INFO - Task exited with return code 1
[2025-08-07T01:39:09.159+0000] {taskinstance.py:3280} INFO - 0 downstream tasks scheduled from follow-on schedule check
