[2025-08-07T01:30:13.568+0000] {taskinstance.py:1956} INFO - Dependencies all met for dep_context=non-requeueable deps ti=<TaskInstance: Ejercicio2.cargainicial manual__2025-08-07T01:29:58.225329+00:00 [queued]>
[2025-08-07T01:30:13.607+0000] {taskinstance.py:1956} INFO - Dependencies all met for dep_context=requeueable deps ti=<TaskInstance: Ejercicio2.cargainicial manual__2025-08-07T01:29:58.225329+00:00 [queued]>
[2025-08-07T01:30:13.610+0000] {taskinstance.py:2170} INFO - Starting attempt 1 of 2
[2025-08-07T01:30:13.658+0000] {taskinstance.py:2191} INFO - Executing <Task(PythonOperator): cargainicial> on 2025-08-07 01:29:58.225329+00:00
[2025-08-07T01:30:13.681+0000] {standard_task_runner.py:60} INFO - Started process 5841 to run task
[2025-08-07T01:30:13.701+0000] {standard_task_runner.py:87} INFO - Running: ['***', 'tasks', 'run', 'Ejercicio2', 'cargainicial', 'manual__2025-08-07T01:29:58.225329+00:00', '--job-id', '312', '--raw', '--subdir', 'DAGS_FOLDER/ejercicio2.py', '--cfg-path', '/tmp/tmpxlikgtum']
[2025-08-07T01:30:13.714+0000] {standard_task_runner.py:88} INFO - Job 312: Subtask cargainicial
[2025-08-07T01:30:13.945+0000] {task_command.py:423} INFO - Running <TaskInstance: Ejercicio2.cargainicial manual__2025-08-07T01:29:58.225329+00:00 [running]> on host 019b67754667
[2025-08-07T01:30:14.294+0000] {taskinstance.py:2480} INFO - Exporting env vars: AIRFLOW_CTX_DAG_OWNER='***' AIRFLOW_CTX_DAG_ID='Ejercicio2' AIRFLOW_CTX_TASK_ID='cargainicial' AIRFLOW_CTX_EXECUTION_DATE='2025-08-07T01:29:58.225329+00:00' AIRFLOW_CTX_TRY_NUMBER='1' AIRFLOW_CTX_DAG_RUN_ID='manual__2025-08-07T01:29:58.225329+00:00'
[2025-08-07T01:30:14.694+0000] {warnings.py:109} WARNING - /home/***/.local/lib/python3.8/site-packages/urllib3/connectionpool.py:1061: InsecureRequestWarning: Unverified HTTPS request is being made to host 'api.bcra.gob.ar'. Adding certificate verification is strongly advised. See: https://urllib3.readthedocs.io/en/1.26.x/advanced-usage.html#ssl-warnings
  warnings.warn(

[2025-08-07T01:30:15.054+0000] {warnings.py:109} WARNING - /home/***/.local/lib/python3.8/site-packages/urllib3/connectionpool.py:1061: InsecureRequestWarning: Unverified HTTPS request is being made to host 'api.bcra.gob.ar'. Adding certificate verification is strongly advised. See: https://urllib3.readthedocs.io/en/1.26.x/advanced-usage.html#ssl-warnings
  warnings.warn(

[2025-08-07T01:30:19.276+0000] {logging_mixin.py:188} INFO - 
 ANTES DE NORMALIZAR: 
 [{'fecha': '2025-08-06', 'detalle': [{'codigoMoneda': 'ARS', 'descripcion': 'PESO', 'tipoPase': 0.000751, 'tipoCotizacion': 0.0}]}, {'fecha': '2025-08-05', 'detalle': [{'codigoMoneda': 'ARS', 'descripcion': 'PESO', 'tipoPase': 0.000747, 'tipoCotizacion': 0.0}]}, {'fecha': '2025-08-04', 'detalle': [{'codigoMoneda': 'ARS', 'descripcion': 'PESO', 'tipoPase': 0.000735, 'tipoCotizacion': 0.0}]}, {'fecha': '2025-08-01', 'detalle': [{'codigoMoneda': 'ARS', 'descripcion': 'PESO', 'tipoPase': 0.000733, 'tipoCotizacion': 0.0}]}, {'fecha': '2025-07-31', 'detalle': [{'codigoMoneda': 'ARS', 'descripcion': 'PESO', 'tipoPase': 0.000728, 'tipoCotizacion': 0.0}]}, {'fecha': '2025-07-30', 'detalle': [{'codigoMoneda': 'ARS', 'descripcion': 'PESO', 'tipoPase': 0.00076, 'tipoCotizacion': 0.0}]}, {'fecha': '2025-07-29', 'detalle': [{'codigoMoneda': 'ARS', 'descripcion': 'PESO', 'tipoPase': 0.000775, 'tipoCotizacion': 0.0}]}, {'fecha': '2025-07-28', 'detalle': [{'codigoMoneda': 'ARS', 'descripcion': 'PESO', 'tipoPase': 0.000772, 'tipoCotizacion': 0.0}]}, {'fecha': '2025-07-25', 'detalle': [{'codigoMoneda': 'ARS', 'descripcion': 'PESO', 'tipoPase': 0.000781, 'tipoCotizacion': 0.0}]}, {'fecha': '2025-07-24', 'detalle': [{'codigoMoneda': 'ARS', 'descripcion': 'PESO', 'tipoPase': 0.000786, 'tipoCotizacion': 0.0}]}, {'fecha': '2025-07-23', 'detalle': [{'codigoMoneda': 'ARS', 'descripcion': 'PESO', 'tipoPase': 0.000795, 'tipoCotizacion': 0.0}]}, {'fecha': '2025-07-22', 'detalle': [{'codigoMoneda': 'ARS', 'descripcion': 'PESO', 'tipoPase': 0.000796, 'tipoCotizacion': 0.0}]}, {'fecha': '2025-07-21', 'detalle': [{'codigoMoneda': 'ARS', 'descripcion': 'PESO', 'tipoPase': 0.000784, 'tipoCotizacion': 0.0}]}, {'fecha': '2025-07-18', 'detalle': [{'codigoMoneda': 'ARS', 'descripcion': 'PESO', 'tipoPase': 0.000778, 'tipoCotizacion': 0.0}]}, {'fecha': '2025-07-17', 'detalle': [{'codigoMoneda': 'ARS', 'descripcion': 'PESO', 'tipoPase': 0.000785, 'tipoCotizacion': 0.0}]}, {'fecha': '2025-07-16', 'detalle': [{'codigoMoneda': 'ARS', 'descripcion': 'PESO', 'tipoPase': 0.000793, 'tipoCotizacion': 0.0}]}, {'fecha': '2025-07-15', 'detalle': [{'codigoMoneda': 'ARS', 'descripcion': 'PESO', 'tipoPase': 0.000794, 'tipoCotizacion': 0.0}]}, {'fecha': '2025-07-14', 'detalle': [{'codigoMoneda': 'ARS', 'descripcion': 'PESO', 'tipoPase': 0.000781, 'tipoCotizacion': 0.0}]}, {'fecha': '2025-07-11', 'detalle': [{'codigoMoneda': 'ARS', 'descripcion': 'PESO', 'tipoPase': 0.000793, 'tipoCotizacion': 0.0}]}, {'fecha': '2025-07-10', 'detalle': [{'codigoMoneda': 'ARS', 'descripcion': 'PESO', 'tipoPase': 0.000797, 'tipoCotizacion': 0.0}]}, {'fecha': '2025-07-08', 'detalle': [{'codigoMoneda': 'ARS', 'descripcion': 'PESO', 'tipoPase': 0.000797, 'tipoCotizacion': 0.0}]}, {'fecha': '2025-07-07', 'detalle': [{'codigoMoneda': 'ARS', 'descripcion': 'PESO', 'tipoPase': 0.000791, 'tipoCotizacion': 0.0}]}, {'fecha': '2025-07-04', 'detalle': [{'codigoMoneda': 'ARS', 'descripcion': 'PESO', 'tipoPase': 0.000806, 'tipoCotizacion': 0.0}]}, {'fecha': '2025-07-03', 'detalle': [{'codigoMoneda': 'ARS', 'descripcion': 'PESO', 'tipoPase': 0.000812, 'tipoCotizacion': 0.0}]}, {'fecha': '2025-07-02', 'detalle': [{'codigoMoneda': 'ARS', 'descripcion': 'PESO', 'tipoPase': 0.000814, 'tipoCotizacion': 0.0}]}, {'fecha': '2025-07-01', 'detalle': [{'codigoMoneda': 'ARS', 'descripcion': 'PESO', 'tipoPase': 0.000818, 'tipoCotizacion': 0.0}]}, {'fecha': '2025-06-30', 'detalle': [{'codigoMoneda': 'ARS', 'descripcion': 'PESO', 'tipoPase': 0.00083, 'tipoCotizacion': 0.0}]}, {'fecha': '2025-06-27', 'detalle': [{'codigoMoneda': 'ARS', 'descripcion': 'PESO', 'tipoPase': 0.000841, 'tipoCotizacion': 0.0}]}, {'fecha': '2025-06-26', 'detalle': [{'codigoMoneda': 'ARS', 'descripcion': 'PESO', 'tipoPase': 0.000841, 'tipoCotizacion': 0.0}]}, {'fecha': '2025-06-25', 'detalle': [{'codigoMoneda': 'ARS', 'descripcion': 'PESO', 'tipoPase': 0.000839, 'tipoCotizacion': 0.0}]}, {'fecha': '2025-06-24', 'detalle': [{'codigoMoneda': 'ARS', 'descripcion': 'PESO', 'tipoPase': 0.000851, 'tipoCotizacion': 0.0}]}, {'fecha': '2025-06-23', 'detalle': [{'codigoMoneda': 'ARS', 'descripcion': 'PESO', 'tipoPase': 0.000854, 'tipoCotizacion': 0.0}]}, {'fecha': '2025-06-19', 'detalle': [{'codigoMoneda': 'ARS', 'descripcion': 'PESO', 'tipoPase': 0.000861, 'tipoCotizacion': 0.0}]}, {'fecha': '2025-06-18', 'detalle': [{'codigoMoneda': 'ARS', 'descripcion': 'PESO', 'tipoPase': 0.000875, 'tipoCotizacion': 0.0}]}, {'fecha': '2025-06-17', 'detalle': [{'codigoMoneda': 'ARS', 'descripcion': 'PESO', 'tipoPase': 0.000862, 'tipoCotizacion': 0.0}]}, {'fecha': '2025-06-13', 'detalle': [{'codigoMoneda': 'ARS', 'descripcion': 'PESO', 'tipoPase': 0.000846, 'tipoCotizacion': 0.0}]}, {'fecha': '2025-06-12', 'detalle': [{'codigoMoneda': 'ARS', 'descripcion': 'PESO', 'tipoPase': 0.000844, 'tipoCotizacion': 0.0}]}, {'fecha': '2025-06-11', 'detalle': [{'codigoMoneda': 'ARS', 'descripcion': 'PESO', 'tipoPase': 0.000846, 'tipoCotizacion': 0.0}]}, {'fecha': '2025-06-10', 'detalle': [{'codigoMoneda': 'ARS', 'descripcion': 'PESO', 'tipoPase': 0.000841, 'tipoCotizacion': 0.0}]}, {'fecha': '2025-06-09', 'detalle': [{'codigoMoneda': 'ARS', 'descripcion': 'PESO', 'tipoPase': 0.000844, 'tipoCotizacion': 0.0}]}, {'fecha': '2025-06-06', 'detalle': [{'codigoMoneda': 'ARS', 'descripcion': 'PESO', 'tipoPase': 0.000844, 'tipoCotizacion': 0.0}]}, {'fecha': '2025-06-05', 'detalle': [{'codigoMoneda': 'ARS', 'descripcion': 'PESO', 'tipoPase': 0.00084, 'tipoCotizacion': 0.0}]}, {'fecha': '2025-06-04', 'detalle': [{'codigoMoneda': 'ARS', 'descripcion': 'PESO', 'tipoPase': 0.000844, 'tipoCotizacion': 0.0}]}, {'fecha': '2025-06-03', 'detalle': [{'codigoMoneda': 'ARS', 'descripcion': 'PESO', 'tipoPase': 0.000845, 'tipoCotizacion': 0.0}]}, {'fecha': '2025-06-02', 'detalle': [{'codigoMoneda': 'ARS', 'descripcion': 'PESO', 'tipoPase': 0.000847, 'tipoCotizacion': 0.0}]}, {'fecha': '2025-05-30', 'detalle': [{'codigoMoneda': 'ARS', 'descripcion': 'PESO', 'tipoPase': 0.000842, 'tipoCotizacion': 0.0}]}, {'fecha': '2025-05-29', 'detalle': [{'codigoMoneda': 'ARS', 'descripcion': 'PESO', 'tipoPase': 0.000845, 'tipoCotizacion': 0.0}]}, {'fecha': '2025-05-28', 'detalle': [{'codigoMoneda': 'ARS', 'descripcion': 'PESO', 'tipoPase': 0.000862, 'tipoCotizacion': 0.0}]}, {'fecha': '2025-05-27', 'detalle': [{'codigoMoneda': 'ARS', 'descripcion': 'PESO', 'tipoPase': 0.000865, 'tipoCotizacion': 0.0}]}, {'fecha': '2025-05-26', 'detalle': [{'codigoMoneda': 'ARS', 'descripcion': 'PESO', 'tipoPase': 0.000875, 'tipoCotizacion': 0.0}]}]
[2025-08-07T01:30:19.278+0000] {logging_mixin.py:188} INFO - 
 NOrmalizado {'moneda': 'ARS', 'tipo_cambio': 0.0, 'fecha': '2025-08-06'}
[2025-08-07T01:30:19.280+0000] {logging_mixin.py:188} INFO - 
 NOrmalizado {'moneda': 'ARS', 'tipo_cambio': 0.0, 'fecha': '2025-08-05'}
[2025-08-07T01:30:19.282+0000] {logging_mixin.py:188} INFO - 
 NOrmalizado {'moneda': 'ARS', 'tipo_cambio': 0.0, 'fecha': '2025-08-04'}
[2025-08-07T01:30:19.284+0000] {logging_mixin.py:188} INFO - 
 NOrmalizado {'moneda': 'ARS', 'tipo_cambio': 0.0, 'fecha': '2025-08-01'}
[2025-08-07T01:30:19.287+0000] {logging_mixin.py:188} INFO - 
 NOrmalizado {'moneda': 'ARS', 'tipo_cambio': 0.0, 'fecha': '2025-07-31'}
[2025-08-07T01:30:19.289+0000] {logging_mixin.py:188} INFO - 
 NOrmalizado {'moneda': 'ARS', 'tipo_cambio': 0.0, 'fecha': '2025-07-30'}
[2025-08-07T01:30:19.290+0000] {logging_mixin.py:188} INFO - 
 NOrmalizado {'moneda': 'ARS', 'tipo_cambio': 0.0, 'fecha': '2025-07-29'}
[2025-08-07T01:30:19.291+0000] {logging_mixin.py:188} INFO - 
 NOrmalizado {'moneda': 'ARS', 'tipo_cambio': 0.0, 'fecha': '2025-07-28'}
[2025-08-07T01:30:19.292+0000] {logging_mixin.py:188} INFO - 
 NOrmalizado {'moneda': 'ARS', 'tipo_cambio': 0.0, 'fecha': '2025-07-25'}
[2025-08-07T01:30:19.293+0000] {logging_mixin.py:188} INFO - 
 NOrmalizado {'moneda': 'ARS', 'tipo_cambio': 0.0, 'fecha': '2025-07-24'}
[2025-08-07T01:30:19.295+0000] {logging_mixin.py:188} INFO - 
 NOrmalizado {'moneda': 'ARS', 'tipo_cambio': 0.0, 'fecha': '2025-07-23'}
[2025-08-07T01:30:19.296+0000] {logging_mixin.py:188} INFO - 
 NOrmalizado {'moneda': 'ARS', 'tipo_cambio': 0.0, 'fecha': '2025-07-22'}
[2025-08-07T01:30:19.298+0000] {logging_mixin.py:188} INFO - 
 NOrmalizado {'moneda': 'ARS', 'tipo_cambio': 0.0, 'fecha': '2025-07-21'}
[2025-08-07T01:30:19.299+0000] {logging_mixin.py:188} INFO - 
 NOrmalizado {'moneda': 'ARS', 'tipo_cambio': 0.0, 'fecha': '2025-07-18'}
[2025-08-07T01:30:19.301+0000] {logging_mixin.py:188} INFO - 
 NOrmalizado {'moneda': 'ARS', 'tipo_cambio': 0.0, 'fecha': '2025-07-17'}
[2025-08-07T01:30:19.304+0000] {logging_mixin.py:188} INFO - 
 NOrmalizado {'moneda': 'ARS', 'tipo_cambio': 0.0, 'fecha': '2025-07-16'}
[2025-08-07T01:30:19.306+0000] {logging_mixin.py:188} INFO - 
 NOrmalizado {'moneda': 'ARS', 'tipo_cambio': 0.0, 'fecha': '2025-07-15'}
[2025-08-07T01:30:19.307+0000] {logging_mixin.py:188} INFO - 
 NOrmalizado {'moneda': 'ARS', 'tipo_cambio': 0.0, 'fecha': '2025-07-14'}
[2025-08-07T01:30:19.309+0000] {logging_mixin.py:188} INFO - 
 NOrmalizado {'moneda': 'ARS', 'tipo_cambio': 0.0, 'fecha': '2025-07-11'}
[2025-08-07T01:30:19.311+0000] {logging_mixin.py:188} INFO - 
 NOrmalizado {'moneda': 'ARS', 'tipo_cambio': 0.0, 'fecha': '2025-07-10'}
[2025-08-07T01:30:19.313+0000] {logging_mixin.py:188} INFO - 
 NOrmalizado {'moneda': 'ARS', 'tipo_cambio': 0.0, 'fecha': '2025-07-08'}
[2025-08-07T01:30:19.314+0000] {logging_mixin.py:188} INFO - 
 NOrmalizado {'moneda': 'ARS', 'tipo_cambio': 0.0, 'fecha': '2025-07-07'}
[2025-08-07T01:30:19.316+0000] {logging_mixin.py:188} INFO - 
 NOrmalizado {'moneda': 'ARS', 'tipo_cambio': 0.0, 'fecha': '2025-07-04'}
[2025-08-07T01:30:19.318+0000] {logging_mixin.py:188} INFO - 
 NOrmalizado {'moneda': 'ARS', 'tipo_cambio': 0.0, 'fecha': '2025-07-03'}
[2025-08-07T01:30:19.320+0000] {logging_mixin.py:188} INFO - 
 NOrmalizado {'moneda': 'ARS', 'tipo_cambio': 0.0, 'fecha': '2025-07-02'}
[2025-08-07T01:30:19.322+0000] {logging_mixin.py:188} INFO - 
 NOrmalizado {'moneda': 'ARS', 'tipo_cambio': 0.0, 'fecha': '2025-07-01'}
[2025-08-07T01:30:19.323+0000] {logging_mixin.py:188} INFO - 
 NOrmalizado {'moneda': 'ARS', 'tipo_cambio': 0.0, 'fecha': '2025-06-30'}
[2025-08-07T01:30:19.324+0000] {logging_mixin.py:188} INFO - 
 NOrmalizado {'moneda': 'ARS', 'tipo_cambio': 0.0, 'fecha': '2025-06-27'}
[2025-08-07T01:30:19.326+0000] {logging_mixin.py:188} INFO - 
 NOrmalizado {'moneda': 'ARS', 'tipo_cambio': 0.0, 'fecha': '2025-06-26'}
[2025-08-07T01:30:19.328+0000] {logging_mixin.py:188} INFO - 
 NOrmalizado {'moneda': 'ARS', 'tipo_cambio': 0.0, 'fecha': '2025-06-25'}
[2025-08-07T01:30:19.329+0000] {logging_mixin.py:188} INFO - 
 NOrmalizado {'moneda': 'ARS', 'tipo_cambio': 0.0, 'fecha': '2025-06-24'}
[2025-08-07T01:30:19.330+0000] {logging_mixin.py:188} INFO - 
 NOrmalizado {'moneda': 'ARS', 'tipo_cambio': 0.0, 'fecha': '2025-06-23'}
[2025-08-07T01:30:19.331+0000] {logging_mixin.py:188} INFO - 
 NOrmalizado {'moneda': 'ARS', 'tipo_cambio': 0.0, 'fecha': '2025-06-19'}
[2025-08-07T01:30:19.332+0000] {logging_mixin.py:188} INFO - 
 NOrmalizado {'moneda': 'ARS', 'tipo_cambio': 0.0, 'fecha': '2025-06-18'}
[2025-08-07T01:30:19.335+0000] {logging_mixin.py:188} INFO - 
 NOrmalizado {'moneda': 'ARS', 'tipo_cambio': 0.0, 'fecha': '2025-06-17'}
[2025-08-07T01:30:19.337+0000] {logging_mixin.py:188} INFO - 
 NOrmalizado {'moneda': 'ARS', 'tipo_cambio': 0.0, 'fecha': '2025-06-13'}
[2025-08-07T01:30:19.339+0000] {logging_mixin.py:188} INFO - 
 NOrmalizado {'moneda': 'ARS', 'tipo_cambio': 0.0, 'fecha': '2025-06-12'}
[2025-08-07T01:30:19.340+0000] {logging_mixin.py:188} INFO - 
 NOrmalizado {'moneda': 'ARS', 'tipo_cambio': 0.0, 'fecha': '2025-06-11'}
[2025-08-07T01:30:19.342+0000] {logging_mixin.py:188} INFO - 
 NOrmalizado {'moneda': 'ARS', 'tipo_cambio': 0.0, 'fecha': '2025-06-10'}
[2025-08-07T01:30:19.343+0000] {logging_mixin.py:188} INFO - 
 NOrmalizado {'moneda': 'ARS', 'tipo_cambio': 0.0, 'fecha': '2025-06-09'}
[2025-08-07T01:30:19.345+0000] {logging_mixin.py:188} INFO - 
 NOrmalizado {'moneda': 'ARS', 'tipo_cambio': 0.0, 'fecha': '2025-06-06'}
[2025-08-07T01:30:19.346+0000] {logging_mixin.py:188} INFO - 
 NOrmalizado {'moneda': 'ARS', 'tipo_cambio': 0.0, 'fecha': '2025-06-05'}
[2025-08-07T01:30:19.347+0000] {logging_mixin.py:188} INFO - 
 NOrmalizado {'moneda': 'ARS', 'tipo_cambio': 0.0, 'fecha': '2025-06-04'}
[2025-08-07T01:30:19.348+0000] {logging_mixin.py:188} INFO - 
 NOrmalizado {'moneda': 'ARS', 'tipo_cambio': 0.0, 'fecha': '2025-06-03'}
[2025-08-07T01:30:19.350+0000] {logging_mixin.py:188} INFO - 
 NOrmalizado {'moneda': 'ARS', 'tipo_cambio': 0.0, 'fecha': '2025-06-02'}
[2025-08-07T01:30:19.352+0000] {logging_mixin.py:188} INFO - 
 NOrmalizado {'moneda': 'ARS', 'tipo_cambio': 0.0, 'fecha': '2025-05-30'}
[2025-08-07T01:30:19.354+0000] {logging_mixin.py:188} INFO - 
 NOrmalizado {'moneda': 'ARS', 'tipo_cambio': 0.0, 'fecha': '2025-05-29'}
[2025-08-07T01:30:19.355+0000] {logging_mixin.py:188} INFO - 
 NOrmalizado {'moneda': 'ARS', 'tipo_cambio': 0.0, 'fecha': '2025-05-28'}
[2025-08-07T01:30:19.357+0000] {logging_mixin.py:188} INFO - 
 NOrmalizado {'moneda': 'ARS', 'tipo_cambio': 0.0, 'fecha': '2025-05-27'}
[2025-08-07T01:30:19.358+0000] {logging_mixin.py:188} INFO - 
 NOrmalizado {'moneda': 'ARS', 'tipo_cambio': 0.0, 'fecha': '2025-05-26'}
[2025-08-07T01:30:19.504+0000] {logging_mixin.py:188} INFO - [{'moneda': 'ARS', 'tipo_cambio': 0.0, 'fecha': '2025-08-06'}, {'moneda': 'ARS', 'tipo_cambio': 0.0, 'fecha': '2025-08-05'}, {'moneda': 'ARS', 'tipo_cambio': 0.0, 'fecha': '2025-08-04'}, {'moneda': 'ARS', 'tipo_cambio': 0.0, 'fecha': '2025-08-01'}, {'moneda': 'ARS', 'tipo_cambio': 0.0, 'fecha': '2025-07-31'}, {'moneda': 'ARS', 'tipo_cambio': 0.0, 'fecha': '2025-07-30'}, {'moneda': 'ARS', 'tipo_cambio': 0.0, 'fecha': '2025-07-29'}, {'moneda': 'ARS', 'tipo_cambio': 0.0, 'fecha': '2025-07-28'}, {'moneda': 'ARS', 'tipo_cambio': 0.0, 'fecha': '2025-07-25'}, {'moneda': 'ARS', 'tipo_cambio': 0.0, 'fecha': '2025-07-24'}, {'moneda': 'ARS', 'tipo_cambio': 0.0, 'fecha': '2025-07-23'}, {'moneda': 'ARS', 'tipo_cambio': 0.0, 'fecha': '2025-07-22'}, {'moneda': 'ARS', 'tipo_cambio': 0.0, 'fecha': '2025-07-21'}, {'moneda': 'ARS', 'tipo_cambio': 0.0, 'fecha': '2025-07-18'}, {'moneda': 'ARS', 'tipo_cambio': 0.0, 'fecha': '2025-07-17'}, {'moneda': 'ARS', 'tipo_cambio': 0.0, 'fecha': '2025-07-16'}, {'moneda': 'ARS', 'tipo_cambio': 0.0, 'fecha': '2025-07-15'}, {'moneda': 'ARS', 'tipo_cambio': 0.0, 'fecha': '2025-07-14'}, {'moneda': 'ARS', 'tipo_cambio': 0.0, 'fecha': '2025-07-11'}, {'moneda': 'ARS', 'tipo_cambio': 0.0, 'fecha': '2025-07-10'}, {'moneda': 'ARS', 'tipo_cambio': 0.0, 'fecha': '2025-07-08'}, {'moneda': 'ARS', 'tipo_cambio': 0.0, 'fecha': '2025-07-07'}, {'moneda': 'ARS', 'tipo_cambio': 0.0, 'fecha': '2025-07-04'}, {'moneda': 'ARS', 'tipo_cambio': 0.0, 'fecha': '2025-07-03'}, {'moneda': 'ARS', 'tipo_cambio': 0.0, 'fecha': '2025-07-02'}, {'moneda': 'ARS', 'tipo_cambio': 0.0, 'fecha': '2025-07-01'}, {'moneda': 'ARS', 'tipo_cambio': 0.0, 'fecha': '2025-06-30'}, {'moneda': 'ARS', 'tipo_cambio': 0.0, 'fecha': '2025-06-27'}, {'moneda': 'ARS', 'tipo_cambio': 0.0, 'fecha': '2025-06-26'}, {'moneda': 'ARS', 'tipo_cambio': 0.0, 'fecha': '2025-06-25'}, {'moneda': 'ARS', 'tipo_cambio': 0.0, 'fecha': '2025-06-24'}, {'moneda': 'ARS', 'tipo_cambio': 0.0, 'fecha': '2025-06-23'}, {'moneda': 'ARS', 'tipo_cambio': 0.0, 'fecha': '2025-06-19'}, {'moneda': 'ARS', 'tipo_cambio': 0.0, 'fecha': '2025-06-18'}, {'moneda': 'ARS', 'tipo_cambio': 0.0, 'fecha': '2025-06-17'}, {'moneda': 'ARS', 'tipo_cambio': 0.0, 'fecha': '2025-06-13'}, {'moneda': 'ARS', 'tipo_cambio': 0.0, 'fecha': '2025-06-12'}, {'moneda': 'ARS', 'tipo_cambio': 0.0, 'fecha': '2025-06-11'}, {'moneda': 'ARS', 'tipo_cambio': 0.0, 'fecha': '2025-06-10'}, {'moneda': 'ARS', 'tipo_cambio': 0.0, 'fecha': '2025-06-09'}, {'moneda': 'ARS', 'tipo_cambio': 0.0, 'fecha': '2025-06-06'}, {'moneda': 'ARS', 'tipo_cambio': 0.0, 'fecha': '2025-06-05'}, {'moneda': 'ARS', 'tipo_cambio': 0.0, 'fecha': '2025-06-04'}, {'moneda': 'ARS', 'tipo_cambio': 0.0, 'fecha': '2025-06-03'}, {'moneda': 'ARS', 'tipo_cambio': 0.0, 'fecha': '2025-06-02'}, {'moneda': 'ARS', 'tipo_cambio': 0.0, 'fecha': '2025-05-30'}, {'moneda': 'ARS', 'tipo_cambio': 0.0, 'fecha': '2025-05-29'}, {'moneda': 'ARS', 'tipo_cambio': 0.0, 'fecha': '2025-05-28'}, {'moneda': 'ARS', 'tipo_cambio': 0.0, 'fecha': '2025-05-27'}, {'moneda': 'ARS', 'tipo_cambio': 0.0, 'fecha': '2025-05-26'}]
[2025-08-07T01:30:19.774+0000] {warnings.py:109} WARNING - /home/***/.local/lib/python3.8/site-packages/urllib3/connectionpool.py:1061: InsecureRequestWarning: Unverified HTTPS request is being made to host 'api.bcra.gob.ar'. Adding certificate verification is strongly advised. See: https://urllib3.readthedocs.io/en/1.26.x/advanced-usage.html#ssl-warnings
  warnings.warn(

[2025-08-07T01:30:23.174+0000] {taskinstance.py:2698} ERROR - Task failed with exception
Traceback (most recent call last):
  File "/home/airflow/.local/lib/python3.8/site-packages/airflow/models/taskinstance.py", line 433, in _execute_task
    result = execute_callable(context=context, **execute_callable_kwargs)
  File "/home/airflow/.local/lib/python3.8/site-packages/airflow/operators/python.py", line 199, in execute
    return_value = self.execute_callable()
  File "/home/airflow/.local/lib/python3.8/site-packages/airflow/operators/python.py", line 216, in execute_callable
    return self.python_callable(*self.op_args, **self.op_kwargs)
  File "/opt/airflow/dags/ejercicio2.py", line 62, in cargainicial
    df=limpiar(pd.DataFrame(historial))
  File "/opt/airflow/dags/ejercicio2.py", line 12, in limpiar
    df['tipo_cambio'] = pd.to_numeric(df['tipo_cambio'], errors='coerce')
  File "/home/airflow/.local/lib/python3.8/site-packages/pandas/core/frame.py", line 3761, in __getitem__
    indexer = self.columns.get_loc(key)
  File "/home/airflow/.local/lib/python3.8/site-packages/pandas/core/indexes/range.py", line 349, in get_loc
    raise KeyError(key)
KeyError: 'tipo_cambio'
[2025-08-07T01:30:23.237+0000] {taskinstance.py:1138} INFO - Marking task as UP_FOR_RETRY. dag_id=Ejercicio2, task_id=cargainicial, execution_date=20250807T012958, start_date=20250807T013013, end_date=20250807T013023
[2025-08-07T01:30:23.297+0000] {standard_task_runner.py:107} ERROR - Failed to execute job 312 for task cargainicial ('tipo_cambio'; 5841)
[2025-08-07T01:30:23.369+0000] {local_task_job_runner.py:234} INFO - Task exited with return code 1
[2025-08-07T01:30:23.426+0000] {taskinstance.py:3280} INFO - 0 downstream tasks scheduled from follow-on schedule check
