[2025-08-05T22:20:18.057+0000] {taskinstance.py:1956} INFO - Dependencies all met for dep_context=non-requeueable deps ti=<TaskInstance: Ejercicio1.CreaTabladimcustomersegment manual__2025-08-05T22:14:41.245898+00:00 [queued]>
[2025-08-05T22:20:18.074+0000] {taskinstance.py:1956} INFO - Dependencies all met for dep_context=requeueable deps ti=<TaskInstance: Ejercicio1.CreaTabladimcustomersegment manual__2025-08-05T22:14:41.245898+00:00 [queued]>
[2025-08-05T22:20:18.075+0000] {taskinstance.py:2170} INFO - Starting attempt 2 of 2
[2025-08-05T22:20:18.105+0000] {taskinstance.py:2191} INFO - Executing <Task(PythonOperator): CreaTabladimcustomersegment> on 2025-08-05 22:14:41.245898+00:00
[2025-08-05T22:20:18.118+0000] {standard_task_runner.py:60} INFO - Started process 2228 to run task
[2025-08-05T22:20:18.122+0000] {standard_task_runner.py:87} INFO - Running: ['***', 'tasks', 'run', 'Ejercicio1', 'CreaTabladimcustomersegment', 'manual__2025-08-05T22:14:41.245898+00:00', '--job-id', '194', '--raw', '--subdir', 'DAGS_FOLDER/ejercicio1.py', '--cfg-path', '/tmp/tmpnl2lox80']
[2025-08-05T22:20:18.126+0000] {standard_task_runner.py:88} INFO - Job 194: Subtask CreaTabladimcustomersegment
[2025-08-05T22:20:18.225+0000] {task_command.py:423} INFO - Running <TaskInstance: Ejercicio1.CreaTabladimcustomersegment manual__2025-08-05T22:14:41.245898+00:00 [running]> on host 019b67754667
[2025-08-05T22:20:18.379+0000] {taskinstance.py:2480} INFO - Exporting env vars: AIRFLOW_CTX_DAG_OWNER='***' AIRFLOW_CTX_DAG_ID='Ejercicio1' AIRFLOW_CTX_TASK_ID='CreaTabladimcustomersegment' AIRFLOW_CTX_EXECUTION_DATE='2025-08-05T22:14:41.245898+00:00' AIRFLOW_CTX_TRY_NUMBER='2' AIRFLOW_CTX_DAG_RUN_ID='manual__2025-08-05T22:14:41.245898+00:00'
[2025-08-05T22:20:18.432+0000] {logging_mixin.py:188} INFO - 
 --------------DB
     segmentid            city
0          19       Sao Paulo
1          21       Sao Paulo
2          31  Rio de Janeiro
3          32  Rio de Janeiro
4          40        Brasilia
5          43        Brasilia
6          44  Rio de Janeiro
7          46        Brasilia
8          47        Salvador
9          48        Salvador
10         57  Rio de Janeiro
11         71        Brasilia
12         77        Brasilia
13         81        Salvador
14         82        Salvador
15         83       Sao Paulo
16         84  Rio de Janeiro
17         86  Rio de Janeiro
18         97        Brasilia 
 --------------
[2025-08-05T22:20:18.922+0000] {_client.py:1038} INFO - HTTP Request: POST https://qwpzsjaaxuijmqodvslf.supabase.co/rest/v1/StgCustomer?columns=%22state%22%2C%22segmentid%22%2C%22city%22 "HTTP/2 400 Bad Request"
[2025-08-05T22:20:18.926+0000] {logging_mixin.py:188} INFO - Error insertando en StgCustomer: {'code': 'PGRST204', 'details': None, 'hint': None, 'message': "Could not find the 'city' column of 'StgCustomer' in the schema cache"}
[2025-08-05T22:20:19.152+0000] {_client.py:1038} INFO - HTTP Request: POST https://qwpzsjaaxuijmqodvslf.supabase.co/rest/v1/StgCustomer?columns=%22state%22%2C%22segmentid%22%2C%22city%22 "HTTP/2 400 Bad Request"
[2025-08-05T22:20:19.154+0000] {logging_mixin.py:188} INFO - Error insertando en StgCustomer: {'code': 'PGRST204', 'details': None, 'hint': None, 'message': "Could not find the 'city' column of 'StgCustomer' in the schema cache"}
[2025-08-05T22:20:19.625+0000] {_client.py:1038} INFO - HTTP Request: POST https://qwpzsjaaxuijmqodvslf.supabase.co/rest/v1/dimcustomersegment?columns=%22segmentid%22%2C%22city%22 "HTTP/2 201 Created"
[2025-08-05T22:20:19.637+0000] {logging_mixin.py:188} INFO - ---------------------------------------Datos insertados Correctamente dimcustomersegment------------------------
 
[2025-08-05T22:20:19.928+0000] {_client.py:1038} INFO - HTTP Request: POST https://qwpzsjaaxuijmqodvslf.supabase.co/rest/v1/dimcustomersegment?columns=%22segmentid%22%2C%22city%22 "HTTP/2 201 Created"
[2025-08-05T22:20:19.931+0000] {logging_mixin.py:188} INFO - ---------------------------------------Datos insertados Correctamente dimcustomersegment------------------------
 
[2025-08-05T22:20:20.343+0000] {_client.py:1038} INFO - HTTP Request: PATCH https://qwpzsjaaxuijmqodvslf.supabase.co/rest/v1/StgLogs?table_name=eq.dimcustomersegment "HTTP/2 200 OK"
[2025-08-05T22:20:20.350+0000] {python.py:201} INFO - Done. Returned value was: None
[2025-08-05T22:20:20.382+0000] {taskinstance.py:1138} INFO - Marking task as SUCCESS. dag_id=Ejercicio1, task_id=CreaTabladimcustomersegment, execution_date=20250805T221441, start_date=20250805T222018, end_date=20250805T222020
[2025-08-05T22:20:20.460+0000] {local_task_job_runner.py:234} INFO - Task exited with return code 0
[2025-08-05T22:20:20.509+0000] {taskinstance.py:3280} INFO - 0 downstream tasks scheduled from follow-on schedule check
