[2025-08-05T19:29:34.093+0000] {taskinstance.py:1956} INFO - Dependencies all met for dep_context=non-requeueable deps ti=<TaskInstance: Ejercicio1.LoadAndSetdimdate manual__2025-08-05T19:29:16.721170+00:00 [queued]>
[2025-08-05T19:29:34.214+0000] {taskinstance.py:1956} INFO - Dependencies all met for dep_context=requeueable deps ti=<TaskInstance: Ejercicio1.LoadAndSetdimdate manual__2025-08-05T19:29:16.721170+00:00 [queued]>
[2025-08-05T19:29:34.220+0000] {taskinstance.py:2170} INFO - Starting attempt 1 of 2
[2025-08-05T19:29:35.771+0000] {taskinstance.py:2191} INFO - Executing <Task(PythonOperator): LoadAndSetdimdate> on 2025-08-05 19:29:16.721170+00:00
[2025-08-05T19:29:35.797+0000] {standard_task_runner.py:87} INFO - Running: ['***', 'tasks', 'run', 'Ejercicio1', 'LoadAndSetdimdate', 'manual__2025-08-05T19:29:16.721170+00:00', '--job-id', '148', '--raw', '--subdir', 'DAGS_FOLDER/ejercicio1.py', '--cfg-path', '/tmp/tmpxlweh07y']
[2025-08-05T19:29:35.788+0000] {standard_task_runner.py:60} INFO - Started process 1163 to run task
[2025-08-05T19:29:35.841+0000] {standard_task_runner.py:88} INFO - Job 148: Subtask LoadAndSetdimdate
[2025-08-05T19:29:38.037+0000] {task_command.py:423} INFO - Running <TaskInstance: Ejercicio1.LoadAndSetdimdate manual__2025-08-05T19:29:16.721170+00:00 [running]> on host 019b67754667
[2025-08-05T19:29:41.308+0000] {taskinstance.py:2480} INFO - Exporting env vars: AIRFLOW_CTX_DAG_OWNER='***' AIRFLOW_CTX_DAG_ID='Ejercicio1' AIRFLOW_CTX_TASK_ID='LoadAndSetdimdate' AIRFLOW_CTX_EXECUTION_DATE='2025-08-05T19:29:16.721170+00:00' AIRFLOW_CTX_TRY_NUMBER='1' AIRFLOW_CTX_DAG_RUN_ID='manual__2025-08-05T19:29:16.721170+00:00'
[2025-08-05T19:29:42.027+0000] {logging_mixin.py:188} INFO -      dateid        date  Year  Quarter  ... Monthname  Day Weekday  WeekdayName
0         1  2019-03-09  2019        1  ...     March    9       7       Sunday
1         2  2019-03-10  2019        1  ...     March   10       1       Monday
2         3  2019-03-11  2019        1  ...     March   11       2      Tuesday
3         4  2019-03-12  2019        1  ...     March   12       3    Wednesday
4         5  2019-03-13  2019        1  ...     March   13       4     Thursday
..      ...         ...   ...      ...  ...       ...  ...     ...          ...
345     346  2020-02-17  2020        1  ...  February   17       2      Tuesday
346     347  2020-02-18  2020        1  ...  February   18       3    Wednesday
347     348  2020-02-19  2020        1  ...  February   19       4     Thursday
348     349  2020-02-20  2020        1  ...  February   20       5       Friday
349     350  2020-02-21  2020        1  ...  February   21       6     Saturday

[350 rows x 10 columns]
[2025-08-05T19:29:42.030+0000] {logging_mixin.py:188} INFO - 
 ---------------SE ENCONTRAROS DATOS PARA LA CARGA INICIAL | ULTIMO ID DE LA TABLA:350-----------------
[2025-08-05T19:29:43.992+0000] {_client.py:1038} INFO - HTTP Request: POST https://qwpzsjaaxuijmqodvslf.supabase.co/rest/v1/dimdate?columns=%22Quarter%22%2C%22dateid%22%2C%22WeekdayName%22%2C%22Weekday%22%2C%22Monthname%22%2C%22Month%22%2C%22QuarterName%22%2C%22Day%22%2C%22date%22%2C%22Year%22 "HTTP/2 400 Bad Request"
[2025-08-05T19:29:44.000+0000] {logging_mixin.py:188} INFO - Error insertando en dimdate: {'code': 'PGRST204', 'details': None, 'hint': None, 'message': "Could not find the 'Day' column of 'dimdate' in the schema cache"}
[2025-08-05T19:29:44.256+0000] {_client.py:1038} INFO - HTTP Request: POST https://qwpzsjaaxuijmqodvslf.supabase.co/rest/v1/dimdate?columns=%22Quarter%22%2C%22dateid%22%2C%22WeekdayName%22%2C%22Weekday%22%2C%22Monthname%22%2C%22Month%22%2C%22QuarterName%22%2C%22Day%22%2C%22date%22%2C%22Year%22 "HTTP/2 400 Bad Request"
[2025-08-05T19:29:44.262+0000] {logging_mixin.py:188} INFO - Error insertando en dimdate: {'code': 'PGRST204', 'details': None, 'hint': None, 'message': "Could not find the 'Day' column of 'dimdate' in the schema cache"}
[2025-08-05T19:29:44.511+0000] {_client.py:1038} INFO - HTTP Request: POST https://qwpzsjaaxuijmqodvslf.supabase.co/rest/v1/dimdate?columns=%22Quarter%22%2C%22dateid%22%2C%22WeekdayName%22%2C%22Weekday%22%2C%22Monthname%22%2C%22Month%22%2C%22QuarterName%22%2C%22Day%22%2C%22date%22%2C%22Year%22 "HTTP/2 400 Bad Request"
[2025-08-05T19:29:44.515+0000] {logging_mixin.py:188} INFO - Error insertando en dimdate: {'code': 'PGRST204', 'details': None, 'hint': None, 'message': "Could not find the 'Day' column of 'dimdate' in the schema cache"}
[2025-08-05T19:29:44.773+0000] {_client.py:1038} INFO - HTTP Request: POST https://qwpzsjaaxuijmqodvslf.supabase.co/rest/v1/dimdate?columns=%22Quarter%22%2C%22dateid%22%2C%22WeekdayName%22%2C%22Weekday%22%2C%22Monthname%22%2C%22Month%22%2C%22QuarterName%22%2C%22Day%22%2C%22date%22%2C%22Year%22 "HTTP/2 400 Bad Request"
[2025-08-05T19:29:44.777+0000] {logging_mixin.py:188} INFO - Error insertando en dimdate: {'code': 'PGRST204', 'details': None, 'hint': None, 'message': "Could not find the 'Day' column of 'dimdate' in the schema cache"}
[2025-08-05T19:29:45.323+0000] {_client.py:1038} INFO - HTTP Request: POST https://qwpzsjaaxuijmqodvslf.supabase.co/rest/v1/dimdate?columns=%22Quarter%22%2C%22dateid%22%2C%22WeekdayName%22%2C%22Weekday%22%2C%22Monthname%22%2C%22Month%22%2C%22QuarterName%22%2C%22Day%22%2C%22date%22%2C%22Year%22 "HTTP/2 400 Bad Request"
[2025-08-05T19:29:45.327+0000] {logging_mixin.py:188} INFO - Error insertando en dimdate: {'code': 'PGRST204', 'details': None, 'hint': None, 'message': "Could not find the 'Day' column of 'dimdate' in the schema cache"}
[2025-08-05T19:29:45.583+0000] {_client.py:1038} INFO - HTTP Request: POST https://qwpzsjaaxuijmqodvslf.supabase.co/rest/v1/dimdate?columns=%22Quarter%22%2C%22dateid%22%2C%22WeekdayName%22%2C%22Weekday%22%2C%22Monthname%22%2C%22Month%22%2C%22QuarterName%22%2C%22Day%22%2C%22date%22%2C%22Year%22 "HTTP/2 400 Bad Request"
[2025-08-05T19:29:45.585+0000] {logging_mixin.py:188} INFO - Error insertando en dimdate: {'code': 'PGRST204', 'details': None, 'hint': None, 'message': "Could not find the 'Day' column of 'dimdate' in the schema cache"}
[2025-08-05T19:29:45.817+0000] {_client.py:1038} INFO - HTTP Request: POST https://qwpzsjaaxuijmqodvslf.supabase.co/rest/v1/dimdate?columns=%22Quarter%22%2C%22dateid%22%2C%22WeekdayName%22%2C%22Weekday%22%2C%22Monthname%22%2C%22Month%22%2C%22QuarterName%22%2C%22Day%22%2C%22date%22%2C%22Year%22 "HTTP/2 400 Bad Request"
[2025-08-05T19:29:45.820+0000] {logging_mixin.py:188} INFO - Error insertando en dimdate: {'code': 'PGRST204', 'details': None, 'hint': None, 'message': "Could not find the 'Day' column of 'dimdate' in the schema cache"}
[2025-08-05T19:29:46.054+0000] {_client.py:1038} INFO - HTTP Request: POST https://qwpzsjaaxuijmqodvslf.supabase.co/rest/v1/dimdate?columns=%22Quarter%22%2C%22dateid%22%2C%22WeekdayName%22%2C%22Weekday%22%2C%22Monthname%22%2C%22Month%22%2C%22QuarterName%22%2C%22Day%22%2C%22date%22%2C%22Year%22 "HTTP/2 400 Bad Request"
[2025-08-05T19:29:46.056+0000] {logging_mixin.py:188} INFO - Error insertando en dimdate: {'code': 'PGRST204', 'details': None, 'hint': None, 'message': "Could not find the 'Day' column of 'dimdate' in the schema cache"}
[2025-08-05T19:29:46.278+0000] {_client.py:1038} INFO - HTTP Request: POST https://qwpzsjaaxuijmqodvslf.supabase.co/rest/v1/dimdate?columns=%22Quarter%22%2C%22dateid%22%2C%22WeekdayName%22%2C%22Weekday%22%2C%22Monthname%22%2C%22Month%22%2C%22QuarterName%22%2C%22Day%22%2C%22date%22%2C%22Year%22 "HTTP/2 400 Bad Request"
[2025-08-05T19:29:46.280+0000] {logging_mixin.py:188} INFO - Error insertando en dimdate: {'code': 'PGRST204', 'details': None, 'hint': None, 'message': "Could not find the 'Day' column of 'dimdate' in the schema cache"}
[2025-08-05T19:29:46.513+0000] {_client.py:1038} INFO - HTTP Request: POST https://qwpzsjaaxuijmqodvslf.supabase.co/rest/v1/dimdate?columns=%22Quarter%22%2C%22dateid%22%2C%22WeekdayName%22%2C%22Weekday%22%2C%22Monthname%22%2C%22Month%22%2C%22QuarterName%22%2C%22Day%22%2C%22date%22%2C%22Year%22 "HTTP/2 400 Bad Request"
[2025-08-05T19:29:46.515+0000] {logging_mixin.py:188} INFO - Error insertando en dimdate: {'code': 'PGRST204', 'details': None, 'hint': None, 'message': "Could not find the 'Day' column of 'dimdate' in the schema cache"}
[2025-08-05T19:29:46.739+0000] {_client.py:1038} INFO - HTTP Request: POST https://qwpzsjaaxuijmqodvslf.supabase.co/rest/v1/dimdate?columns=%22Quarter%22%2C%22dateid%22%2C%22WeekdayName%22%2C%22Weekday%22%2C%22Monthname%22%2C%22Month%22%2C%22QuarterName%22%2C%22Day%22%2C%22date%22%2C%22Year%22 "HTTP/2 400 Bad Request"
[2025-08-05T19:29:46.741+0000] {logging_mixin.py:188} INFO - Error insertando en dimdate: {'code': 'PGRST204', 'details': None, 'hint': None, 'message': "Could not find the 'Day' column of 'dimdate' in the schema cache"}
[2025-08-05T19:29:47.004+0000] {_client.py:1038} INFO - HTTP Request: POST https://qwpzsjaaxuijmqodvslf.supabase.co/rest/v1/dimdate?columns=%22Quarter%22%2C%22dateid%22%2C%22WeekdayName%22%2C%22Weekday%22%2C%22Monthname%22%2C%22Month%22%2C%22QuarterName%22%2C%22Day%22%2C%22date%22%2C%22Year%22 "HTTP/2 400 Bad Request"
[2025-08-05T19:29:47.007+0000] {logging_mixin.py:188} INFO - Error insertando en dimdate: {'code': 'PGRST204', 'details': None, 'hint': None, 'message': "Could not find the 'Day' column of 'dimdate' in the schema cache"}
[2025-08-05T19:29:47.238+0000] {_client.py:1038} INFO - HTTP Request: POST https://qwpzsjaaxuijmqodvslf.supabase.co/rest/v1/dimdate?columns=%22Quarter%22%2C%22dateid%22%2C%22WeekdayName%22%2C%22Weekday%22%2C%22Monthname%22%2C%22Month%22%2C%22QuarterName%22%2C%22Day%22%2C%22date%22%2C%22Year%22 "HTTP/2 400 Bad Request"
[2025-08-05T19:29:47.241+0000] {logging_mixin.py:188} INFO - Error insertando en dimdate: {'code': 'PGRST204', 'details': None, 'hint': None, 'message': "Could not find the 'Day' column of 'dimdate' in the schema cache"}
[2025-08-05T19:29:47.474+0000] {_client.py:1038} INFO - HTTP Request: POST https://qwpzsjaaxuijmqodvslf.supabase.co/rest/v1/dimdate?columns=%22Quarter%22%2C%22dateid%22%2C%22WeekdayName%22%2C%22Weekday%22%2C%22Monthname%22%2C%22Month%22%2C%22QuarterName%22%2C%22Day%22%2C%22date%22%2C%22Year%22 "HTTP/2 400 Bad Request"
[2025-08-05T19:29:47.476+0000] {logging_mixin.py:188} INFO - Error insertando en dimdate: {'code': 'PGRST204', 'details': None, 'hint': None, 'message': "Could not find the 'Day' column of 'dimdate' in the schema cache"}
[2025-08-05T19:29:47.718+0000] {_client.py:1038} INFO - HTTP Request: POST https://qwpzsjaaxuijmqodvslf.supabase.co/rest/v1/dimdate?columns=%22Quarter%22%2C%22dateid%22%2C%22WeekdayName%22%2C%22Weekday%22%2C%22Monthname%22%2C%22Month%22%2C%22QuarterName%22%2C%22Day%22%2C%22date%22%2C%22Year%22 "HTTP/2 400 Bad Request"
[2025-08-05T19:29:47.720+0000] {logging_mixin.py:188} INFO - Error insertando en dimdate: {'code': 'PGRST204', 'details': None, 'hint': None, 'message': "Could not find the 'Day' column of 'dimdate' in the schema cache"}
[2025-08-05T19:29:47.959+0000] {_client.py:1038} INFO - HTTP Request: POST https://qwpzsjaaxuijmqodvslf.supabase.co/rest/v1/dimdate?columns=%22Quarter%22%2C%22dateid%22%2C%22WeekdayName%22%2C%22Weekday%22%2C%22Monthname%22%2C%22Month%22%2C%22QuarterName%22%2C%22Day%22%2C%22date%22%2C%22Year%22 "HTTP/2 400 Bad Request"
[2025-08-05T19:29:47.963+0000] {logging_mixin.py:188} INFO - Error insertando en dimdate: {'code': 'PGRST204', 'details': None, 'hint': None, 'message': "Could not find the 'Day' column of 'dimdate' in the schema cache"}
[2025-08-05T19:29:48.232+0000] {_client.py:1038} INFO - HTTP Request: POST https://qwpzsjaaxuijmqodvslf.supabase.co/rest/v1/dimdate?columns=%22Quarter%22%2C%22dateid%22%2C%22WeekdayName%22%2C%22Weekday%22%2C%22Monthname%22%2C%22Month%22%2C%22QuarterName%22%2C%22Day%22%2C%22date%22%2C%22Year%22 "HTTP/2 400 Bad Request"
[2025-08-05T19:29:48.240+0000] {logging_mixin.py:188} INFO - Error insertando en dimdate: {'code': 'PGRST204', 'details': None, 'hint': None, 'message': "Could not find the 'Day' column of 'dimdate' in the schema cache"}
[2025-08-05T19:29:48.510+0000] {_client.py:1038} INFO - HTTP Request: POST https://qwpzsjaaxuijmqodvslf.supabase.co/rest/v1/dimdate?columns=%22Quarter%22%2C%22dateid%22%2C%22WeekdayName%22%2C%22Weekday%22%2C%22Monthname%22%2C%22Month%22%2C%22QuarterName%22%2C%22Day%22%2C%22date%22%2C%22Year%22 "HTTP/2 400 Bad Request"
[2025-08-05T19:29:48.515+0000] {logging_mixin.py:188} INFO - Error insertando en dimdate: {'code': 'PGRST204', 'details': None, 'hint': None, 'message': "Could not find the 'Day' column of 'dimdate' in the schema cache"}
[2025-08-05T19:29:48.739+0000] {_client.py:1038} INFO - HTTP Request: POST https://qwpzsjaaxuijmqodvslf.supabase.co/rest/v1/dimdate?columns=%22Quarter%22%2C%22dateid%22%2C%22WeekdayName%22%2C%22Weekday%22%2C%22Monthname%22%2C%22Month%22%2C%22QuarterName%22%2C%22Day%22%2C%22date%22%2C%22Year%22 "HTTP/2 400 Bad Request"
[2025-08-05T19:29:48.741+0000] {logging_mixin.py:188} INFO - Error insertando en dimdate: {'code': 'PGRST204', 'details': None, 'hint': None, 'message': "Could not find the 'Day' column of 'dimdate' in the schema cache"}
[2025-08-05T19:29:48.997+0000] {_client.py:1038} INFO - HTTP Request: POST https://qwpzsjaaxuijmqodvslf.supabase.co/rest/v1/dimdate?columns=%22Quarter%22%2C%22dateid%22%2C%22WeekdayName%22%2C%22Weekday%22%2C%22Monthname%22%2C%22Month%22%2C%22QuarterName%22%2C%22Day%22%2C%22date%22%2C%22Year%22 "HTTP/2 400 Bad Request"
[2025-08-05T19:29:48.999+0000] {logging_mixin.py:188} INFO - Error insertando en dimdate: {'code': 'PGRST204', 'details': None, 'hint': None, 'message': "Could not find the 'Day' column of 'dimdate' in the schema cache"}
[2025-08-05T19:29:49.220+0000] {_client.py:1038} INFO - HTTP Request: POST https://qwpzsjaaxuijmqodvslf.supabase.co/rest/v1/dimdate?columns=%22Quarter%22%2C%22dateid%22%2C%22WeekdayName%22%2C%22Weekday%22%2C%22Monthname%22%2C%22Month%22%2C%22QuarterName%22%2C%22Day%22%2C%22date%22%2C%22Year%22 "HTTP/2 400 Bad Request"
[2025-08-05T19:29:49.223+0000] {logging_mixin.py:188} INFO - Error insertando en dimdate: {'code': 'PGRST204', 'details': None, 'hint': None, 'message': "Could not find the 'Day' column of 'dimdate' in the schema cache"}
[2025-08-05T19:29:48.576+0000] {_client.py:1038} INFO - HTTP Request: POST https://qwpzsjaaxuijmqodvslf.supabase.co/rest/v1/dimdate?columns=%22Quarter%22%2C%22dateid%22%2C%22WeekdayName%22%2C%22Weekday%22%2C%22Monthname%22%2C%22Month%22%2C%22QuarterName%22%2C%22Day%22%2C%22date%22%2C%22Year%22 "HTTP/2 400 Bad Request"
[2025-08-05T19:29:48.580+0000] {logging_mixin.py:188} INFO - Error insertando en dimdate: {'code': 'PGRST204', 'details': None, 'hint': None, 'message': "Could not find the 'Day' column of 'dimdate' in the schema cache"}
[2025-08-05T19:29:48.797+0000] {_client.py:1038} INFO - HTTP Request: POST https://qwpzsjaaxuijmqodvslf.supabase.co/rest/v1/dimdate?columns=%22Quarter%22%2C%22dateid%22%2C%22WeekdayName%22%2C%22Weekday%22%2C%22Monthname%22%2C%22Month%22%2C%22QuarterName%22%2C%22Day%22%2C%22date%22%2C%22Year%22 "HTTP/2 400 Bad Request"
[2025-08-05T19:29:48.800+0000] {logging_mixin.py:188} INFO - Error insertando en dimdate: {'code': 'PGRST204', 'details': None, 'hint': None, 'message': "Could not find the 'Day' column of 'dimdate' in the schema cache"}
[2025-08-05T19:29:49.022+0000] {_client.py:1038} INFO - HTTP Request: POST https://qwpzsjaaxuijmqodvslf.supabase.co/rest/v1/dimdate?columns=%22Quarter%22%2C%22dateid%22%2C%22WeekdayName%22%2C%22Weekday%22%2C%22Monthname%22%2C%22Month%22%2C%22QuarterName%22%2C%22Day%22%2C%22date%22%2C%22Year%22 "HTTP/2 400 Bad Request"
[2025-08-05T19:29:49.025+0000] {logging_mixin.py:188} INFO - Error insertando en dimdate: {'code': 'PGRST204', 'details': None, 'hint': None, 'message': "Could not find the 'Day' column of 'dimdate' in the schema cache"}
[2025-08-05T19:29:49.245+0000] {_client.py:1038} INFO - HTTP Request: POST https://qwpzsjaaxuijmqodvslf.supabase.co/rest/v1/dimdate?columns=%22Quarter%22%2C%22dateid%22%2C%22WeekdayName%22%2C%22Weekday%22%2C%22Monthname%22%2C%22Month%22%2C%22QuarterName%22%2C%22Day%22%2C%22date%22%2C%22Year%22 "HTTP/2 400 Bad Request"
[2025-08-05T19:29:49.248+0000] {logging_mixin.py:188} INFO - Error insertando en dimdate: {'code': 'PGRST204', 'details': None, 'hint': None, 'message': "Could not find the 'Day' column of 'dimdate' in the schema cache"}
[2025-08-05T19:29:49.475+0000] {_client.py:1038} INFO - HTTP Request: POST https://qwpzsjaaxuijmqodvslf.supabase.co/rest/v1/dimdate?columns=%22Quarter%22%2C%22dateid%22%2C%22WeekdayName%22%2C%22Weekday%22%2C%22Monthname%22%2C%22Month%22%2C%22QuarterName%22%2C%22Day%22%2C%22date%22%2C%22Year%22 "HTTP/2 400 Bad Request"
[2025-08-05T19:29:49.479+0000] {logging_mixin.py:188} INFO - Error insertando en dimdate: {'code': 'PGRST204', 'details': None, 'hint': None, 'message': "Could not find the 'Day' column of 'dimdate' in the schema cache"}
[2025-08-05T19:29:49.717+0000] {_client.py:1038} INFO - HTTP Request: POST https://qwpzsjaaxuijmqodvslf.supabase.co/rest/v1/dimdate?columns=%22Quarter%22%2C%22dateid%22%2C%22WeekdayName%22%2C%22Weekday%22%2C%22Monthname%22%2C%22Month%22%2C%22QuarterName%22%2C%22Day%22%2C%22date%22%2C%22Year%22 "HTTP/2 400 Bad Request"
[2025-08-05T19:29:49.719+0000] {logging_mixin.py:188} INFO - Error insertando en dimdate: {'code': 'PGRST204', 'details': None, 'hint': None, 'message': "Could not find the 'Day' column of 'dimdate' in the schema cache"}
[2025-08-05T19:29:49.954+0000] {_client.py:1038} INFO - HTTP Request: POST https://qwpzsjaaxuijmqodvslf.supabase.co/rest/v1/dimdate?columns=%22Quarter%22%2C%22dateid%22%2C%22WeekdayName%22%2C%22Weekday%22%2C%22Monthname%22%2C%22Month%22%2C%22QuarterName%22%2C%22Day%22%2C%22date%22%2C%22Year%22 "HTTP/2 400 Bad Request"
[2025-08-05T19:29:49.960+0000] {logging_mixin.py:188} INFO - Error insertando en dimdate: {'code': 'PGRST204', 'details': None, 'hint': None, 'message': "Could not find the 'Day' column of 'dimdate' in the schema cache"}
[2025-08-05T19:29:50.185+0000] {_client.py:1038} INFO - HTTP Request: POST https://qwpzsjaaxuijmqodvslf.supabase.co/rest/v1/dimdate?columns=%22Quarter%22%2C%22dateid%22%2C%22WeekdayName%22%2C%22Weekday%22%2C%22Monthname%22%2C%22Month%22%2C%22QuarterName%22%2C%22Day%22%2C%22date%22%2C%22Year%22 "HTTP/2 400 Bad Request"
[2025-08-05T19:29:50.188+0000] {logging_mixin.py:188} INFO - Error insertando en dimdate: {'code': 'PGRST204', 'details': None, 'hint': None, 'message': "Could not find the 'Day' column of 'dimdate' in the schema cache"}
[2025-08-05T19:29:50.408+0000] {_client.py:1038} INFO - HTTP Request: POST https://qwpzsjaaxuijmqodvslf.supabase.co/rest/v1/dimdate?columns=%22Quarter%22%2C%22dateid%22%2C%22WeekdayName%22%2C%22Weekday%22%2C%22Monthname%22%2C%22Month%22%2C%22QuarterName%22%2C%22Day%22%2C%22date%22%2C%22Year%22 "HTTP/2 400 Bad Request"
[2025-08-05T19:29:50.412+0000] {logging_mixin.py:188} INFO - Error insertando en dimdate: {'code': 'PGRST204', 'details': None, 'hint': None, 'message': "Could not find the 'Day' column of 'dimdate' in the schema cache"}
[2025-08-05T19:29:50.665+0000] {_client.py:1038} INFO - HTTP Request: POST https://qwpzsjaaxuijmqodvslf.supabase.co/rest/v1/dimdate?columns=%22Quarter%22%2C%22dateid%22%2C%22WeekdayName%22%2C%22Weekday%22%2C%22Monthname%22%2C%22Month%22%2C%22QuarterName%22%2C%22Day%22%2C%22date%22%2C%22Year%22 "HTTP/2 400 Bad Request"
[2025-08-05T19:29:50.669+0000] {logging_mixin.py:188} INFO - Error insertando en dimdate: {'code': 'PGRST204', 'details': None, 'hint': None, 'message': "Could not find the 'Day' column of 'dimdate' in the schema cache"}
[2025-08-05T19:29:50.914+0000] {_client.py:1038} INFO - HTTP Request: POST https://qwpzsjaaxuijmqodvslf.supabase.co/rest/v1/dimdate?columns=%22Quarter%22%2C%22dateid%22%2C%22WeekdayName%22%2C%22Weekday%22%2C%22Monthname%22%2C%22Month%22%2C%22QuarterName%22%2C%22Day%22%2C%22date%22%2C%22Year%22 "HTTP/2 400 Bad Request"
[2025-08-05T19:29:50.917+0000] {logging_mixin.py:188} INFO - Error insertando en dimdate: {'code': 'PGRST204', 'details': None, 'hint': None, 'message': "Could not find the 'Day' column of 'dimdate' in the schema cache"}
[2025-08-05T19:29:51.139+0000] {_client.py:1038} INFO - HTTP Request: POST https://qwpzsjaaxuijmqodvslf.supabase.co/rest/v1/dimdate?columns=%22Quarter%22%2C%22dateid%22%2C%22WeekdayName%22%2C%22Weekday%22%2C%22Monthname%22%2C%22Month%22%2C%22QuarterName%22%2C%22Day%22%2C%22date%22%2C%22Year%22 "HTTP/2 400 Bad Request"
[2025-08-05T19:29:51.141+0000] {logging_mixin.py:188} INFO - Error insertando en dimdate: {'code': 'PGRST204', 'details': None, 'hint': None, 'message': "Could not find the 'Day' column of 'dimdate' in the schema cache"}
[2025-08-05T19:29:51.371+0000] {_client.py:1038} INFO - HTTP Request: POST https://qwpzsjaaxuijmqodvslf.supabase.co/rest/v1/dimdate?columns=%22Quarter%22%2C%22dateid%22%2C%22WeekdayName%22%2C%22Weekday%22%2C%22Monthname%22%2C%22Month%22%2C%22QuarterName%22%2C%22Day%22%2C%22date%22%2C%22Year%22 "HTTP/2 400 Bad Request"
[2025-08-05T19:29:51.375+0000] {logging_mixin.py:188} INFO - Error insertando en dimdate: {'code': 'PGRST204', 'details': None, 'hint': None, 'message': "Could not find the 'Day' column of 'dimdate' in the schema cache"}
[2025-08-05T19:29:51.626+0000] {_client.py:1038} INFO - HTTP Request: POST https://qwpzsjaaxuijmqodvslf.supabase.co/rest/v1/dimdate?columns=%22Quarter%22%2C%22dateid%22%2C%22WeekdayName%22%2C%22Weekday%22%2C%22Monthname%22%2C%22Month%22%2C%22QuarterName%22%2C%22Day%22%2C%22date%22%2C%22Year%22 "HTTP/2 400 Bad Request"
[2025-08-05T19:29:51.628+0000] {logging_mixin.py:188} INFO - Error insertando en dimdate: {'code': 'PGRST204', 'details': None, 'hint': None, 'message': "Could not find the 'Day' column of 'dimdate' in the schema cache"}
[2025-08-05T19:29:52.102+0000] {_client.py:1038} INFO - HTTP Request: PATCH https://qwpzsjaaxuijmqodvslf.supabase.co/rest/v1/StgLogs?table_name=eq.dimdate "HTTP/2 200 OK"
[2025-08-05T19:29:52.133+0000] {python.py:201} INFO - Done. Returned value was: None
[2025-08-05T19:29:52.177+0000] {taskinstance.py:1138} INFO - Marking task as SUCCESS. dag_id=Ejercicio1, task_id=LoadAndSetdimdate, execution_date=20250805T192916, start_date=20250805T192934, end_date=20250805T192952
[2025-08-05T19:29:52.303+0000] {local_task_job_runner.py:234} INFO - Task exited with return code 0
[2025-08-05T19:29:52.368+0000] {taskinstance.py:3280} INFO - 0 downstream tasks scheduled from follow-on schedule check
