[2025-08-05T23:30:17.175+0000] {taskinstance.py:1956} INFO - Dependencies all met for dep_context=non-requeueable deps ti=<TaskInstance: Ejercicio1.Inicio manual__2025-08-05T23:30:10.642566+00:00 [queued]>
[2025-08-05T23:30:17.198+0000] {taskinstance.py:1956} INFO - Dependencies all met for dep_context=requeueable deps ti=<TaskInstance: Ejercicio1.Inicio manual__2025-08-05T23:30:10.642566+00:00 [queued]>
[2025-08-05T23:30:17.200+0000] {taskinstance.py:2170} INFO - Starting attempt 1 of 2
[2025-08-05T23:30:17.236+0000] {taskinstance.py:2191} INFO - Executing <Task(BranchPythonOperator): Inicio> on 2025-08-05 23:30:10.642566+00:00
[2025-08-05T23:30:17.253+0000] {standard_task_runner.py:60} INFO - Started process 3381 to run task
[2025-08-05T23:30:17.262+0000] {standard_task_runner.py:87} INFO - Running: ['***', 'tasks', 'run', 'Ejercicio1', 'Inicio', 'manual__2025-08-05T23:30:10.642566+00:00', '--job-id', '235', '--raw', '--subdir', 'DAGS_FOLDER/ejercicio1.py', '--cfg-path', '/tmp/tmp49qz28eu']
[2025-08-05T23:30:17.270+0000] {standard_task_runner.py:88} INFO - Job 235: Subtask Inicio
[2025-08-05T23:30:17.462+0000] {task_command.py:423} INFO - Running <TaskInstance: Ejercicio1.Inicio manual__2025-08-05T23:30:10.642566+00:00 [running]> on host 019b67754667
[2025-08-05T23:30:17.818+0000] {taskinstance.py:2480} INFO - Exporting env vars: AIRFLOW_CTX_DAG_OWNER='***' AIRFLOW_CTX_DAG_ID='Ejercicio1' AIRFLOW_CTX_TASK_ID='Inicio' AIRFLOW_CTX_EXECUTION_DATE='2025-08-05T23:30:10.642566+00:00' AIRFLOW_CTX_TRY_NUMBER='1' AIRFLOW_CTX_DAG_RUN_ID='manual__2025-08-05T23:30:10.642566+00:00'
[2025-08-05T23:30:17.842+0000] {logging_mixin.py:188} INFO - -------------------------TABLES------------------
[2025-08-05T23:30:17.845+0000] {logging_mixin.py:188} INFO - --dimdate---
[2025-08-05T23:30:17.847+0000] {logging_mixin.py:188} INFO - --dimproduct---
[2025-08-05T23:30:17.849+0000] {logging_mixin.py:188} INFO - --dimcustomersegment---
[2025-08-05T23:30:17.850+0000] {logging_mixin.py:188} INFO - --factsales---
[2025-08-05T23:30:17.852+0000] {logging_mixin.py:188} INFO - TABLAS PRECARGADAS
[2025-08-05T23:30:17.854+0000] {python.py:201} INFO - Done. Returned value was: CargaIncremental
[2025-08-05T23:30:17.856+0000] {branch.py:35} INFO - Branch into CargaIncremental
[2025-08-05T23:30:17.859+0000] {skipmixin.py:178} INFO - Following branch CargaIncremental
[2025-08-05T23:30:17.933+0000] {skipmixin.py:244} INFO - Skipping tasks [('CargaInicial', -1)]
[2025-08-05T23:30:18.068+0000] {taskinstance.py:1138} INFO - Marking task as SUCCESS. dag_id=Ejercicio1, task_id=Inicio, execution_date=20250805T233010, start_date=20250805T233017, end_date=20250805T233018
[2025-08-05T23:30:18.140+0000] {local_task_job_runner.py:234} INFO - Task exited with return code 0
[2025-08-05T23:30:18.243+0000] {taskinstance.py:3280} INFO - 1 downstream tasks scheduled from follow-on schedule check
