[2025-08-07T01:25:22.447+0000] {taskinstance.py:1956} INFO - Dependencies all met for dep_context=non-requeueable deps ti=<TaskInstance: Ejercicio2.Inicio manual__2025-08-07T01:25:13.163799+00:00 [queued]>
[2025-08-07T01:25:22.483+0000] {taskinstance.py:1956} INFO - Dependencies all met for dep_context=requeueable deps ti=<TaskInstance: Ejercicio2.Inicio manual__2025-08-07T01:25:13.163799+00:00 [queued]>
[2025-08-07T01:25:22.485+0000] {taskinstance.py:2170} INFO - Starting attempt 1 of 2
[2025-08-07T01:25:22.551+0000] {taskinstance.py:2191} INFO - Executing <Task(BranchPythonOperator): Inicio> on 2025-08-07 01:25:13.163799+00:00
[2025-08-07T01:25:22.579+0000] {standard_task_runner.py:60} INFO - Started process 5765 to run task
[2025-08-07T01:25:22.587+0000] {standard_task_runner.py:87} INFO - Running: ['***', 'tasks', 'run', 'Ejercicio2', 'Inicio', 'manual__2025-08-07T01:25:13.163799+00:00', '--job-id', '309', '--raw', '--subdir', 'DAGS_FOLDER/ejercicio2.py', '--cfg-path', '/tmp/tmpoqmjis7x']
[2025-08-07T01:25:22.600+0000] {standard_task_runner.py:88} INFO - Job 309: Subtask Inicio
[2025-08-07T01:25:22.887+0000] {task_command.py:423} INFO - Running <TaskInstance: Ejercicio2.Inicio manual__2025-08-07T01:25:13.163799+00:00 [running]> on host 019b67754667
[2025-08-07T01:25:23.154+0000] {taskinstance.py:2480} INFO - Exporting env vars: AIRFLOW_CTX_DAG_OWNER='***' AIRFLOW_CTX_DAG_ID='Ejercicio2' AIRFLOW_CTX_TASK_ID='Inicio' AIRFLOW_CTX_EXECUTION_DATE='2025-08-07T01:25:13.163799+00:00' AIRFLOW_CTX_TRY_NUMBER='1' AIRFLOW_CTX_DAG_RUN_ID='manual__2025-08-07T01:25:13.163799+00:00'
[2025-08-07T01:25:24.198+0000] {_client.py:1038} INFO - HTTP Request: GET https://qwpzsjaaxuijmqodvslf.supabase.co/rest/v1/cotizaciones?select=%2A "HTTP/2 200 OK"
[2025-08-07T01:25:24.229+0000] {logging_mixin.py:188} INFO - 
 ----------------------
data=[] count=None
[2025-08-07T01:25:24.230+0000] {python.py:201} INFO - Done. Returned value was: cargainicial
[2025-08-07T01:25:24.231+0000] {branch.py:35} INFO - Branch into cargainicial
[2025-08-07T01:25:24.233+0000] {skipmixin.py:178} INFO - Following branch cargainicial
[2025-08-07T01:25:24.259+0000] {skipmixin.py:244} INFO - Skipping tasks []
[2025-08-07T01:25:24.369+0000] {taskinstance.py:1138} INFO - Marking task as SUCCESS. dag_id=Ejercicio2, task_id=Inicio, execution_date=20250807T012513, start_date=20250807T012522, end_date=20250807T012524
[2025-08-07T01:25:24.477+0000] {local_task_job_runner.py:234} INFO - Task exited with return code 0
[2025-08-07T01:25:24.660+0000] {taskinstance.py:3280} INFO - 0 downstream tasks scheduled from follow-on schedule check
