[2025-08-05T19:12:19.699+0000] {taskinstance.py:1956} INFO - Dependencies all met for dep_context=non-requeueable deps ti=<TaskInstance: Ejercicio1.LoadAndSetdimdate manual__2025-08-05T19:11:50.986885+00:00 [queued]>
[2025-08-05T19:12:19.771+0000] {taskinstance.py:1956} INFO - Dependencies all met for dep_context=requeueable deps ti=<TaskInstance: Ejercicio1.LoadAndSetdimdate manual__2025-08-05T19:11:50.986885+00:00 [queued]>
[2025-08-05T19:12:19.815+0000] {taskinstance.py:2170} INFO - Starting attempt 1 of 2
[2025-08-05T19:12:20.641+0000] {taskinstance.py:2191} INFO - Executing <Task(PythonOperator): LoadAndSetdimdate> on 2025-08-05 19:11:50.986885+00:00
[2025-08-05T19:12:20.703+0000] {standard_task_runner.py:60} INFO - Started process 820 to run task
[2025-08-05T19:12:20.711+0000] {standard_task_runner.py:87} INFO - Running: ['***', 'tasks', 'run', 'Ejercicio1', 'LoadAndSetdimdate', 'manual__2025-08-05T19:11:50.986885+00:00', '--job-id', '114', '--raw', '--subdir', 'DAGS_FOLDER/ejercicio1.py', '--cfg-path', '/tmp/tmp60_xglgx']
[2025-08-05T19:12:20.718+0000] {standard_task_runner.py:88} INFO - Job 114: Subtask LoadAndSetdimdate
[2025-08-05T19:12:21.716+0000] {task_command.py:423} INFO - Running <TaskInstance: Ejercicio1.LoadAndSetdimdate manual__2025-08-05T19:11:50.986885+00:00 [running]> on host 019b67754667
[2025-08-05T19:12:22.990+0000] {taskinstance.py:2480} INFO - Exporting env vars: AIRFLOW_CTX_DAG_OWNER='***' AIRFLOW_CTX_DAG_ID='Ejercicio1' AIRFLOW_CTX_TASK_ID='LoadAndSetdimdate' AIRFLOW_CTX_EXECUTION_DATE='2025-08-05T19:11:50.986885+00:00' AIRFLOW_CTX_TRY_NUMBER='1' AIRFLOW_CTX_DAG_RUN_ID='manual__2025-08-05T19:11:50.986885+00:00'
[2025-08-05T19:12:23.478+0000] {logging_mixin.py:188} INFO -      dateid        date  Year  Quarter  ... Monthname  Day Weekday  WeekdayName
0         1  2019-03-09  2019        1  ...     March    9       7       Sunday
1         2  2019-03-10  2019        1  ...     March   10       1       Monday
2         3  2019-03-11  2019        1  ...     March   11       2      Tuesday
3         4  2019-03-12  2019        1  ...     March   12       3    Wednesday
4         5  2019-03-13  2019        1  ...     March   13       4     Thursday
..      ...         ...   ...      ...  ...       ...  ...     ...          ...
345     346  2020-02-17  2020        1  ...  February   17       2      Tuesday
346     347  2020-02-18  2020        1  ...  February   18       3    Wednesday
347     348  2020-02-19  2020        1  ...  February   19       4     Thursday
348     349  2020-02-20  2020        1  ...  February   20       5       Friday
349     350  2020-02-21  2020        1  ...  February   21       6     Saturday

[350 rows x 10 columns]
[2025-08-05T19:12:23.482+0000] {logging_mixin.py:188} INFO - 
 ---------------SE ENCONTRAROS DATOS PARA LA CARGA INICIAL | ULTIMO ID DE LA TABLA:350-----------------
[2025-08-05T19:12:25.240+0000] {_client.py:1038} INFO - HTTP Request: POST https://qwpzsjaaxuijmqodvslf.supabase.co/rest/v1/dimdate?columns=%22Quarter%22%2C%22dateid%22%2C%22WeekdayName%22%2C%22Weekday%22%2C%22Monthname%22%2C%22Month%22%2C%22QuarterName%22%2C%22Day%22%2C%22date%22%2C%22Year%22 "HTTP/2 400 Bad Request"
[2025-08-05T19:12:25.253+0000] {logging_mixin.py:188} INFO - Error insertando en dimdate: {'code': 'PGRST204', 'details': None, 'hint': None, 'message': "Could not find the 'Day' column of 'dimdate' in the schema cache"}
[2025-08-05T19:12:25.805+0000] {_client.py:1038} INFO - HTTP Request: POST https://qwpzsjaaxuijmqodvslf.supabase.co/rest/v1/dimdate?columns=%22Quarter%22%2C%22dateid%22%2C%22WeekdayName%22%2C%22Weekday%22%2C%22Monthname%22%2C%22Month%22%2C%22QuarterName%22%2C%22Day%22%2C%22date%22%2C%22Year%22 "HTTP/2 400 Bad Request"
[2025-08-05T19:12:25.808+0000] {logging_mixin.py:188} INFO - Error insertando en dimdate: {'code': 'PGRST204', 'details': None, 'hint': None, 'message': "Could not find the 'Day' column of 'dimdate' in the schema cache"}
[2025-08-05T19:12:26.035+0000] {_client.py:1038} INFO - HTTP Request: POST https://qwpzsjaaxuijmqodvslf.supabase.co/rest/v1/dimdate?columns=%22Quarter%22%2C%22dateid%22%2C%22WeekdayName%22%2C%22Weekday%22%2C%22Monthname%22%2C%22Month%22%2C%22QuarterName%22%2C%22Day%22%2C%22date%22%2C%22Year%22 "HTTP/2 400 Bad Request"
[2025-08-05T19:12:26.041+0000] {logging_mixin.py:188} INFO - Error insertando en dimdate: {'code': 'PGRST204', 'details': None, 'hint': None, 'message': "Could not find the 'Day' column of 'dimdate' in the schema cache"}
[2025-08-05T19:12:26.280+0000] {_client.py:1038} INFO - HTTP Request: POST https://qwpzsjaaxuijmqodvslf.supabase.co/rest/v1/dimdate?columns=%22Quarter%22%2C%22dateid%22%2C%22WeekdayName%22%2C%22Weekday%22%2C%22Monthname%22%2C%22Month%22%2C%22QuarterName%22%2C%22Day%22%2C%22date%22%2C%22Year%22 "HTTP/2 400 Bad Request"
[2025-08-05T19:12:26.289+0000] {logging_mixin.py:188} INFO - Error insertando en dimdate: {'code': 'PGRST204', 'details': None, 'hint': None, 'message': "Could not find the 'Day' column of 'dimdate' in the schema cache"}
[2025-08-05T19:12:26.558+0000] {_client.py:1038} INFO - HTTP Request: POST https://qwpzsjaaxuijmqodvslf.supabase.co/rest/v1/dimdate?columns=%22Quarter%22%2C%22dateid%22%2C%22WeekdayName%22%2C%22Weekday%22%2C%22Monthname%22%2C%22Month%22%2C%22QuarterName%22%2C%22Day%22%2C%22date%22%2C%22Year%22 "HTTP/2 400 Bad Request"
[2025-08-05T19:12:26.568+0000] {logging_mixin.py:188} INFO - Error insertando en dimdate: {'code': 'PGRST204', 'details': None, 'hint': None, 'message': "Could not find the 'Day' column of 'dimdate' in the schema cache"}
[2025-08-05T19:12:26.810+0000] {_client.py:1038} INFO - HTTP Request: POST https://qwpzsjaaxuijmqodvslf.supabase.co/rest/v1/dimdate?columns=%22Quarter%22%2C%22dateid%22%2C%22WeekdayName%22%2C%22Weekday%22%2C%22Monthname%22%2C%22Month%22%2C%22QuarterName%22%2C%22Day%22%2C%22date%22%2C%22Year%22 "HTTP/2 400 Bad Request"
[2025-08-05T19:12:26.820+0000] {logging_mixin.py:188} INFO - Error insertando en dimdate: {'code': 'PGRST204', 'details': None, 'hint': None, 'message': "Could not find the 'Day' column of 'dimdate' in the schema cache"}
[2025-08-05T19:12:27.052+0000] {_client.py:1038} INFO - HTTP Request: POST https://qwpzsjaaxuijmqodvslf.supabase.co/rest/v1/dimdate?columns=%22Quarter%22%2C%22dateid%22%2C%22WeekdayName%22%2C%22Weekday%22%2C%22Monthname%22%2C%22Month%22%2C%22QuarterName%22%2C%22Day%22%2C%22date%22%2C%22Year%22 "HTTP/2 400 Bad Request"
[2025-08-05T19:12:27.056+0000] {logging_mixin.py:188} INFO - Error insertando en dimdate: {'code': 'PGRST204', 'details': None, 'hint': None, 'message': "Could not find the 'Day' column of 'dimdate' in the schema cache"}
[2025-08-05T19:12:27.286+0000] {_client.py:1038} INFO - HTTP Request: POST https://qwpzsjaaxuijmqodvslf.supabase.co/rest/v1/dimdate?columns=%22Quarter%22%2C%22dateid%22%2C%22WeekdayName%22%2C%22Weekday%22%2C%22Monthname%22%2C%22Month%22%2C%22QuarterName%22%2C%22Day%22%2C%22date%22%2C%22Year%22 "HTTP/2 400 Bad Request"
[2025-08-05T19:12:27.295+0000] {logging_mixin.py:188} INFO - Error insertando en dimdate: {'code': 'PGRST204', 'details': None, 'hint': None, 'message': "Could not find the 'Day' column of 'dimdate' in the schema cache"}
[2025-08-05T19:12:27.519+0000] {_client.py:1038} INFO - HTTP Request: POST https://qwpzsjaaxuijmqodvslf.supabase.co/rest/v1/dimdate?columns=%22Quarter%22%2C%22dateid%22%2C%22WeekdayName%22%2C%22Weekday%22%2C%22Monthname%22%2C%22Month%22%2C%22QuarterName%22%2C%22Day%22%2C%22date%22%2C%22Year%22 "HTTP/2 400 Bad Request"
[2025-08-05T19:12:27.524+0000] {logging_mixin.py:188} INFO - Error insertando en dimdate: {'code': 'PGRST204', 'details': None, 'hint': None, 'message': "Could not find the 'Day' column of 'dimdate' in the schema cache"}
[2025-08-05T19:12:27.746+0000] {_client.py:1038} INFO - HTTP Request: POST https://qwpzsjaaxuijmqodvslf.supabase.co/rest/v1/dimdate?columns=%22Quarter%22%2C%22dateid%22%2C%22WeekdayName%22%2C%22Weekday%22%2C%22Monthname%22%2C%22Month%22%2C%22QuarterName%22%2C%22Day%22%2C%22date%22%2C%22Year%22 "HTTP/2 400 Bad Request"
[2025-08-05T19:12:27.749+0000] {logging_mixin.py:188} INFO - Error insertando en dimdate: {'code': 'PGRST204', 'details': None, 'hint': None, 'message': "Could not find the 'Day' column of 'dimdate' in the schema cache"}
[2025-08-05T19:12:27.959+0000] {_client.py:1038} INFO - HTTP Request: POST https://qwpzsjaaxuijmqodvslf.supabase.co/rest/v1/dimdate?columns=%22Quarter%22%2C%22dateid%22%2C%22WeekdayName%22%2C%22Weekday%22%2C%22Monthname%22%2C%22Month%22%2C%22QuarterName%22%2C%22Day%22%2C%22date%22%2C%22Year%22 "HTTP/2 400 Bad Request"
[2025-08-05T19:12:27.962+0000] {logging_mixin.py:188} INFO - Error insertando en dimdate: {'code': 'PGRST204', 'details': None, 'hint': None, 'message': "Could not find the 'Day' column of 'dimdate' in the schema cache"}
[2025-08-05T19:12:28.177+0000] {_client.py:1038} INFO - HTTP Request: POST https://qwpzsjaaxuijmqodvslf.supabase.co/rest/v1/dimdate?columns=%22Quarter%22%2C%22dateid%22%2C%22WeekdayName%22%2C%22Weekday%22%2C%22Monthname%22%2C%22Month%22%2C%22QuarterName%22%2C%22Day%22%2C%22date%22%2C%22Year%22 "HTTP/2 400 Bad Request"
[2025-08-05T19:12:28.180+0000] {logging_mixin.py:188} INFO - Error insertando en dimdate: {'code': 'PGRST204', 'details': None, 'hint': None, 'message': "Could not find the 'Day' column of 'dimdate' in the schema cache"}
[2025-08-05T19:12:28.413+0000] {_client.py:1038} INFO - HTTP Request: POST https://qwpzsjaaxuijmqodvslf.supabase.co/rest/v1/dimdate?columns=%22Quarter%22%2C%22dateid%22%2C%22WeekdayName%22%2C%22Weekday%22%2C%22Monthname%22%2C%22Month%22%2C%22QuarterName%22%2C%22Day%22%2C%22date%22%2C%22Year%22 "HTTP/2 400 Bad Request"
[2025-08-05T19:12:28.417+0000] {logging_mixin.py:188} INFO - Error insertando en dimdate: {'code': 'PGRST204', 'details': None, 'hint': None, 'message': "Could not find the 'Day' column of 'dimdate' in the schema cache"}
[2025-08-05T19:12:28.628+0000] {_client.py:1038} INFO - HTTP Request: POST https://qwpzsjaaxuijmqodvslf.supabase.co/rest/v1/dimdate?columns=%22Quarter%22%2C%22dateid%22%2C%22WeekdayName%22%2C%22Weekday%22%2C%22Monthname%22%2C%22Month%22%2C%22QuarterName%22%2C%22Day%22%2C%22date%22%2C%22Year%22 "HTTP/2 400 Bad Request"
[2025-08-05T19:12:28.632+0000] {logging_mixin.py:188} INFO - Error insertando en dimdate: {'code': 'PGRST204', 'details': None, 'hint': None, 'message': "Could not find the 'Day' column of 'dimdate' in the schema cache"}
[2025-08-05T19:12:28.855+0000] {_client.py:1038} INFO - HTTP Request: POST https://qwpzsjaaxuijmqodvslf.supabase.co/rest/v1/dimdate?columns=%22Quarter%22%2C%22dateid%22%2C%22WeekdayName%22%2C%22Weekday%22%2C%22Monthname%22%2C%22Month%22%2C%22QuarterName%22%2C%22Day%22%2C%22date%22%2C%22Year%22 "HTTP/2 400 Bad Request"
[2025-08-05T19:12:28.860+0000] {logging_mixin.py:188} INFO - Error insertando en dimdate: {'code': 'PGRST204', 'details': None, 'hint': None, 'message': "Could not find the 'Day' column of 'dimdate' in the schema cache"}
[2025-08-05T19:12:29.091+0000] {_client.py:1038} INFO - HTTP Request: POST https://qwpzsjaaxuijmqodvslf.supabase.co/rest/v1/dimdate?columns=%22Quarter%22%2C%22dateid%22%2C%22WeekdayName%22%2C%22Weekday%22%2C%22Monthname%22%2C%22Month%22%2C%22QuarterName%22%2C%22Day%22%2C%22date%22%2C%22Year%22 "HTTP/2 400 Bad Request"
[2025-08-05T19:12:29.096+0000] {logging_mixin.py:188} INFO - Error insertando en dimdate: {'code': 'PGRST204', 'details': None, 'hint': None, 'message': "Could not find the 'Day' column of 'dimdate' in the schema cache"}
[2025-08-05T19:12:29.326+0000] {_client.py:1038} INFO - HTTP Request: POST https://qwpzsjaaxuijmqodvslf.supabase.co/rest/v1/dimdate?columns=%22Quarter%22%2C%22dateid%22%2C%22WeekdayName%22%2C%22Weekday%22%2C%22Monthname%22%2C%22Month%22%2C%22QuarterName%22%2C%22Day%22%2C%22date%22%2C%22Year%22 "HTTP/2 400 Bad Request"
[2025-08-05T19:12:29.329+0000] {logging_mixin.py:188} INFO - Error insertando en dimdate: {'code': 'PGRST204', 'details': None, 'hint': None, 'message': "Could not find the 'Day' column of 'dimdate' in the schema cache"}
[2025-08-05T19:12:29.550+0000] {_client.py:1038} INFO - HTTP Request: POST https://qwpzsjaaxuijmqodvslf.supabase.co/rest/v1/dimdate?columns=%22Quarter%22%2C%22dateid%22%2C%22WeekdayName%22%2C%22Weekday%22%2C%22Monthname%22%2C%22Month%22%2C%22QuarterName%22%2C%22Day%22%2C%22date%22%2C%22Year%22 "HTTP/2 400 Bad Request"
[2025-08-05T19:12:29.553+0000] {logging_mixin.py:188} INFO - Error insertando en dimdate: {'code': 'PGRST204', 'details': None, 'hint': None, 'message': "Could not find the 'Day' column of 'dimdate' in the schema cache"}
[2025-08-05T19:12:29.776+0000] {_client.py:1038} INFO - HTTP Request: POST https://qwpzsjaaxuijmqodvslf.supabase.co/rest/v1/dimdate?columns=%22Quarter%22%2C%22dateid%22%2C%22WeekdayName%22%2C%22Weekday%22%2C%22Monthname%22%2C%22Month%22%2C%22QuarterName%22%2C%22Day%22%2C%22date%22%2C%22Year%22 "HTTP/2 400 Bad Request"
[2025-08-05T19:12:29.780+0000] {logging_mixin.py:188} INFO - Error insertando en dimdate: {'code': 'PGRST204', 'details': None, 'hint': None, 'message': "Could not find the 'Day' column of 'dimdate' in the schema cache"}
[2025-08-05T19:12:30.008+0000] {_client.py:1038} INFO - HTTP Request: POST https://qwpzsjaaxuijmqodvslf.supabase.co/rest/v1/dimdate?columns=%22Quarter%22%2C%22dateid%22%2C%22WeekdayName%22%2C%22Weekday%22%2C%22Monthname%22%2C%22Month%22%2C%22QuarterName%22%2C%22Day%22%2C%22date%22%2C%22Year%22 "HTTP/2 400 Bad Request"
[2025-08-05T19:12:30.018+0000] {logging_mixin.py:188} INFO - Error insertando en dimdate: {'code': 'PGRST204', 'details': None, 'hint': None, 'message': "Could not find the 'Day' column of 'dimdate' in the schema cache"}
[2025-08-05T19:12:30.243+0000] {_client.py:1038} INFO - HTTP Request: POST https://qwpzsjaaxuijmqodvslf.supabase.co/rest/v1/dimdate?columns=%22Quarter%22%2C%22dateid%22%2C%22WeekdayName%22%2C%22Weekday%22%2C%22Monthname%22%2C%22Month%22%2C%22QuarterName%22%2C%22Day%22%2C%22date%22%2C%22Year%22 "HTTP/2 400 Bad Request"
[2025-08-05T19:12:30.247+0000] {logging_mixin.py:188} INFO - Error insertando en dimdate: {'code': 'PGRST204', 'details': None, 'hint': None, 'message': "Could not find the 'Day' column of 'dimdate' in the schema cache"}
[2025-08-05T19:12:30.485+0000] {_client.py:1038} INFO - HTTP Request: POST https://qwpzsjaaxuijmqodvslf.supabase.co/rest/v1/dimdate?columns=%22Quarter%22%2C%22dateid%22%2C%22WeekdayName%22%2C%22Weekday%22%2C%22Monthname%22%2C%22Month%22%2C%22QuarterName%22%2C%22Day%22%2C%22date%22%2C%22Year%22 "HTTP/2 400 Bad Request"
[2025-08-05T19:12:30.489+0000] {logging_mixin.py:188} INFO - Error insertando en dimdate: {'code': 'PGRST204', 'details': None, 'hint': None, 'message': "Could not find the 'Day' column of 'dimdate' in the schema cache"}
[2025-08-05T19:12:30.713+0000] {_client.py:1038} INFO - HTTP Request: POST https://qwpzsjaaxuijmqodvslf.supabase.co/rest/v1/dimdate?columns=%22Quarter%22%2C%22dateid%22%2C%22WeekdayName%22%2C%22Weekday%22%2C%22Monthname%22%2C%22Month%22%2C%22QuarterName%22%2C%22Day%22%2C%22date%22%2C%22Year%22 "HTTP/2 400 Bad Request"
[2025-08-05T19:12:30.717+0000] {logging_mixin.py:188} INFO - Error insertando en dimdate: {'code': 'PGRST204', 'details': None, 'hint': None, 'message': "Could not find the 'Day' column of 'dimdate' in the schema cache"}
[2025-08-05T19:12:30.936+0000] {_client.py:1038} INFO - HTTP Request: POST https://qwpzsjaaxuijmqodvslf.supabase.co/rest/v1/dimdate?columns=%22Quarter%22%2C%22dateid%22%2C%22WeekdayName%22%2C%22Weekday%22%2C%22Monthname%22%2C%22Month%22%2C%22QuarterName%22%2C%22Day%22%2C%22date%22%2C%22Year%22 "HTTP/2 400 Bad Request"
[2025-08-05T19:12:30.940+0000] {logging_mixin.py:188} INFO - Error insertando en dimdate: {'code': 'PGRST204', 'details': None, 'hint': None, 'message': "Could not find the 'Day' column of 'dimdate' in the schema cache"}
[2025-08-05T19:12:31.153+0000] {_client.py:1038} INFO - HTTP Request: POST https://qwpzsjaaxuijmqodvslf.supabase.co/rest/v1/dimdate?columns=%22Quarter%22%2C%22dateid%22%2C%22WeekdayName%22%2C%22Weekday%22%2C%22Monthname%22%2C%22Month%22%2C%22QuarterName%22%2C%22Day%22%2C%22date%22%2C%22Year%22 "HTTP/2 400 Bad Request"
[2025-08-05T19:12:31.159+0000] {logging_mixin.py:188} INFO - Error insertando en dimdate: {'code': 'PGRST204', 'details': None, 'hint': None, 'message': "Could not find the 'Day' column of 'dimdate' in the schema cache"}
[2025-08-05T19:12:31.377+0000] {_client.py:1038} INFO - HTTP Request: POST https://qwpzsjaaxuijmqodvslf.supabase.co/rest/v1/dimdate?columns=%22Quarter%22%2C%22dateid%22%2C%22WeekdayName%22%2C%22Weekday%22%2C%22Monthname%22%2C%22Month%22%2C%22QuarterName%22%2C%22Day%22%2C%22date%22%2C%22Year%22 "HTTP/2 400 Bad Request"
[2025-08-05T19:12:31.387+0000] {logging_mixin.py:188} INFO - Error insertando en dimdate: {'code': 'PGRST204', 'details': None, 'hint': None, 'message': "Could not find the 'Day' column of 'dimdate' in the schema cache"}
[2025-08-05T19:12:31.631+0000] {_client.py:1038} INFO - HTTP Request: POST https://qwpzsjaaxuijmqodvslf.supabase.co/rest/v1/dimdate?columns=%22Quarter%22%2C%22dateid%22%2C%22WeekdayName%22%2C%22Weekday%22%2C%22Monthname%22%2C%22Month%22%2C%22QuarterName%22%2C%22Day%22%2C%22date%22%2C%22Year%22 "HTTP/2 400 Bad Request"
[2025-08-05T19:12:31.635+0000] {logging_mixin.py:188} INFO - Error insertando en dimdate: {'code': 'PGRST204', 'details': None, 'hint': None, 'message': "Could not find the 'Day' column of 'dimdate' in the schema cache"}
[2025-08-05T19:12:31.862+0000] {_client.py:1038} INFO - HTTP Request: POST https://qwpzsjaaxuijmqodvslf.supabase.co/rest/v1/dimdate?columns=%22Quarter%22%2C%22dateid%22%2C%22WeekdayName%22%2C%22Weekday%22%2C%22Monthname%22%2C%22Month%22%2C%22QuarterName%22%2C%22Day%22%2C%22date%22%2C%22Year%22 "HTTP/2 400 Bad Request"
[2025-08-05T19:12:31.866+0000] {logging_mixin.py:188} INFO - Error insertando en dimdate: {'code': 'PGRST204', 'details': None, 'hint': None, 'message': "Could not find the 'Day' column of 'dimdate' in the schema cache"}
[2025-08-05T19:12:32.097+0000] {_client.py:1038} INFO - HTTP Request: POST https://qwpzsjaaxuijmqodvslf.supabase.co/rest/v1/dimdate?columns=%22Quarter%22%2C%22dateid%22%2C%22WeekdayName%22%2C%22Weekday%22%2C%22Monthname%22%2C%22Month%22%2C%22QuarterName%22%2C%22Day%22%2C%22date%22%2C%22Year%22 "HTTP/2 400 Bad Request"
[2025-08-05T19:12:32.100+0000] {logging_mixin.py:188} INFO - Error insertando en dimdate: {'code': 'PGRST204', 'details': None, 'hint': None, 'message': "Could not find the 'Day' column of 'dimdate' in the schema cache"}
[2025-08-05T19:12:32.323+0000] {_client.py:1038} INFO - HTTP Request: POST https://qwpzsjaaxuijmqodvslf.supabase.co/rest/v1/dimdate?columns=%22Quarter%22%2C%22dateid%22%2C%22WeekdayName%22%2C%22Weekday%22%2C%22Monthname%22%2C%22Month%22%2C%22QuarterName%22%2C%22Day%22%2C%22date%22%2C%22Year%22 "HTTP/2 400 Bad Request"
[2025-08-05T19:12:32.330+0000] {logging_mixin.py:188} INFO - Error insertando en dimdate: {'code': 'PGRST204', 'details': None, 'hint': None, 'message': "Could not find the 'Day' column of 'dimdate' in the schema cache"}
[2025-08-05T19:12:32.554+0000] {_client.py:1038} INFO - HTTP Request: POST https://qwpzsjaaxuijmqodvslf.supabase.co/rest/v1/dimdate?columns=%22Quarter%22%2C%22dateid%22%2C%22WeekdayName%22%2C%22Weekday%22%2C%22Monthname%22%2C%22Month%22%2C%22QuarterName%22%2C%22Day%22%2C%22date%22%2C%22Year%22 "HTTP/2 400 Bad Request"
[2025-08-05T19:12:32.559+0000] {logging_mixin.py:188} INFO - Error insertando en dimdate: {'code': 'PGRST204', 'details': None, 'hint': None, 'message': "Could not find the 'Day' column of 'dimdate' in the schema cache"}
[2025-08-05T19:12:32.786+0000] {_client.py:1038} INFO - HTTP Request: POST https://qwpzsjaaxuijmqodvslf.supabase.co/rest/v1/dimdate?columns=%22Quarter%22%2C%22dateid%22%2C%22WeekdayName%22%2C%22Weekday%22%2C%22Monthname%22%2C%22Month%22%2C%22QuarterName%22%2C%22Day%22%2C%22date%22%2C%22Year%22 "HTTP/2 400 Bad Request"
[2025-08-05T19:12:32.792+0000] {logging_mixin.py:188} INFO - Error insertando en dimdate: {'code': 'PGRST204', 'details': None, 'hint': None, 'message': "Could not find the 'Day' column of 'dimdate' in the schema cache"}
[2025-08-05T19:12:33.011+0000] {_client.py:1038} INFO - HTTP Request: POST https://qwpzsjaaxuijmqodvslf.supabase.co/rest/v1/dimdate?columns=%22Quarter%22%2C%22dateid%22%2C%22WeekdayName%22%2C%22Weekday%22%2C%22Monthname%22%2C%22Month%22%2C%22QuarterName%22%2C%22Day%22%2C%22date%22%2C%22Year%22 "HTTP/2 400 Bad Request"
[2025-08-05T19:12:33.018+0000] {logging_mixin.py:188} INFO - Error insertando en dimdate: {'code': 'PGRST204', 'details': None, 'hint': None, 'message': "Could not find the 'Day' column of 'dimdate' in the schema cache"}
[2025-08-05T19:12:33.262+0000] {_client.py:1038} INFO - HTTP Request: POST https://qwpzsjaaxuijmqodvslf.supabase.co/rest/v1/dimdate?columns=%22Quarter%22%2C%22dateid%22%2C%22WeekdayName%22%2C%22Weekday%22%2C%22Monthname%22%2C%22Month%22%2C%22QuarterName%22%2C%22Day%22%2C%22date%22%2C%22Year%22 "HTTP/2 400 Bad Request"
[2025-08-05T19:12:33.275+0000] {logging_mixin.py:188} INFO - Error insertando en dimdate: {'code': 'PGRST204', 'details': None, 'hint': None, 'message': "Could not find the 'Day' column of 'dimdate' in the schema cache"}
[2025-08-05T19:12:33.504+0000] {_client.py:1038} INFO - HTTP Request: POST https://qwpzsjaaxuijmqodvslf.supabase.co/rest/v1/dimdate?columns=%22Quarter%22%2C%22dateid%22%2C%22WeekdayName%22%2C%22Weekday%22%2C%22Monthname%22%2C%22Month%22%2C%22QuarterName%22%2C%22Day%22%2C%22date%22%2C%22Year%22 "HTTP/2 400 Bad Request"
[2025-08-05T19:12:33.510+0000] {logging_mixin.py:188} INFO - Error insertando en dimdate: {'code': 'PGRST204', 'details': None, 'hint': None, 'message': "Could not find the 'Day' column of 'dimdate' in the schema cache"}
[2025-08-05T19:12:33.484+0000] {_client.py:1038} INFO - HTTP Request: PATCH https://qwpzsjaaxuijmqodvslf.supabase.co/rest/v1/StgLogs?table_name=eq.dimdate "HTTP/2 200 OK"
[2025-08-05T19:12:33.521+0000] {python.py:201} INFO - Done. Returned value was: None
[2025-08-05T19:12:33.564+0000] {taskinstance.py:1138} INFO - Marking task as SUCCESS. dag_id=Ejercicio1, task_id=LoadAndSetdimdate, execution_date=20250805T191150, start_date=20250805T191219, end_date=20250805T191233
[2025-08-05T19:12:33.685+0000] {local_task_job_runner.py:234} INFO - Task exited with return code 0
[2025-08-05T19:12:33.762+0000] {taskinstance.py:3280} INFO - 0 downstream tasks scheduled from follow-on schedule check
