[2025-08-05T19:36:36.082+0000] {taskinstance.py:1956} INFO - Dependencies all met for dep_context=non-requeueable deps ti=<TaskInstance: Ejercicio1.LoadAndSetdimdate manual__2025-08-05T19:36:21.402665+00:00 [queued]>
[2025-08-05T19:36:36.100+0000] {taskinstance.py:1956} INFO - Dependencies all met for dep_context=requeueable deps ti=<TaskInstance: Ejercicio1.LoadAndSetdimdate manual__2025-08-05T19:36:21.402665+00:00 [queued]>
[2025-08-05T19:36:36.101+0000] {taskinstance.py:2170} INFO - Starting attempt 1 of 2
[2025-08-05T19:36:36.757+0000] {taskinstance.py:2191} INFO - Executing <Task(PythonOperator): LoadAndSetdimdate> on 2025-08-05 19:36:21.402665+00:00
[2025-08-05T19:36:36.802+0000] {standard_task_runner.py:60} INFO - Started process 1286 to run task
[2025-08-05T19:36:36.819+0000] {standard_task_runner.py:87} INFO - Running: ['***', 'tasks', 'run', 'Ejercicio1', 'LoadAndSetdimdate', 'manual__2025-08-05T19:36:21.402665+00:00', '--job-id', '158', '--raw', '--subdir', 'DAGS_FOLDER/ejercicio1.py', '--cfg-path', '/tmp/tmp_qeejyrg']
[2025-08-05T19:36:36.870+0000] {standard_task_runner.py:88} INFO - Job 158: Subtask LoadAndSetdimdate
[2025-08-05T19:36:37.903+0000] {task_command.py:423} INFO - Running <TaskInstance: Ejercicio1.LoadAndSetdimdate manual__2025-08-05T19:36:21.402665+00:00 [running]> on host 019b67754667
[2025-08-05T19:36:39.100+0000] {taskinstance.py:2480} INFO - Exporting env vars: AIRFLOW_CTX_DAG_OWNER='***' AIRFLOW_CTX_DAG_ID='Ejercicio1' AIRFLOW_CTX_TASK_ID='LoadAndSetdimdate' AIRFLOW_CTX_EXECUTION_DATE='2025-08-05T19:36:21.402665+00:00' AIRFLOW_CTX_TRY_NUMBER='1' AIRFLOW_CTX_DAG_RUN_ID='manual__2025-08-05T19:36:21.402665+00:00'
[2025-08-05T19:36:39.268+0000] {logging_mixin.py:188} INFO -      dateid        date  Year  Quarter  ... Monthname  Day Weekday  WeekdayName
0         1  2019-03-09  2019        1  ...     March    9       7       Sunday
1         2  2019-03-10  2019        1  ...     March   10       1       Monday
2         3  2019-03-11  2019        1  ...     March   11       2      Tuesday
3         4  2019-03-12  2019        1  ...     March   12       3    Wednesday
4         5  2019-03-13  2019        1  ...     March   13       4     Thursday
..      ...         ...   ...      ...  ...       ...  ...     ...          ...
345     346  2020-02-17  2020        1  ...  February   17       2      Tuesday
346     347  2020-02-18  2020        1  ...  February   18       3    Wednesday
347     348  2020-02-19  2020        1  ...  February   19       4     Thursday
348     349  2020-02-20  2020        1  ...  February   20       5       Friday
349     350  2020-02-21  2020        1  ...  February   21       6     Saturday

[350 rows x 10 columns]
[2025-08-05T19:36:39.270+0000] {logging_mixin.py:188} INFO - 
 ---------------SE ENCONTRAROS DATOS PARA LA CARGA INICIAL | ULTIMO ID DE LA TABLA:350-----------------
[2025-08-05T19:36:41.546+0000] {_client.py:1038} INFO - HTTP Request: POST https://qwpzsjaaxuijmqodvslf.supabase.co/rest/v1/dimdate?columns=%22Quarter%22%2C%22dateid%22%2C%22WeekdayName%22%2C%22Weekday%22%2C%22Monthname%22%2C%22Month%22%2C%22QuarterName%22%2C%22Day%22%2C%22date%22%2C%22Year%22 "HTTP/2 201 Created"
[2025-08-05T19:36:41.579+0000] {logging_mixin.py:188} INFO - ---------------------------------------Datos insertados Correctamente dimdate------------------------
 
[2025-08-05T19:36:41.795+0000] {_client.py:1038} INFO - HTTP Request: POST https://qwpzsjaaxuijmqodvslf.supabase.co/rest/v1/dimdate?columns=%22Quarter%22%2C%22dateid%22%2C%22WeekdayName%22%2C%22Weekday%22%2C%22Monthname%22%2C%22Month%22%2C%22QuarterName%22%2C%22Day%22%2C%22date%22%2C%22Year%22 "HTTP/2 201 Created"
[2025-08-05T19:36:41.801+0000] {logging_mixin.py:188} INFO - ---------------------------------------Datos insertados Correctamente dimdate------------------------
 
[2025-08-05T19:36:42.020+0000] {_client.py:1038} INFO - HTTP Request: POST https://qwpzsjaaxuijmqodvslf.supabase.co/rest/v1/dimdate?columns=%22Quarter%22%2C%22dateid%22%2C%22WeekdayName%22%2C%22Weekday%22%2C%22Monthname%22%2C%22Month%22%2C%22QuarterName%22%2C%22Day%22%2C%22date%22%2C%22Year%22 "HTTP/2 201 Created"
[2025-08-05T19:36:42.023+0000] {logging_mixin.py:188} INFO - ---------------------------------------Datos insertados Correctamente dimdate------------------------
 
[2025-08-05T19:36:42.230+0000] {_client.py:1038} INFO - HTTP Request: POST https://qwpzsjaaxuijmqodvslf.supabase.co/rest/v1/dimdate?columns=%22Quarter%22%2C%22dateid%22%2C%22WeekdayName%22%2C%22Weekday%22%2C%22Monthname%22%2C%22Month%22%2C%22QuarterName%22%2C%22Day%22%2C%22date%22%2C%22Year%22 "HTTP/2 201 Created"
[2025-08-05T19:36:42.232+0000] {logging_mixin.py:188} INFO - ---------------------------------------Datos insertados Correctamente dimdate------------------------
 
[2025-08-05T19:36:42.463+0000] {_client.py:1038} INFO - HTTP Request: POST https://qwpzsjaaxuijmqodvslf.supabase.co/rest/v1/dimdate?columns=%22Quarter%22%2C%22dateid%22%2C%22WeekdayName%22%2C%22Weekday%22%2C%22Monthname%22%2C%22Month%22%2C%22QuarterName%22%2C%22Day%22%2C%22date%22%2C%22Year%22 "HTTP/2 201 Created"
[2025-08-05T19:36:42.466+0000] {logging_mixin.py:188} INFO - ---------------------------------------Datos insertados Correctamente dimdate------------------------
 
[2025-08-05T19:36:42.697+0000] {_client.py:1038} INFO - HTTP Request: POST https://qwpzsjaaxuijmqodvslf.supabase.co/rest/v1/dimdate?columns=%22Quarter%22%2C%22dateid%22%2C%22WeekdayName%22%2C%22Weekday%22%2C%22Monthname%22%2C%22Month%22%2C%22QuarterName%22%2C%22Day%22%2C%22date%22%2C%22Year%22 "HTTP/2 201 Created"
[2025-08-05T19:36:42.700+0000] {logging_mixin.py:188} INFO - ---------------------------------------Datos insertados Correctamente dimdate------------------------
 
[2025-08-05T19:36:42.918+0000] {_client.py:1038} INFO - HTTP Request: POST https://qwpzsjaaxuijmqodvslf.supabase.co/rest/v1/dimdate?columns=%22Quarter%22%2C%22dateid%22%2C%22WeekdayName%22%2C%22Weekday%22%2C%22Monthname%22%2C%22Month%22%2C%22QuarterName%22%2C%22Day%22%2C%22date%22%2C%22Year%22 "HTTP/2 201 Created"
[2025-08-05T19:36:42.925+0000] {logging_mixin.py:188} INFO - ---------------------------------------Datos insertados Correctamente dimdate------------------------
 
[2025-08-05T19:36:43.140+0000] {_client.py:1038} INFO - HTTP Request: POST https://qwpzsjaaxuijmqodvslf.supabase.co/rest/v1/dimdate?columns=%22Quarter%22%2C%22dateid%22%2C%22WeekdayName%22%2C%22Weekday%22%2C%22Monthname%22%2C%22Month%22%2C%22QuarterName%22%2C%22Day%22%2C%22date%22%2C%22Year%22 "HTTP/2 201 Created"
[2025-08-05T19:36:43.142+0000] {logging_mixin.py:188} INFO - ---------------------------------------Datos insertados Correctamente dimdate------------------------
 
[2025-08-05T19:36:43.356+0000] {_client.py:1038} INFO - HTTP Request: POST https://qwpzsjaaxuijmqodvslf.supabase.co/rest/v1/dimdate?columns=%22Quarter%22%2C%22dateid%22%2C%22WeekdayName%22%2C%22Weekday%22%2C%22Monthname%22%2C%22Month%22%2C%22QuarterName%22%2C%22Day%22%2C%22date%22%2C%22Year%22 "HTTP/2 201 Created"
[2025-08-05T19:36:43.360+0000] {logging_mixin.py:188} INFO - ---------------------------------------Datos insertados Correctamente dimdate------------------------
 
[2025-08-05T19:36:43.576+0000] {_client.py:1038} INFO - HTTP Request: POST https://qwpzsjaaxuijmqodvslf.supabase.co/rest/v1/dimdate?columns=%22Quarter%22%2C%22dateid%22%2C%22WeekdayName%22%2C%22Weekday%22%2C%22Monthname%22%2C%22Month%22%2C%22QuarterName%22%2C%22Day%22%2C%22date%22%2C%22Year%22 "HTTP/2 201 Created"
[2025-08-05T19:36:43.580+0000] {logging_mixin.py:188} INFO - ---------------------------------------Datos insertados Correctamente dimdate------------------------
 
[2025-08-05T19:36:43.818+0000] {_client.py:1038} INFO - HTTP Request: POST https://qwpzsjaaxuijmqodvslf.supabase.co/rest/v1/dimdate?columns=%22Quarter%22%2C%22dateid%22%2C%22WeekdayName%22%2C%22Weekday%22%2C%22Monthname%22%2C%22Month%22%2C%22QuarterName%22%2C%22Day%22%2C%22date%22%2C%22Year%22 "HTTP/2 201 Created"
[2025-08-05T19:36:43.821+0000] {logging_mixin.py:188} INFO - ---------------------------------------Datos insertados Correctamente dimdate------------------------
 
[2025-08-05T19:36:44.034+0000] {_client.py:1038} INFO - HTTP Request: POST https://qwpzsjaaxuijmqodvslf.supabase.co/rest/v1/dimdate?columns=%22Quarter%22%2C%22dateid%22%2C%22WeekdayName%22%2C%22Weekday%22%2C%22Monthname%22%2C%22Month%22%2C%22QuarterName%22%2C%22Day%22%2C%22date%22%2C%22Year%22 "HTTP/2 201 Created"
[2025-08-05T19:36:44.037+0000] {logging_mixin.py:188} INFO - ---------------------------------------Datos insertados Correctamente dimdate------------------------
 
[2025-08-05T19:36:44.251+0000] {_client.py:1038} INFO - HTTP Request: POST https://qwpzsjaaxuijmqodvslf.supabase.co/rest/v1/dimdate?columns=%22Quarter%22%2C%22dateid%22%2C%22WeekdayName%22%2C%22Weekday%22%2C%22Monthname%22%2C%22Month%22%2C%22QuarterName%22%2C%22Day%22%2C%22date%22%2C%22Year%22 "HTTP/2 201 Created"
[2025-08-05T19:36:44.254+0000] {logging_mixin.py:188} INFO - ---------------------------------------Datos insertados Correctamente dimdate------------------------
 
[2025-08-05T19:36:44.487+0000] {_client.py:1038} INFO - HTTP Request: POST https://qwpzsjaaxuijmqodvslf.supabase.co/rest/v1/dimdate?columns=%22Quarter%22%2C%22dateid%22%2C%22WeekdayName%22%2C%22Weekday%22%2C%22Monthname%22%2C%22Month%22%2C%22QuarterName%22%2C%22Day%22%2C%22date%22%2C%22Year%22 "HTTP/2 201 Created"
[2025-08-05T19:36:44.490+0000] {logging_mixin.py:188} INFO - ---------------------------------------Datos insertados Correctamente dimdate------------------------
 
[2025-08-05T19:36:44.705+0000] {_client.py:1038} INFO - HTTP Request: POST https://qwpzsjaaxuijmqodvslf.supabase.co/rest/v1/dimdate?columns=%22Quarter%22%2C%22dateid%22%2C%22WeekdayName%22%2C%22Weekday%22%2C%22Monthname%22%2C%22Month%22%2C%22QuarterName%22%2C%22Day%22%2C%22date%22%2C%22Year%22 "HTTP/2 201 Created"
[2025-08-05T19:36:44.709+0000] {logging_mixin.py:188} INFO - ---------------------------------------Datos insertados Correctamente dimdate------------------------
 
[2025-08-05T19:36:44.919+0000] {_client.py:1038} INFO - HTTP Request: POST https://qwpzsjaaxuijmqodvslf.supabase.co/rest/v1/dimdate?columns=%22Quarter%22%2C%22dateid%22%2C%22WeekdayName%22%2C%22Weekday%22%2C%22Monthname%22%2C%22Month%22%2C%22QuarterName%22%2C%22Day%22%2C%22date%22%2C%22Year%22 "HTTP/2 201 Created"
[2025-08-05T19:36:44.925+0000] {logging_mixin.py:188} INFO - ---------------------------------------Datos insertados Correctamente dimdate------------------------
 
[2025-08-05T19:36:45.147+0000] {_client.py:1038} INFO - HTTP Request: POST https://qwpzsjaaxuijmqodvslf.supabase.co/rest/v1/dimdate?columns=%22Quarter%22%2C%22dateid%22%2C%22WeekdayName%22%2C%22Weekday%22%2C%22Monthname%22%2C%22Month%22%2C%22QuarterName%22%2C%22Day%22%2C%22date%22%2C%22Year%22 "HTTP/2 201 Created"
[2025-08-05T19:36:45.149+0000] {logging_mixin.py:188} INFO - ---------------------------------------Datos insertados Correctamente dimdate------------------------
 
[2025-08-05T19:36:45.359+0000] {_client.py:1038} INFO - HTTP Request: POST https://qwpzsjaaxuijmqodvslf.supabase.co/rest/v1/dimdate?columns=%22Quarter%22%2C%22dateid%22%2C%22WeekdayName%22%2C%22Weekday%22%2C%22Monthname%22%2C%22Month%22%2C%22QuarterName%22%2C%22Day%22%2C%22date%22%2C%22Year%22 "HTTP/2 201 Created"
[2025-08-05T19:36:45.361+0000] {logging_mixin.py:188} INFO - ---------------------------------------Datos insertados Correctamente dimdate------------------------
 
[2025-08-05T19:36:45.597+0000] {_client.py:1038} INFO - HTTP Request: POST https://qwpzsjaaxuijmqodvslf.supabase.co/rest/v1/dimdate?columns=%22Quarter%22%2C%22dateid%22%2C%22WeekdayName%22%2C%22Weekday%22%2C%22Monthname%22%2C%22Month%22%2C%22QuarterName%22%2C%22Day%22%2C%22date%22%2C%22Year%22 "HTTP/2 201 Created"
[2025-08-05T19:36:45.600+0000] {logging_mixin.py:188} INFO - ---------------------------------------Datos insertados Correctamente dimdate------------------------
 
[2025-08-05T19:36:45.824+0000] {_client.py:1038} INFO - HTTP Request: POST https://qwpzsjaaxuijmqodvslf.supabase.co/rest/v1/dimdate?columns=%22Quarter%22%2C%22dateid%22%2C%22WeekdayName%22%2C%22Weekday%22%2C%22Monthname%22%2C%22Month%22%2C%22QuarterName%22%2C%22Day%22%2C%22date%22%2C%22Year%22 "HTTP/2 201 Created"
[2025-08-05T19:36:45.827+0000] {logging_mixin.py:188} INFO - ---------------------------------------Datos insertados Correctamente dimdate------------------------
 
[2025-08-05T19:36:46.064+0000] {_client.py:1038} INFO - HTTP Request: POST https://qwpzsjaaxuijmqodvslf.supabase.co/rest/v1/dimdate?columns=%22Quarter%22%2C%22dateid%22%2C%22WeekdayName%22%2C%22Weekday%22%2C%22Monthname%22%2C%22Month%22%2C%22QuarterName%22%2C%22Day%22%2C%22date%22%2C%22Year%22 "HTTP/2 201 Created"
[2025-08-05T19:36:46.067+0000] {logging_mixin.py:188} INFO - ---------------------------------------Datos insertados Correctamente dimdate------------------------
 
[2025-08-05T19:36:46.280+0000] {_client.py:1038} INFO - HTTP Request: POST https://qwpzsjaaxuijmqodvslf.supabase.co/rest/v1/dimdate?columns=%22Quarter%22%2C%22dateid%22%2C%22WeekdayName%22%2C%22Weekday%22%2C%22Monthname%22%2C%22Month%22%2C%22QuarterName%22%2C%22Day%22%2C%22date%22%2C%22Year%22 "HTTP/2 201 Created"
[2025-08-05T19:36:46.283+0000] {logging_mixin.py:188} INFO - ---------------------------------------Datos insertados Correctamente dimdate------------------------
 
[2025-08-05T19:36:46.504+0000] {_client.py:1038} INFO - HTTP Request: POST https://qwpzsjaaxuijmqodvslf.supabase.co/rest/v1/dimdate?columns=%22Quarter%22%2C%22dateid%22%2C%22WeekdayName%22%2C%22Weekday%22%2C%22Monthname%22%2C%22Month%22%2C%22QuarterName%22%2C%22Day%22%2C%22date%22%2C%22Year%22 "HTTP/2 201 Created"
[2025-08-05T19:36:46.507+0000] {logging_mixin.py:188} INFO - ---------------------------------------Datos insertados Correctamente dimdate------------------------
 
[2025-08-05T19:36:46.713+0000] {_client.py:1038} INFO - HTTP Request: POST https://qwpzsjaaxuijmqodvslf.supabase.co/rest/v1/dimdate?columns=%22Quarter%22%2C%22dateid%22%2C%22WeekdayName%22%2C%22Weekday%22%2C%22Monthname%22%2C%22Month%22%2C%22QuarterName%22%2C%22Day%22%2C%22date%22%2C%22Year%22 "HTTP/2 201 Created"
[2025-08-05T19:36:46.715+0000] {logging_mixin.py:188} INFO - ---------------------------------------Datos insertados Correctamente dimdate------------------------
 
[2025-08-05T19:36:46.955+0000] {_client.py:1038} INFO - HTTP Request: POST https://qwpzsjaaxuijmqodvslf.supabase.co/rest/v1/dimdate?columns=%22Quarter%22%2C%22dateid%22%2C%22WeekdayName%22%2C%22Weekday%22%2C%22Monthname%22%2C%22Month%22%2C%22QuarterName%22%2C%22Day%22%2C%22date%22%2C%22Year%22 "HTTP/2 201 Created"
[2025-08-05T19:36:46.958+0000] {logging_mixin.py:188} INFO - ---------------------------------------Datos insertados Correctamente dimdate------------------------
 
[2025-08-05T19:36:47.205+0000] {_client.py:1038} INFO - HTTP Request: POST https://qwpzsjaaxuijmqodvslf.supabase.co/rest/v1/dimdate?columns=%22Quarter%22%2C%22dateid%22%2C%22WeekdayName%22%2C%22Weekday%22%2C%22Monthname%22%2C%22Month%22%2C%22QuarterName%22%2C%22Day%22%2C%22date%22%2C%22Year%22 "HTTP/2 201 Created"
[2025-08-05T19:36:47.209+0000] {logging_mixin.py:188} INFO - ---------------------------------------Datos insertados Correctamente dimdate------------------------
 
[2025-08-05T19:36:47.441+0000] {_client.py:1038} INFO - HTTP Request: POST https://qwpzsjaaxuijmqodvslf.supabase.co/rest/v1/dimdate?columns=%22Quarter%22%2C%22dateid%22%2C%22WeekdayName%22%2C%22Weekday%22%2C%22Monthname%22%2C%22Month%22%2C%22QuarterName%22%2C%22Day%22%2C%22date%22%2C%22Year%22 "HTTP/2 201 Created"
[2025-08-05T19:36:47.446+0000] {logging_mixin.py:188} INFO - ---------------------------------------Datos insertados Correctamente dimdate------------------------
 
[2025-08-05T19:36:47.662+0000] {_client.py:1038} INFO - HTTP Request: POST https://qwpzsjaaxuijmqodvslf.supabase.co/rest/v1/dimdate?columns=%22Quarter%22%2C%22dateid%22%2C%22WeekdayName%22%2C%22Weekday%22%2C%22Monthname%22%2C%22Month%22%2C%22QuarterName%22%2C%22Day%22%2C%22date%22%2C%22Year%22 "HTTP/2 201 Created"
[2025-08-05T19:36:47.664+0000] {logging_mixin.py:188} INFO - ---------------------------------------Datos insertados Correctamente dimdate------------------------
 
[2025-08-05T19:36:47.874+0000] {_client.py:1038} INFO - HTTP Request: POST https://qwpzsjaaxuijmqodvslf.supabase.co/rest/v1/dimdate?columns=%22Quarter%22%2C%22dateid%22%2C%22WeekdayName%22%2C%22Weekday%22%2C%22Monthname%22%2C%22Month%22%2C%22QuarterName%22%2C%22Day%22%2C%22date%22%2C%22Year%22 "HTTP/2 201 Created"
[2025-08-05T19:36:47.888+0000] {logging_mixin.py:188} INFO - ---------------------------------------Datos insertados Correctamente dimdate------------------------
 
[2025-08-05T19:36:48.134+0000] {_client.py:1038} INFO - HTTP Request: POST https://qwpzsjaaxuijmqodvslf.supabase.co/rest/v1/dimdate?columns=%22Quarter%22%2C%22dateid%22%2C%22WeekdayName%22%2C%22Weekday%22%2C%22Monthname%22%2C%22Month%22%2C%22QuarterName%22%2C%22Day%22%2C%22date%22%2C%22Year%22 "HTTP/2 201 Created"
[2025-08-05T19:36:48.136+0000] {logging_mixin.py:188} INFO - ---------------------------------------Datos insertados Correctamente dimdate------------------------
 
[2025-08-05T19:36:48.343+0000] {_client.py:1038} INFO - HTTP Request: POST https://qwpzsjaaxuijmqodvslf.supabase.co/rest/v1/dimdate?columns=%22Quarter%22%2C%22dateid%22%2C%22WeekdayName%22%2C%22Weekday%22%2C%22Monthname%22%2C%22Month%22%2C%22QuarterName%22%2C%22Day%22%2C%22date%22%2C%22Year%22 "HTTP/2 201 Created"
[2025-08-05T19:36:48.345+0000] {logging_mixin.py:188} INFO - ---------------------------------------Datos insertados Correctamente dimdate------------------------
 
[2025-08-05T19:36:48.561+0000] {_client.py:1038} INFO - HTTP Request: POST https://qwpzsjaaxuijmqodvslf.supabase.co/rest/v1/dimdate?columns=%22Quarter%22%2C%22dateid%22%2C%22WeekdayName%22%2C%22Weekday%22%2C%22Monthname%22%2C%22Month%22%2C%22QuarterName%22%2C%22Day%22%2C%22date%22%2C%22Year%22 "HTTP/2 201 Created"
[2025-08-05T19:36:48.564+0000] {logging_mixin.py:188} INFO - ---------------------------------------Datos insertados Correctamente dimdate------------------------
 
[2025-08-05T19:36:48.779+0000] {_client.py:1038} INFO - HTTP Request: POST https://qwpzsjaaxuijmqodvslf.supabase.co/rest/v1/dimdate?columns=%22Quarter%22%2C%22dateid%22%2C%22WeekdayName%22%2C%22Weekday%22%2C%22Monthname%22%2C%22Month%22%2C%22QuarterName%22%2C%22Day%22%2C%22date%22%2C%22Year%22 "HTTP/2 201 Created"
[2025-08-05T19:36:48.782+0000] {logging_mixin.py:188} INFO - ---------------------------------------Datos insertados Correctamente dimdate------------------------
 
[2025-08-05T19:36:49.053+0000] {_client.py:1038} INFO - HTTP Request: POST https://qwpzsjaaxuijmqodvslf.supabase.co/rest/v1/dimdate?columns=%22Quarter%22%2C%22dateid%22%2C%22WeekdayName%22%2C%22Weekday%22%2C%22Monthname%22%2C%22Month%22%2C%22QuarterName%22%2C%22Day%22%2C%22date%22%2C%22Year%22 "HTTP/2 201 Created"
[2025-08-05T19:36:49.056+0000] {logging_mixin.py:188} INFO - ---------------------------------------Datos insertados Correctamente dimdate------------------------
 
[2025-08-05T19:36:49.262+0000] {_client.py:1038} INFO - HTTP Request: POST https://qwpzsjaaxuijmqodvslf.supabase.co/rest/v1/dimdate?columns=%22Quarter%22%2C%22dateid%22%2C%22WeekdayName%22%2C%22Weekday%22%2C%22Monthname%22%2C%22Month%22%2C%22QuarterName%22%2C%22Day%22%2C%22date%22%2C%22Year%22 "HTTP/2 201 Created"
[2025-08-05T19:36:49.264+0000] {logging_mixin.py:188} INFO - ---------------------------------------Datos insertados Correctamente dimdate------------------------
 
[2025-08-05T19:36:49.680+0000] {_client.py:1038} INFO - HTTP Request: PATCH https://qwpzsjaaxuijmqodvslf.supabase.co/rest/v1/StgLogs?table_name=eq.dimdate "HTTP/2 200 OK"
[2025-08-05T19:36:49.691+0000] {python.py:201} INFO - Done. Returned value was: None
[2025-08-05T19:36:49.721+0000] {taskinstance.py:1138} INFO - Marking task as SUCCESS. dag_id=Ejercicio1, task_id=LoadAndSetdimdate, execution_date=20250805T193621, start_date=20250805T193636, end_date=20250805T193649
[2025-08-05T19:36:49.819+0000] {local_task_job_runner.py:234} INFO - Task exited with return code 0
[2025-08-05T19:36:49.861+0000] {taskinstance.py:3280} INFO - 0 downstream tasks scheduled from follow-on schedule check
