[2025-08-05T19:28:02.428+0000] {taskinstance.py:1956} INFO - Dependencies all met for dep_context=non-requeueable deps ti=<TaskInstance: Ejercicio1.LoadAndSetdimdate manual__2025-08-05T19:27:49.382003+00:00 [queued]>
[2025-08-05T19:28:02.463+0000] {taskinstance.py:1956} INFO - Dependencies all met for dep_context=requeueable deps ti=<TaskInstance: Ejercicio1.LoadAndSetdimdate manual__2025-08-05T19:27:49.382003+00:00 [queued]>
[2025-08-05T19:28:02.465+0000] {taskinstance.py:2170} INFO - Starting attempt 1 of 2
[2025-08-05T19:28:02.536+0000] {taskinstance.py:2191} INFO - Executing <Task(PythonOperator): LoadAndSetdimdate> on 2025-08-05 19:27:49.382003+00:00
[2025-08-05T19:28:02.560+0000] {standard_task_runner.py:60} INFO - Started process 1119 to run task
[2025-08-05T19:28:02.594+0000] {standard_task_runner.py:87} INFO - Running: ['***', 'tasks', 'run', 'Ejercicio1', 'LoadAndSetdimdate', 'manual__2025-08-05T19:27:49.382003+00:00', '--job-id', '142', '--raw', '--subdir', 'DAGS_FOLDER/ejercicio1.py', '--cfg-path', '/tmp/tmpf2juq1p9']
[2025-08-05T19:28:02.633+0000] {standard_task_runner.py:88} INFO - Job 142: Subtask LoadAndSetdimdate
[2025-08-05T19:28:03.398+0000] {task_command.py:423} INFO - Running <TaskInstance: Ejercicio1.LoadAndSetdimdate manual__2025-08-05T19:27:49.382003+00:00 [running]> on host 019b67754667
[2025-08-05T19:28:05.135+0000] {taskinstance.py:2480} INFO - Exporting env vars: AIRFLOW_CTX_DAG_OWNER='***' AIRFLOW_CTX_DAG_ID='Ejercicio1' AIRFLOW_CTX_TASK_ID='LoadAndSetdimdate' AIRFLOW_CTX_EXECUTION_DATE='2025-08-05T19:27:49.382003+00:00' AIRFLOW_CTX_TRY_NUMBER='1' AIRFLOW_CTX_DAG_RUN_ID='manual__2025-08-05T19:27:49.382003+00:00'
[2025-08-05T19:28:05.392+0000] {logging_mixin.py:188} INFO -      dateid        date  Year  Quarter  ... Monthname  Day Weekday  WeekdayName
0         1  2019-03-09  2019        1  ...     March    9       7       Sunday
1         2  2019-03-10  2019        1  ...     March   10       1       Monday
2         3  2019-03-11  2019        1  ...     March   11       2      Tuesday
3         4  2019-03-12  2019        1  ...     March   12       3    Wednesday
4         5  2019-03-13  2019        1  ...     March   13       4     Thursday
..      ...         ...   ...      ...  ...       ...  ...     ...          ...
345     346  2020-02-17  2020        1  ...  February   17       2      Tuesday
346     347  2020-02-18  2020        1  ...  February   18       3    Wednesday
347     348  2020-02-19  2020        1  ...  February   19       4     Thursday
348     349  2020-02-20  2020        1  ...  February   20       5       Friday
349     350  2020-02-21  2020        1  ...  February   21       6     Saturday

[350 rows x 10 columns]
[2025-08-05T19:28:05.394+0000] {logging_mixin.py:188} INFO - 
 ---------------SE ENCONTRAROS DATOS PARA LA CARGA INICIAL | ULTIMO ID DE LA TABLA:350-----------------
[2025-08-05T19:28:06.501+0000] {_client.py:1038} INFO - HTTP Request: POST https://qwpzsjaaxuijmqodvslf.supabase.co/rest/v1/dimdate?columns=%22Quarter%22%2C%22dateid%22%2C%22WeekdayName%22%2C%22Weekday%22%2C%22Monthname%22%2C%22Month%22%2C%22QuarterName%22%2C%22Day%22%2C%22date%22%2C%22Year%22 "HTTP/2 400 Bad Request"
[2025-08-05T19:28:06.504+0000] {logging_mixin.py:188} INFO - Error insertando en dimdate: {'code': 'PGRST204', 'details': None, 'hint': None, 'message': "Could not find the 'Day' column of 'dimdate' in the schema cache"}
[2025-08-05T19:28:06.723+0000] {_client.py:1038} INFO - HTTP Request: POST https://qwpzsjaaxuijmqodvslf.supabase.co/rest/v1/dimdate?columns=%22Quarter%22%2C%22dateid%22%2C%22WeekdayName%22%2C%22Weekday%22%2C%22Monthname%22%2C%22Month%22%2C%22QuarterName%22%2C%22Day%22%2C%22date%22%2C%22Year%22 "HTTP/2 400 Bad Request"
[2025-08-05T19:28:06.726+0000] {logging_mixin.py:188} INFO - Error insertando en dimdate: {'code': 'PGRST204', 'details': None, 'hint': None, 'message': "Could not find the 'Day' column of 'dimdate' in the schema cache"}
[2025-08-05T19:28:06.936+0000] {_client.py:1038} INFO - HTTP Request: POST https://qwpzsjaaxuijmqodvslf.supabase.co/rest/v1/dimdate?columns=%22Quarter%22%2C%22dateid%22%2C%22WeekdayName%22%2C%22Weekday%22%2C%22Monthname%22%2C%22Month%22%2C%22QuarterName%22%2C%22Day%22%2C%22date%22%2C%22Year%22 "HTTP/2 400 Bad Request"
[2025-08-05T19:28:06.938+0000] {logging_mixin.py:188} INFO - Error insertando en dimdate: {'code': 'PGRST204', 'details': None, 'hint': None, 'message': "Could not find the 'Day' column of 'dimdate' in the schema cache"}
[2025-08-05T19:28:07.147+0000] {_client.py:1038} INFO - HTTP Request: POST https://qwpzsjaaxuijmqodvslf.supabase.co/rest/v1/dimdate?columns=%22Quarter%22%2C%22dateid%22%2C%22WeekdayName%22%2C%22Weekday%22%2C%22Monthname%22%2C%22Month%22%2C%22QuarterName%22%2C%22Day%22%2C%22date%22%2C%22Year%22 "HTTP/2 400 Bad Request"
[2025-08-05T19:28:07.149+0000] {logging_mixin.py:188} INFO - Error insertando en dimdate: {'code': 'PGRST204', 'details': None, 'hint': None, 'message': "Could not find the 'Day' column of 'dimdate' in the schema cache"}
[2025-08-05T19:28:07.367+0000] {_client.py:1038} INFO - HTTP Request: POST https://qwpzsjaaxuijmqodvslf.supabase.co/rest/v1/dimdate?columns=%22Quarter%22%2C%22dateid%22%2C%22WeekdayName%22%2C%22Weekday%22%2C%22Monthname%22%2C%22Month%22%2C%22QuarterName%22%2C%22Day%22%2C%22date%22%2C%22Year%22 "HTTP/2 400 Bad Request"
[2025-08-05T19:28:07.369+0000] {logging_mixin.py:188} INFO - Error insertando en dimdate: {'code': 'PGRST204', 'details': None, 'hint': None, 'message': "Could not find the 'Day' column of 'dimdate' in the schema cache"}
[2025-08-05T19:28:07.600+0000] {_client.py:1038} INFO - HTTP Request: POST https://qwpzsjaaxuijmqodvslf.supabase.co/rest/v1/dimdate?columns=%22Quarter%22%2C%22dateid%22%2C%22WeekdayName%22%2C%22Weekday%22%2C%22Monthname%22%2C%22Month%22%2C%22QuarterName%22%2C%22Day%22%2C%22date%22%2C%22Year%22 "HTTP/2 400 Bad Request"
[2025-08-05T19:28:07.602+0000] {logging_mixin.py:188} INFO - Error insertando en dimdate: {'code': 'PGRST204', 'details': None, 'hint': None, 'message': "Could not find the 'Day' column of 'dimdate' in the schema cache"}
[2025-08-05T19:28:07.817+0000] {_client.py:1038} INFO - HTTP Request: POST https://qwpzsjaaxuijmqodvslf.supabase.co/rest/v1/dimdate?columns=%22Quarter%22%2C%22dateid%22%2C%22WeekdayName%22%2C%22Weekday%22%2C%22Monthname%22%2C%22Month%22%2C%22QuarterName%22%2C%22Day%22%2C%22date%22%2C%22Year%22 "HTTP/2 400 Bad Request"
[2025-08-05T19:28:07.821+0000] {logging_mixin.py:188} INFO - Error insertando en dimdate: {'code': 'PGRST204', 'details': None, 'hint': None, 'message': "Could not find the 'Day' column of 'dimdate' in the schema cache"}
[2025-08-05T19:28:08.038+0000] {_client.py:1038} INFO - HTTP Request: POST https://qwpzsjaaxuijmqodvslf.supabase.co/rest/v1/dimdate?columns=%22Quarter%22%2C%22dateid%22%2C%22WeekdayName%22%2C%22Weekday%22%2C%22Monthname%22%2C%22Month%22%2C%22QuarterName%22%2C%22Day%22%2C%22date%22%2C%22Year%22 "HTTP/2 400 Bad Request"
[2025-08-05T19:28:08.042+0000] {logging_mixin.py:188} INFO - Error insertando en dimdate: {'code': 'PGRST204', 'details': None, 'hint': None, 'message': "Could not find the 'Day' column of 'dimdate' in the schema cache"}
[2025-08-05T19:28:08.254+0000] {_client.py:1038} INFO - HTTP Request: POST https://qwpzsjaaxuijmqodvslf.supabase.co/rest/v1/dimdate?columns=%22Quarter%22%2C%22dateid%22%2C%22WeekdayName%22%2C%22Weekday%22%2C%22Monthname%22%2C%22Month%22%2C%22QuarterName%22%2C%22Day%22%2C%22date%22%2C%22Year%22 "HTTP/2 400 Bad Request"
[2025-08-05T19:28:08.256+0000] {logging_mixin.py:188} INFO - Error insertando en dimdate: {'code': 'PGRST204', 'details': None, 'hint': None, 'message': "Could not find the 'Day' column of 'dimdate' in the schema cache"}
[2025-08-05T19:28:08.480+0000] {_client.py:1038} INFO - HTTP Request: POST https://qwpzsjaaxuijmqodvslf.supabase.co/rest/v1/dimdate?columns=%22Quarter%22%2C%22dateid%22%2C%22WeekdayName%22%2C%22Weekday%22%2C%22Monthname%22%2C%22Month%22%2C%22QuarterName%22%2C%22Day%22%2C%22date%22%2C%22Year%22 "HTTP/2 400 Bad Request"
[2025-08-05T19:28:08.482+0000] {logging_mixin.py:188} INFO - Error insertando en dimdate: {'code': 'PGRST204', 'details': None, 'hint': None, 'message': "Could not find the 'Day' column of 'dimdate' in the schema cache"}
[2025-08-05T19:28:08.692+0000] {_client.py:1038} INFO - HTTP Request: POST https://qwpzsjaaxuijmqodvslf.supabase.co/rest/v1/dimdate?columns=%22Quarter%22%2C%22dateid%22%2C%22WeekdayName%22%2C%22Weekday%22%2C%22Monthname%22%2C%22Month%22%2C%22QuarterName%22%2C%22Day%22%2C%22date%22%2C%22Year%22 "HTTP/2 400 Bad Request"
[2025-08-05T19:28:08.699+0000] {logging_mixin.py:188} INFO - Error insertando en dimdate: {'code': 'PGRST204', 'details': None, 'hint': None, 'message': "Could not find the 'Day' column of 'dimdate' in the schema cache"}
[2025-08-05T19:28:08.943+0000] {_client.py:1038} INFO - HTTP Request: POST https://qwpzsjaaxuijmqodvslf.supabase.co/rest/v1/dimdate?columns=%22Quarter%22%2C%22dateid%22%2C%22WeekdayName%22%2C%22Weekday%22%2C%22Monthname%22%2C%22Month%22%2C%22QuarterName%22%2C%22Day%22%2C%22date%22%2C%22Year%22 "HTTP/2 400 Bad Request"
[2025-08-05T19:28:08.948+0000] {logging_mixin.py:188} INFO - Error insertando en dimdate: {'code': 'PGRST204', 'details': None, 'hint': None, 'message': "Could not find the 'Day' column of 'dimdate' in the schema cache"}
[2025-08-05T19:28:09.167+0000] {_client.py:1038} INFO - HTTP Request: POST https://qwpzsjaaxuijmqodvslf.supabase.co/rest/v1/dimdate?columns=%22Quarter%22%2C%22dateid%22%2C%22WeekdayName%22%2C%22Weekday%22%2C%22Monthname%22%2C%22Month%22%2C%22QuarterName%22%2C%22Day%22%2C%22date%22%2C%22Year%22 "HTTP/2 400 Bad Request"
[2025-08-05T19:28:09.169+0000] {logging_mixin.py:188} INFO - Error insertando en dimdate: {'code': 'PGRST204', 'details': None, 'hint': None, 'message': "Could not find the 'Day' column of 'dimdate' in the schema cache"}
[2025-08-05T19:28:09.385+0000] {_client.py:1038} INFO - HTTP Request: POST https://qwpzsjaaxuijmqodvslf.supabase.co/rest/v1/dimdate?columns=%22Quarter%22%2C%22dateid%22%2C%22WeekdayName%22%2C%22Weekday%22%2C%22Monthname%22%2C%22Month%22%2C%22QuarterName%22%2C%22Day%22%2C%22date%22%2C%22Year%22 "HTTP/2 400 Bad Request"
[2025-08-05T19:28:09.387+0000] {logging_mixin.py:188} INFO - Error insertando en dimdate: {'code': 'PGRST204', 'details': None, 'hint': None, 'message': "Could not find the 'Day' column of 'dimdate' in the schema cache"}
[2025-08-05T19:28:09.593+0000] {_client.py:1038} INFO - HTTP Request: POST https://qwpzsjaaxuijmqodvslf.supabase.co/rest/v1/dimdate?columns=%22Quarter%22%2C%22dateid%22%2C%22WeekdayName%22%2C%22Weekday%22%2C%22Monthname%22%2C%22Month%22%2C%22QuarterName%22%2C%22Day%22%2C%22date%22%2C%22Year%22 "HTTP/2 400 Bad Request"
[2025-08-05T19:28:09.595+0000] {logging_mixin.py:188} INFO - Error insertando en dimdate: {'code': 'PGRST204', 'details': None, 'hint': None, 'message': "Could not find the 'Day' column of 'dimdate' in the schema cache"}
[2025-08-05T19:28:09.805+0000] {_client.py:1038} INFO - HTTP Request: POST https://qwpzsjaaxuijmqodvslf.supabase.co/rest/v1/dimdate?columns=%22Quarter%22%2C%22dateid%22%2C%22WeekdayName%22%2C%22Weekday%22%2C%22Monthname%22%2C%22Month%22%2C%22QuarterName%22%2C%22Day%22%2C%22date%22%2C%22Year%22 "HTTP/2 400 Bad Request"
[2025-08-05T19:28:09.812+0000] {logging_mixin.py:188} INFO - Error insertando en dimdate: {'code': 'PGRST204', 'details': None, 'hint': None, 'message': "Could not find the 'Day' column of 'dimdate' in the schema cache"}
[2025-08-05T19:28:10.042+0000] {_client.py:1038} INFO - HTTP Request: POST https://qwpzsjaaxuijmqodvslf.supabase.co/rest/v1/dimdate?columns=%22Quarter%22%2C%22dateid%22%2C%22WeekdayName%22%2C%22Weekday%22%2C%22Monthname%22%2C%22Month%22%2C%22QuarterName%22%2C%22Day%22%2C%22date%22%2C%22Year%22 "HTTP/2 400 Bad Request"
[2025-08-05T19:28:10.045+0000] {logging_mixin.py:188} INFO - Error insertando en dimdate: {'code': 'PGRST204', 'details': None, 'hint': None, 'message': "Could not find the 'Day' column of 'dimdate' in the schema cache"}
[2025-08-05T19:28:10.255+0000] {_client.py:1038} INFO - HTTP Request: POST https://qwpzsjaaxuijmqodvslf.supabase.co/rest/v1/dimdate?columns=%22Quarter%22%2C%22dateid%22%2C%22WeekdayName%22%2C%22Weekday%22%2C%22Monthname%22%2C%22Month%22%2C%22QuarterName%22%2C%22Day%22%2C%22date%22%2C%22Year%22 "HTTP/2 400 Bad Request"
[2025-08-05T19:28:10.257+0000] {logging_mixin.py:188} INFO - Error insertando en dimdate: {'code': 'PGRST204', 'details': None, 'hint': None, 'message': "Could not find the 'Day' column of 'dimdate' in the schema cache"}
[2025-08-05T19:28:10.467+0000] {_client.py:1038} INFO - HTTP Request: POST https://qwpzsjaaxuijmqodvslf.supabase.co/rest/v1/dimdate?columns=%22Quarter%22%2C%22dateid%22%2C%22WeekdayName%22%2C%22Weekday%22%2C%22Monthname%22%2C%22Month%22%2C%22QuarterName%22%2C%22Day%22%2C%22date%22%2C%22Year%22 "HTTP/2 400 Bad Request"
[2025-08-05T19:28:10.468+0000] {logging_mixin.py:188} INFO - Error insertando en dimdate: {'code': 'PGRST204', 'details': None, 'hint': None, 'message': "Could not find the 'Day' column of 'dimdate' in the schema cache"}
[2025-08-05T19:28:10.676+0000] {_client.py:1038} INFO - HTTP Request: POST https://qwpzsjaaxuijmqodvslf.supabase.co/rest/v1/dimdate?columns=%22Quarter%22%2C%22dateid%22%2C%22WeekdayName%22%2C%22Weekday%22%2C%22Monthname%22%2C%22Month%22%2C%22QuarterName%22%2C%22Day%22%2C%22date%22%2C%22Year%22 "HTTP/2 400 Bad Request"
[2025-08-05T19:28:10.678+0000] {logging_mixin.py:188} INFO - Error insertando en dimdate: {'code': 'PGRST204', 'details': None, 'hint': None, 'message': "Could not find the 'Day' column of 'dimdate' in the schema cache"}
[2025-08-05T19:28:10.885+0000] {_client.py:1038} INFO - HTTP Request: POST https://qwpzsjaaxuijmqodvslf.supabase.co/rest/v1/dimdate?columns=%22Quarter%22%2C%22dateid%22%2C%22WeekdayName%22%2C%22Weekday%22%2C%22Monthname%22%2C%22Month%22%2C%22QuarterName%22%2C%22Day%22%2C%22date%22%2C%22Year%22 "HTTP/2 400 Bad Request"
[2025-08-05T19:28:10.887+0000] {logging_mixin.py:188} INFO - Error insertando en dimdate: {'code': 'PGRST204', 'details': None, 'hint': None, 'message': "Could not find the 'Day' column of 'dimdate' in the schema cache"}
[2025-08-05T19:28:11.134+0000] {_client.py:1038} INFO - HTTP Request: POST https://qwpzsjaaxuijmqodvslf.supabase.co/rest/v1/dimdate?columns=%22Quarter%22%2C%22dateid%22%2C%22WeekdayName%22%2C%22Weekday%22%2C%22Monthname%22%2C%22Month%22%2C%22QuarterName%22%2C%22Day%22%2C%22date%22%2C%22Year%22 "HTTP/2 400 Bad Request"
[2025-08-05T19:28:11.138+0000] {logging_mixin.py:188} INFO - Error insertando en dimdate: {'code': 'PGRST204', 'details': None, 'hint': None, 'message': "Could not find the 'Day' column of 'dimdate' in the schema cache"}
[2025-08-05T19:28:11.352+0000] {_client.py:1038} INFO - HTTP Request: POST https://qwpzsjaaxuijmqodvslf.supabase.co/rest/v1/dimdate?columns=%22Quarter%22%2C%22dateid%22%2C%22WeekdayName%22%2C%22Weekday%22%2C%22Monthname%22%2C%22Month%22%2C%22QuarterName%22%2C%22Day%22%2C%22date%22%2C%22Year%22 "HTTP/2 400 Bad Request"
[2025-08-05T19:28:11.354+0000] {logging_mixin.py:188} INFO - Error insertando en dimdate: {'code': 'PGRST204', 'details': None, 'hint': None, 'message': "Could not find the 'Day' column of 'dimdate' in the schema cache"}
[2025-08-05T19:28:11.570+0000] {_client.py:1038} INFO - HTTP Request: POST https://qwpzsjaaxuijmqodvslf.supabase.co/rest/v1/dimdate?columns=%22Quarter%22%2C%22dateid%22%2C%22WeekdayName%22%2C%22Weekday%22%2C%22Monthname%22%2C%22Month%22%2C%22QuarterName%22%2C%22Day%22%2C%22date%22%2C%22Year%22 "HTTP/2 400 Bad Request"
[2025-08-05T19:28:11.574+0000] {logging_mixin.py:188} INFO - Error insertando en dimdate: {'code': 'PGRST204', 'details': None, 'hint': None, 'message': "Could not find the 'Day' column of 'dimdate' in the schema cache"}
[2025-08-05T19:28:11.790+0000] {_client.py:1038} INFO - HTTP Request: POST https://qwpzsjaaxuijmqodvslf.supabase.co/rest/v1/dimdate?columns=%22Quarter%22%2C%22dateid%22%2C%22WeekdayName%22%2C%22Weekday%22%2C%22Monthname%22%2C%22Month%22%2C%22QuarterName%22%2C%22Day%22%2C%22date%22%2C%22Year%22 "HTTP/2 400 Bad Request"
[2025-08-05T19:28:11.792+0000] {logging_mixin.py:188} INFO - Error insertando en dimdate: {'code': 'PGRST204', 'details': None, 'hint': None, 'message': "Could not find the 'Day' column of 'dimdate' in the schema cache"}
[2025-08-05T19:28:12.008+0000] {_client.py:1038} INFO - HTTP Request: POST https://qwpzsjaaxuijmqodvslf.supabase.co/rest/v1/dimdate?columns=%22Quarter%22%2C%22dateid%22%2C%22WeekdayName%22%2C%22Weekday%22%2C%22Monthname%22%2C%22Month%22%2C%22QuarterName%22%2C%22Day%22%2C%22date%22%2C%22Year%22 "HTTP/2 400 Bad Request"
[2025-08-05T19:28:12.010+0000] {logging_mixin.py:188} INFO - Error insertando en dimdate: {'code': 'PGRST204', 'details': None, 'hint': None, 'message': "Could not find the 'Day' column of 'dimdate' in the schema cache"}
[2025-08-05T19:28:12.217+0000] {_client.py:1038} INFO - HTTP Request: POST https://qwpzsjaaxuijmqodvslf.supabase.co/rest/v1/dimdate?columns=%22Quarter%22%2C%22dateid%22%2C%22WeekdayName%22%2C%22Weekday%22%2C%22Monthname%22%2C%22Month%22%2C%22QuarterName%22%2C%22Day%22%2C%22date%22%2C%22Year%22 "HTTP/2 400 Bad Request"
[2025-08-05T19:28:12.226+0000] {logging_mixin.py:188} INFO - Error insertando en dimdate: {'code': 'PGRST204', 'details': None, 'hint': None, 'message': "Could not find the 'Day' column of 'dimdate' in the schema cache"}
[2025-08-05T19:28:12.466+0000] {_client.py:1038} INFO - HTTP Request: POST https://qwpzsjaaxuijmqodvslf.supabase.co/rest/v1/dimdate?columns=%22Quarter%22%2C%22dateid%22%2C%22WeekdayName%22%2C%22Weekday%22%2C%22Monthname%22%2C%22Month%22%2C%22QuarterName%22%2C%22Day%22%2C%22date%22%2C%22Year%22 "HTTP/2 400 Bad Request"
[2025-08-05T19:28:12.468+0000] {logging_mixin.py:188} INFO - Error insertando en dimdate: {'code': 'PGRST204', 'details': None, 'hint': None, 'message': "Could not find the 'Day' column of 'dimdate' in the schema cache"}
[2025-08-05T19:28:12.682+0000] {_client.py:1038} INFO - HTTP Request: POST https://qwpzsjaaxuijmqodvslf.supabase.co/rest/v1/dimdate?columns=%22Quarter%22%2C%22dateid%22%2C%22WeekdayName%22%2C%22Weekday%22%2C%22Monthname%22%2C%22Month%22%2C%22QuarterName%22%2C%22Day%22%2C%22date%22%2C%22Year%22 "HTTP/2 400 Bad Request"
[2025-08-05T19:28:12.685+0000] {logging_mixin.py:188} INFO - Error insertando en dimdate: {'code': 'PGRST204', 'details': None, 'hint': None, 'message': "Could not find the 'Day' column of 'dimdate' in the schema cache"}
[2025-08-05T19:28:12.909+0000] {_client.py:1038} INFO - HTTP Request: POST https://qwpzsjaaxuijmqodvslf.supabase.co/rest/v1/dimdate?columns=%22Quarter%22%2C%22dateid%22%2C%22WeekdayName%22%2C%22Weekday%22%2C%22Monthname%22%2C%22Month%22%2C%22QuarterName%22%2C%22Day%22%2C%22date%22%2C%22Year%22 "HTTP/2 400 Bad Request"
[2025-08-05T19:28:12.911+0000] {logging_mixin.py:188} INFO - Error insertando en dimdate: {'code': 'PGRST204', 'details': None, 'hint': None, 'message': "Could not find the 'Day' column of 'dimdate' in the schema cache"}
[2025-08-05T19:28:13.128+0000] {_client.py:1038} INFO - HTTP Request: POST https://qwpzsjaaxuijmqodvslf.supabase.co/rest/v1/dimdate?columns=%22Quarter%22%2C%22dateid%22%2C%22WeekdayName%22%2C%22Weekday%22%2C%22Monthname%22%2C%22Month%22%2C%22QuarterName%22%2C%22Day%22%2C%22date%22%2C%22Year%22 "HTTP/2 400 Bad Request"
[2025-08-05T19:28:13.131+0000] {logging_mixin.py:188} INFO - Error insertando en dimdate: {'code': 'PGRST204', 'details': None, 'hint': None, 'message': "Could not find the 'Day' column of 'dimdate' in the schema cache"}
[2025-08-05T19:28:13.345+0000] {_client.py:1038} INFO - HTTP Request: POST https://qwpzsjaaxuijmqodvslf.supabase.co/rest/v1/dimdate?columns=%22Quarter%22%2C%22dateid%22%2C%22WeekdayName%22%2C%22Weekday%22%2C%22Monthname%22%2C%22Month%22%2C%22QuarterName%22%2C%22Day%22%2C%22date%22%2C%22Year%22 "HTTP/2 400 Bad Request"
[2025-08-05T19:28:13.347+0000] {logging_mixin.py:188} INFO - Error insertando en dimdate: {'code': 'PGRST204', 'details': None, 'hint': None, 'message': "Could not find the 'Day' column of 'dimdate' in the schema cache"}
[2025-08-05T19:28:13.562+0000] {_client.py:1038} INFO - HTTP Request: POST https://qwpzsjaaxuijmqodvslf.supabase.co/rest/v1/dimdate?columns=%22Quarter%22%2C%22dateid%22%2C%22WeekdayName%22%2C%22Weekday%22%2C%22Monthname%22%2C%22Month%22%2C%22QuarterName%22%2C%22Day%22%2C%22date%22%2C%22Year%22 "HTTP/2 400 Bad Request"
[2025-08-05T19:28:13.565+0000] {logging_mixin.py:188} INFO - Error insertando en dimdate: {'code': 'PGRST204', 'details': None, 'hint': None, 'message': "Could not find the 'Day' column of 'dimdate' in the schema cache"}
[2025-08-05T19:28:13.766+0000] {_client.py:1038} INFO - HTTP Request: POST https://qwpzsjaaxuijmqodvslf.supabase.co/rest/v1/dimdate?columns=%22Quarter%22%2C%22dateid%22%2C%22WeekdayName%22%2C%22Weekday%22%2C%22Monthname%22%2C%22Month%22%2C%22QuarterName%22%2C%22Day%22%2C%22date%22%2C%22Year%22 "HTTP/2 400 Bad Request"
[2025-08-05T19:28:13.769+0000] {logging_mixin.py:188} INFO - Error insertando en dimdate: {'code': 'PGRST204', 'details': None, 'hint': None, 'message': "Could not find the 'Day' column of 'dimdate' in the schema cache"}
[2025-08-05T19:28:13.989+0000] {_client.py:1038} INFO - HTTP Request: POST https://qwpzsjaaxuijmqodvslf.supabase.co/rest/v1/dimdate?columns=%22Quarter%22%2C%22dateid%22%2C%22WeekdayName%22%2C%22Weekday%22%2C%22Monthname%22%2C%22Month%22%2C%22QuarterName%22%2C%22Day%22%2C%22date%22%2C%22Year%22 "HTTP/2 400 Bad Request"
[2025-08-05T19:28:13.992+0000] {logging_mixin.py:188} INFO - Error insertando en dimdate: {'code': 'PGRST204', 'details': None, 'hint': None, 'message': "Could not find the 'Day' column of 'dimdate' in the schema cache"}
[2025-08-05T19:28:14.540+0000] {_client.py:1038} INFO - HTTP Request: PATCH https://qwpzsjaaxuijmqodvslf.supabase.co/rest/v1/StgLogs?table_name=eq.dimdate "HTTP/2 200 OK"
[2025-08-05T19:28:14.555+0000] {python.py:201} INFO - Done. Returned value was: None
[2025-08-05T19:28:14.580+0000] {taskinstance.py:1138} INFO - Marking task as SUCCESS. dag_id=Ejercicio1, task_id=LoadAndSetdimdate, execution_date=20250805T192749, start_date=20250805T192802, end_date=20250805T192814
[2025-08-05T19:28:14.633+0000] {local_task_job_runner.py:234} INFO - Task exited with return code 0
[2025-08-05T19:28:14.683+0000] {taskinstance.py:3280} INFO - 0 downstream tasks scheduled from follow-on schedule check
