[2025-08-06T22:56:42.978+0000] {taskinstance.py:1956} INFO - Dependencies all met for dep_context=non-requeueable deps ti=<TaskInstance: Ejercicio2.cargainicial manual__2025-08-06T22:56:29.680097+00:00 [queued]>
[2025-08-06T22:56:43.023+0000] {taskinstance.py:1956} INFO - Dependencies all met for dep_context=requeueable deps ti=<TaskInstance: Ejercicio2.cargainicial manual__2025-08-06T22:56:29.680097+00:00 [queued]>
[2025-08-06T22:56:43.025+0000] {taskinstance.py:2170} INFO - Starting attempt 1 of 2
[2025-08-06T22:56:43.163+0000] {taskinstance.py:2191} INFO - Executing <Task(PythonOperator): cargainicial> on 2025-08-06 22:56:29.680097+00:00
[2025-08-06T22:56:43.188+0000] {standard_task_runner.py:60} INFO - Started process 4334 to run task
[2025-08-06T22:56:43.211+0000] {standard_task_runner.py:87} INFO - Running: ['***', 'tasks', 'run', 'Ejercicio2', 'cargainicial', 'manual__2025-08-06T22:56:29.680097+00:00', '--job-id', '281', '--raw', '--subdir', 'DAGS_FOLDER/ejercicio2.py', '--cfg-path', '/tmp/tmpl7yx_2ob']
[2025-08-06T22:56:43.225+0000] {standard_task_runner.py:88} INFO - Job 281: Subtask cargainicial
[2025-08-06T22:56:43.447+0000] {task_command.py:423} INFO - Running <TaskInstance: Ejercicio2.cargainicial manual__2025-08-06T22:56:29.680097+00:00 [running]> on host 019b67754667
[2025-08-06T22:56:43.822+0000] {taskinstance.py:2480} INFO - Exporting env vars: AIRFLOW_CTX_DAG_OWNER='***' AIRFLOW_CTX_DAG_ID='Ejercicio2' AIRFLOW_CTX_TASK_ID='cargainicial' AIRFLOW_CTX_EXECUTION_DATE='2025-08-06T22:56:29.680097+00:00' AIRFLOW_CTX_TRY_NUMBER='1' AIRFLOW_CTX_DAG_RUN_ID='manual__2025-08-06T22:56:29.680097+00:00'
[2025-08-06T22:56:44.157+0000] {warnings.py:109} WARNING - /home/***/.local/lib/python3.8/site-packages/urllib3/connectionpool.py:1061: InsecureRequestWarning: Unverified HTTPS request is being made to host 'api.bcra.gob.ar'. Adding certificate verification is strongly advised. See: https://urllib3.readthedocs.io/en/1.26.x/advanced-usage.html#ssl-warnings
  warnings.warn(

[2025-08-06T22:56:44.219+0000] {logging_mixin.py:188} INFO - ----Divisas---
[2025-08-06T22:56:44.222+0000] {logging_mixin.py:188} INFO - [{'codigo': 'ARS', 'denominacion': 'PESO'}, {'codigo': 'ATS', 'denominacion': 'CHELINES AUSTRIACOS'}, {'codigo': 'AUD', 'denominacion': 'DOLAR AUSTRALIA'}, {'codigo': 'AWG', 'denominacion': 'FLORIN (ANTILLAS HOLANDESAS)'}, {'codigo': 'BOB', 'denominacion': 'BOLIVIANOS'}, {'codigo': 'BRL', 'denominacion': 'REAL'}, {'codigo': 'CAD', 'denominacion': 'DOLAR CANADIEN.'}, {'codigo': 'CHF', 'denominacion': 'FRANCO SUIZO'}, {'codigo': 'CLP', 'denominacion': 'PESO CHILENO'}, {'codigo': 'CNH', 'denominacion': 'YUAN CNH RENMINBI OFF SHORE'}, {'codigo': 'CNY', 'denominacion': 'YUAN CNY RENMINBI'}, {'codigo': 'COP', 'denominacion': 'COLOMBIANOS'}, {'codigo': 'CZK', 'denominacion': 'CORONAS CHECAS'}, {'codigo': 'DEM', 'denominacion': 'MARCO ALEMAN'}, {'codigo': 'DKK', 'denominacion': 'CORONAS DANESAS'}, {'codigo': 'ESP', 'denominacion': 'PESETA'}, {'codigo': 'EUR', 'denominacion': 'EURO'}, {'codigo': 'GBP', 'denominacion': 'LIBRA ESTERLINA'}, {'codigo': 'HKD', 'denominacion': 'DOLAR HONG KONG'}, {'codigo': 'ILS', 'denominacion': 'LIBRA ISRAELI'}, {'codigo': 'INR', 'denominacion': 'RUPIA (INDIA)'}, {'codigo': 'ITL', 'denominacion': 'LIRA ITALIANA'}, {'codigo': 'JPY', 'denominacion': 'YENS'}, {'codigo': 'MXP', 'denominacion': 'PESO MEXICANO'}, {'codigo': 'NIO', 'denominacion': 'CORDOBA NICARAGUENSE'}, {'codigo': 'NIO', 'denominacion': 'CORDOBAS'}, {'codigo': 'NOK', 'denominacion': 'CORONAS NORUEGA'}, {'codigo': 'NZD', 'denominacion': 'DOLAR NEOZELANDES'}, {'codigo': 'PEN', 'denominacion': 'SOLES'}, {'codigo': 'PYG', 'denominacion': 'GUARANIES'}, {'codigo': 'REF', 'denominacion': 'DOLAR REFERENCIA COM 3500'}, {'codigo': 'RSD', 'denominacion': 'DINAR SERBIA'}, {'codigo': 'RUB', 'denominacion': 'RUSIA'}, {'codigo': 'SEK', 'denominacion': 'CORONAS SUECAS'}, {'codigo': 'SGD', 'denominacion': 'DOLAR DE SINGAPUR'}, {'codigo': 'TRY', 'denominacion': 'LIRA TURCA'}, {'codigo': 'USD', 'denominacion': 'DOLAR E.E.U.U.'}, {'codigo': 'UYU', 'denominacion': 'PESO URUGUAYO'}, {'codigo': 'VEB', 'denominacion': 'BOLIVARES'}, {'codigo': 'VND', 'denominacion': 'DONG VIETNAM (c/1.000 unidades)'}, {'codigo': 'XAG', 'denominacion': 'PLATA - ONZA TROY'}, {'codigo': 'XAU', 'denominacion': 'ORO FINO (1 ONZA)'}, {'codigo': 'XDR', 'denominacion': 'DEG'}, {'codigo': 'ZAR', 'denominacion': 'RAND SUD'}]
[2025-08-06T22:56:44.235+0000] {logging_mixin.py:188} INFO - Error en la Api ARS: module 'datetime' has no attribute 'today'
[2025-08-06T22:56:44.236+0000] {logging_mixin.py:188} INFO - []
[2025-08-06T22:56:44.239+0000] {logging_mixin.py:188} INFO - Error en la Api ATS: module 'datetime' has no attribute 'today'
[2025-08-06T22:56:44.241+0000] {logging_mixin.py:188} INFO - []
[2025-08-06T22:56:44.244+0000] {logging_mixin.py:188} INFO - Error en la Api AUD: module 'datetime' has no attribute 'today'
[2025-08-06T22:56:44.248+0000] {logging_mixin.py:188} INFO - []
[2025-08-06T22:56:44.251+0000] {logging_mixin.py:188} INFO - Error en la Api AWG: module 'datetime' has no attribute 'today'
[2025-08-06T22:56:44.254+0000] {logging_mixin.py:188} INFO - []
[2025-08-06T22:56:44.258+0000] {logging_mixin.py:188} INFO - Error en la Api BOB: module 'datetime' has no attribute 'today'
[2025-08-06T22:56:44.260+0000] {logging_mixin.py:188} INFO - []
[2025-08-06T22:56:44.267+0000] {logging_mixin.py:188} INFO - Error en la Api BRL: module 'datetime' has no attribute 'today'
[2025-08-06T22:56:44.271+0000] {logging_mixin.py:188} INFO - []
[2025-08-06T22:56:44.273+0000] {logging_mixin.py:188} INFO - Error en la Api CAD: module 'datetime' has no attribute 'today'
[2025-08-06T22:56:44.275+0000] {logging_mixin.py:188} INFO - []
[2025-08-06T22:56:44.277+0000] {logging_mixin.py:188} INFO - Error en la Api CHF: module 'datetime' has no attribute 'today'
[2025-08-06T22:56:44.279+0000] {logging_mixin.py:188} INFO - []
[2025-08-06T22:56:44.283+0000] {logging_mixin.py:188} INFO - Error en la Api CLP: module 'datetime' has no attribute 'today'
[2025-08-06T22:56:44.287+0000] {logging_mixin.py:188} INFO - []
[2025-08-06T22:56:44.289+0000] {logging_mixin.py:188} INFO - Error en la Api CNH: module 'datetime' has no attribute 'today'
[2025-08-06T22:56:44.291+0000] {logging_mixin.py:188} INFO - []
[2025-08-06T22:56:44.293+0000] {logging_mixin.py:188} INFO - Error en la Api CNY: module 'datetime' has no attribute 'today'
[2025-08-06T22:56:44.294+0000] {logging_mixin.py:188} INFO - []
[2025-08-06T22:56:44.297+0000] {logging_mixin.py:188} INFO - Error en la Api COP: module 'datetime' has no attribute 'today'
[2025-08-06T22:56:44.299+0000] {logging_mixin.py:188} INFO - []
[2025-08-06T22:56:44.302+0000] {logging_mixin.py:188} INFO - Error en la Api CZK: module 'datetime' has no attribute 'today'
[2025-08-06T22:56:44.303+0000] {logging_mixin.py:188} INFO - []
[2025-08-06T22:56:44.304+0000] {logging_mixin.py:188} INFO - Error en la Api DEM: module 'datetime' has no attribute 'today'
[2025-08-06T22:56:44.306+0000] {logging_mixin.py:188} INFO - []
[2025-08-06T22:56:44.309+0000] {logging_mixin.py:188} INFO - Error en la Api DKK: module 'datetime' has no attribute 'today'
[2025-08-06T22:56:44.311+0000] {logging_mixin.py:188} INFO - []
[2025-08-06T22:56:44.315+0000] {logging_mixin.py:188} INFO - Error en la Api ESP: module 'datetime' has no attribute 'today'
[2025-08-06T22:56:44.316+0000] {logging_mixin.py:188} INFO - []
[2025-08-06T22:56:44.318+0000] {logging_mixin.py:188} INFO - Error en la Api EUR: module 'datetime' has no attribute 'today'
[2025-08-06T22:56:44.320+0000] {logging_mixin.py:188} INFO - []
[2025-08-06T22:56:44.322+0000] {logging_mixin.py:188} INFO - Error en la Api GBP: module 'datetime' has no attribute 'today'
[2025-08-06T22:56:44.324+0000] {logging_mixin.py:188} INFO - []
[2025-08-06T22:56:44.327+0000] {logging_mixin.py:188} INFO - Error en la Api HKD: module 'datetime' has no attribute 'today'
[2025-08-06T22:56:44.330+0000] {logging_mixin.py:188} INFO - []
[2025-08-06T22:56:44.333+0000] {logging_mixin.py:188} INFO - Error en la Api ILS: module 'datetime' has no attribute 'today'
[2025-08-06T22:56:44.335+0000] {logging_mixin.py:188} INFO - []
[2025-08-06T22:56:44.338+0000] {logging_mixin.py:188} INFO - Error en la Api INR: module 'datetime' has no attribute 'today'
[2025-08-06T22:56:44.340+0000] {logging_mixin.py:188} INFO - []
[2025-08-06T22:56:44.343+0000] {logging_mixin.py:188} INFO - Error en la Api ITL: module 'datetime' has no attribute 'today'
[2025-08-06T22:56:44.347+0000] {logging_mixin.py:188} INFO - []
[2025-08-06T22:56:44.351+0000] {logging_mixin.py:188} INFO - Error en la Api JPY: module 'datetime' has no attribute 'today'
[2025-08-06T22:56:44.353+0000] {logging_mixin.py:188} INFO - []
[2025-08-06T22:56:44.355+0000] {logging_mixin.py:188} INFO - Error en la Api MXP: module 'datetime' has no attribute 'today'
[2025-08-06T22:56:44.357+0000] {logging_mixin.py:188} INFO - []
[2025-08-06T22:56:44.359+0000] {logging_mixin.py:188} INFO - Error en la Api NIO: module 'datetime' has no attribute 'today'
[2025-08-06T22:56:44.361+0000] {logging_mixin.py:188} INFO - []
[2025-08-06T22:56:44.364+0000] {logging_mixin.py:188} INFO - Error en la Api NIO: module 'datetime' has no attribute 'today'
[2025-08-06T22:56:44.365+0000] {logging_mixin.py:188} INFO - []
[2025-08-06T22:56:44.368+0000] {logging_mixin.py:188} INFO - Error en la Api NOK: module 'datetime' has no attribute 'today'
[2025-08-06T22:56:44.369+0000] {logging_mixin.py:188} INFO - []
[2025-08-06T22:56:44.372+0000] {logging_mixin.py:188} INFO - Error en la Api NZD: module 'datetime' has no attribute 'today'
[2025-08-06T22:56:44.374+0000] {logging_mixin.py:188} INFO - []
[2025-08-06T22:56:44.376+0000] {logging_mixin.py:188} INFO - Error en la Api PEN: module 'datetime' has no attribute 'today'
[2025-08-06T22:56:44.378+0000] {logging_mixin.py:188} INFO - []
[2025-08-06T22:56:44.381+0000] {logging_mixin.py:188} INFO - Error en la Api PYG: module 'datetime' has no attribute 'today'
[2025-08-06T22:56:44.383+0000] {logging_mixin.py:188} INFO - []
[2025-08-06T22:56:44.386+0000] {logging_mixin.py:188} INFO - Error en la Api REF: module 'datetime' has no attribute 'today'
[2025-08-06T22:56:44.388+0000] {logging_mixin.py:188} INFO - []
[2025-08-06T22:56:44.390+0000] {logging_mixin.py:188} INFO - Error en la Api RSD: module 'datetime' has no attribute 'today'
[2025-08-06T22:56:44.392+0000] {logging_mixin.py:188} INFO - []
[2025-08-06T22:56:44.394+0000] {logging_mixin.py:188} INFO - Error en la Api RUB: module 'datetime' has no attribute 'today'
[2025-08-06T22:56:44.397+0000] {logging_mixin.py:188} INFO - []
[2025-08-06T22:56:44.400+0000] {logging_mixin.py:188} INFO - Error en la Api SEK: module 'datetime' has no attribute 'today'
[2025-08-06T22:56:44.402+0000] {logging_mixin.py:188} INFO - []
[2025-08-06T22:56:44.405+0000] {logging_mixin.py:188} INFO - Error en la Api SGD: module 'datetime' has no attribute 'today'
[2025-08-06T22:56:44.407+0000] {logging_mixin.py:188} INFO - []
[2025-08-06T22:56:44.409+0000] {logging_mixin.py:188} INFO - Error en la Api TRY: module 'datetime' has no attribute 'today'
[2025-08-06T22:56:44.411+0000] {logging_mixin.py:188} INFO - []
[2025-08-06T22:56:44.414+0000] {logging_mixin.py:188} INFO - Error en la Api USD: module 'datetime' has no attribute 'today'
[2025-08-06T22:56:44.417+0000] {logging_mixin.py:188} INFO - []
[2025-08-06T22:56:44.419+0000] {logging_mixin.py:188} INFO - Error en la Api UYU: module 'datetime' has no attribute 'today'
[2025-08-06T22:56:44.421+0000] {logging_mixin.py:188} INFO - []
[2025-08-06T22:56:44.423+0000] {logging_mixin.py:188} INFO - Error en la Api VEB: module 'datetime' has no attribute 'today'
[2025-08-06T22:56:44.425+0000] {logging_mixin.py:188} INFO - []
[2025-08-06T22:56:44.427+0000] {logging_mixin.py:188} INFO - Error en la Api VND: module 'datetime' has no attribute 'today'
[2025-08-06T22:56:44.429+0000] {logging_mixin.py:188} INFO - []
[2025-08-06T22:56:44.432+0000] {logging_mixin.py:188} INFO - Error en la Api XAG: module 'datetime' has no attribute 'today'
[2025-08-06T22:56:44.434+0000] {logging_mixin.py:188} INFO - []
[2025-08-06T22:56:44.436+0000] {logging_mixin.py:188} INFO - Error en la Api XAU: module 'datetime' has no attribute 'today'
[2025-08-06T22:56:44.438+0000] {logging_mixin.py:188} INFO - []
[2025-08-06T22:56:44.440+0000] {logging_mixin.py:188} INFO - Error en la Api XDR: module 'datetime' has no attribute 'today'
[2025-08-06T22:56:44.442+0000] {logging_mixin.py:188} INFO - []
[2025-08-06T22:56:44.444+0000] {logging_mixin.py:188} INFO - Error en la Api ZAR: module 'datetime' has no attribute 'today'
[2025-08-06T22:56:44.446+0000] {logging_mixin.py:188} INFO - []
[2025-08-06T22:56:44.449+0000] {python.py:201} INFO - Done. Returned value was: None
[2025-08-06T22:56:44.499+0000] {taskinstance.py:1138} INFO - Marking task as SUCCESS. dag_id=Ejercicio2, task_id=cargainicial, execution_date=20250806T225629, start_date=20250806T225642, end_date=20250806T225644
[2025-08-06T22:56:44.588+0000] {local_task_job_runner.py:234} INFO - Task exited with return code 0
[2025-08-06T22:56:44.665+0000] {taskinstance.py:3280} INFO - 0 downstream tasks scheduled from follow-on schedule check
