[2025-08-06T23:30:25.409+0000] {taskinstance.py:1956} INFO - Dependencies all met for dep_context=non-requeueable deps ti=<TaskInstance: Ejercicio2.Inicio manual__2025-08-06T23:24:53.695348+00:00 [queued]>
[2025-08-06T23:30:25.455+0000] {taskinstance.py:1956} INFO - Dependencies all met for dep_context=requeueable deps ti=<TaskInstance: Ejercicio2.Inicio manual__2025-08-06T23:24:53.695348+00:00 [queued]>
[2025-08-06T23:30:25.457+0000] {taskinstance.py:2170} INFO - Starting attempt 2 of 2
[2025-08-06T23:30:25.520+0000] {taskinstance.py:2191} INFO - Executing <Task(BranchPythonOperator): Inicio> on 2025-08-06 23:24:53.695348+00:00
[2025-08-06T23:30:25.546+0000] {standard_task_runner.py:60} INFO - Started process 4780 to run task
[2025-08-06T23:30:25.557+0000] {standard_task_runner.py:87} INFO - Running: ['***', 'tasks', 'run', 'Ejercicio2', 'Inicio', 'manual__2025-08-06T23:24:53.695348+00:00', '--job-id', '289', '--raw', '--subdir', 'DAGS_FOLDER/ejercicio2.py', '--cfg-path', '/tmp/tmp0ganx25l']
[2025-08-06T23:30:25.566+0000] {standard_task_runner.py:88} INFO - Job 289: Subtask Inicio
[2025-08-06T23:30:25.826+0000] {task_command.py:423} INFO - Running <TaskInstance: Ejercicio2.Inicio manual__2025-08-06T23:24:53.695348+00:00 [running]> on host 019b67754667
[2025-08-06T23:30:26.170+0000] {taskinstance.py:2480} INFO - Exporting env vars: AIRFLOW_CTX_DAG_OWNER='***' AIRFLOW_CTX_DAG_ID='Ejercicio2' AIRFLOW_CTX_TASK_ID='Inicio' AIRFLOW_CTX_EXECUTION_DATE='2025-08-06T23:24:53.695348+00:00' AIRFLOW_CTX_TRY_NUMBER='2' AIRFLOW_CTX_DAG_RUN_ID='manual__2025-08-06T23:24:53.695348+00:00'
[2025-08-06T23:30:26.802+0000] {_client.py:1038} INFO - HTTP Request: GET https://qwpzsjaaxuijmqodvslf.supabase.co/rest/v1/cotizaciones?select=%2A "HTTP/2 200 OK"
[2025-08-06T23:30:26.828+0000] {logging_mixin.py:188} INFO - 
 ----------------------
data=[] count=None
[2025-08-06T23:30:26.830+0000] {python.py:201} INFO - Done. Returned value was: cargainicial
[2025-08-06T23:30:26.831+0000] {branch.py:35} INFO - Branch into cargainicial
[2025-08-06T23:30:26.833+0000] {skipmixin.py:178} INFO - Following branch cargainicial
[2025-08-06T23:30:26.869+0000] {skipmixin.py:244} INFO - Skipping tasks []
[2025-08-06T23:30:26.982+0000] {taskinstance.py:1138} INFO - Marking task as SUCCESS. dag_id=Ejercicio2, task_id=Inicio, execution_date=20250806T232453, start_date=20250806T233025, end_date=20250806T233026
[2025-08-06T23:30:27.070+0000] {local_task_job_runner.py:234} INFO - Task exited with return code 0
[2025-08-06T23:30:27.160+0000] {taskinstance.py:3280} INFO - 1 downstream tasks scheduled from follow-on schedule check
