[2025-08-05T23:18:15.586+0000] {taskinstance.py:1956} INFO - Dependencies all met for dep_context=non-requeueable deps ti=<TaskInstance: Ejercicio1.Updatedimcustomersegment manual__2025-08-05T23:18:00.150544+00:00 [queued]>
[2025-08-05T23:18:15.647+0000] {taskinstance.py:1956} INFO - Dependencies all met for dep_context=requeueable deps ti=<TaskInstance: Ejercicio1.Updatedimcustomersegment manual__2025-08-05T23:18:00.150544+00:00 [queued]>
[2025-08-05T23:18:15.652+0000] {taskinstance.py:2170} INFO - Starting attempt 1 of 2
[2025-08-05T23:18:15.730+0000] {taskinstance.py:2191} INFO - Executing <Task(PythonOperator): Updatedimcustomersegment> on 2025-08-05 23:18:00.150544+00:00
[2025-08-05T23:18:15.754+0000] {standard_task_runner.py:60} INFO - Started process 3138 to run task
[2025-08-05T23:18:15.779+0000] {standard_task_runner.py:87} INFO - Running: ['***', 'tasks', 'run', 'Ejercicio1', 'Updatedimcustomersegment', 'manual__2025-08-05T23:18:00.150544+00:00', '--job-id', '210', '--raw', '--subdir', 'DAGS_FOLDER/ejercicio1.py', '--cfg-path', '/tmp/tmp_8ccejlj']
[2025-08-05T23:18:15.801+0000] {standard_task_runner.py:88} INFO - Job 210: Subtask Updatedimcustomersegment
[2025-08-05T23:18:16.061+0000] {task_command.py:423} INFO - Running <TaskInstance: Ejercicio1.Updatedimcustomersegment manual__2025-08-05T23:18:00.150544+00:00 [running]> on host 019b67754667
[2025-08-05T23:18:16.400+0000] {taskinstance.py:2480} INFO - Exporting env vars: AIRFLOW_CTX_DAG_OWNER='***' AIRFLOW_CTX_DAG_ID='Ejercicio1' AIRFLOW_CTX_TASK_ID='Updatedimcustomersegment' AIRFLOW_CTX_EXECUTION_DATE='2025-08-05T23:18:00.150544+00:00' AIRFLOW_CTX_TRY_NUMBER='1' AIRFLOW_CTX_DAG_RUN_ID='manual__2025-08-05T23:18:00.150544+00:00'
[2025-08-05T23:18:16.509+0000] {taskinstance.py:2698} ERROR - Task failed with exception
Traceback (most recent call last):
  File "/home/airflow/.local/lib/python3.8/site-packages/airflow/models/taskinstance.py", line 433, in _execute_task
    result = execute_callable(context=context, **execute_callable_kwargs)
  File "/home/airflow/.local/lib/python3.8/site-packages/airflow/operators/python.py", line 199, in execute
    return_value = self.execute_callable()
  File "/home/airflow/.local/lib/python3.8/site-packages/airflow/operators/python.py", line 216, in execute_callable
    return self.python_callable(*self.op_args, **self.op_kwargs)
  File "/opt/airflow/dags/ejercicio1.py", line 143, in call
    update_inactive(table,id,engine)
  File "/opt/airflow/dags/ejercicio1.py", line 43, in update_inactive
    supabase= supabase.table(stanging).select("*").execute()
UnboundLocalError: local variable 'supabase' referenced before assignment
[2025-08-05T23:18:16.570+0000] {taskinstance.py:1138} INFO - Marking task as UP_FOR_RETRY. dag_id=Ejercicio1, task_id=Updatedimcustomersegment, execution_date=20250805T231800, start_date=20250805T231815, end_date=20250805T231816
[2025-08-05T23:18:16.627+0000] {standard_task_runner.py:107} ERROR - Failed to execute job 210 for task Updatedimcustomersegment (local variable 'supabase' referenced before assignment; 3138)
[2025-08-05T23:18:16.697+0000] {local_task_job_runner.py:234} INFO - Task exited with return code 1
[2025-08-05T23:18:16.835+0000] {taskinstance.py:3280} INFO - 0 downstream tasks scheduled from follow-on schedule check
