[2025-08-07T02:25:53.555+0000] {taskinstance.py:1956} INFO - Dependencies all met for dep_context=non-requeueable deps ti=<TaskInstance: Ejercicio2.cargaincremental manual__2025-08-07T02:25:22.604723+00:00 [queued]>
[2025-08-07T02:25:53.628+0000] {taskinstance.py:1956} INFO - Dependencies all met for dep_context=requeueable deps ti=<TaskInstance: Ejercicio2.cargaincremental manual__2025-08-07T02:25:22.604723+00:00 [queued]>
[2025-08-07T02:25:53.630+0000] {taskinstance.py:2170} INFO - Starting attempt 1 of 2
[2025-08-07T02:25:53.698+0000] {taskinstance.py:2191} INFO - Executing <Task(PythonOperator): cargaincremental> on 2025-08-07 02:25:22.604723+00:00
[2025-08-07T02:25:53.722+0000] {standard_task_runner.py:60} INFO - Started process 6621 to run task
[2025-08-07T02:25:53.735+0000] {standard_task_runner.py:87} INFO - Running: ['***', 'tasks', 'run', 'Ejercicio2', 'cargaincremental', 'manual__2025-08-07T02:25:22.604723+00:00', '--job-id', '335', '--raw', '--subdir', 'DAGS_FOLDER/ejercicio2.py', '--cfg-path', '/tmp/tmpsdq4wp2b']
[2025-08-07T02:25:53.746+0000] {standard_task_runner.py:88} INFO - Job 335: Subtask cargaincremental
[2025-08-07T02:25:53.976+0000] {task_command.py:423} INFO - Running <TaskInstance: Ejercicio2.cargaincremental manual__2025-08-07T02:25:22.604723+00:00 [running]> on host 019b67754667
[2025-08-07T02:25:54.353+0000] {taskinstance.py:2480} INFO - Exporting env vars: AIRFLOW_CTX_DAG_OWNER='***' AIRFLOW_CTX_DAG_ID='Ejercicio2' AIRFLOW_CTX_TASK_ID='cargaincremental' AIRFLOW_CTX_EXECUTION_DATE='2025-08-07T02:25:22.604723+00:00' AIRFLOW_CTX_TRY_NUMBER='1' AIRFLOW_CTX_DAG_RUN_ID='manual__2025-08-07T02:25:22.604723+00:00'
[2025-08-07T02:25:56.035+0000] {warnings.py:109} WARNING - /home/***/.local/lib/python3.8/site-packages/urllib3/connectionpool.py:1061: InsecureRequestWarning: Unverified HTTPS request is being made to host 'api.bcra.gob.ar'. Adding certificate verification is strongly advised. See: https://urllib3.readthedocs.io/en/1.26.x/advanced-usage.html#ssl-warnings
  warnings.warn(

[2025-08-07T02:25:56.990+0000] {_client.py:1038} INFO - HTTP Request: GET https://qwpzsjaaxuijmqodvslf.supabase.co/rest/v1/cotizaciones?select=fecha&moneda=eq.ARS&order=fecha.desc&limit=1 "HTTP/2 200 OK"
[2025-08-07T02:25:57.005+0000] {logging_mixin.py:188} INFO - NO HAY DATOS DE ESTA MONEDA ARS INTENTADO TRAER DATOS NUEVOS...
[2025-08-07T02:25:57.325+0000] {warnings.py:109} WARNING - /home/***/.local/lib/python3.8/site-packages/urllib3/connectionpool.py:1061: InsecureRequestWarning: Unverified HTTPS request is being made to host 'api.bcra.gob.ar'. Adding certificate verification is strongly advised. See: https://urllib3.readthedocs.io/en/1.26.x/advanced-usage.html#ssl-warnings
  warnings.warn(

[2025-08-07T02:25:57.396+0000] {logging_mixin.py:188} INFO - Error en la Api ARS: 'results'
[2025-08-07T02:25:57.827+0000] {_client.py:1038} INFO - HTTP Request: GET https://qwpzsjaaxuijmqodvslf.supabase.co/rest/v1/cotizaciones?select=fecha&moneda=eq.ATS&order=fecha.desc&limit=1 "HTTP/2 200 OK"
[2025-08-07T02:25:57.835+0000] {logging_mixin.py:188} INFO - NO HAY DATOS DE ESTA MONEDA ATS INTENTADO TRAER DATOS NUEVOS...
[2025-08-07T02:25:58.227+0000] {warnings.py:109} WARNING - /home/***/.local/lib/python3.8/site-packages/urllib3/connectionpool.py:1061: InsecureRequestWarning: Unverified HTTPS request is being made to host 'api.bcra.gob.ar'. Adding certificate verification is strongly advised. See: https://urllib3.readthedocs.io/en/1.26.x/advanced-usage.html#ssl-warnings
  warnings.warn(

[2025-08-07T02:25:58.284+0000] {logging_mixin.py:188} INFO - Error en la Api ATS: 'results'
[2025-08-07T02:25:58.813+0000] {_client.py:1038} INFO - HTTP Request: GET https://qwpzsjaaxuijmqodvslf.supabase.co/rest/v1/cotizaciones?select=fecha&moneda=eq.AUD&order=fecha.desc&limit=1 "HTTP/2 200 OK"
[2025-08-07T02:25:58.819+0000] {logging_mixin.py:188} INFO - FECHA DESDE: 2025-08-06 MONEDA AUD NUEVA CONSULTA DESDE:2025-08-07 HASTA 2025-08-07
[2025-08-07T02:25:59.306+0000] {warnings.py:109} WARNING - /home/***/.local/lib/python3.8/site-packages/urllib3/connectionpool.py:1061: InsecureRequestWarning: Unverified HTTPS request is being made to host 'api.bcra.gob.ar'. Adding certificate verification is strongly advised. See: https://urllib3.readthedocs.io/en/1.26.x/advanced-usage.html#ssl-warnings
  warnings.warn(

[2025-08-07T02:25:59.378+0000] {logging_mixin.py:188} INFO - Error en la Api AUD: 'results'
[2025-08-07T02:25:59.905+0000] {_client.py:1038} INFO - HTTP Request: GET https://qwpzsjaaxuijmqodvslf.supabase.co/rest/v1/cotizaciones?select=fecha&moneda=eq.AWG&order=fecha.desc&limit=1 "HTTP/2 200 OK"
[2025-08-07T02:25:59.907+0000] {logging_mixin.py:188} INFO - FECHA DESDE: 2025-08-06 MONEDA AWG NUEVA CONSULTA DESDE:2025-08-07 HASTA 2025-08-07
[2025-08-07T02:26:00.220+0000] {warnings.py:109} WARNING - /home/***/.local/lib/python3.8/site-packages/urllib3/connectionpool.py:1061: InsecureRequestWarning: Unverified HTTPS request is being made to host 'api.bcra.gob.ar'. Adding certificate verification is strongly advised. See: https://urllib3.readthedocs.io/en/1.26.x/advanced-usage.html#ssl-warnings
  warnings.warn(

[2025-08-07T02:26:00.335+0000] {logging_mixin.py:188} INFO - Error en la Api AWG: 'results'
[2025-08-07T02:26:01.049+0000] {_client.py:1038} INFO - HTTP Request: GET https://qwpzsjaaxuijmqodvslf.supabase.co/rest/v1/cotizaciones?select=fecha&moneda=eq.BOB&order=fecha.desc&limit=1 "HTTP/2 200 OK"
[2025-08-07T02:26:01.064+0000] {logging_mixin.py:188} INFO - FECHA DESDE: 2025-08-06 MONEDA BOB NUEVA CONSULTA DESDE:2025-08-07 HASTA 2025-08-07
[2025-08-07T02:26:01.594+0000] {warnings.py:109} WARNING - /home/***/.local/lib/python3.8/site-packages/urllib3/connectionpool.py:1061: InsecureRequestWarning: Unverified HTTPS request is being made to host 'api.bcra.gob.ar'. Adding certificate verification is strongly advised. See: https://urllib3.readthedocs.io/en/1.26.x/advanced-usage.html#ssl-warnings
  warnings.warn(

[2025-08-07T02:26:01.663+0000] {logging_mixin.py:188} INFO - Error en la Api BOB: 'results'
[2025-08-07T02:26:01.851+0000] {python.py:201} INFO - Done. Returned value was: None
[2025-08-07T02:26:01.877+0000] {taskinstance.py:1138} INFO - Marking task as SUCCESS. dag_id=Ejercicio2, task_id=cargaincremental, execution_date=20250807T022522, start_date=20250807T022553, end_date=20250807T022601
[2025-08-07T02:26:01.969+0000] {local_task_job_runner.py:234} INFO - Task exited with return code 0
[2025-08-07T02:26:02.018+0000] {taskinstance.py:3280} INFO - 0 downstream tasks scheduled from follow-on schedule check
