[2025-08-05T19:04:49.831+0000] {taskinstance.py:1956} INFO - Dependencies all met for dep_context=non-requeueable deps ti=<TaskInstance: Ejercicio1.LoadAndSetdimdate manual__2025-08-05T19:04:30.609150+00:00 [queued]>
[2025-08-05T19:04:49.870+0000] {taskinstance.py:1956} INFO - Dependencies all met for dep_context=requeueable deps ti=<TaskInstance: Ejercicio1.LoadAndSetdimdate manual__2025-08-05T19:04:30.609150+00:00 [queued]>
[2025-08-05T19:04:49.874+0000] {taskinstance.py:2170} INFO - Starting attempt 1 of 2
[2025-08-05T19:04:50.070+0000] {taskinstance.py:2191} INFO - Executing <Task(PythonOperator): LoadAndSetdimdate> on 2025-08-05 19:04:30.609150+00:00
[2025-08-05T19:04:50.277+0000] {standard_task_runner.py:60} INFO - Started process 700 to run task
[2025-08-05T19:04:50.317+0000] {standard_task_runner.py:87} INFO - Running: ['***', 'tasks', 'run', 'Ejercicio1', 'LoadAndSetdimdate', 'manual__2025-08-05T19:04:30.609150+00:00', '--job-id', '107', '--raw', '--subdir', 'DAGS_FOLDER/ejercicio1.py', '--cfg-path', '/tmp/tmp64rcqv20']
[2025-08-05T19:04:50.323+0000] {standard_task_runner.py:88} INFO - Job 107: Subtask LoadAndSetdimdate
[2025-08-05T19:04:50.534+0000] {task_command.py:423} INFO - Running <TaskInstance: Ejercicio1.LoadAndSetdimdate manual__2025-08-05T19:04:30.609150+00:00 [running]> on host 019b67754667
[2025-08-05T19:04:50.826+0000] {taskinstance.py:2480} INFO - Exporting env vars: AIRFLOW_CTX_DAG_OWNER='***' AIRFLOW_CTX_DAG_ID='Ejercicio1' AIRFLOW_CTX_TASK_ID='LoadAndSetdimdate' AIRFLOW_CTX_EXECUTION_DATE='2025-08-05T19:04:30.609150+00:00' AIRFLOW_CTX_TRY_NUMBER='1' AIRFLOW_CTX_DAG_RUN_ID='manual__2025-08-05T19:04:30.609150+00:00'
[2025-08-05T19:04:50.900+0000] {logging_mixin.py:188} INFO - 
 ---------------SE ENCONTRAROS DATOS PARA LA CARGA INICIAL | ULTIMO ID DE LA TABLA:350-----------------
[2025-08-05T19:04:52.995+0000] {_client.py:1038} INFO - HTTP Request: POST https://qwpzsjaaxuijmqodvslf.supabase.co/rest/v1/dimdate?columns=%22Quarter%22%2C%22dateid%22%2C%22WeekdayName%22%2C%22Weekday%22%2C%22Monthname%22%2C%22Month%22%2C%22QuarterName%22%2C%22Day%22%2C%22date%22%2C%22Year%22 "HTTP/2 400 Bad Request"
[2025-08-05T19:04:53.038+0000] {logging_mixin.py:188} INFO - Error insertando en dimdate: {'code': 'PGRST204', 'details': None, 'hint': None, 'message': "Could not find the 'Day' column of 'dimdate' in the schema cache"}
[2025-08-05T19:04:53.016+0000] {_client.py:1038} INFO - HTTP Request: POST https://qwpzsjaaxuijmqodvslf.supabase.co/rest/v1/dimdate?columns=%22Quarter%22%2C%22dateid%22%2C%22WeekdayName%22%2C%22Weekday%22%2C%22Monthname%22%2C%22Month%22%2C%22QuarterName%22%2C%22Day%22%2C%22date%22%2C%22Year%22 "HTTP/2 400 Bad Request"
[2025-08-05T19:04:53.018+0000] {logging_mixin.py:188} INFO - Error insertando en dimdate: {'code': 'PGRST204', 'details': None, 'hint': None, 'message': "Could not find the 'Day' column of 'dimdate' in the schema cache"}
[2025-08-05T19:04:52.574+0000] {_client.py:1038} INFO - HTTP Request: POST https://qwpzsjaaxuijmqodvslf.supabase.co/rest/v1/dimdate?columns=%22Quarter%22%2C%22dateid%22%2C%22WeekdayName%22%2C%22Weekday%22%2C%22Monthname%22%2C%22Month%22%2C%22QuarterName%22%2C%22Day%22%2C%22date%22%2C%22Year%22 "HTTP/2 400 Bad Request"
[2025-08-05T19:04:52.576+0000] {logging_mixin.py:188} INFO - Error insertando en dimdate: {'code': 'PGRST204', 'details': None, 'hint': None, 'message': "Could not find the 'Day' column of 'dimdate' in the schema cache"}
[2025-08-05T19:04:52.798+0000] {_client.py:1038} INFO - HTTP Request: POST https://qwpzsjaaxuijmqodvslf.supabase.co/rest/v1/dimdate?columns=%22Quarter%22%2C%22dateid%22%2C%22WeekdayName%22%2C%22Weekday%22%2C%22Monthname%22%2C%22Month%22%2C%22QuarterName%22%2C%22Day%22%2C%22date%22%2C%22Year%22 "HTTP/2 400 Bad Request"
[2025-08-05T19:04:52.801+0000] {logging_mixin.py:188} INFO - Error insertando en dimdate: {'code': 'PGRST204', 'details': None, 'hint': None, 'message': "Could not find the 'Day' column of 'dimdate' in the schema cache"}
[2025-08-05T19:04:53.006+0000] {_client.py:1038} INFO - HTTP Request: POST https://qwpzsjaaxuijmqodvslf.supabase.co/rest/v1/dimdate?columns=%22Quarter%22%2C%22dateid%22%2C%22WeekdayName%22%2C%22Weekday%22%2C%22Monthname%22%2C%22Month%22%2C%22QuarterName%22%2C%22Day%22%2C%22date%22%2C%22Year%22 "HTTP/2 400 Bad Request"
[2025-08-05T19:04:53.008+0000] {logging_mixin.py:188} INFO - Error insertando en dimdate: {'code': 'PGRST204', 'details': None, 'hint': None, 'message': "Could not find the 'Day' column of 'dimdate' in the schema cache"}
[2025-08-05T19:04:53.222+0000] {_client.py:1038} INFO - HTTP Request: POST https://qwpzsjaaxuijmqodvslf.supabase.co/rest/v1/dimdate?columns=%22Quarter%22%2C%22dateid%22%2C%22WeekdayName%22%2C%22Weekday%22%2C%22Monthname%22%2C%22Month%22%2C%22QuarterName%22%2C%22Day%22%2C%22date%22%2C%22Year%22 "HTTP/2 400 Bad Request"
[2025-08-05T19:04:53.225+0000] {logging_mixin.py:188} INFO - Error insertando en dimdate: {'code': 'PGRST204', 'details': None, 'hint': None, 'message': "Could not find the 'Day' column of 'dimdate' in the schema cache"}
[2025-08-05T19:04:53.440+0000] {_client.py:1038} INFO - HTTP Request: POST https://qwpzsjaaxuijmqodvslf.supabase.co/rest/v1/dimdate?columns=%22Quarter%22%2C%22dateid%22%2C%22WeekdayName%22%2C%22Weekday%22%2C%22Monthname%22%2C%22Month%22%2C%22QuarterName%22%2C%22Day%22%2C%22date%22%2C%22Year%22 "HTTP/2 400 Bad Request"
[2025-08-05T19:04:53.442+0000] {logging_mixin.py:188} INFO - Error insertando en dimdate: {'code': 'PGRST204', 'details': None, 'hint': None, 'message': "Could not find the 'Day' column of 'dimdate' in the schema cache"}
[2025-08-05T19:04:56.237+0000] {_client.py:1038} INFO - HTTP Request: POST https://qwpzsjaaxuijmqodvslf.supabase.co/rest/v1/dimdate?columns=%22Quarter%22%2C%22dateid%22%2C%22WeekdayName%22%2C%22Weekday%22%2C%22Monthname%22%2C%22Month%22%2C%22QuarterName%22%2C%22Day%22%2C%22date%22%2C%22Year%22 "HTTP/2 400 Bad Request"
[2025-08-05T19:04:56.240+0000] {logging_mixin.py:188} INFO - Error insertando en dimdate: {'code': 'PGRST204', 'details': None, 'hint': None, 'message': "Could not find the 'Day' column of 'dimdate' in the schema cache"}
[2025-08-05T19:04:56.453+0000] {_client.py:1038} INFO - HTTP Request: POST https://qwpzsjaaxuijmqodvslf.supabase.co/rest/v1/dimdate?columns=%22Quarter%22%2C%22dateid%22%2C%22WeekdayName%22%2C%22Weekday%22%2C%22Monthname%22%2C%22Month%22%2C%22QuarterName%22%2C%22Day%22%2C%22date%22%2C%22Year%22 "HTTP/2 400 Bad Request"
[2025-08-05T19:04:56.456+0000] {logging_mixin.py:188} INFO - Error insertando en dimdate: {'code': 'PGRST204', 'details': None, 'hint': None, 'message': "Could not find the 'Day' column of 'dimdate' in the schema cache"}
[2025-08-05T19:04:56.688+0000] {_client.py:1038} INFO - HTTP Request: POST https://qwpzsjaaxuijmqodvslf.supabase.co/rest/v1/dimdate?columns=%22Quarter%22%2C%22dateid%22%2C%22WeekdayName%22%2C%22Weekday%22%2C%22Monthname%22%2C%22Month%22%2C%22QuarterName%22%2C%22Day%22%2C%22date%22%2C%22Year%22 "HTTP/2 400 Bad Request"
[2025-08-05T19:04:56.693+0000] {logging_mixin.py:188} INFO - Error insertando en dimdate: {'code': 'PGRST204', 'details': None, 'hint': None, 'message': "Could not find the 'Day' column of 'dimdate' in the schema cache"}
[2025-08-05T19:04:57.215+0000] {_client.py:1038} INFO - HTTP Request: POST https://qwpzsjaaxuijmqodvslf.supabase.co/rest/v1/dimdate?columns=%22Quarter%22%2C%22dateid%22%2C%22WeekdayName%22%2C%22Weekday%22%2C%22Monthname%22%2C%22Month%22%2C%22QuarterName%22%2C%22Day%22%2C%22date%22%2C%22Year%22 "HTTP/2 400 Bad Request"
[2025-08-05T19:04:57.218+0000] {logging_mixin.py:188} INFO - Error insertando en dimdate: {'code': 'PGRST204', 'details': None, 'hint': None, 'message': "Could not find the 'Day' column of 'dimdate' in the schema cache"}
[2025-08-05T19:04:57.432+0000] {_client.py:1038} INFO - HTTP Request: POST https://qwpzsjaaxuijmqodvslf.supabase.co/rest/v1/dimdate?columns=%22Quarter%22%2C%22dateid%22%2C%22WeekdayName%22%2C%22Weekday%22%2C%22Monthname%22%2C%22Month%22%2C%22QuarterName%22%2C%22Day%22%2C%22date%22%2C%22Year%22 "HTTP/2 400 Bad Request"
[2025-08-05T19:04:57.435+0000] {logging_mixin.py:188} INFO - Error insertando en dimdate: {'code': 'PGRST204', 'details': None, 'hint': None, 'message': "Could not find the 'Day' column of 'dimdate' in the schema cache"}
[2025-08-05T19:04:57.641+0000] {_client.py:1038} INFO - HTTP Request: POST https://qwpzsjaaxuijmqodvslf.supabase.co/rest/v1/dimdate?columns=%22Quarter%22%2C%22dateid%22%2C%22WeekdayName%22%2C%22Weekday%22%2C%22Monthname%22%2C%22Month%22%2C%22QuarterName%22%2C%22Day%22%2C%22date%22%2C%22Year%22 "HTTP/2 400 Bad Request"
[2025-08-05T19:04:57.643+0000] {logging_mixin.py:188} INFO - Error insertando en dimdate: {'code': 'PGRST204', 'details': None, 'hint': None, 'message': "Could not find the 'Day' column of 'dimdate' in the schema cache"}
[2025-08-05T19:04:57.899+0000] {_client.py:1038} INFO - HTTP Request: POST https://qwpzsjaaxuijmqodvslf.supabase.co/rest/v1/dimdate?columns=%22Quarter%22%2C%22dateid%22%2C%22WeekdayName%22%2C%22Weekday%22%2C%22Monthname%22%2C%22Month%22%2C%22QuarterName%22%2C%22Day%22%2C%22date%22%2C%22Year%22 "HTTP/2 400 Bad Request"
[2025-08-05T19:04:57.903+0000] {logging_mixin.py:188} INFO - Error insertando en dimdate: {'code': 'PGRST204', 'details': None, 'hint': None, 'message': "Could not find the 'Day' column of 'dimdate' in the schema cache"}
[2025-08-05T19:04:58.118+0000] {_client.py:1038} INFO - HTTP Request: POST https://qwpzsjaaxuijmqodvslf.supabase.co/rest/v1/dimdate?columns=%22Quarter%22%2C%22dateid%22%2C%22WeekdayName%22%2C%22Weekday%22%2C%22Monthname%22%2C%22Month%22%2C%22QuarterName%22%2C%22Day%22%2C%22date%22%2C%22Year%22 "HTTP/2 400 Bad Request"
[2025-08-05T19:04:58.121+0000] {logging_mixin.py:188} INFO - Error insertando en dimdate: {'code': 'PGRST204', 'details': None, 'hint': None, 'message': "Could not find the 'Day' column of 'dimdate' in the schema cache"}
[2025-08-05T19:04:58.345+0000] {_client.py:1038} INFO - HTTP Request: POST https://qwpzsjaaxuijmqodvslf.supabase.co/rest/v1/dimdate?columns=%22Quarter%22%2C%22dateid%22%2C%22WeekdayName%22%2C%22Weekday%22%2C%22Monthname%22%2C%22Month%22%2C%22QuarterName%22%2C%22Day%22%2C%22date%22%2C%22Year%22 "HTTP/2 400 Bad Request"
[2025-08-05T19:04:58.349+0000] {logging_mixin.py:188} INFO - Error insertando en dimdate: {'code': 'PGRST204', 'details': None, 'hint': None, 'message': "Could not find the 'Day' column of 'dimdate' in the schema cache"}
[2025-08-05T19:04:58.572+0000] {_client.py:1038} INFO - HTTP Request: POST https://qwpzsjaaxuijmqodvslf.supabase.co/rest/v1/dimdate?columns=%22Quarter%22%2C%22dateid%22%2C%22WeekdayName%22%2C%22Weekday%22%2C%22Monthname%22%2C%22Month%22%2C%22QuarterName%22%2C%22Day%22%2C%22date%22%2C%22Year%22 "HTTP/2 400 Bad Request"
[2025-08-05T19:04:58.579+0000] {logging_mixin.py:188} INFO - Error insertando en dimdate: {'code': 'PGRST204', 'details': None, 'hint': None, 'message': "Could not find the 'Day' column of 'dimdate' in the schema cache"}
[2025-08-05T19:04:58.823+0000] {_client.py:1038} INFO - HTTP Request: POST https://qwpzsjaaxuijmqodvslf.supabase.co/rest/v1/dimdate?columns=%22Quarter%22%2C%22dateid%22%2C%22WeekdayName%22%2C%22Weekday%22%2C%22Monthname%22%2C%22Month%22%2C%22QuarterName%22%2C%22Day%22%2C%22date%22%2C%22Year%22 "HTTP/2 400 Bad Request"
[2025-08-05T19:04:58.825+0000] {logging_mixin.py:188} INFO - Error insertando en dimdate: {'code': 'PGRST204', 'details': None, 'hint': None, 'message': "Could not find the 'Day' column of 'dimdate' in the schema cache"}
[2025-08-05T19:04:59.039+0000] {_client.py:1038} INFO - HTTP Request: POST https://qwpzsjaaxuijmqodvslf.supabase.co/rest/v1/dimdate?columns=%22Quarter%22%2C%22dateid%22%2C%22WeekdayName%22%2C%22Weekday%22%2C%22Monthname%22%2C%22Month%22%2C%22QuarterName%22%2C%22Day%22%2C%22date%22%2C%22Year%22 "HTTP/2 400 Bad Request"
[2025-08-05T19:04:59.042+0000] {logging_mixin.py:188} INFO - Error insertando en dimdate: {'code': 'PGRST204', 'details': None, 'hint': None, 'message': "Could not find the 'Day' column of 'dimdate' in the schema cache"}
[2025-08-05T19:04:59.263+0000] {_client.py:1038} INFO - HTTP Request: POST https://qwpzsjaaxuijmqodvslf.supabase.co/rest/v1/dimdate?columns=%22Quarter%22%2C%22dateid%22%2C%22WeekdayName%22%2C%22Weekday%22%2C%22Monthname%22%2C%22Month%22%2C%22QuarterName%22%2C%22Day%22%2C%22date%22%2C%22Year%22 "HTTP/2 400 Bad Request"
[2025-08-05T19:04:59.266+0000] {logging_mixin.py:188} INFO - Error insertando en dimdate: {'code': 'PGRST204', 'details': None, 'hint': None, 'message': "Could not find the 'Day' column of 'dimdate' in the schema cache"}
[2025-08-05T19:04:59.495+0000] {_client.py:1038} INFO - HTTP Request: POST https://qwpzsjaaxuijmqodvslf.supabase.co/rest/v1/dimdate?columns=%22Quarter%22%2C%22dateid%22%2C%22WeekdayName%22%2C%22Weekday%22%2C%22Monthname%22%2C%22Month%22%2C%22QuarterName%22%2C%22Day%22%2C%22date%22%2C%22Year%22 "HTTP/2 400 Bad Request"
[2025-08-05T19:04:59.500+0000] {logging_mixin.py:188} INFO - Error insertando en dimdate: {'code': 'PGRST204', 'details': None, 'hint': None, 'message': "Could not find the 'Day' column of 'dimdate' in the schema cache"}
[2025-08-05T19:04:59.711+0000] {_client.py:1038} INFO - HTTP Request: POST https://qwpzsjaaxuijmqodvslf.supabase.co/rest/v1/dimdate?columns=%22Quarter%22%2C%22dateid%22%2C%22WeekdayName%22%2C%22Weekday%22%2C%22Monthname%22%2C%22Month%22%2C%22QuarterName%22%2C%22Day%22%2C%22date%22%2C%22Year%22 "HTTP/2 400 Bad Request"
[2025-08-05T19:04:59.714+0000] {logging_mixin.py:188} INFO - Error insertando en dimdate: {'code': 'PGRST204', 'details': None, 'hint': None, 'message': "Could not find the 'Day' column of 'dimdate' in the schema cache"}
[2025-08-05T19:04:59.935+0000] {_client.py:1038} INFO - HTTP Request: POST https://qwpzsjaaxuijmqodvslf.supabase.co/rest/v1/dimdate?columns=%22Quarter%22%2C%22dateid%22%2C%22WeekdayName%22%2C%22Weekday%22%2C%22Monthname%22%2C%22Month%22%2C%22QuarterName%22%2C%22Day%22%2C%22date%22%2C%22Year%22 "HTTP/2 400 Bad Request"
[2025-08-05T19:04:59.937+0000] {logging_mixin.py:188} INFO - Error insertando en dimdate: {'code': 'PGRST204', 'details': None, 'hint': None, 'message': "Could not find the 'Day' column of 'dimdate' in the schema cache"}
[2025-08-05T19:05:00.149+0000] {_client.py:1038} INFO - HTTP Request: POST https://qwpzsjaaxuijmqodvslf.supabase.co/rest/v1/dimdate?columns=%22Quarter%22%2C%22dateid%22%2C%22WeekdayName%22%2C%22Weekday%22%2C%22Monthname%22%2C%22Month%22%2C%22QuarterName%22%2C%22Day%22%2C%22date%22%2C%22Year%22 "HTTP/2 400 Bad Request"
[2025-08-05T19:05:00.153+0000] {logging_mixin.py:188} INFO - Error insertando en dimdate: {'code': 'PGRST204', 'details': None, 'hint': None, 'message': "Could not find the 'Day' column of 'dimdate' in the schema cache"}
[2025-08-05T19:05:00.371+0000] {_client.py:1038} INFO - HTTP Request: POST https://qwpzsjaaxuijmqodvslf.supabase.co/rest/v1/dimdate?columns=%22Quarter%22%2C%22dateid%22%2C%22WeekdayName%22%2C%22Weekday%22%2C%22Monthname%22%2C%22Month%22%2C%22QuarterName%22%2C%22Day%22%2C%22date%22%2C%22Year%22 "HTTP/2 400 Bad Request"
[2025-08-05T19:05:00.374+0000] {logging_mixin.py:188} INFO - Error insertando en dimdate: {'code': 'PGRST204', 'details': None, 'hint': None, 'message': "Could not find the 'Day' column of 'dimdate' in the schema cache"}
[2025-08-05T19:05:00.625+0000] {_client.py:1038} INFO - HTTP Request: POST https://qwpzsjaaxuijmqodvslf.supabase.co/rest/v1/dimdate?columns=%22Quarter%22%2C%22dateid%22%2C%22WeekdayName%22%2C%22Weekday%22%2C%22Monthname%22%2C%22Month%22%2C%22QuarterName%22%2C%22Day%22%2C%22date%22%2C%22Year%22 "HTTP/2 400 Bad Request"
[2025-08-05T19:05:00.627+0000] {logging_mixin.py:188} INFO - Error insertando en dimdate: {'code': 'PGRST204', 'details': None, 'hint': None, 'message': "Could not find the 'Day' column of 'dimdate' in the schema cache"}
[2025-08-05T19:05:00.839+0000] {_client.py:1038} INFO - HTTP Request: POST https://qwpzsjaaxuijmqodvslf.supabase.co/rest/v1/dimdate?columns=%22Quarter%22%2C%22dateid%22%2C%22WeekdayName%22%2C%22Weekday%22%2C%22Monthname%22%2C%22Month%22%2C%22QuarterName%22%2C%22Day%22%2C%22date%22%2C%22Year%22 "HTTP/2 400 Bad Request"
[2025-08-05T19:05:00.841+0000] {logging_mixin.py:188} INFO - Error insertando en dimdate: {'code': 'PGRST204', 'details': None, 'hint': None, 'message': "Could not find the 'Day' column of 'dimdate' in the schema cache"}
[2025-08-05T19:05:01.047+0000] {_client.py:1038} INFO - HTTP Request: POST https://qwpzsjaaxuijmqodvslf.supabase.co/rest/v1/dimdate?columns=%22Quarter%22%2C%22dateid%22%2C%22WeekdayName%22%2C%22Weekday%22%2C%22Monthname%22%2C%22Month%22%2C%22QuarterName%22%2C%22Day%22%2C%22date%22%2C%22Year%22 "HTTP/2 400 Bad Request"
[2025-08-05T19:05:01.049+0000] {logging_mixin.py:188} INFO - Error insertando en dimdate: {'code': 'PGRST204', 'details': None, 'hint': None, 'message': "Could not find the 'Day' column of 'dimdate' in the schema cache"}
[2025-08-05T19:05:01.260+0000] {_client.py:1038} INFO - HTTP Request: POST https://qwpzsjaaxuijmqodvslf.supabase.co/rest/v1/dimdate?columns=%22Quarter%22%2C%22dateid%22%2C%22WeekdayName%22%2C%22Weekday%22%2C%22Monthname%22%2C%22Month%22%2C%22QuarterName%22%2C%22Day%22%2C%22date%22%2C%22Year%22 "HTTP/2 400 Bad Request"
[2025-08-05T19:05:01.262+0000] {logging_mixin.py:188} INFO - Error insertando en dimdate: {'code': 'PGRST204', 'details': None, 'hint': None, 'message': "Could not find the 'Day' column of 'dimdate' in the schema cache"}
[2025-08-05T19:05:01.473+0000] {_client.py:1038} INFO - HTTP Request: POST https://qwpzsjaaxuijmqodvslf.supabase.co/rest/v1/dimdate?columns=%22Quarter%22%2C%22dateid%22%2C%22WeekdayName%22%2C%22Weekday%22%2C%22Monthname%22%2C%22Month%22%2C%22QuarterName%22%2C%22Day%22%2C%22date%22%2C%22Year%22 "HTTP/2 400 Bad Request"
[2025-08-05T19:05:01.503+0000] {logging_mixin.py:188} INFO - Error insertando en dimdate: {'code': 'PGRST204', 'details': None, 'hint': None, 'message': "Could not find the 'Day' column of 'dimdate' in the schema cache"}
[2025-08-05T19:05:01.722+0000] {_client.py:1038} INFO - HTTP Request: POST https://qwpzsjaaxuijmqodvslf.supabase.co/rest/v1/dimdate?columns=%22Quarter%22%2C%22dateid%22%2C%22WeekdayName%22%2C%22Weekday%22%2C%22Monthname%22%2C%22Month%22%2C%22QuarterName%22%2C%22Day%22%2C%22date%22%2C%22Year%22 "HTTP/2 400 Bad Request"
[2025-08-05T19:05:01.725+0000] {logging_mixin.py:188} INFO - Error insertando en dimdate: {'code': 'PGRST204', 'details': None, 'hint': None, 'message': "Could not find the 'Day' column of 'dimdate' in the schema cache"}
[2025-08-05T19:05:01.959+0000] {_client.py:1038} INFO - HTTP Request: POST https://qwpzsjaaxuijmqodvslf.supabase.co/rest/v1/dimdate?columns=%22Quarter%22%2C%22dateid%22%2C%22WeekdayName%22%2C%22Weekday%22%2C%22Monthname%22%2C%22Month%22%2C%22QuarterName%22%2C%22Day%22%2C%22date%22%2C%22Year%22 "HTTP/2 400 Bad Request"
[2025-08-05T19:05:01.961+0000] {logging_mixin.py:188} INFO - Error insertando en dimdate: {'code': 'PGRST204', 'details': None, 'hint': None, 'message': "Could not find the 'Day' column of 'dimdate' in the schema cache"}
[2025-08-05T19:05:02.174+0000] {_client.py:1038} INFO - HTTP Request: POST https://qwpzsjaaxuijmqodvslf.supabase.co/rest/v1/dimdate?columns=%22Quarter%22%2C%22dateid%22%2C%22WeekdayName%22%2C%22Weekday%22%2C%22Monthname%22%2C%22Month%22%2C%22QuarterName%22%2C%22Day%22%2C%22date%22%2C%22Year%22 "HTTP/2 400 Bad Request"
[2025-08-05T19:05:02.176+0000] {logging_mixin.py:188} INFO - Error insertando en dimdate: {'code': 'PGRST204', 'details': None, 'hint': None, 'message': "Could not find the 'Day' column of 'dimdate' in the schema cache"}
[2025-08-05T19:05:02.385+0000] {_client.py:1038} INFO - HTTP Request: POST https://qwpzsjaaxuijmqodvslf.supabase.co/rest/v1/dimdate?columns=%22Quarter%22%2C%22dateid%22%2C%22WeekdayName%22%2C%22Weekday%22%2C%22Monthname%22%2C%22Month%22%2C%22QuarterName%22%2C%22Day%22%2C%22date%22%2C%22Year%22 "HTTP/2 400 Bad Request"
[2025-08-05T19:05:02.389+0000] {logging_mixin.py:188} INFO - Error insertando en dimdate: {'code': 'PGRST204', 'details': None, 'hint': None, 'message': "Could not find the 'Day' column of 'dimdate' in the schema cache"}
[2025-08-05T19:05:02.607+0000] {_client.py:1038} INFO - HTTP Request: POST https://qwpzsjaaxuijmqodvslf.supabase.co/rest/v1/dimdate?columns=%22Quarter%22%2C%22dateid%22%2C%22WeekdayName%22%2C%22Weekday%22%2C%22Monthname%22%2C%22Month%22%2C%22QuarterName%22%2C%22Day%22%2C%22date%22%2C%22Year%22 "HTTP/2 400 Bad Request"
[2025-08-05T19:05:02.609+0000] {logging_mixin.py:188} INFO - Error insertando en dimdate: {'code': 'PGRST204', 'details': None, 'hint': None, 'message': "Could not find the 'Day' column of 'dimdate' in the schema cache"}
[2025-08-05T19:05:03.035+0000] {_client.py:1038} INFO - HTTP Request: PATCH https://qwpzsjaaxuijmqodvslf.supabase.co/rest/v1/StgLogs?table_name=eq.dimdate "HTTP/2 200 OK"
[2025-08-05T19:05:03.047+0000] {python.py:201} INFO - Done. Returned value was: None
[2025-08-05T19:05:03.076+0000] {taskinstance.py:1138} INFO - Marking task as SUCCESS. dag_id=Ejercicio1, task_id=LoadAndSetdimdate, execution_date=20250805T190430, start_date=20250805T190449, end_date=20250805T190503
[2025-08-05T19:05:03.160+0000] {local_task_job_runner.py:234} INFO - Task exited with return code 0
[2025-08-05T19:05:03.199+0000] {taskinstance.py:3280} INFO - 0 downstream tasks scheduled from follow-on schedule check
