[2025-08-07T02:09:39.346+0000] {taskinstance.py:1956} INFO - Dependencies all met for dep_context=non-requeueable deps ti=<TaskInstance: Ejercicio2.cargainicial manual__2025-08-07T02:09:25.457403+00:00 [queued]>
[2025-08-07T02:09:39.380+0000] {taskinstance.py:1956} INFO - Dependencies all met for dep_context=requeueable deps ti=<TaskInstance: Ejercicio2.cargainicial manual__2025-08-07T02:09:25.457403+00:00 [queued]>
[2025-08-07T02:09:39.382+0000] {taskinstance.py:2170} INFO - Starting attempt 1 of 2
[2025-08-07T02:09:39.438+0000] {taskinstance.py:2191} INFO - Executing <Task(PythonOperator): cargainicial> on 2025-08-07 02:09:25.457403+00:00
[2025-08-07T02:09:39.459+0000] {standard_task_runner.py:60} INFO - Started process 6400 to run task
[2025-08-07T02:09:39.468+0000] {standard_task_runner.py:87} INFO - Running: ['***', 'tasks', 'run', 'Ejercicio2', 'cargainicial', 'manual__2025-08-07T02:09:25.457403+00:00', '--job-id', '331', '--raw', '--subdir', 'DAGS_FOLDER/ejercicio2.py', '--cfg-path', '/tmp/tmpcmho3f66']
[2025-08-07T02:09:39.475+0000] {standard_task_runner.py:88} INFO - Job 331: Subtask cargainicial
[2025-08-07T02:09:39.640+0000] {task_command.py:423} INFO - Running <TaskInstance: Ejercicio2.cargainicial manual__2025-08-07T02:09:25.457403+00:00 [running]> on host 019b67754667
[2025-08-07T02:09:39.910+0000] {taskinstance.py:2480} INFO - Exporting env vars: AIRFLOW_CTX_DAG_OWNER='***' AIRFLOW_CTX_DAG_ID='Ejercicio2' AIRFLOW_CTX_TASK_ID='cargainicial' AIRFLOW_CTX_EXECUTION_DATE='2025-08-07T02:09:25.457403+00:00' AIRFLOW_CTX_TRY_NUMBER='1' AIRFLOW_CTX_DAG_RUN_ID='manual__2025-08-07T02:09:25.457403+00:00'
[2025-08-07T02:09:40.300+0000] {warnings.py:109} WARNING - /home/***/.local/lib/python3.8/site-packages/urllib3/connectionpool.py:1061: InsecureRequestWarning: Unverified HTTPS request is being made to host 'api.bcra.gob.ar'. Adding certificate verification is strongly advised. See: https://urllib3.readthedocs.io/en/1.26.x/advanced-usage.html#ssl-warnings
  warnings.warn(

[2025-08-07T02:09:40.757+0000] {warnings.py:109} WARNING - /home/***/.local/lib/python3.8/site-packages/urllib3/connectionpool.py:1061: InsecureRequestWarning: Unverified HTTPS request is being made to host 'api.bcra.gob.ar'. Adding certificate verification is strongly advised. See: https://urllib3.readthedocs.io/en/1.26.x/advanced-usage.html#ssl-warnings
  warnings.warn(

[2025-08-07T02:09:41.087+0000] {logging_mixin.py:188} INFO - 
 ANTES DE NORMALIZAR FECHA DESDE: (datetime.date(2025, 7, 31),) FECHA HASTA: (datetime.date(2025, 8, 6),): 
 [{'fecha': '2025-08-06', 'detalle': [{'codigoMoneda': 'ARS', 'descripcion': 'PESO', 'tipoPase': 0.000751, 'tipoCotizacion': 0.0}]}, {'fecha': '2025-08-05', 'detalle': [{'codigoMoneda': 'ARS', 'descripcion': 'PESO', 'tipoPase': 0.000747, 'tipoCotizacion': 0.0}]}, {'fecha': '2025-08-04', 'detalle': [{'codigoMoneda': 'ARS', 'descripcion': 'PESO', 'tipoPase': 0.000735, 'tipoCotizacion': 0.0}]}, {'fecha': '2025-08-01', 'detalle': [{'codigoMoneda': 'ARS', 'descripcion': 'PESO', 'tipoPase': 0.000733, 'tipoCotizacion': 0.0}]}, {'fecha': '2025-07-31', 'detalle': [{'codigoMoneda': 'ARS', 'descripcion': 'PESO', 'tipoPase': 0.000728, 'tipoCotizacion': 0.0}]}]
[2025-08-07T02:09:41.109+0000] {logging_mixin.py:188} INFO - 
 Normalizado []
[2025-08-07T02:09:41.294+0000] {logging_mixin.py:188} INFO - []
[2025-08-07T02:09:41.535+0000] {warnings.py:109} WARNING - /home/***/.local/lib/python3.8/site-packages/urllib3/connectionpool.py:1061: InsecureRequestWarning: Unverified HTTPS request is being made to host 'api.bcra.gob.ar'. Adding certificate verification is strongly advised. See: https://urllib3.readthedocs.io/en/1.26.x/advanced-usage.html#ssl-warnings
  warnings.warn(

[2025-08-07T02:09:41.819+0000] {logging_mixin.py:188} INFO - 
 Normalizado []
[2025-08-07T02:09:41.928+0000] {logging_mixin.py:188} INFO - []
[2025-08-07T02:09:42.208+0000] {warnings.py:109} WARNING - /home/***/.local/lib/python3.8/site-packages/urllib3/connectionpool.py:1061: InsecureRequestWarning: Unverified HTTPS request is being made to host 'api.bcra.gob.ar'. Adding certificate verification is strongly advised. See: https://urllib3.readthedocs.io/en/1.26.x/advanced-usage.html#ssl-warnings
  warnings.warn(

[2025-08-07T02:09:42.467+0000] {logging_mixin.py:188} INFO - 
 ANTES DE NORMALIZAR FECHA DESDE: (datetime.date(2025, 7, 31),) FECHA HASTA: (datetime.date(2025, 8, 6),): 
 [{'fecha': '2025-08-06', 'detalle': [{'codigoMoneda': 'AUD', 'descripcion': 'DOLAR AUSTRALIA', 'tipoPase': 0.6504, 'tipoCotizacion': 866.3328}]}, {'fecha': '2025-08-05', 'detalle': [{'codigoMoneda': 'AUD', 'descripcion': 'DOLAR AUSTRALIA', 'tipoPase': 0.6475, 'tipoCotizacion': 866.67875}]}, {'fecha': '2025-08-04', 'detalle': [{'codigoMoneda': 'AUD', 'descripcion': 'DOLAR AUSTRALIA', 'tipoPase': 0.6463, 'tipoCotizacion': 878.968}]}, {'fecha': '2025-08-01', 'detalle': [{'codigoMoneda': 'AUD', 'descripcion': 'DOLAR AUSTRALIA', 'tipoPase': 0.6446, 'tipoCotizacion': 879.2344}]}, {'fecha': '2025-07-31', 'detalle': [{'codigoMoneda': 'AUD', 'descripcion': 'DOLAR AUSTRALIA', 'tipoPase': 0.6426, 'tipoCotizacion': 882.9324}]}]
[2025-08-07T02:09:42.469+0000] {logging_mixin.py:188} INFO - 
 Normalizado [{'moneda': 'AUD', 'tipo_cambio': 866.3328, 'fecha': '2025-08-06'}, {'moneda': 'AUD', 'tipo_cambio': 866.67875, 'fecha': '2025-08-05'}, {'moneda': 'AUD', 'tipo_cambio': 878.968, 'fecha': '2025-08-04'}, {'moneda': 'AUD', 'tipo_cambio': 879.2344, 'fecha': '2025-08-01'}, {'moneda': 'AUD', 'tipo_cambio': 882.9324, 'fecha': '2025-07-31'}]
[2025-08-07T02:09:43.010+0000] {_client.py:1038} INFO - HTTP Request: POST https://qwpzsjaaxuijmqodvslf.supabase.co/rest/v1/cotizaciones?columns=%22fecha%22%2C%22tipo_cambio%22%2C%22moneda%22 "HTTP/2 201 Created"
[2025-08-07T02:09:43.043+0000] {logging_mixin.py:188} INFO - [{'moneda': 'AUD', 'tipo_cambio': 866.3328, 'fecha': '2025-08-06'}, {'moneda': 'AUD', 'tipo_cambio': 866.67875, 'fecha': '2025-08-05'}, {'moneda': 'AUD', 'tipo_cambio': 878.968, 'fecha': '2025-08-04'}, {'moneda': 'AUD', 'tipo_cambio': 879.2344, 'fecha': '2025-08-01'}, {'moneda': 'AUD', 'tipo_cambio': 882.9324, 'fecha': '2025-07-31'}]
[2025-08-07T02:09:43.232+0000] {warnings.py:109} WARNING - /home/***/.local/lib/python3.8/site-packages/urllib3/connectionpool.py:1061: InsecureRequestWarning: Unverified HTTPS request is being made to host 'api.bcra.gob.ar'. Adding certificate verification is strongly advised. See: https://urllib3.readthedocs.io/en/1.26.x/advanced-usage.html#ssl-warnings
  warnings.warn(

[2025-08-07T02:09:43.464+0000] {logging_mixin.py:188} INFO - 
 ANTES DE NORMALIZAR FECHA DESDE: (datetime.date(2025, 7, 31),) FECHA HASTA: (datetime.date(2025, 8, 6),): 
 [{'fecha': '2025-08-06', 'detalle': [{'codigoMoneda': 'AWG', 'descripcion': 'FLORIN (ANTILLAS HOLANDESAS)', 'tipoPase': 0.558659, 'tipoCotizacion': 744.134078}]}, {'fecha': '2025-08-05', 'detalle': [{'codigoMoneda': 'AWG', 'descripcion': 'FLORIN (ANTILLAS HOLANDESAS)', 'tipoPase': 0.558659, 'tipoCotizacion': 747.765363}]}, {'fecha': '2025-08-04', 'detalle': [{'codigoMoneda': 'AWG', 'descripcion': 'FLORIN (ANTILLAS HOLANDESAS)', 'tipoPase': 0.558659, 'tipoCotizacion': 759.776536}]}, {'fecha': '2025-08-01', 'detalle': [{'codigoMoneda': 'AWG', 'descripcion': 'FLORIN (ANTILLAS HOLANDESAS)', 'tipoPase': 0.558659, 'tipoCotizacion': 762.011173}]}, {'fecha': '2025-07-31', 'detalle': [{'codigoMoneda': 'AWG', 'descripcion': 'FLORIN (ANTILLAS HOLANDESAS)', 'tipoPase': 0.558659, 'tipoCotizacion': 767.597765}]}]
[2025-08-07T02:09:43.466+0000] {logging_mixin.py:188} INFO - 
 Normalizado [{'moneda': 'AWG', 'tipo_cambio': 744.134078, 'fecha': '2025-08-06'}, {'moneda': 'AWG', 'tipo_cambio': 747.765363, 'fecha': '2025-08-05'}, {'moneda': 'AWG', 'tipo_cambio': 759.776536, 'fecha': '2025-08-04'}, {'moneda': 'AWG', 'tipo_cambio': 762.011173, 'fecha': '2025-08-01'}, {'moneda': 'AWG', 'tipo_cambio': 767.597765, 'fecha': '2025-07-31'}]
[2025-08-07T02:09:44.129+0000] {_client.py:1038} INFO - HTTP Request: POST https://qwpzsjaaxuijmqodvslf.supabase.co/rest/v1/cotizaciones?columns=%22fecha%22%2C%22tipo_cambio%22%2C%22moneda%22 "HTTP/2 201 Created"
[2025-08-07T02:09:44.142+0000] {logging_mixin.py:188} INFO - [{'moneda': 'AWG', 'tipo_cambio': 744.134078, 'fecha': '2025-08-06'}, {'moneda': 'AWG', 'tipo_cambio': 747.765363, 'fecha': '2025-08-05'}, {'moneda': 'AWG', 'tipo_cambio': 759.776536, 'fecha': '2025-08-04'}, {'moneda': 'AWG', 'tipo_cambio': 762.011173, 'fecha': '2025-08-01'}, {'moneda': 'AWG', 'tipo_cambio': 767.597765, 'fecha': '2025-07-31'}]
[2025-08-07T02:09:44.392+0000] {warnings.py:109} WARNING - /home/***/.local/lib/python3.8/site-packages/urllib3/connectionpool.py:1061: InsecureRequestWarning: Unverified HTTPS request is being made to host 'api.bcra.gob.ar'. Adding certificate verification is strongly advised. See: https://urllib3.readthedocs.io/en/1.26.x/advanced-usage.html#ssl-warnings
  warnings.warn(

[2025-08-07T02:09:44.592+0000] {logging_mixin.py:188} INFO - 
 ANTES DE NORMALIZAR FECHA DESDE: (datetime.date(2025, 7, 31),) FECHA HASTA: (datetime.date(2025, 8, 6),): 
 [{'fecha': '2025-08-06', 'detalle': [{'codigoMoneda': 'BOB', 'descripcion': 'BOLIVIANOS', 'tipoPase': 0.14498, 'tipoCotizacion': 193.113447}]}, {'fecha': '2025-08-05', 'detalle': [{'codigoMoneda': 'BOB', 'descripcion': 'BOLIVIANOS', 'tipoPase': 0.145085, 'tipoCotizacion': 194.19659}]}, {'fecha': '2025-08-04', 'detalle': [{'codigoMoneda': 'BOB', 'descripcion': 'BOLIVIANOS', 'tipoPase': 0.145085, 'tipoCotizacion': 197.315923}]}, {'fecha': '2025-08-01', 'detalle': [{'codigoMoneda': 'BOB', 'descripcion': 'BOLIVIANOS', 'tipoPase': 0.144718, 'tipoCotizacion': 197.39508}]}, {'fecha': '2025-07-31', 'detalle': [{'codigoMoneda': 'BOB', 'descripcion': 'BOLIVIANOS', 'tipoPase': 0.14498, 'tipoCotizacion': 199.20261}]}]
[2025-08-07T02:09:44.595+0000] {logging_mixin.py:188} INFO - 
 Normalizado [{'moneda': 'BOB', 'tipo_cambio': 193.113447, 'fecha': '2025-08-06'}, {'moneda': 'BOB', 'tipo_cambio': 194.19659, 'fecha': '2025-08-05'}, {'moneda': 'BOB', 'tipo_cambio': 197.315923, 'fecha': '2025-08-04'}, {'moneda': 'BOB', 'tipo_cambio': 197.39508, 'fecha': '2025-08-01'}, {'moneda': 'BOB', 'tipo_cambio': 199.20261, 'fecha': '2025-07-31'}]
[2025-08-07T02:09:45.273+0000] {_client.py:1038} INFO - HTTP Request: POST https://qwpzsjaaxuijmqodvslf.supabase.co/rest/v1/cotizaciones?columns=%22fecha%22%2C%22tipo_cambio%22%2C%22moneda%22 "HTTP/2 201 Created"
[2025-08-07T02:09:45.277+0000] {logging_mixin.py:188} INFO - [{'moneda': 'BOB', 'tipo_cambio': 193.113447, 'fecha': '2025-08-06'}, {'moneda': 'BOB', 'tipo_cambio': 194.19659, 'fecha': '2025-08-05'}, {'moneda': 'BOB', 'tipo_cambio': 197.315923, 'fecha': '2025-08-04'}, {'moneda': 'BOB', 'tipo_cambio': 197.39508, 'fecha': '2025-08-01'}, {'moneda': 'BOB', 'tipo_cambio': 199.20261, 'fecha': '2025-07-31'}]
[2025-08-07T02:09:45.279+0000] {python.py:201} INFO - Done. Returned value was: None
[2025-08-07T02:09:45.320+0000] {taskinstance.py:1138} INFO - Marking task as SUCCESS. dag_id=Ejercicio2, task_id=cargainicial, execution_date=20250807T020925, start_date=20250807T020939, end_date=20250807T020945
[2025-08-07T02:09:45.433+0000] {local_task_job_runner.py:234} INFO - Task exited with return code 0
[2025-08-07T02:09:45.538+0000] {taskinstance.py:3280} INFO - 0 downstream tasks scheduled from follow-on schedule check
