[2025-08-07T00:25:13.911+0000] {taskinstance.py:1956} INFO - Dependencies all met for dep_context=non-requeueable deps ti=<TaskInstance: Ejercicio1.Inicio scheduled__2025-08-06T00:00:00+00:00 [queued]>
[2025-08-07T00:25:13.954+0000] {taskinstance.py:1956} INFO - Dependencies all met for dep_context=requeueable deps ti=<TaskInstance: Ejercicio1.Inicio scheduled__2025-08-06T00:00:00+00:00 [queued]>
[2025-08-07T00:25:13.955+0000] {taskinstance.py:2170} INFO - Starting attempt 1 of 2
[2025-08-07T00:25:14.009+0000] {taskinstance.py:2191} INFO - Executing <Task(BranchPythonOperator): Inicio> on 2025-08-06 00:00:00+00:00
[2025-08-07T00:25:14.040+0000] {standard_task_runner.py:60} INFO - Started process 4953 to run task
[2025-08-07T00:25:14.049+0000] {standard_task_runner.py:87} INFO - Running: ['***', 'tasks', 'run', 'Ejercicio1', 'Inicio', 'scheduled__2025-08-06T00:00:00+00:00', '--job-id', '297', '--raw', '--subdir', 'DAGS_FOLDER/ejercicio1.py', '--cfg-path', '/tmp/tmpftsi63k5']
[2025-08-07T00:25:14.058+0000] {standard_task_runner.py:88} INFO - Job 297: Subtask Inicio
[2025-08-07T00:25:14.210+0000] {task_command.py:423} INFO - Running <TaskInstance: Ejercicio1.Inicio scheduled__2025-08-06T00:00:00+00:00 [running]> on host 019b67754667
[2025-08-07T00:25:14.566+0000] {taskinstance.py:2480} INFO - Exporting env vars: AIRFLOW_CTX_DAG_OWNER='***' AIRFLOW_CTX_DAG_ID='Ejercicio1' AIRFLOW_CTX_TASK_ID='Inicio' AIRFLOW_CTX_EXECUTION_DATE='2025-08-06T00:00:00+00:00' AIRFLOW_CTX_TRY_NUMBER='1' AIRFLOW_CTX_DAG_RUN_ID='scheduled__2025-08-06T00:00:00+00:00'
[2025-08-07T00:25:14.771+0000] {logging_mixin.py:188} INFO - -------------------------TABLES------------------
[2025-08-07T00:25:14.773+0000] {logging_mixin.py:188} INFO - --dimdate---
[2025-08-07T00:25:14.775+0000] {logging_mixin.py:188} INFO - --dimproduct---
[2025-08-07T00:25:14.777+0000] {logging_mixin.py:188} INFO - --dimcustomersegment---
[2025-08-07T00:25:14.779+0000] {logging_mixin.py:188} INFO - --factsales---
[2025-08-07T00:25:14.782+0000] {logging_mixin.py:188} INFO - TABLAS PRECARGADAS
[2025-08-07T00:25:14.783+0000] {python.py:201} INFO - Done. Returned value was: CargaIncremental
[2025-08-07T00:25:14.785+0000] {branch.py:35} INFO - Branch into CargaIncremental
[2025-08-07T00:25:14.788+0000] {skipmixin.py:178} INFO - Following branch CargaIncremental
[2025-08-07T00:25:14.865+0000] {skipmixin.py:244} INFO - Skipping tasks [('CargaInicial', -1)]
[2025-08-07T00:25:15.072+0000] {taskinstance.py:1138} INFO - Marking task as SUCCESS. dag_id=Ejercicio1, task_id=Inicio, execution_date=20250806T000000, start_date=20250807T002513, end_date=20250807T002515
[2025-08-07T00:25:15.189+0000] {local_task_job_runner.py:234} INFO - Task exited with return code 0
[2025-08-07T00:25:15.375+0000] {taskinstance.py:3280} INFO - 0 downstream tasks scheduled from follow-on schedule check
