[2025-08-07T01:30:06.720+0000] {taskinstance.py:1956} INFO - Dependencies all met for dep_context=non-requeueable deps ti=<TaskInstance: Ejercicio2.Inicio manual__2025-08-07T01:29:58.225329+00:00 [queued]>
[2025-08-07T01:30:06.752+0000] {taskinstance.py:1956} INFO - Dependencies all met for dep_context=requeueable deps ti=<TaskInstance: Ejercicio2.Inicio manual__2025-08-07T01:29:58.225329+00:00 [queued]>
[2025-08-07T01:30:06.754+0000] {taskinstance.py:2170} INFO - Starting attempt 1 of 2
[2025-08-07T01:30:06.820+0000] {taskinstance.py:2191} INFO - Executing <Task(BranchPythonOperator): Inicio> on 2025-08-07 01:29:58.225329+00:00
[2025-08-07T01:30:06.858+0000] {standard_task_runner.py:60} INFO - Started process 5830 to run task
[2025-08-07T01:30:06.882+0000] {standard_task_runner.py:87} INFO - Running: ['***', 'tasks', 'run', 'Ejercicio2', 'Inicio', 'manual__2025-08-07T01:29:58.225329+00:00', '--job-id', '311', '--raw', '--subdir', 'DAGS_FOLDER/ejercicio2.py', '--cfg-path', '/tmp/tmpb73qolt5']
[2025-08-07T01:30:06.906+0000] {standard_task_runner.py:88} INFO - Job 311: Subtask Inicio
[2025-08-07T01:30:07.125+0000] {task_command.py:423} INFO - Running <TaskInstance: Ejercicio2.Inicio manual__2025-08-07T01:29:58.225329+00:00 [running]> on host 019b67754667
[2025-08-07T01:30:07.397+0000] {taskinstance.py:2480} INFO - Exporting env vars: AIRFLOW_CTX_DAG_OWNER='***' AIRFLOW_CTX_DAG_ID='Ejercicio2' AIRFLOW_CTX_TASK_ID='Inicio' AIRFLOW_CTX_EXECUTION_DATE='2025-08-07T01:29:58.225329+00:00' AIRFLOW_CTX_TRY_NUMBER='1' AIRFLOW_CTX_DAG_RUN_ID='manual__2025-08-07T01:29:58.225329+00:00'
[2025-08-07T01:30:08.286+0000] {_client.py:1038} INFO - HTTP Request: GET https://qwpzsjaaxuijmqodvslf.supabase.co/rest/v1/cotizaciones?select=%2A "HTTP/2 200 OK"
[2025-08-07T01:30:08.327+0000] {logging_mixin.py:188} INFO - 
 ----------------------
data=[] count=None
[2025-08-07T01:30:08.329+0000] {python.py:201} INFO - Done. Returned value was: cargainicial
[2025-08-07T01:30:08.332+0000] {branch.py:35} INFO - Branch into cargainicial
[2025-08-07T01:30:08.334+0000] {skipmixin.py:178} INFO - Following branch cargainicial
[2025-08-07T01:30:08.367+0000] {skipmixin.py:244} INFO - Skipping tasks []
[2025-08-07T01:30:08.481+0000] {taskinstance.py:1138} INFO - Marking task as SUCCESS. dag_id=Ejercicio2, task_id=Inicio, execution_date=20250807T012958, start_date=20250807T013006, end_date=20250807T013008
[2025-08-07T01:30:08.590+0000] {local_task_job_runner.py:234} INFO - Task exited with return code 0
[2025-08-07T01:30:08.712+0000] {taskinstance.py:3280} INFO - 1 downstream tasks scheduled from follow-on schedule check
