[2025-08-06T22:53:06.717+0000] {taskinstance.py:1956} INFO - Dependencies all met for dep_context=non-requeueable deps ti=<TaskInstance: Ejercicio2.cargainicial manual__2025-08-06T22:52:56.911185+00:00 [queued]>
[2025-08-06T22:53:06.755+0000] {taskinstance.py:1956} INFO - Dependencies all met for dep_context=requeueable deps ti=<TaskInstance: Ejercicio2.cargainicial manual__2025-08-06T22:52:56.911185+00:00 [queued]>
[2025-08-06T22:53:06.757+0000] {taskinstance.py:2170} INFO - Starting attempt 1 of 2
[2025-08-06T22:53:06.839+0000] {taskinstance.py:2191} INFO - Executing <Task(PythonOperator): cargainicial> on 2025-08-06 22:52:56.911185+00:00
[2025-08-06T22:53:06.873+0000] {standard_task_runner.py:60} INFO - Started process 4277 to run task
[2025-08-06T22:53:06.884+0000] {standard_task_runner.py:87} INFO - Running: ['***', 'tasks', 'run', 'Ejercicio2', 'cargainicial', 'manual__2025-08-06T22:52:56.911185+00:00', '--job-id', '279', '--raw', '--subdir', 'DAGS_FOLDER/ejercicio2.py', '--cfg-path', '/tmp/tmp5wqvp8ay']
[2025-08-06T22:53:06.890+0000] {standard_task_runner.py:88} INFO - Job 279: Subtask cargainicial
[2025-08-06T22:53:07.038+0000] {task_command.py:423} INFO - Running <TaskInstance: Ejercicio2.cargainicial manual__2025-08-06T22:52:56.911185+00:00 [running]> on host 019b67754667
[2025-08-06T22:53:07.283+0000] {taskinstance.py:2480} INFO - Exporting env vars: AIRFLOW_CTX_DAG_OWNER='***' AIRFLOW_CTX_DAG_ID='Ejercicio2' AIRFLOW_CTX_TASK_ID='cargainicial' AIRFLOW_CTX_EXECUTION_DATE='2025-08-06T22:52:56.911185+00:00' AIRFLOW_CTX_TRY_NUMBER='1' AIRFLOW_CTX_DAG_RUN_ID='manual__2025-08-06T22:52:56.911185+00:00'
[2025-08-06T22:53:07.650+0000] {warnings.py:109} WARNING - /home/***/.local/lib/python3.8/site-packages/urllib3/connectionpool.py:1061: InsecureRequestWarning: Unverified HTTPS request is being made to host 'api.bcra.gob.ar'. Adding certificate verification is strongly advised. See: https://urllib3.readthedocs.io/en/1.26.x/advanced-usage.html#ssl-warnings
  warnings.warn(

[2025-08-06T22:53:07.716+0000] {logging_mixin.py:188} INFO - ----Divisas---
[2025-08-06T22:53:07.720+0000] {logging_mixin.py:188} INFO - [{'codigo': 'ARS', 'denominacion': 'PESO'}, {'codigo': 'ATS', 'denominacion': 'CHELINES AUSTRIACOS'}, {'codigo': 'AUD', 'denominacion': 'DOLAR AUSTRALIA'}, {'codigo': 'AWG', 'denominacion': 'FLORIN (ANTILLAS HOLANDESAS)'}, {'codigo': 'BOB', 'denominacion': 'BOLIVIANOS'}, {'codigo': 'BRL', 'denominacion': 'REAL'}, {'codigo': 'CAD', 'denominacion': 'DOLAR CANADIEN.'}, {'codigo': 'CHF', 'denominacion': 'FRANCO SUIZO'}, {'codigo': 'CLP', 'denominacion': 'PESO CHILENO'}, {'codigo': 'CNH', 'denominacion': 'YUAN CNH RENMINBI OFF SHORE'}, {'codigo': 'CNY', 'denominacion': 'YUAN CNY RENMINBI'}, {'codigo': 'COP', 'denominacion': 'COLOMBIANOS'}, {'codigo': 'CZK', 'denominacion': 'CORONAS CHECAS'}, {'codigo': 'DEM', 'denominacion': 'MARCO ALEMAN'}, {'codigo': 'DKK', 'denominacion': 'CORONAS DANESAS'}, {'codigo': 'ESP', 'denominacion': 'PESETA'}, {'codigo': 'EUR', 'denominacion': 'EURO'}, {'codigo': 'GBP', 'denominacion': 'LIBRA ESTERLINA'}, {'codigo': 'HKD', 'denominacion': 'DOLAR HONG KONG'}, {'codigo': 'ILS', 'denominacion': 'LIBRA ISRAELI'}, {'codigo': 'INR', 'denominacion': 'RUPIA (INDIA)'}, {'codigo': 'ITL', 'denominacion': 'LIRA ITALIANA'}, {'codigo': 'JPY', 'denominacion': 'YENS'}, {'codigo': 'MXP', 'denominacion': 'PESO MEXICANO'}, {'codigo': 'NIO', 'denominacion': 'CORDOBA NICARAGUENSE'}, {'codigo': 'NIO', 'denominacion': 'CORDOBAS'}, {'codigo': 'NOK', 'denominacion': 'CORONAS NORUEGA'}, {'codigo': 'NZD', 'denominacion': 'DOLAR NEOZELANDES'}, {'codigo': 'PEN', 'denominacion': 'SOLES'}, {'codigo': 'PYG', 'denominacion': 'GUARANIES'}, {'codigo': 'REF', 'denominacion': 'DOLAR REFERENCIA COM 3500'}, {'codigo': 'RSD', 'denominacion': 'DINAR SERBIA'}, {'codigo': 'RUB', 'denominacion': 'RUSIA'}, {'codigo': 'SEK', 'denominacion': 'CORONAS SUECAS'}, {'codigo': 'SGD', 'denominacion': 'DOLAR DE SINGAPUR'}, {'codigo': 'TRY', 'denominacion': 'LIRA TURCA'}, {'codigo': 'USD', 'denominacion': 'DOLAR E.E.U.U.'}, {'codigo': 'UYU', 'denominacion': 'PESO URUGUAYO'}, {'codigo': 'VEB', 'denominacion': 'BOLIVARES'}, {'codigo': 'VND', 'denominacion': 'DONG VIETNAM (c/1.000 unidades)'}, {'codigo': 'XAG', 'denominacion': 'PLATA - ONZA TROY'}, {'codigo': 'XAU', 'denominacion': 'ORO FINO (1 ONZA)'}, {'codigo': 'XDR', 'denominacion': 'DEG'}, {'codigo': 'ZAR', 'denominacion': 'RAND SUD'}]
[2025-08-06T22:53:07.733+0000] {logging_mixin.py:188} INFO - ARS
[2025-08-06T22:53:07.735+0000] {logging_mixin.py:188} INFO - ATS
[2025-08-06T22:53:07.737+0000] {logging_mixin.py:188} INFO - AUD
[2025-08-06T22:53:07.741+0000] {logging_mixin.py:188} INFO - AWG
[2025-08-06T22:53:07.744+0000] {logging_mixin.py:188} INFO - BOB
[2025-08-06T22:53:07.746+0000] {logging_mixin.py:188} INFO - BRL
[2025-08-06T22:53:07.749+0000] {logging_mixin.py:188} INFO - CAD
[2025-08-06T22:53:07.752+0000] {logging_mixin.py:188} INFO - CHF
[2025-08-06T22:53:07.754+0000] {logging_mixin.py:188} INFO - CLP
[2025-08-06T22:53:07.758+0000] {logging_mixin.py:188} INFO - CNH
[2025-08-06T22:53:07.761+0000] {logging_mixin.py:188} INFO - CNY
[2025-08-06T22:53:07.764+0000] {logging_mixin.py:188} INFO - COP
[2025-08-06T22:53:07.767+0000] {logging_mixin.py:188} INFO - CZK
[2025-08-06T22:53:07.769+0000] {logging_mixin.py:188} INFO - DEM
[2025-08-06T22:53:07.771+0000] {logging_mixin.py:188} INFO - DKK
[2025-08-06T22:53:07.775+0000] {logging_mixin.py:188} INFO - ESP
[2025-08-06T22:53:07.777+0000] {logging_mixin.py:188} INFO - EUR
[2025-08-06T22:53:07.780+0000] {logging_mixin.py:188} INFO - GBP
[2025-08-06T22:53:07.782+0000] {logging_mixin.py:188} INFO - HKD
[2025-08-06T22:53:07.784+0000] {logging_mixin.py:188} INFO - ILS
[2025-08-06T22:53:07.786+0000] {logging_mixin.py:188} INFO - INR
[2025-08-06T22:53:07.789+0000] {logging_mixin.py:188} INFO - ITL
[2025-08-06T22:53:07.792+0000] {logging_mixin.py:188} INFO - JPY
[2025-08-06T22:53:07.794+0000] {logging_mixin.py:188} INFO - MXP
[2025-08-06T22:53:07.797+0000] {logging_mixin.py:188} INFO - NIO
[2025-08-06T22:53:07.799+0000] {logging_mixin.py:188} INFO - NIO
[2025-08-06T22:53:07.800+0000] {logging_mixin.py:188} INFO - NOK
[2025-08-06T22:53:07.803+0000] {logging_mixin.py:188} INFO - NZD
[2025-08-06T22:53:07.805+0000] {logging_mixin.py:188} INFO - PEN
[2025-08-06T22:53:07.808+0000] {logging_mixin.py:188} INFO - PYG
[2025-08-06T22:53:07.810+0000] {logging_mixin.py:188} INFO - REF
[2025-08-06T22:53:07.813+0000] {logging_mixin.py:188} INFO - RSD
[2025-08-06T22:53:07.815+0000] {logging_mixin.py:188} INFO - RUB
[2025-08-06T22:53:07.816+0000] {logging_mixin.py:188} INFO - SEK
[2025-08-06T22:53:07.818+0000] {logging_mixin.py:188} INFO - SGD
[2025-08-06T22:53:07.821+0000] {logging_mixin.py:188} INFO - TRY
[2025-08-06T22:53:07.823+0000] {logging_mixin.py:188} INFO - USD
[2025-08-06T22:53:07.826+0000] {logging_mixin.py:188} INFO - UYU
[2025-08-06T22:53:07.828+0000] {logging_mixin.py:188} INFO - VEB
[2025-08-06T22:53:07.830+0000] {logging_mixin.py:188} INFO - VND
[2025-08-06T22:53:07.833+0000] {logging_mixin.py:188} INFO - XAG
[2025-08-06T22:53:07.835+0000] {logging_mixin.py:188} INFO - XAU
[2025-08-06T22:53:07.837+0000] {logging_mixin.py:188} INFO - XDR
[2025-08-06T22:53:07.841+0000] {logging_mixin.py:188} INFO - ZAR
[2025-08-06T22:53:07.843+0000] {python.py:201} INFO - Done. Returned value was: None
[2025-08-06T22:53:07.877+0000] {taskinstance.py:1138} INFO - Marking task as SUCCESS. dag_id=Ejercicio2, task_id=cargainicial, execution_date=20250806T225256, start_date=20250806T225306, end_date=20250806T225307
[2025-08-06T22:53:07.982+0000] {local_task_job_runner.py:234} INFO - Task exited with return code 0
[2025-08-06T22:53:08.043+0000] {taskinstance.py:3280} INFO - 0 downstream tasks scheduled from follow-on schedule check
