[2025-08-07T02:10:15.405+0000] {taskinstance.py:1956} INFO - Dependencies all met for dep_context=non-requeueable deps ti=<TaskInstance: Ejercicio2.cargaincremental manual__2025-08-07T02:10:05.120985+00:00 [queued]>
[2025-08-07T02:10:15.448+0000] {taskinstance.py:1956} INFO - Dependencies all met for dep_context=requeueable deps ti=<TaskInstance: Ejercicio2.cargaincremental manual__2025-08-07T02:10:05.120985+00:00 [queued]>
[2025-08-07T02:10:15.451+0000] {taskinstance.py:2170} INFO - Starting attempt 1 of 2
[2025-08-07T02:10:15.513+0000] {taskinstance.py:2191} INFO - Executing <Task(PythonOperator): cargaincremental> on 2025-08-07 02:10:05.120985+00:00
[2025-08-07T02:10:15.543+0000] {standard_task_runner.py:60} INFO - Started process 6414 to run task
[2025-08-07T02:10:15.562+0000] {standard_task_runner.py:87} INFO - Running: ['***', 'tasks', 'run', 'Ejercicio2', 'cargaincremental', 'manual__2025-08-07T02:10:05.120985+00:00', '--job-id', '333', '--raw', '--subdir', 'DAGS_FOLDER/ejercicio2.py', '--cfg-path', '/tmp/tmp9d884cvv']
[2025-08-07T02:10:15.576+0000] {standard_task_runner.py:88} INFO - Job 333: Subtask cargaincremental
[2025-08-07T02:10:15.783+0000] {task_command.py:423} INFO - Running <TaskInstance: Ejercicio2.cargaincremental manual__2025-08-07T02:10:05.120985+00:00 [running]> on host 019b67754667
[2025-08-07T02:10:16.058+0000] {taskinstance.py:2480} INFO - Exporting env vars: AIRFLOW_CTX_DAG_OWNER='***' AIRFLOW_CTX_DAG_ID='Ejercicio2' AIRFLOW_CTX_TASK_ID='cargaincremental' AIRFLOW_CTX_EXECUTION_DATE='2025-08-07T02:10:05.120985+00:00' AIRFLOW_CTX_TRY_NUMBER='1' AIRFLOW_CTX_DAG_RUN_ID='manual__2025-08-07T02:10:05.120985+00:00'
[2025-08-07T02:10:16.583+0000] {warnings.py:109} WARNING - /home/***/.local/lib/python3.8/site-packages/urllib3/connectionpool.py:1061: InsecureRequestWarning: Unverified HTTPS request is being made to host 'api.bcra.gob.ar'. Adding certificate verification is strongly advised. See: https://urllib3.readthedocs.io/en/1.26.x/advanced-usage.html#ssl-warnings
  warnings.warn(

[2025-08-07T02:10:17.262+0000] {_client.py:1038} INFO - HTTP Request: GET https://qwpzsjaaxuijmqodvslf.supabase.co/rest/v1/cotizaciones?select=fecha&moneda=eq.ARS&order=fecha.desc&limit=1 "HTTP/2 200 OK"
[2025-08-07T02:10:17.306+0000] {logging_mixin.py:188} INFO - FECHA DESDE: data=[] count=None MONEDA ARS
[2025-08-07T02:10:17.546+0000] {_client.py:1038} INFO - HTTP Request: GET https://qwpzsjaaxuijmqodvslf.supabase.co/rest/v1/cotizaciones?select=fecha&moneda=eq.ATS&order=fecha.desc&limit=1 "HTTP/2 200 OK"
[2025-08-07T02:10:17.557+0000] {logging_mixin.py:188} INFO - FECHA DESDE: data=[] count=None MONEDA ATS
[2025-08-07T02:10:17.801+0000] {_client.py:1038} INFO - HTTP Request: GET https://qwpzsjaaxuijmqodvslf.supabase.co/rest/v1/cotizaciones?select=fecha&moneda=eq.AUD&order=fecha.desc&limit=1 "HTTP/2 200 OK"
[2025-08-07T02:10:17.807+0000] {logging_mixin.py:188} INFO - FECHA DESDE: data=[{'fecha': '2025-08-06'}] count=None MONEDA AUD
[2025-08-07T02:10:18.051+0000] {_client.py:1038} INFO - HTTP Request: GET https://qwpzsjaaxuijmqodvslf.supabase.co/rest/v1/cotizaciones?select=fecha&moneda=eq.AWG&order=fecha.desc&limit=1 "HTTP/2 200 OK"
[2025-08-07T02:10:18.057+0000] {logging_mixin.py:188} INFO - FECHA DESDE: data=[{'fecha': '2025-08-06'}] count=None MONEDA AWG
[2025-08-07T02:10:18.320+0000] {_client.py:1038} INFO - HTTP Request: GET https://qwpzsjaaxuijmqodvslf.supabase.co/rest/v1/cotizaciones?select=fecha&moneda=eq.BOB&order=fecha.desc&limit=1 "HTTP/2 200 OK"
[2025-08-07T02:10:18.334+0000] {logging_mixin.py:188} INFO - FECHA DESDE: data=[{'fecha': '2025-08-06'}] count=None MONEDA BOB
[2025-08-07T02:10:18.337+0000] {python.py:201} INFO - Done. Returned value was: None
[2025-08-07T02:10:18.383+0000] {taskinstance.py:1138} INFO - Marking task as SUCCESS. dag_id=Ejercicio2, task_id=cargaincremental, execution_date=20250807T021005, start_date=20250807T021015, end_date=20250807T021018
[2025-08-07T02:10:18.518+0000] {local_task_job_runner.py:234} INFO - Task exited with return code 0
[2025-08-07T02:10:18.592+0000] {taskinstance.py:3280} INFO - 0 downstream tasks scheduled from follow-on schedule check
