[2025-08-05T19:43:46.274+0000] {taskinstance.py:1956} INFO - Dependencies all met for dep_context=non-requeueable deps ti=<TaskInstance: Ejercicio1.LoadAndSetdimdate manual__2025-08-05T19:43:25.596324+00:00 [queued]>
[2025-08-05T19:43:46.309+0000] {taskinstance.py:1956} INFO - Dependencies all met for dep_context=requeueable deps ti=<TaskInstance: Ejercicio1.LoadAndSetdimdate manual__2025-08-05T19:43:25.596324+00:00 [queued]>
[2025-08-05T19:43:46.311+0000] {taskinstance.py:2170} INFO - Starting attempt 1 of 2
[2025-08-05T19:43:46.629+0000] {taskinstance.py:2191} INFO - Executing <Task(PythonOperator): LoadAndSetdimdate> on 2025-08-05 19:43:25.596324+00:00
[2025-08-05T19:43:46.690+0000] {standard_task_runner.py:60} INFO - Started process 1411 to run task
[2025-08-05T19:43:46.700+0000] {standard_task_runner.py:87} INFO - Running: ['***', 'tasks', 'run', 'Ejercicio1', 'LoadAndSetdimdate', 'manual__2025-08-05T19:43:25.596324+00:00', '--job-id', '165', '--raw', '--subdir', 'DAGS_FOLDER/ejercicio1.py', '--cfg-path', '/tmp/tmphemxpzqk']
[2025-08-05T19:43:46.714+0000] {standard_task_runner.py:88} INFO - Job 165: Subtask LoadAndSetdimdate
[2025-08-05T19:43:47.038+0000] {task_command.py:423} INFO - Running <TaskInstance: Ejercicio1.LoadAndSetdimdate manual__2025-08-05T19:43:25.596324+00:00 [running]> on host 019b67754667
[2025-08-05T19:43:47.638+0000] {taskinstance.py:2480} INFO - Exporting env vars: AIRFLOW_CTX_DAG_OWNER='***' AIRFLOW_CTX_DAG_ID='Ejercicio1' AIRFLOW_CTX_TASK_ID='LoadAndSetdimdate' AIRFLOW_CTX_EXECUTION_DATE='2025-08-05T19:43:25.596324+00:00' AIRFLOW_CTX_TRY_NUMBER='1' AIRFLOW_CTX_DAG_RUN_ID='manual__2025-08-05T19:43:25.596324+00:00'
[2025-08-05T19:43:47.791+0000] {logging_mixin.py:188} INFO -      dateid        date  year  quarter  ... monthname  day weekday  weekdayname
0         1  2019-03-09  2019        1  ...     March    9       7       Sunday
1         2  2019-03-10  2019        1  ...     March   10       1       Monday
2         3  2019-03-11  2019        1  ...     March   11       2      Tuesday
3         4  2019-03-12  2019        1  ...     March   12       3    Wednesday
4         5  2019-03-13  2019        1  ...     March   13       4     Thursday
..      ...         ...   ...      ...  ...       ...  ...     ...          ...
345     346  2020-02-17  2020        1  ...  February   17       2      Tuesday
346     347  2020-02-18  2020        1  ...  February   18       3    Wednesday
347     348  2020-02-19  2020        1  ...  February   19       4     Thursday
348     349  2020-02-20  2020        1  ...  February   20       5       Friday
349     350  2020-02-21  2020        1  ...  February   21       6     Saturday

[350 rows x 10 columns]
[2025-08-05T19:43:47.793+0000] {logging_mixin.py:188} INFO - 
 ---------------SE ENCONTRAROS DATOS PARA LA CARGA INICIAL | ULTIMO ID DE LA TABLA:350-----------------
[2025-08-05T19:43:48.724+0000] {_client.py:1038} INFO - HTTP Request: POST https://qwpzsjaaxuijmqodvslf.supabase.co/rest/v1/dimdate?columns=%22dateid%22%2C%22year%22%2C%22quarter%22%2C%22monthname%22%2C%22date%22%2C%22weekday%22%2C%22day%22%2C%22weekdayname%22%2C%22month%22%2C%22quartername%22 "HTTP/2 201 Created"
[2025-08-05T19:43:48.756+0000] {logging_mixin.py:188} INFO - ---------------------------------------Datos insertados Correctamente dimdate------------------------
 
[2025-08-05T19:43:48.974+0000] {_client.py:1038} INFO - HTTP Request: POST https://qwpzsjaaxuijmqodvslf.supabase.co/rest/v1/dimdate?columns=%22dateid%22%2C%22year%22%2C%22quarter%22%2C%22monthname%22%2C%22date%22%2C%22weekday%22%2C%22day%22%2C%22weekdayname%22%2C%22month%22%2C%22quartername%22 "HTTP/2 201 Created"
[2025-08-05T19:43:48.977+0000] {logging_mixin.py:188} INFO - ---------------------------------------Datos insertados Correctamente dimdate------------------------
 
[2025-08-05T19:43:49.196+0000] {_client.py:1038} INFO - HTTP Request: POST https://qwpzsjaaxuijmqodvslf.supabase.co/rest/v1/dimdate?columns=%22dateid%22%2C%22year%22%2C%22quarter%22%2C%22monthname%22%2C%22date%22%2C%22weekday%22%2C%22day%22%2C%22weekdayname%22%2C%22month%22%2C%22quartername%22 "HTTP/2 201 Created"
[2025-08-05T19:43:49.198+0000] {logging_mixin.py:188} INFO - ---------------------------------------Datos insertados Correctamente dimdate------------------------
 
[2025-08-05T19:43:49.406+0000] {_client.py:1038} INFO - HTTP Request: POST https://qwpzsjaaxuijmqodvslf.supabase.co/rest/v1/dimdate?columns=%22dateid%22%2C%22year%22%2C%22quarter%22%2C%22monthname%22%2C%22date%22%2C%22weekday%22%2C%22day%22%2C%22weekdayname%22%2C%22month%22%2C%22quartername%22 "HTTP/2 201 Created"
[2025-08-05T19:43:49.409+0000] {logging_mixin.py:188} INFO - ---------------------------------------Datos insertados Correctamente dimdate------------------------
 
[2025-08-05T19:43:49.621+0000] {_client.py:1038} INFO - HTTP Request: POST https://qwpzsjaaxuijmqodvslf.supabase.co/rest/v1/dimdate?columns=%22dateid%22%2C%22year%22%2C%22quarter%22%2C%22monthname%22%2C%22date%22%2C%22weekday%22%2C%22day%22%2C%22weekdayname%22%2C%22month%22%2C%22quartername%22 "HTTP/2 201 Created"
[2025-08-05T19:43:49.624+0000] {logging_mixin.py:188} INFO - ---------------------------------------Datos insertados Correctamente dimdate------------------------
 
[2025-08-05T19:43:49.839+0000] {_client.py:1038} INFO - HTTP Request: POST https://qwpzsjaaxuijmqodvslf.supabase.co/rest/v1/dimdate?columns=%22dateid%22%2C%22year%22%2C%22quarter%22%2C%22monthname%22%2C%22date%22%2C%22weekday%22%2C%22day%22%2C%22weekdayname%22%2C%22month%22%2C%22quartername%22 "HTTP/2 201 Created"
[2025-08-05T19:43:49.841+0000] {logging_mixin.py:188} INFO - ---------------------------------------Datos insertados Correctamente dimdate------------------------
 
[2025-08-05T19:43:50.048+0000] {_client.py:1038} INFO - HTTP Request: POST https://qwpzsjaaxuijmqodvslf.supabase.co/rest/v1/dimdate?columns=%22dateid%22%2C%22year%22%2C%22quarter%22%2C%22monthname%22%2C%22date%22%2C%22weekday%22%2C%22day%22%2C%22weekdayname%22%2C%22month%22%2C%22quartername%22 "HTTP/2 201 Created"
[2025-08-05T19:43:50.053+0000] {logging_mixin.py:188} INFO - ---------------------------------------Datos insertados Correctamente dimdate------------------------
 
[2025-08-05T19:43:50.262+0000] {_client.py:1038} INFO - HTTP Request: POST https://qwpzsjaaxuijmqodvslf.supabase.co/rest/v1/dimdate?columns=%22dateid%22%2C%22year%22%2C%22quarter%22%2C%22monthname%22%2C%22date%22%2C%22weekday%22%2C%22day%22%2C%22weekdayname%22%2C%22month%22%2C%22quartername%22 "HTTP/2 201 Created"
[2025-08-05T19:43:50.265+0000] {logging_mixin.py:188} INFO - ---------------------------------------Datos insertados Correctamente dimdate------------------------
 
[2025-08-05T19:43:50.473+0000] {_client.py:1038} INFO - HTTP Request: POST https://qwpzsjaaxuijmqodvslf.supabase.co/rest/v1/dimdate?columns=%22dateid%22%2C%22year%22%2C%22quarter%22%2C%22monthname%22%2C%22date%22%2C%22weekday%22%2C%22day%22%2C%22weekdayname%22%2C%22month%22%2C%22quartername%22 "HTTP/2 201 Created"
[2025-08-05T19:43:50.475+0000] {logging_mixin.py:188} INFO - ---------------------------------------Datos insertados Correctamente dimdate------------------------
 
[2025-08-05T19:43:50.693+0000] {_client.py:1038} INFO - HTTP Request: POST https://qwpzsjaaxuijmqodvslf.supabase.co/rest/v1/dimdate?columns=%22dateid%22%2C%22year%22%2C%22quarter%22%2C%22monthname%22%2C%22date%22%2C%22weekday%22%2C%22day%22%2C%22weekdayname%22%2C%22month%22%2C%22quartername%22 "HTTP/2 201 Created"
[2025-08-05T19:43:50.698+0000] {logging_mixin.py:188} INFO - ---------------------------------------Datos insertados Correctamente dimdate------------------------
 
[2025-08-05T19:43:50.918+0000] {_client.py:1038} INFO - HTTP Request: POST https://qwpzsjaaxuijmqodvslf.supabase.co/rest/v1/dimdate?columns=%22dateid%22%2C%22year%22%2C%22quarter%22%2C%22monthname%22%2C%22date%22%2C%22weekday%22%2C%22day%22%2C%22weekdayname%22%2C%22month%22%2C%22quartername%22 "HTTP/2 201 Created"
[2025-08-05T19:43:50.921+0000] {logging_mixin.py:188} INFO - ---------------------------------------Datos insertados Correctamente dimdate------------------------
 
[2025-08-05T19:43:51.137+0000] {_client.py:1038} INFO - HTTP Request: POST https://qwpzsjaaxuijmqodvslf.supabase.co/rest/v1/dimdate?columns=%22dateid%22%2C%22year%22%2C%22quarter%22%2C%22monthname%22%2C%22date%22%2C%22weekday%22%2C%22day%22%2C%22weekdayname%22%2C%22month%22%2C%22quartername%22 "HTTP/2 201 Created"
[2025-08-05T19:43:51.140+0000] {logging_mixin.py:188} INFO - ---------------------------------------Datos insertados Correctamente dimdate------------------------
 
[2025-08-05T19:43:51.354+0000] {_client.py:1038} INFO - HTTP Request: POST https://qwpzsjaaxuijmqodvslf.supabase.co/rest/v1/dimdate?columns=%22dateid%22%2C%22year%22%2C%22quarter%22%2C%22monthname%22%2C%22date%22%2C%22weekday%22%2C%22day%22%2C%22weekdayname%22%2C%22month%22%2C%22quartername%22 "HTTP/2 201 Created"
[2025-08-05T19:43:51.360+0000] {logging_mixin.py:188} INFO - ---------------------------------------Datos insertados Correctamente dimdate------------------------
 
[2025-08-05T19:43:51.576+0000] {_client.py:1038} INFO - HTTP Request: POST https://qwpzsjaaxuijmqodvslf.supabase.co/rest/v1/dimdate?columns=%22dateid%22%2C%22year%22%2C%22quarter%22%2C%22monthname%22%2C%22date%22%2C%22weekday%22%2C%22day%22%2C%22weekdayname%22%2C%22month%22%2C%22quartername%22 "HTTP/2 201 Created"
[2025-08-05T19:43:51.579+0000] {logging_mixin.py:188} INFO - ---------------------------------------Datos insertados Correctamente dimdate------------------------
 
[2025-08-05T19:43:51.789+0000] {_client.py:1038} INFO - HTTP Request: POST https://qwpzsjaaxuijmqodvslf.supabase.co/rest/v1/dimdate?columns=%22dateid%22%2C%22year%22%2C%22quarter%22%2C%22monthname%22%2C%22date%22%2C%22weekday%22%2C%22day%22%2C%22weekdayname%22%2C%22month%22%2C%22quartername%22 "HTTP/2 201 Created"
[2025-08-05T19:43:51.794+0000] {logging_mixin.py:188} INFO - ---------------------------------------Datos insertados Correctamente dimdate------------------------
 
[2025-08-05T19:43:52.026+0000] {_client.py:1038} INFO - HTTP Request: POST https://qwpzsjaaxuijmqodvslf.supabase.co/rest/v1/dimdate?columns=%22dateid%22%2C%22year%22%2C%22quarter%22%2C%22monthname%22%2C%22date%22%2C%22weekday%22%2C%22day%22%2C%22weekdayname%22%2C%22month%22%2C%22quartername%22 "HTTP/2 201 Created"
[2025-08-05T19:43:52.062+0000] {logging_mixin.py:188} INFO - ---------------------------------------Datos insertados Correctamente dimdate------------------------
 
[2025-08-05T19:43:52.300+0000] {_client.py:1038} INFO - HTTP Request: POST https://qwpzsjaaxuijmqodvslf.supabase.co/rest/v1/dimdate?columns=%22dateid%22%2C%22year%22%2C%22quarter%22%2C%22monthname%22%2C%22date%22%2C%22weekday%22%2C%22day%22%2C%22weekdayname%22%2C%22month%22%2C%22quartername%22 "HTTP/2 201 Created"
[2025-08-05T19:43:52.303+0000] {logging_mixin.py:188} INFO - ---------------------------------------Datos insertados Correctamente dimdate------------------------
 
[2025-08-05T19:43:52.528+0000] {_client.py:1038} INFO - HTTP Request: POST https://qwpzsjaaxuijmqodvslf.supabase.co/rest/v1/dimdate?columns=%22dateid%22%2C%22year%22%2C%22quarter%22%2C%22monthname%22%2C%22date%22%2C%22weekday%22%2C%22day%22%2C%22weekdayname%22%2C%22month%22%2C%22quartername%22 "HTTP/2 201 Created"
[2025-08-05T19:43:52.531+0000] {logging_mixin.py:188} INFO - ---------------------------------------Datos insertados Correctamente dimdate------------------------
 
[2025-08-05T19:43:52.746+0000] {_client.py:1038} INFO - HTTP Request: POST https://qwpzsjaaxuijmqodvslf.supabase.co/rest/v1/dimdate?columns=%22dateid%22%2C%22year%22%2C%22quarter%22%2C%22monthname%22%2C%22date%22%2C%22weekday%22%2C%22day%22%2C%22weekdayname%22%2C%22month%22%2C%22quartername%22 "HTTP/2 201 Created"
[2025-08-05T19:43:52.749+0000] {logging_mixin.py:188} INFO - ---------------------------------------Datos insertados Correctamente dimdate------------------------
 
[2025-08-05T19:43:52.956+0000] {_client.py:1038} INFO - HTTP Request: POST https://qwpzsjaaxuijmqodvslf.supabase.co/rest/v1/dimdate?columns=%22dateid%22%2C%22year%22%2C%22quarter%22%2C%22monthname%22%2C%22date%22%2C%22weekday%22%2C%22day%22%2C%22weekdayname%22%2C%22month%22%2C%22quartername%22 "HTTP/2 201 Created"
[2025-08-05T19:43:52.959+0000] {logging_mixin.py:188} INFO - ---------------------------------------Datos insertados Correctamente dimdate------------------------
 
[2025-08-05T19:43:53.179+0000] {_client.py:1038} INFO - HTTP Request: POST https://qwpzsjaaxuijmqodvslf.supabase.co/rest/v1/dimdate?columns=%22dateid%22%2C%22year%22%2C%22quarter%22%2C%22monthname%22%2C%22date%22%2C%22weekday%22%2C%22day%22%2C%22weekdayname%22%2C%22month%22%2C%22quartername%22 "HTTP/2 201 Created"
[2025-08-05T19:43:53.184+0000] {logging_mixin.py:188} INFO - ---------------------------------------Datos insertados Correctamente dimdate------------------------
 
[2025-08-05T19:43:53.398+0000] {_client.py:1038} INFO - HTTP Request: POST https://qwpzsjaaxuijmqodvslf.supabase.co/rest/v1/dimdate?columns=%22dateid%22%2C%22year%22%2C%22quarter%22%2C%22monthname%22%2C%22date%22%2C%22weekday%22%2C%22day%22%2C%22weekdayname%22%2C%22month%22%2C%22quartername%22 "HTTP/2 201 Created"
[2025-08-05T19:43:53.400+0000] {logging_mixin.py:188} INFO - ---------------------------------------Datos insertados Correctamente dimdate------------------------
 
[2025-08-05T19:43:53.611+0000] {_client.py:1038} INFO - HTTP Request: POST https://qwpzsjaaxuijmqodvslf.supabase.co/rest/v1/dimdate?columns=%22dateid%22%2C%22year%22%2C%22quarter%22%2C%22monthname%22%2C%22date%22%2C%22weekday%22%2C%22day%22%2C%22weekdayname%22%2C%22month%22%2C%22quartername%22 "HTTP/2 201 Created"
[2025-08-05T19:43:53.616+0000] {logging_mixin.py:188} INFO - ---------------------------------------Datos insertados Correctamente dimdate------------------------
 
[2025-08-05T19:43:53.834+0000] {_client.py:1038} INFO - HTTP Request: POST https://qwpzsjaaxuijmqodvslf.supabase.co/rest/v1/dimdate?columns=%22dateid%22%2C%22year%22%2C%22quarter%22%2C%22monthname%22%2C%22date%22%2C%22weekday%22%2C%22day%22%2C%22weekdayname%22%2C%22month%22%2C%22quartername%22 "HTTP/2 201 Created"
[2025-08-05T19:43:53.837+0000] {logging_mixin.py:188} INFO - ---------------------------------------Datos insertados Correctamente dimdate------------------------
 
[2025-08-05T19:43:54.064+0000] {_client.py:1038} INFO - HTTP Request: POST https://qwpzsjaaxuijmqodvslf.supabase.co/rest/v1/dimdate?columns=%22dateid%22%2C%22year%22%2C%22quarter%22%2C%22monthname%22%2C%22date%22%2C%22weekday%22%2C%22day%22%2C%22weekdayname%22%2C%22month%22%2C%22quartername%22 "HTTP/2 201 Created"
[2025-08-05T19:43:54.068+0000] {logging_mixin.py:188} INFO - ---------------------------------------Datos insertados Correctamente dimdate------------------------
 
[2025-08-05T19:43:54.274+0000] {_client.py:1038} INFO - HTTP Request: POST https://qwpzsjaaxuijmqodvslf.supabase.co/rest/v1/dimdate?columns=%22dateid%22%2C%22year%22%2C%22quarter%22%2C%22monthname%22%2C%22date%22%2C%22weekday%22%2C%22day%22%2C%22weekdayname%22%2C%22month%22%2C%22quartername%22 "HTTP/2 201 Created"
[2025-08-05T19:43:54.278+0000] {logging_mixin.py:188} INFO - ---------------------------------------Datos insertados Correctamente dimdate------------------------
 
[2025-08-05T19:43:54.489+0000] {_client.py:1038} INFO - HTTP Request: POST https://qwpzsjaaxuijmqodvslf.supabase.co/rest/v1/dimdate?columns=%22dateid%22%2C%22year%22%2C%22quarter%22%2C%22monthname%22%2C%22date%22%2C%22weekday%22%2C%22day%22%2C%22weekdayname%22%2C%22month%22%2C%22quartername%22 "HTTP/2 201 Created"
[2025-08-05T19:43:54.498+0000] {logging_mixin.py:188} INFO - ---------------------------------------Datos insertados Correctamente dimdate------------------------
 
[2025-08-05T19:43:54.718+0000] {_client.py:1038} INFO - HTTP Request: POST https://qwpzsjaaxuijmqodvslf.supabase.co/rest/v1/dimdate?columns=%22dateid%22%2C%22year%22%2C%22quarter%22%2C%22monthname%22%2C%22date%22%2C%22weekday%22%2C%22day%22%2C%22weekdayname%22%2C%22month%22%2C%22quartername%22 "HTTP/2 201 Created"
[2025-08-05T19:43:54.721+0000] {logging_mixin.py:188} INFO - ---------------------------------------Datos insertados Correctamente dimdate------------------------
 
[2025-08-05T19:43:54.937+0000] {_client.py:1038} INFO - HTTP Request: POST https://qwpzsjaaxuijmqodvslf.supabase.co/rest/v1/dimdate?columns=%22dateid%22%2C%22year%22%2C%22quarter%22%2C%22monthname%22%2C%22date%22%2C%22weekday%22%2C%22day%22%2C%22weekdayname%22%2C%22month%22%2C%22quartername%22 "HTTP/2 201 Created"
[2025-08-05T19:43:54.939+0000] {logging_mixin.py:188} INFO - ---------------------------------------Datos insertados Correctamente dimdate------------------------
 
[2025-08-05T19:43:55.158+0000] {_client.py:1038} INFO - HTTP Request: POST https://qwpzsjaaxuijmqodvslf.supabase.co/rest/v1/dimdate?columns=%22dateid%22%2C%22year%22%2C%22quarter%22%2C%22monthname%22%2C%22date%22%2C%22weekday%22%2C%22day%22%2C%22weekdayname%22%2C%22month%22%2C%22quartername%22 "HTTP/2 201 Created"
[2025-08-05T19:43:55.163+0000] {logging_mixin.py:188} INFO - ---------------------------------------Datos insertados Correctamente dimdate------------------------
 
[2025-08-05T19:43:55.450+0000] {_client.py:1038} INFO - HTTP Request: POST https://qwpzsjaaxuijmqodvslf.supabase.co/rest/v1/dimdate?columns=%22dateid%22%2C%22year%22%2C%22quarter%22%2C%22monthname%22%2C%22date%22%2C%22weekday%22%2C%22day%22%2C%22weekdayname%22%2C%22month%22%2C%22quartername%22 "HTTP/2 201 Created"
[2025-08-05T19:43:55.454+0000] {logging_mixin.py:188} INFO - ---------------------------------------Datos insertados Correctamente dimdate------------------------
 
[2025-08-05T19:43:55.690+0000] {_client.py:1038} INFO - HTTP Request: POST https://qwpzsjaaxuijmqodvslf.supabase.co/rest/v1/dimdate?columns=%22dateid%22%2C%22year%22%2C%22quarter%22%2C%22monthname%22%2C%22date%22%2C%22weekday%22%2C%22day%22%2C%22weekdayname%22%2C%22month%22%2C%22quartername%22 "HTTP/2 201 Created"
[2025-08-05T19:43:55.692+0000] {logging_mixin.py:188} INFO - ---------------------------------------Datos insertados Correctamente dimdate------------------------
 
[2025-08-05T19:43:55.904+0000] {_client.py:1038} INFO - HTTP Request: POST https://qwpzsjaaxuijmqodvslf.supabase.co/rest/v1/dimdate?columns=%22dateid%22%2C%22year%22%2C%22quarter%22%2C%22monthname%22%2C%22date%22%2C%22weekday%22%2C%22day%22%2C%22weekdayname%22%2C%22month%22%2C%22quartername%22 "HTTP/2 201 Created"
[2025-08-05T19:43:55.908+0000] {logging_mixin.py:188} INFO - ---------------------------------------Datos insertados Correctamente dimdate------------------------
 
[2025-08-05T19:43:56.123+0000] {_client.py:1038} INFO - HTTP Request: POST https://qwpzsjaaxuijmqodvslf.supabase.co/rest/v1/dimdate?columns=%22dateid%22%2C%22year%22%2C%22quarter%22%2C%22monthname%22%2C%22date%22%2C%22weekday%22%2C%22day%22%2C%22weekdayname%22%2C%22month%22%2C%22quartername%22 "HTTP/2 201 Created"
[2025-08-05T19:43:56.125+0000] {logging_mixin.py:188} INFO - ---------------------------------------Datos insertados Correctamente dimdate------------------------
 
[2025-08-05T19:43:56.337+0000] {_client.py:1038} INFO - HTTP Request: POST https://qwpzsjaaxuijmqodvslf.supabase.co/rest/v1/dimdate?columns=%22dateid%22%2C%22year%22%2C%22quarter%22%2C%22monthname%22%2C%22date%22%2C%22weekday%22%2C%22day%22%2C%22weekdayname%22%2C%22month%22%2C%22quartername%22 "HTTP/2 201 Created"
[2025-08-05T19:43:56.339+0000] {logging_mixin.py:188} INFO - ---------------------------------------Datos insertados Correctamente dimdate------------------------
 
[2025-08-05T19:43:56.725+0000] {_client.py:1038} INFO - HTTP Request: PATCH https://qwpzsjaaxuijmqodvslf.supabase.co/rest/v1/StgLogs?table_name=eq.dimdate "HTTP/2 200 OK"
[2025-08-05T19:43:56.729+0000] {python.py:201} INFO - Done. Returned value was: None
[2025-08-05T19:43:56.752+0000] {taskinstance.py:1138} INFO - Marking task as SUCCESS. dag_id=Ejercicio1, task_id=LoadAndSetdimdate, execution_date=20250805T194325, start_date=20250805T194346, end_date=20250805T194356
[2025-08-05T19:43:56.838+0000] {local_task_job_runner.py:234} INFO - Task exited with return code 0
[2025-08-05T19:43:56.883+0000] {taskinstance.py:3280} INFO - 0 downstream tasks scheduled from follow-on schedule check
