[2025-08-06T22:51:35.480+0000] {taskinstance.py:1956} INFO - Dependencies all met for dep_context=non-requeueable deps ti=<TaskInstance: Ejercicio2.cargainicial manual__2025-08-06T22:51:26.052834+00:00 [queued]>
[2025-08-06T22:51:35.514+0000] {taskinstance.py:1956} INFO - Dependencies all met for dep_context=requeueable deps ti=<TaskInstance: Ejercicio2.cargainicial manual__2025-08-06T22:51:26.052834+00:00 [queued]>
[2025-08-06T22:51:35.516+0000] {taskinstance.py:2170} INFO - Starting attempt 1 of 2
[2025-08-06T22:51:35.570+0000] {taskinstance.py:2191} INFO - Executing <Task(PythonOperator): cargainicial> on 2025-08-06 22:51:26.052834+00:00
[2025-08-06T22:51:35.604+0000] {standard_task_runner.py:60} INFO - Started process 4254 to run task
[2025-08-06T22:51:35.657+0000] {standard_task_runner.py:87} INFO - Running: ['***', 'tasks', 'run', 'Ejercicio2', 'cargainicial', 'manual__2025-08-06T22:51:26.052834+00:00', '--job-id', '277', '--raw', '--subdir', 'DAGS_FOLDER/ejercicio2.py', '--cfg-path', '/tmp/tmplki519a6']
[2025-08-06T22:51:35.748+0000] {standard_task_runner.py:88} INFO - Job 277: Subtask cargainicial
[2025-08-06T22:51:36.611+0000] {task_command.py:423} INFO - Running <TaskInstance: Ejercicio2.cargainicial manual__2025-08-06T22:51:26.052834+00:00 [running]> on host 019b67754667
[2025-08-06T22:51:37.454+0000] {taskinstance.py:2480} INFO - Exporting env vars: AIRFLOW_CTX_DAG_OWNER='***' AIRFLOW_CTX_DAG_ID='Ejercicio2' AIRFLOW_CTX_TASK_ID='cargainicial' AIRFLOW_CTX_EXECUTION_DATE='2025-08-06T22:51:26.052834+00:00' AIRFLOW_CTX_TRY_NUMBER='1' AIRFLOW_CTX_DAG_RUN_ID='manual__2025-08-06T22:51:26.052834+00:00'
[2025-08-06T22:51:38.206+0000] {warnings.py:109} WARNING - /home/***/.local/lib/python3.8/site-packages/urllib3/connectionpool.py:1061: InsecureRequestWarning: Unverified HTTPS request is being made to host 'api.bcra.gob.ar'. Adding certificate verification is strongly advised. See: https://urllib3.readthedocs.io/en/1.26.x/advanced-usage.html#ssl-warnings
  warnings.warn(

[2025-08-06T22:51:38.290+0000] {logging_mixin.py:188} INFO - ----Divisas---
[2025-08-06T22:51:38.292+0000] {logging_mixin.py:188} INFO - [{'codigo': 'ARS', 'denominacion': 'PESO'}, {'codigo': 'ATS', 'denominacion': 'CHELINES AUSTRIACOS'}, {'codigo': 'AUD', 'denominacion': 'DOLAR AUSTRALIA'}, {'codigo': 'AWG', 'denominacion': 'FLORIN (ANTILLAS HOLANDESAS)'}, {'codigo': 'BOB', 'denominacion': 'BOLIVIANOS'}, {'codigo': 'BRL', 'denominacion': 'REAL'}, {'codigo': 'CAD', 'denominacion': 'DOLAR CANADIEN.'}, {'codigo': 'CHF', 'denominacion': 'FRANCO SUIZO'}, {'codigo': 'CLP', 'denominacion': 'PESO CHILENO'}, {'codigo': 'CNH', 'denominacion': 'YUAN CNH RENMINBI OFF SHORE'}, {'codigo': 'CNY', 'denominacion': 'YUAN CNY RENMINBI'}, {'codigo': 'COP', 'denominacion': 'COLOMBIANOS'}, {'codigo': 'CZK', 'denominacion': 'CORONAS CHECAS'}, {'codigo': 'DEM', 'denominacion': 'MARCO ALEMAN'}, {'codigo': 'DKK', 'denominacion': 'CORONAS DANESAS'}, {'codigo': 'ESP', 'denominacion': 'PESETA'}, {'codigo': 'EUR', 'denominacion': 'EURO'}, {'codigo': 'GBP', 'denominacion': 'LIBRA ESTERLINA'}, {'codigo': 'HKD', 'denominacion': 'DOLAR HONG KONG'}, {'codigo': 'ILS', 'denominacion': 'LIBRA ISRAELI'}, {'codigo': 'INR', 'denominacion': 'RUPIA (INDIA)'}, {'codigo': 'ITL', 'denominacion': 'LIRA ITALIANA'}, {'codigo': 'JPY', 'denominacion': 'YENS'}, {'codigo': 'MXP', 'denominacion': 'PESO MEXICANO'}, {'codigo': 'NIO', 'denominacion': 'CORDOBA NICARAGUENSE'}, {'codigo': 'NIO', 'denominacion': 'CORDOBAS'}, {'codigo': 'NOK', 'denominacion': 'CORONAS NORUEGA'}, {'codigo': 'NZD', 'denominacion': 'DOLAR NEOZELANDES'}, {'codigo': 'PEN', 'denominacion': 'SOLES'}, {'codigo': 'PYG', 'denominacion': 'GUARANIES'}, {'codigo': 'REF', 'denominacion': 'DOLAR REFERENCIA COM 3500'}, {'codigo': 'RSD', 'denominacion': 'DINAR SERBIA'}, {'codigo': 'RUB', 'denominacion': 'RUSIA'}, {'codigo': 'SEK', 'denominacion': 'CORONAS SUECAS'}, {'codigo': 'SGD', 'denominacion': 'DOLAR DE SINGAPUR'}, {'codigo': 'TRY', 'denominacion': 'LIRA TURCA'}, {'codigo': 'USD', 'denominacion': 'DOLAR E.E.U.U.'}, {'codigo': 'UYU', 'denominacion': 'PESO URUGUAYO'}, {'codigo': 'VEB', 'denominacion': 'BOLIVARES'}, {'codigo': 'VND', 'denominacion': 'DONG VIETNAM (c/1.000 unidades)'}, {'codigo': 'XAG', 'denominacion': 'PLATA - ONZA TROY'}, {'codigo': 'XAU', 'denominacion': 'ORO FINO (1 ONZA)'}, {'codigo': 'XDR', 'denominacion': 'DEG'}, {'codigo': 'ZAR', 'denominacion': 'RAND SUD'}]
[2025-08-06T22:51:38.383+0000] {logging_mixin.py:188} INFO - codigo           ARS
denominacion    PESO
Name: 0, dtype: object
[2025-08-06T22:51:38.386+0000] {logging_mixin.py:188} INFO - codigo                          ATS
denominacion    CHELINES AUSTRIACOS
Name: 1, dtype: object
[2025-08-06T22:51:38.391+0000] {logging_mixin.py:188} INFO - codigo                      AUD
denominacion    DOLAR AUSTRALIA
Name: 2, dtype: object
[2025-08-06T22:51:38.394+0000] {logging_mixin.py:188} INFO - codigo                                   AWG
denominacion    FLORIN (ANTILLAS HOLANDESAS)
Name: 3, dtype: object
[2025-08-06T22:51:38.399+0000] {logging_mixin.py:188} INFO - codigo                 BOB
denominacion    BOLIVIANOS
Name: 4, dtype: object
[2025-08-06T22:51:38.403+0000] {logging_mixin.py:188} INFO - codigo           BRL
denominacion    REAL
Name: 5, dtype: object
[2025-08-06T22:51:38.406+0000] {logging_mixin.py:188} INFO - codigo                      CAD
denominacion    DOLAR CANADIEN.
Name: 6, dtype: object
[2025-08-06T22:51:38.409+0000] {logging_mixin.py:188} INFO - codigo                   CHF
denominacion    FRANCO SUIZO
Name: 7, dtype: object
[2025-08-06T22:51:38.418+0000] {logging_mixin.py:188} INFO - codigo                   CLP
denominacion    PESO CHILENO
Name: 8, dtype: object
[2025-08-06T22:51:38.421+0000] {logging_mixin.py:188} INFO - codigo                                  CNH
denominacion    YUAN CNH RENMINBI OFF SHORE
Name: 9, dtype: object
[2025-08-06T22:51:38.425+0000] {logging_mixin.py:188} INFO - codigo                        CNY
denominacion    YUAN CNY RENMINBI
Name: 10, dtype: object
[2025-08-06T22:51:38.429+0000] {logging_mixin.py:188} INFO - codigo                  COP
denominacion    COLOMBIANOS
Name: 11, dtype: object
[2025-08-06T22:51:38.436+0000] {logging_mixin.py:188} INFO - codigo                     CZK
denominacion    CORONAS CHECAS
Name: 12, dtype: object
[2025-08-06T22:51:38.440+0000] {logging_mixin.py:188} INFO - codigo                   DEM
denominacion    MARCO ALEMAN
Name: 13, dtype: object
[2025-08-06T22:51:38.443+0000] {logging_mixin.py:188} INFO - codigo                      DKK
denominacion    CORONAS DANESAS
Name: 14, dtype: object
[2025-08-06T22:51:38.450+0000] {logging_mixin.py:188} INFO - codigo             ESP
denominacion    PESETA
Name: 15, dtype: object
[2025-08-06T22:51:38.453+0000] {logging_mixin.py:188} INFO - codigo           EUR
denominacion    EURO
Name: 16, dtype: object
[2025-08-06T22:51:38.456+0000] {logging_mixin.py:188} INFO - codigo                      GBP
denominacion    LIBRA ESTERLINA
Name: 17, dtype: object
[2025-08-06T22:51:38.459+0000] {logging_mixin.py:188} INFO - codigo                      HKD
denominacion    DOLAR HONG KONG
Name: 18, dtype: object
[2025-08-06T22:51:38.462+0000] {logging_mixin.py:188} INFO - codigo                    ILS
denominacion    LIBRA ISRAELI
Name: 19, dtype: object
[2025-08-06T22:51:38.467+0000] {logging_mixin.py:188} INFO - codigo                    INR
denominacion    RUPIA (INDIA)
Name: 20, dtype: object
[2025-08-06T22:51:38.473+0000] {logging_mixin.py:188} INFO - codigo                    ITL
denominacion    LIRA ITALIANA
Name: 21, dtype: object
[2025-08-06T22:51:38.479+0000] {logging_mixin.py:188} INFO - codigo           JPY
denominacion    YENS
Name: 22, dtype: object
[2025-08-06T22:51:38.483+0000] {logging_mixin.py:188} INFO - codigo                    MXP
denominacion    PESO MEXICANO
Name: 23, dtype: object
[2025-08-06T22:51:38.487+0000] {logging_mixin.py:188} INFO - codigo                           NIO
denominacion    CORDOBA NICARAGUENSE
Name: 24, dtype: object
[2025-08-06T22:51:38.492+0000] {logging_mixin.py:188} INFO - codigo               NIO
denominacion    CORDOBAS
Name: 25, dtype: object
[2025-08-06T22:51:38.498+0000] {logging_mixin.py:188} INFO - codigo                      NOK
denominacion    CORONAS NORUEGA
Name: 26, dtype: object
[2025-08-06T22:51:38.502+0000] {logging_mixin.py:188} INFO - codigo                        NZD
denominacion    DOLAR NEOZELANDES
Name: 27, dtype: object
[2025-08-06T22:51:38.506+0000] {logging_mixin.py:188} INFO - codigo            PEN
denominacion    SOLES
Name: 28, dtype: object
[2025-08-06T22:51:38.509+0000] {logging_mixin.py:188} INFO - codigo                PYG
denominacion    GUARANIES
Name: 29, dtype: object
[2025-08-06T22:51:38.516+0000] {logging_mixin.py:188} INFO - codigo                                REF
denominacion    DOLAR REFERENCIA COM 3500
Name: 30, dtype: object
[2025-08-06T22:51:38.520+0000] {logging_mixin.py:188} INFO - codigo                   RSD
denominacion    DINAR SERBIA
Name: 31, dtype: object
[2025-08-06T22:51:38.525+0000] {logging_mixin.py:188} INFO - codigo            RUB
denominacion    RUSIA
Name: 32, dtype: object
[2025-08-06T22:51:38.532+0000] {logging_mixin.py:188} INFO - codigo                     SEK
denominacion    CORONAS SUECAS
Name: 33, dtype: object
[2025-08-06T22:51:38.535+0000] {logging_mixin.py:188} INFO - codigo                        SGD
denominacion    DOLAR DE SINGAPUR
Name: 34, dtype: object
[2025-08-06T22:51:38.538+0000] {logging_mixin.py:188} INFO - codigo                 TRY
denominacion    LIRA TURCA
Name: 35, dtype: object
[2025-08-06T22:51:38.541+0000] {logging_mixin.py:188} INFO - codigo                     USD
denominacion    DOLAR E.E.U.U.
Name: 36, dtype: object
[2025-08-06T22:51:38.544+0000] {logging_mixin.py:188} INFO - codigo                    UYU
denominacion    PESO URUGUAYO
Name: 37, dtype: object
[2025-08-06T22:51:38.551+0000] {logging_mixin.py:188} INFO - codigo                VEB
denominacion    BOLIVARES
Name: 38, dtype: object
[2025-08-06T22:51:38.555+0000] {logging_mixin.py:188} INFO - codigo                                      VND
denominacion    DONG VIETNAM (c/1.000 unidades)
Name: 39, dtype: object
[2025-08-06T22:51:38.558+0000] {logging_mixin.py:188} INFO - codigo                        XAG
denominacion    PLATA - ONZA TROY
Name: 40, dtype: object
[2025-08-06T22:51:38.561+0000] {logging_mixin.py:188} INFO - codigo                        XAU
denominacion    ORO FINO (1 ONZA)
Name: 41, dtype: object
[2025-08-06T22:51:38.568+0000] {logging_mixin.py:188} INFO - codigo          XDR
denominacion    DEG
Name: 42, dtype: object
[2025-08-06T22:51:38.572+0000] {logging_mixin.py:188} INFO - codigo               ZAR
denominacion    RAND SUD
Name: 43, dtype: object
[2025-08-06T22:51:38.574+0000] {python.py:201} INFO - Done. Returned value was: None
[2025-08-06T22:51:38.693+0000] {taskinstance.py:1138} INFO - Marking task as SUCCESS. dag_id=Ejercicio2, task_id=cargainicial, execution_date=20250806T225126, start_date=20250806T225135, end_date=20250806T225138
[2025-08-06T22:51:38.813+0000] {local_task_job_runner.py:234} INFO - Task exited with return code 0
[2025-08-06T22:51:38.868+0000] {taskinstance.py:3280} INFO - 0 downstream tasks scheduled from follow-on schedule check
