[2025-08-07T02:25:35.618+0000] {taskinstance.py:1956} INFO - Dependencies all met for dep_context=non-requeueable deps ti=<TaskInstance: Ejercicio2.Inicio manual__2025-08-07T02:25:22.604723+00:00 [queued]>
[2025-08-07T02:25:35.670+0000] {taskinstance.py:1956} INFO - Dependencies all met for dep_context=requeueable deps ti=<TaskInstance: Ejercicio2.Inicio manual__2025-08-07T02:25:22.604723+00:00 [queued]>
[2025-08-07T02:25:35.675+0000] {taskinstance.py:2170} INFO - Starting attempt 1 of 2
[2025-08-07T02:25:35.747+0000] {taskinstance.py:2191} INFO - Executing <Task(BranchPythonOperator): Inicio> on 2025-08-07 02:25:22.604723+00:00
[2025-08-07T02:25:35.814+0000] {standard_task_runner.py:60} INFO - Started process 6609 to run task
[2025-08-07T02:25:35.827+0000] {standard_task_runner.py:87} INFO - Running: ['***', 'tasks', 'run', 'Ejercicio2', 'Inicio', 'manual__2025-08-07T02:25:22.604723+00:00', '--job-id', '334', '--raw', '--subdir', 'DAGS_FOLDER/ejercicio2.py', '--cfg-path', '/tmp/tmpzc00leks']
[2025-08-07T02:25:35.837+0000] {standard_task_runner.py:88} INFO - Job 334: Subtask Inicio
[2025-08-07T02:25:36.024+0000] {task_command.py:423} INFO - Running <TaskInstance: Ejercicio2.Inicio manual__2025-08-07T02:25:22.604723+00:00 [running]> on host 019b67754667
[2025-08-07T02:25:36.988+0000] {taskinstance.py:2480} INFO - Exporting env vars: AIRFLOW_CTX_DAG_OWNER='***' AIRFLOW_CTX_DAG_ID='Ejercicio2' AIRFLOW_CTX_TASK_ID='Inicio' AIRFLOW_CTX_EXECUTION_DATE='2025-08-07T02:25:22.604723+00:00' AIRFLOW_CTX_TRY_NUMBER='1' AIRFLOW_CTX_DAG_RUN_ID='manual__2025-08-07T02:25:22.604723+00:00'
[2025-08-07T02:25:41.343+0000] {_client.py:1038} INFO - HTTP Request: GET https://qwpzsjaaxuijmqodvslf.supabase.co/rest/v1/cotizaciones?select=%2A "HTTP/2 200 OK"
[2025-08-07T02:25:41.375+0000] {logging_mixin.py:188} INFO - 
 ----------------------
data=[{'fecha': '2025-08-06', 'moneda': 'AUD', 'tipo_cambio': 866.3328, 'fuente': 'BCRA'}, {'fecha': '2025-08-05', 'moneda': 'AUD', 'tipo_cambio': 866.6788, 'fuente': 'BCRA'}, {'fecha': '2025-08-04', 'moneda': 'AUD', 'tipo_cambio': 878.968, 'fuente': 'BCRA'}, {'fecha': '2025-08-01', 'moneda': 'AUD', 'tipo_cambio': 879.2344, 'fuente': 'BCRA'}, {'fecha': '2025-07-31', 'moneda': 'AUD', 'tipo_cambio': 882.9324, 'fuente': 'BCRA'}, {'fecha': '2025-08-06', 'moneda': 'AWG', 'tipo_cambio': 744.1341, 'fuente': 'BCRA'}, {'fecha': '2025-08-05', 'moneda': 'AWG', 'tipo_cambio': 747.7654, 'fuente': 'BCRA'}, {'fecha': '2025-08-04', 'moneda': 'AWG', 'tipo_cambio': 759.7765, 'fuente': 'BCRA'}, {'fecha': '2025-08-01', 'moneda': 'AWG', 'tipo_cambio': 762.0112, 'fuente': 'BCRA'}, {'fecha': '2025-07-31', 'moneda': 'AWG', 'tipo_cambio': 767.5978, 'fuente': 'BCRA'}, {'fecha': '2025-08-06', 'moneda': 'BOB', 'tipo_cambio': 193.1134, 'fuente': 'BCRA'}, {'fecha': '2025-08-05', 'moneda': 'BOB', 'tipo_cambio': 194.1966, 'fuente': 'BCRA'}, {'fecha': '2025-08-04', 'moneda': 'BOB', 'tipo_cambio': 197.3159, 'fuente': 'BCRA'}, {'fecha': '2025-08-01', 'moneda': 'BOB', 'tipo_cambio': 197.3951, 'fuente': 'BCRA'}, {'fecha': '2025-07-31', 'moneda': 'BOB', 'tipo_cambio': 199.2026, 'fuente': 'BCRA'}] count=None
[2025-08-07T02:25:41.377+0000] {python.py:201} INFO - Done. Returned value was: cargaincremental
[2025-08-07T02:25:41.379+0000] {branch.py:35} INFO - Branch into cargaincremental
[2025-08-07T02:25:41.380+0000] {skipmixin.py:178} INFO - Following branch cargaincremental
[2025-08-07T02:25:41.431+0000] {skipmixin.py:244} INFO - Skipping tasks [('cargainicial', -1)]
[2025-08-07T02:25:41.570+0000] {taskinstance.py:1138} INFO - Marking task as SUCCESS. dag_id=Ejercicio2, task_id=Inicio, execution_date=20250807T022522, start_date=20250807T022535, end_date=20250807T022541
[2025-08-07T02:25:41.663+0000] {local_task_job_runner.py:234} INFO - Task exited with return code 0
[2025-08-07T02:25:41.776+0000] {taskinstance.py:3280} INFO - 1 downstream tasks scheduled from follow-on schedule check
