[2025-08-05T23:28:59.880+0000] {taskinstance.py:1956} INFO - Dependencies all met for dep_context=non-requeueable deps ti=<TaskInstance: Ejercicio1.CreaTabladimproduct manual__2025-08-05T23:28:31.700452+00:00 [queued]>
[2025-08-05T23:28:59.991+0000] {taskinstance.py:1956} INFO - Dependencies all met for dep_context=requeueable deps ti=<TaskInstance: Ejercicio1.CreaTabladimproduct manual__2025-08-05T23:28:31.700452+00:00 [queued]>
[2025-08-05T23:28:59.993+0000] {taskinstance.py:2170} INFO - Starting attempt 1 of 2
[2025-08-05T23:29:00.089+0000] {taskinstance.py:2191} INFO - Executing <Task(PythonOperator): CreaTabladimproduct> on 2025-08-05 23:28:31.700452+00:00
[2025-08-05T23:29:00.139+0000] {standard_task_runner.py:60} INFO - Started process 3360 to run task
[2025-08-05T23:29:00.163+0000] {standard_task_runner.py:87} INFO - Running: ['***', 'tasks', 'run', 'Ejercicio1', 'CreaTabladimproduct', 'manual__2025-08-05T23:28:31.700452+00:00', '--job-id', '233', '--raw', '--subdir', 'DAGS_FOLDER/ejercicio1.py', '--cfg-path', '/tmp/tmpmdximiwl']
[2025-08-05T23:29:00.181+0000] {standard_task_runner.py:88} INFO - Job 233: Subtask CreaTabladimproduct
[2025-08-05T23:29:00.538+0000] {task_command.py:423} INFO - Running <TaskInstance: Ejercicio1.CreaTabladimproduct manual__2025-08-05T23:28:31.700452+00:00 [running]> on host 019b67754667
[2025-08-05T23:29:01.077+0000] {taskinstance.py:2480} INFO - Exporting env vars: AIRFLOW_CTX_DAG_OWNER='***' AIRFLOW_CTX_DAG_ID='Ejercicio1' AIRFLOW_CTX_TASK_ID='CreaTabladimproduct' AIRFLOW_CTX_EXECUTION_DATE='2025-08-05T23:28:31.700452+00:00' AIRFLOW_CTX_TRY_NUMBER='1' AIRFLOW_CTX_DAG_RUN_ID='manual__2025-08-05T23:28:31.700452+00:00'
[2025-08-05T23:29:01.242+0000] {logging_mixin.py:188} INFO -     productid   producttype
0        1001   Electronics
1        1002      Clothing
2        1003     Furniture
3        1004     Groceries
4        1005    Appliances
5        1006        Beauty
6        1007         Books
7        1008         Shoes
8        1009     Gardening
9        1010        Sports
10       1011          Toys
11       1012       Jewelry
12       1013         Tools
13       1014   Kitchenware
14       1015  Pet Supplies
15       1016  Art Supplies
16       1017   Electronics
17       1018      Clothing
18       1019     Furniture
19       1020     Groceries
20       1021    Appliances
21       1022        Beauty
22       1023         Books
23       1024         Shoes
24       1025     Gardening
[2025-08-05T23:29:01.245+0000] {logging_mixin.py:188} INFO - 
 ---------------SE ENCONTRAROS DATOS PARA LA CARGA INICIAL | ULTIMO ID DE LA TABLA:1025-----------------
[2025-08-05T23:29:02.111+0000] {_client.py:1038} INFO - HTTP Request: POST https://qwpzsjaaxuijmqodvslf.supabase.co/rest/v1/dimproduct?columns=%22productid%22%2C%22producttype%22 "HTTP/2 201 Created"
[2025-08-05T23:29:02.198+0000] {logging_mixin.py:188} INFO - ---------------------------------------Datos insertados Correctamente dimproduct------------------------
 
[2025-08-05T23:29:02.786+0000] {_client.py:1038} INFO - HTTP Request: POST https://qwpzsjaaxuijmqodvslf.supabase.co/rest/v1/dimproduct?columns=%22productid%22%2C%22producttype%22 "HTTP/2 201 Created"
[2025-08-05T23:29:02.794+0000] {logging_mixin.py:188} INFO - ---------------------------------------Datos insertados Correctamente dimproduct------------------------
 
[2025-08-05T23:29:03.042+0000] {_client.py:1038} INFO - HTTP Request: POST https://qwpzsjaaxuijmqodvslf.supabase.co/rest/v1/dimproduct?columns=%22productid%22%2C%22producttype%22 "HTTP/2 201 Created"
[2025-08-05T23:29:03.047+0000] {logging_mixin.py:188} INFO - ---------------------------------------Datos insertados Correctamente dimproduct------------------------
 
[2025-08-05T23:29:03.706+0000] {_client.py:1038} INFO - HTTP Request: PATCH https://qwpzsjaaxuijmqodvslf.supabase.co/rest/v1/StgLogs?table_name=eq.dimproduct "HTTP/2 200 OK"
[2025-08-05T23:29:03.718+0000] {python.py:201} INFO - Done. Returned value was: None
[2025-08-05T23:29:03.753+0000] {taskinstance.py:1138} INFO - Marking task as SUCCESS. dag_id=Ejercicio1, task_id=CreaTabladimproduct, execution_date=20250805T232831, start_date=20250805T232859, end_date=20250805T232903
[2025-08-05T23:29:03.832+0000] {local_task_job_runner.py:234} INFO - Task exited with return code 0
[2025-08-05T23:29:03.933+0000] {taskinstance.py:3280} INFO - 0 downstream tasks scheduled from follow-on schedule check
