[2025-08-05T19:03:31.110+0000] {taskinstance.py:1956} INFO - Dependencies all met for dep_context=non-requeueable deps ti=<TaskInstance: Ejercicio1.LoadAndSetdimdate manual__2025-08-05T18:58:06.618199+00:00 [queued]>
[2025-08-05T19:03:31.130+0000] {taskinstance.py:1956} INFO - Dependencies all met for dep_context=requeueable deps ti=<TaskInstance: Ejercicio1.LoadAndSetdimdate manual__2025-08-05T18:58:06.618199+00:00 [queued]>
[2025-08-05T19:03:31.131+0000] {taskinstance.py:2170} INFO - Starting attempt 2 of 2
[2025-08-05T19:03:31.157+0000] {taskinstance.py:2191} INFO - Executing <Task(PythonOperator): LoadAndSetdimdate> on 2025-08-05 18:58:06.618199+00:00
[2025-08-05T19:03:31.176+0000] {standard_task_runner.py:60} INFO - Started process 660 to run task
[2025-08-05T19:03:31.182+0000] {standard_task_runner.py:87} INFO - Running: ['***', 'tasks', 'run', 'Ejercicio1', 'LoadAndSetdimdate', 'manual__2025-08-05T18:58:06.618199+00:00', '--job-id', '103', '--raw', '--subdir', 'DAGS_FOLDER/ejercicio1.py', '--cfg-path', '/tmp/tmpvs1p5jp6']
[2025-08-05T19:03:31.189+0000] {standard_task_runner.py:88} INFO - Job 103: Subtask LoadAndSetdimdate
[2025-08-05T19:03:31.308+0000] {task_command.py:423} INFO - Running <TaskInstance: Ejercicio1.LoadAndSetdimdate manual__2025-08-05T18:58:06.618199+00:00 [running]> on host 019b67754667
[2025-08-05T19:03:31.527+0000] {taskinstance.py:2480} INFO - Exporting env vars: AIRFLOW_CTX_DAG_OWNER='***' AIRFLOW_CTX_DAG_ID='Ejercicio1' AIRFLOW_CTX_TASK_ID='LoadAndSetdimdate' AIRFLOW_CTX_EXECUTION_DATE='2025-08-05T18:58:06.618199+00:00' AIRFLOW_CTX_TRY_NUMBER='2' AIRFLOW_CTX_DAG_RUN_ID='manual__2025-08-05T18:58:06.618199+00:00'
[2025-08-05T19:03:31.603+0000] {logging_mixin.py:188} INFO - 
 ---------------SE ENCONTRAROS DATOS PARA LA CARGA INICIAL | ULTIMO ID DE LA TABLA:350-----------------
[2025-08-05T19:03:32.973+0000] {_client.py:1038} INFO - HTTP Request: POST https://qwpzsjaaxuijmqodvslf.supabase.co/rest/v1/dimdate?columns=%22Quarter%22%2C%22dateid%22%2C%22WeekdayName%22%2C%22Weekday%22%2C%22Monthname%22%2C%22Month%22%2C%22QuarterName%22%2C%22Day%22%2C%22date%22%2C%22Year%22 "HTTP/2 400 Bad Request"
[2025-08-05T19:03:32.977+0000] {logging_mixin.py:188} INFO - Error insertando en dimdate: {'code': 'PGRST204', 'details': None, 'hint': None, 'message': "Could not find the 'Day' column of 'dimdate' in the schema cache"}
[2025-08-05T19:03:34.925+0000] {_client.py:1038} INFO - HTTP Request: POST https://qwpzsjaaxuijmqodvslf.supabase.co/rest/v1/dimdate?columns=%22Quarter%22%2C%22dateid%22%2C%22WeekdayName%22%2C%22Weekday%22%2C%22Monthname%22%2C%22Month%22%2C%22QuarterName%22%2C%22Day%22%2C%22date%22%2C%22Year%22 "HTTP/2 400 Bad Request"
[2025-08-05T19:03:34.927+0000] {logging_mixin.py:188} INFO - Error insertando en dimdate: {'code': 'PGRST204', 'details': None, 'hint': None, 'message': "Could not find the 'Day' column of 'dimdate' in the schema cache"}
[2025-08-05T19:03:35.155+0000] {_client.py:1038} INFO - HTTP Request: POST https://qwpzsjaaxuijmqodvslf.supabase.co/rest/v1/dimdate?columns=%22Quarter%22%2C%22dateid%22%2C%22WeekdayName%22%2C%22Weekday%22%2C%22Monthname%22%2C%22Month%22%2C%22QuarterName%22%2C%22Day%22%2C%22date%22%2C%22Year%22 "HTTP/2 400 Bad Request"
[2025-08-05T19:03:35.157+0000] {logging_mixin.py:188} INFO - Error insertando en dimdate: {'code': 'PGRST204', 'details': None, 'hint': None, 'message': "Could not find the 'Day' column of 'dimdate' in the schema cache"}
[2025-08-05T19:03:35.382+0000] {_client.py:1038} INFO - HTTP Request: POST https://qwpzsjaaxuijmqodvslf.supabase.co/rest/v1/dimdate?columns=%22Quarter%22%2C%22dateid%22%2C%22WeekdayName%22%2C%22Weekday%22%2C%22Monthname%22%2C%22Month%22%2C%22QuarterName%22%2C%22Day%22%2C%22date%22%2C%22Year%22 "HTTP/2 400 Bad Request"
[2025-08-05T19:03:35.384+0000] {logging_mixin.py:188} INFO - Error insertando en dimdate: {'code': 'PGRST204', 'details': None, 'hint': None, 'message': "Could not find the 'Day' column of 'dimdate' in the schema cache"}
[2025-08-05T19:03:35.942+0000] {_client.py:1038} INFO - HTTP Request: POST https://qwpzsjaaxuijmqodvslf.supabase.co/rest/v1/dimdate?columns=%22Quarter%22%2C%22dateid%22%2C%22WeekdayName%22%2C%22Weekday%22%2C%22Monthname%22%2C%22Month%22%2C%22QuarterName%22%2C%22Day%22%2C%22date%22%2C%22Year%22 "HTTP/2 400 Bad Request"
[2025-08-05T19:03:35.946+0000] {logging_mixin.py:188} INFO - Error insertando en dimdate: {'code': 'PGRST204', 'details': None, 'hint': None, 'message': "Could not find the 'Day' column of 'dimdate' in the schema cache"}
[2025-08-05T19:03:36.311+0000] {_client.py:1038} INFO - HTTP Request: POST https://qwpzsjaaxuijmqodvslf.supabase.co/rest/v1/dimdate?columns=%22Quarter%22%2C%22dateid%22%2C%22WeekdayName%22%2C%22Weekday%22%2C%22Monthname%22%2C%22Month%22%2C%22QuarterName%22%2C%22Day%22%2C%22date%22%2C%22Year%22 "HTTP/2 400 Bad Request"
[2025-08-05T19:03:36.314+0000] {logging_mixin.py:188} INFO - Error insertando en dimdate: {'code': 'PGRST204', 'details': None, 'hint': None, 'message': "Could not find the 'Day' column of 'dimdate' in the schema cache"}
[2025-08-05T19:03:36.540+0000] {_client.py:1038} INFO - HTTP Request: POST https://qwpzsjaaxuijmqodvslf.supabase.co/rest/v1/dimdate?columns=%22Quarter%22%2C%22dateid%22%2C%22WeekdayName%22%2C%22Weekday%22%2C%22Monthname%22%2C%22Month%22%2C%22QuarterName%22%2C%22Day%22%2C%22date%22%2C%22Year%22 "HTTP/2 400 Bad Request"
[2025-08-05T19:03:36.542+0000] {logging_mixin.py:188} INFO - Error insertando en dimdate: {'code': 'PGRST204', 'details': None, 'hint': None, 'message': "Could not find the 'Day' column of 'dimdate' in the schema cache"}
[2025-08-05T19:03:38.499+0000] {_client.py:1038} INFO - HTTP Request: POST https://qwpzsjaaxuijmqodvslf.supabase.co/rest/v1/dimdate?columns=%22Quarter%22%2C%22dateid%22%2C%22WeekdayName%22%2C%22Weekday%22%2C%22Monthname%22%2C%22Month%22%2C%22QuarterName%22%2C%22Day%22%2C%22date%22%2C%22Year%22 "HTTP/2 400 Bad Request"
[2025-08-05T19:03:38.502+0000] {logging_mixin.py:188} INFO - Error insertando en dimdate: {'code': 'PGRST204', 'details': None, 'hint': None, 'message': "Could not find the 'Day' column of 'dimdate' in the schema cache"}
[2025-08-05T19:03:38.772+0000] {_client.py:1038} INFO - HTTP Request: POST https://qwpzsjaaxuijmqodvslf.supabase.co/rest/v1/dimdate?columns=%22Quarter%22%2C%22dateid%22%2C%22WeekdayName%22%2C%22Weekday%22%2C%22Monthname%22%2C%22Month%22%2C%22QuarterName%22%2C%22Day%22%2C%22date%22%2C%22Year%22 "HTTP/2 400 Bad Request"
[2025-08-05T19:03:38.775+0000] {logging_mixin.py:188} INFO - Error insertando en dimdate: {'code': 'PGRST204', 'details': None, 'hint': None, 'message': "Could not find the 'Day' column of 'dimdate' in the schema cache"}
[2025-08-05T19:03:39.010+0000] {_client.py:1038} INFO - HTTP Request: POST https://qwpzsjaaxuijmqodvslf.supabase.co/rest/v1/dimdate?columns=%22Quarter%22%2C%22dateid%22%2C%22WeekdayName%22%2C%22Weekday%22%2C%22Monthname%22%2C%22Month%22%2C%22QuarterName%22%2C%22Day%22%2C%22date%22%2C%22Year%22 "HTTP/2 400 Bad Request"
[2025-08-05T19:03:39.013+0000] {logging_mixin.py:188} INFO - Error insertando en dimdate: {'code': 'PGRST204', 'details': None, 'hint': None, 'message': "Could not find the 'Day' column of 'dimdate' in the schema cache"}
[2025-08-05T19:03:39.541+0000] {_client.py:1038} INFO - HTTP Request: POST https://qwpzsjaaxuijmqodvslf.supabase.co/rest/v1/dimdate?columns=%22Quarter%22%2C%22dateid%22%2C%22WeekdayName%22%2C%22Weekday%22%2C%22Monthname%22%2C%22Month%22%2C%22QuarterName%22%2C%22Day%22%2C%22date%22%2C%22Year%22 "HTTP/2 400 Bad Request"
[2025-08-05T19:03:39.543+0000] {logging_mixin.py:188} INFO - Error insertando en dimdate: {'code': 'PGRST204', 'details': None, 'hint': None, 'message': "Could not find the 'Day' column of 'dimdate' in the schema cache"}
[2025-08-05T19:03:39.767+0000] {_client.py:1038} INFO - HTTP Request: POST https://qwpzsjaaxuijmqodvslf.supabase.co/rest/v1/dimdate?columns=%22Quarter%22%2C%22dateid%22%2C%22WeekdayName%22%2C%22Weekday%22%2C%22Monthname%22%2C%22Month%22%2C%22QuarterName%22%2C%22Day%22%2C%22date%22%2C%22Year%22 "HTTP/2 400 Bad Request"
[2025-08-05T19:03:39.769+0000] {logging_mixin.py:188} INFO - Error insertando en dimdate: {'code': 'PGRST204', 'details': None, 'hint': None, 'message': "Could not find the 'Day' column of 'dimdate' in the schema cache"}
[2025-08-05T19:03:39.986+0000] {_client.py:1038} INFO - HTTP Request: POST https://qwpzsjaaxuijmqodvslf.supabase.co/rest/v1/dimdate?columns=%22Quarter%22%2C%22dateid%22%2C%22WeekdayName%22%2C%22Weekday%22%2C%22Monthname%22%2C%22Month%22%2C%22QuarterName%22%2C%22Day%22%2C%22date%22%2C%22Year%22 "HTTP/2 400 Bad Request"
[2025-08-05T19:03:39.989+0000] {logging_mixin.py:188} INFO - Error insertando en dimdate: {'code': 'PGRST204', 'details': None, 'hint': None, 'message': "Could not find the 'Day' column of 'dimdate' in the schema cache"}
[2025-08-05T19:03:40.214+0000] {_client.py:1038} INFO - HTTP Request: POST https://qwpzsjaaxuijmqodvslf.supabase.co/rest/v1/dimdate?columns=%22Quarter%22%2C%22dateid%22%2C%22WeekdayName%22%2C%22Weekday%22%2C%22Monthname%22%2C%22Month%22%2C%22QuarterName%22%2C%22Day%22%2C%22date%22%2C%22Year%22 "HTTP/2 400 Bad Request"
[2025-08-05T19:03:40.216+0000] {logging_mixin.py:188} INFO - Error insertando en dimdate: {'code': 'PGRST204', 'details': None, 'hint': None, 'message': "Could not find the 'Day' column of 'dimdate' in the schema cache"}
[2025-08-05T19:03:40.430+0000] {_client.py:1038} INFO - HTTP Request: POST https://qwpzsjaaxuijmqodvslf.supabase.co/rest/v1/dimdate?columns=%22Quarter%22%2C%22dateid%22%2C%22WeekdayName%22%2C%22Weekday%22%2C%22Monthname%22%2C%22Month%22%2C%22QuarterName%22%2C%22Day%22%2C%22date%22%2C%22Year%22 "HTTP/2 400 Bad Request"
[2025-08-05T19:03:40.434+0000] {logging_mixin.py:188} INFO - Error insertando en dimdate: {'code': 'PGRST204', 'details': None, 'hint': None, 'message': "Could not find the 'Day' column of 'dimdate' in the schema cache"}
[2025-08-05T19:03:40.668+0000] {_client.py:1038} INFO - HTTP Request: POST https://qwpzsjaaxuijmqodvslf.supabase.co/rest/v1/dimdate?columns=%22Quarter%22%2C%22dateid%22%2C%22WeekdayName%22%2C%22Weekday%22%2C%22Monthname%22%2C%22Month%22%2C%22QuarterName%22%2C%22Day%22%2C%22date%22%2C%22Year%22 "HTTP/2 400 Bad Request"
[2025-08-05T19:03:40.670+0000] {logging_mixin.py:188} INFO - Error insertando en dimdate: {'code': 'PGRST204', 'details': None, 'hint': None, 'message': "Could not find the 'Day' column of 'dimdate' in the schema cache"}
[2025-08-05T19:03:40.928+0000] {_client.py:1038} INFO - HTTP Request: POST https://qwpzsjaaxuijmqodvslf.supabase.co/rest/v1/dimdate?columns=%22Quarter%22%2C%22dateid%22%2C%22WeekdayName%22%2C%22Weekday%22%2C%22Monthname%22%2C%22Month%22%2C%22QuarterName%22%2C%22Day%22%2C%22date%22%2C%22Year%22 "HTTP/2 400 Bad Request"
[2025-08-05T19:03:40.930+0000] {logging_mixin.py:188} INFO - Error insertando en dimdate: {'code': 'PGRST204', 'details': None, 'hint': None, 'message': "Could not find the 'Day' column of 'dimdate' in the schema cache"}
[2025-08-05T19:03:41.190+0000] {_client.py:1038} INFO - HTTP Request: POST https://qwpzsjaaxuijmqodvslf.supabase.co/rest/v1/dimdate?columns=%22Quarter%22%2C%22dateid%22%2C%22WeekdayName%22%2C%22Weekday%22%2C%22Monthname%22%2C%22Month%22%2C%22QuarterName%22%2C%22Day%22%2C%22date%22%2C%22Year%22 "HTTP/2 400 Bad Request"
[2025-08-05T19:03:41.192+0000] {logging_mixin.py:188} INFO - Error insertando en dimdate: {'code': 'PGRST204', 'details': None, 'hint': None, 'message': "Could not find the 'Day' column of 'dimdate' in the schema cache"}
[2025-08-05T19:03:41.432+0000] {_client.py:1038} INFO - HTTP Request: POST https://qwpzsjaaxuijmqodvslf.supabase.co/rest/v1/dimdate?columns=%22Quarter%22%2C%22dateid%22%2C%22WeekdayName%22%2C%22Weekday%22%2C%22Monthname%22%2C%22Month%22%2C%22QuarterName%22%2C%22Day%22%2C%22date%22%2C%22Year%22 "HTTP/2 400 Bad Request"
[2025-08-05T19:03:41.435+0000] {logging_mixin.py:188} INFO - Error insertando en dimdate: {'code': 'PGRST204', 'details': None, 'hint': None, 'message': "Could not find the 'Day' column of 'dimdate' in the schema cache"}
[2025-08-05T19:03:41.666+0000] {_client.py:1038} INFO - HTTP Request: POST https://qwpzsjaaxuijmqodvslf.supabase.co/rest/v1/dimdate?columns=%22Quarter%22%2C%22dateid%22%2C%22WeekdayName%22%2C%22Weekday%22%2C%22Monthname%22%2C%22Month%22%2C%22QuarterName%22%2C%22Day%22%2C%22date%22%2C%22Year%22 "HTTP/2 400 Bad Request"
[2025-08-05T19:03:41.671+0000] {logging_mixin.py:188} INFO - Error insertando en dimdate: {'code': 'PGRST204', 'details': None, 'hint': None, 'message': "Could not find the 'Day' column of 'dimdate' in the schema cache"}
[2025-08-05T19:03:41.907+0000] {_client.py:1038} INFO - HTTP Request: POST https://qwpzsjaaxuijmqodvslf.supabase.co/rest/v1/dimdate?columns=%22Quarter%22%2C%22dateid%22%2C%22WeekdayName%22%2C%22Weekday%22%2C%22Monthname%22%2C%22Month%22%2C%22QuarterName%22%2C%22Day%22%2C%22date%22%2C%22Year%22 "HTTP/2 400 Bad Request"
[2025-08-05T19:03:41.912+0000] {logging_mixin.py:188} INFO - Error insertando en dimdate: {'code': 'PGRST204', 'details': None, 'hint': None, 'message': "Could not find the 'Day' column of 'dimdate' in the schema cache"}
[2025-08-05T19:03:42.141+0000] {_client.py:1038} INFO - HTTP Request: POST https://qwpzsjaaxuijmqodvslf.supabase.co/rest/v1/dimdate?columns=%22Quarter%22%2C%22dateid%22%2C%22WeekdayName%22%2C%22Weekday%22%2C%22Monthname%22%2C%22Month%22%2C%22QuarterName%22%2C%22Day%22%2C%22date%22%2C%22Year%22 "HTTP/2 400 Bad Request"
[2025-08-05T19:03:42.145+0000] {logging_mixin.py:188} INFO - Error insertando en dimdate: {'code': 'PGRST204', 'details': None, 'hint': None, 'message': "Could not find the 'Day' column of 'dimdate' in the schema cache"}
[2025-08-05T19:03:42.583+0000] {_client.py:1038} INFO - HTTP Request: POST https://qwpzsjaaxuijmqodvslf.supabase.co/rest/v1/dimdate?columns=%22Quarter%22%2C%22dateid%22%2C%22WeekdayName%22%2C%22Weekday%22%2C%22Monthname%22%2C%22Month%22%2C%22QuarterName%22%2C%22Day%22%2C%22date%22%2C%22Year%22 "HTTP/2 400 Bad Request"
[2025-08-05T19:03:42.587+0000] {logging_mixin.py:188} INFO - Error insertando en dimdate: {'code': 'PGRST204', 'details': None, 'hint': None, 'message': "Could not find the 'Day' column of 'dimdate' in the schema cache"}
[2025-08-05T19:03:42.833+0000] {_client.py:1038} INFO - HTTP Request: POST https://qwpzsjaaxuijmqodvslf.supabase.co/rest/v1/dimdate?columns=%22Quarter%22%2C%22dateid%22%2C%22WeekdayName%22%2C%22Weekday%22%2C%22Monthname%22%2C%22Month%22%2C%22QuarterName%22%2C%22Day%22%2C%22date%22%2C%22Year%22 "HTTP/2 400 Bad Request"
[2025-08-05T19:03:42.836+0000] {logging_mixin.py:188} INFO - Error insertando en dimdate: {'code': 'PGRST204', 'details': None, 'hint': None, 'message': "Could not find the 'Day' column of 'dimdate' in the schema cache"}
[2025-08-05T19:03:43.086+0000] {_client.py:1038} INFO - HTTP Request: POST https://qwpzsjaaxuijmqodvslf.supabase.co/rest/v1/dimdate?columns=%22Quarter%22%2C%22dateid%22%2C%22WeekdayName%22%2C%22Weekday%22%2C%22Monthname%22%2C%22Month%22%2C%22QuarterName%22%2C%22Day%22%2C%22date%22%2C%22Year%22 "HTTP/2 400 Bad Request"
[2025-08-05T19:03:43.092+0000] {logging_mixin.py:188} INFO - Error insertando en dimdate: {'code': 'PGRST204', 'details': None, 'hint': None, 'message': "Could not find the 'Day' column of 'dimdate' in the schema cache"}
[2025-08-05T19:03:43.377+0000] {_client.py:1038} INFO - HTTP Request: POST https://qwpzsjaaxuijmqodvslf.supabase.co/rest/v1/dimdate?columns=%22Quarter%22%2C%22dateid%22%2C%22WeekdayName%22%2C%22Weekday%22%2C%22Monthname%22%2C%22Month%22%2C%22QuarterName%22%2C%22Day%22%2C%22date%22%2C%22Year%22 "HTTP/2 400 Bad Request"
[2025-08-05T19:03:43.380+0000] {logging_mixin.py:188} INFO - Error insertando en dimdate: {'code': 'PGRST204', 'details': None, 'hint': None, 'message': "Could not find the 'Day' column of 'dimdate' in the schema cache"}
[2025-08-05T19:03:43.613+0000] {_client.py:1038} INFO - HTTP Request: POST https://qwpzsjaaxuijmqodvslf.supabase.co/rest/v1/dimdate?columns=%22Quarter%22%2C%22dateid%22%2C%22WeekdayName%22%2C%22Weekday%22%2C%22Monthname%22%2C%22Month%22%2C%22QuarterName%22%2C%22Day%22%2C%22date%22%2C%22Year%22 "HTTP/2 400 Bad Request"
[2025-08-05T19:03:43.615+0000] {logging_mixin.py:188} INFO - Error insertando en dimdate: {'code': 'PGRST204', 'details': None, 'hint': None, 'message': "Could not find the 'Day' column of 'dimdate' in the schema cache"}
[2025-08-05T19:03:43.854+0000] {_client.py:1038} INFO - HTTP Request: POST https://qwpzsjaaxuijmqodvslf.supabase.co/rest/v1/dimdate?columns=%22Quarter%22%2C%22dateid%22%2C%22WeekdayName%22%2C%22Weekday%22%2C%22Monthname%22%2C%22Month%22%2C%22QuarterName%22%2C%22Day%22%2C%22date%22%2C%22Year%22 "HTTP/2 400 Bad Request"
[2025-08-05T19:03:43.901+0000] {logging_mixin.py:188} INFO - Error insertando en dimdate: {'code': 'PGRST204', 'details': None, 'hint': None, 'message': "Could not find the 'Day' column of 'dimdate' in the schema cache"}
[2025-08-05T19:03:44.180+0000] {_client.py:1038} INFO - HTTP Request: POST https://qwpzsjaaxuijmqodvslf.supabase.co/rest/v1/dimdate?columns=%22Quarter%22%2C%22dateid%22%2C%22WeekdayName%22%2C%22Weekday%22%2C%22Monthname%22%2C%22Month%22%2C%22QuarterName%22%2C%22Day%22%2C%22date%22%2C%22Year%22 "HTTP/2 400 Bad Request"
[2025-08-05T19:03:44.182+0000] {logging_mixin.py:188} INFO - Error insertando en dimdate: {'code': 'PGRST204', 'details': None, 'hint': None, 'message': "Could not find the 'Day' column of 'dimdate' in the schema cache"}
[2025-08-05T19:03:44.431+0000] {_client.py:1038} INFO - HTTP Request: POST https://qwpzsjaaxuijmqodvslf.supabase.co/rest/v1/dimdate?columns=%22Quarter%22%2C%22dateid%22%2C%22WeekdayName%22%2C%22Weekday%22%2C%22Monthname%22%2C%22Month%22%2C%22QuarterName%22%2C%22Day%22%2C%22date%22%2C%22Year%22 "HTTP/2 400 Bad Request"
[2025-08-05T19:03:44.433+0000] {logging_mixin.py:188} INFO - Error insertando en dimdate: {'code': 'PGRST204', 'details': None, 'hint': None, 'message': "Could not find the 'Day' column of 'dimdate' in the schema cache"}
[2025-08-05T19:03:44.652+0000] {_client.py:1038} INFO - HTTP Request: POST https://qwpzsjaaxuijmqodvslf.supabase.co/rest/v1/dimdate?columns=%22Quarter%22%2C%22dateid%22%2C%22WeekdayName%22%2C%22Weekday%22%2C%22Monthname%22%2C%22Month%22%2C%22QuarterName%22%2C%22Day%22%2C%22date%22%2C%22Year%22 "HTTP/2 400 Bad Request"
[2025-08-05T19:03:44.655+0000] {logging_mixin.py:188} INFO - Error insertando en dimdate: {'code': 'PGRST204', 'details': None, 'hint': None, 'message': "Could not find the 'Day' column of 'dimdate' in the schema cache"}
[2025-08-05T19:03:44.916+0000] {_client.py:1038} INFO - HTTP Request: POST https://qwpzsjaaxuijmqodvslf.supabase.co/rest/v1/dimdate?columns=%22Quarter%22%2C%22dateid%22%2C%22WeekdayName%22%2C%22Weekday%22%2C%22Monthname%22%2C%22Month%22%2C%22QuarterName%22%2C%22Day%22%2C%22date%22%2C%22Year%22 "HTTP/2 400 Bad Request"
[2025-08-05T19:03:44.919+0000] {logging_mixin.py:188} INFO - Error insertando en dimdate: {'code': 'PGRST204', 'details': None, 'hint': None, 'message': "Could not find the 'Day' column of 'dimdate' in the schema cache"}
[2025-08-05T19:03:45.140+0000] {_client.py:1038} INFO - HTTP Request: POST https://qwpzsjaaxuijmqodvslf.supabase.co/rest/v1/dimdate?columns=%22Quarter%22%2C%22dateid%22%2C%22WeekdayName%22%2C%22Weekday%22%2C%22Monthname%22%2C%22Month%22%2C%22QuarterName%22%2C%22Day%22%2C%22date%22%2C%22Year%22 "HTTP/2 400 Bad Request"
[2025-08-05T19:03:45.142+0000] {logging_mixin.py:188} INFO - Error insertando en dimdate: {'code': 'PGRST204', 'details': None, 'hint': None, 'message': "Could not find the 'Day' column of 'dimdate' in the schema cache"}
[2025-08-05T19:03:45.367+0000] {_client.py:1038} INFO - HTTP Request: POST https://qwpzsjaaxuijmqodvslf.supabase.co/rest/v1/dimdate?columns=%22Quarter%22%2C%22dateid%22%2C%22WeekdayName%22%2C%22Weekday%22%2C%22Monthname%22%2C%22Month%22%2C%22QuarterName%22%2C%22Day%22%2C%22date%22%2C%22Year%22 "HTTP/2 400 Bad Request"
[2025-08-05T19:03:45.369+0000] {logging_mixin.py:188} INFO - Error insertando en dimdate: {'code': 'PGRST204', 'details': None, 'hint': None, 'message': "Could not find the 'Day' column of 'dimdate' in the schema cache"}
[2025-08-05T19:03:45.591+0000] {_client.py:1038} INFO - HTTP Request: POST https://qwpzsjaaxuijmqodvslf.supabase.co/rest/v1/dimdate?columns=%22Quarter%22%2C%22dateid%22%2C%22WeekdayName%22%2C%22Weekday%22%2C%22Monthname%22%2C%22Month%22%2C%22QuarterName%22%2C%22Day%22%2C%22date%22%2C%22Year%22 "HTTP/2 400 Bad Request"
[2025-08-05T19:03:45.595+0000] {logging_mixin.py:188} INFO - Error insertando en dimdate: {'code': 'PGRST204', 'details': None, 'hint': None, 'message': "Could not find the 'Day' column of 'dimdate' in the schema cache"}
[2025-08-05T19:03:46.167+0000] {_client.py:1038} INFO - HTTP Request: PATCH https://qwpzsjaaxuijmqodvslf.supabase.co/rest/v1/StgLogs?table_name=eq.dimdate "HTTP/2 200 OK"
[2025-08-05T19:03:46.180+0000] {python.py:201} INFO - Done. Returned value was: None
[2025-08-05T19:03:46.201+0000] {taskinstance.py:1138} INFO - Marking task as SUCCESS. dag_id=Ejercicio1, task_id=LoadAndSetdimdate, execution_date=20250805T185806, start_date=20250805T190331, end_date=20250805T190346
[2025-08-05T19:03:46.277+0000] {local_task_job_runner.py:234} INFO - Task exited with return code 0
[2025-08-05T19:03:46.306+0000] {taskinstance.py:3280} INFO - 0 downstream tasks scheduled from follow-on schedule check
