[2025-08-05T18:48:43.351+0000] {taskinstance.py:1956} INFO - Dependencies all met for dep_context=non-requeueable deps ti=<TaskInstance: Ejercicio1.CrearTablasCsv manual__2025-08-05T18:48:33.641887+00:00 [queued]>
[2025-08-05T18:48:43.372+0000] {taskinstance.py:1956} INFO - Dependencies all met for dep_context=requeueable deps ti=<TaskInstance: Ejercicio1.CrearTablasCsv manual__2025-08-05T18:48:33.641887+00:00 [queued]>
[2025-08-05T18:48:43.373+0000] {taskinstance.py:2170} INFO - Starting attempt 1 of 2
[2025-08-05T18:48:43.440+0000] {taskinstance.py:2191} INFO - Executing <Task(PythonOperator): CrearTablasCsv> on 2025-08-05 18:48:33.641887+00:00
[2025-08-05T18:48:43.451+0000] {standard_task_runner.py:60} INFO - Started process 407 to run task
[2025-08-05T18:48:43.458+0000] {standard_task_runner.py:87} INFO - Running: ['***', 'tasks', 'run', 'Ejercicio1', 'CrearTablasCsv', 'manual__2025-08-05T18:48:33.641887+00:00', '--job-id', '89', '--raw', '--subdir', 'DAGS_FOLDER/ejercicio1.py', '--cfg-path', '/tmp/tmp8deepymr']
[2025-08-05T18:48:43.461+0000] {standard_task_runner.py:88} INFO - Job 89: Subtask CrearTablasCsv
[2025-08-05T18:48:43.559+0000] {task_command.py:423} INFO - Running <TaskInstance: Ejercicio1.CrearTablasCsv manual__2025-08-05T18:48:33.641887+00:00 [running]> on host 019b67754667
[2025-08-05T18:48:43.708+0000] {taskinstance.py:2480} INFO - Exporting env vars: AIRFLOW_CTX_DAG_OWNER='***' AIRFLOW_CTX_DAG_ID='Ejercicio1' AIRFLOW_CTX_TASK_ID='CrearTablasCsv' AIRFLOW_CTX_EXECUTION_DATE='2025-08-05T18:48:33.641887+00:00' AIRFLOW_CTX_TRY_NUMBER='1' AIRFLOW_CTX_DAG_RUN_ID='manual__2025-08-05T18:48:33.641887+00:00'
[2025-08-05T18:48:43.711+0000] {logging_mixin.py:188} INFO - 
----------------------------CARGANDO CSV--------------------
[2025-08-05T18:48:43.719+0000] {logging_mixin.py:188} INFO - --------------Csv encontrados: ['/opt/***/data/DimCustomerSegment.csv', '/opt/***/data/DimDate.csv', '/opt/***/data/DimProduct.csv', '/opt/***/data/FactSales.csv']-------------------------
[2025-08-05T18:48:43.914+0000] {logging_mixin.py:188} INFO - Tabla Insertada: dimcustomersegment
[2025-08-05T18:48:43.963+0000] {logging_mixin.py:188} INFO -     Segmentid            City
0          19       Sao Paulo
1          21       Sao Paulo
2          31  Rio de Janeiro
3          32  Rio de Janeiro
4          40        Brasilia
5          43        Brasilia
6          44  Rio de Janeiro
7          46        Brasilia
8          47        Salvador
9          48        Salvador
10         57  Rio de Janeiro
11         71        Brasilia
12         77        Brasilia
13         81        Salvador
14         82        Salvador
15         83       Sao Paulo
16         84  Rio de Janeiro
17         86  Rio de Janeiro
18         97        Brasilia
[2025-08-05T18:48:44.054+0000] {logging_mixin.py:188} INFO - Tabla Insertada: dimdate
[2025-08-05T18:48:44.094+0000] {logging_mixin.py:188} INFO -      dateid        date  Year  Quarter  ... Monthname  Day Weekday  WeekdayName
0         1  2019-03-09  2019        1  ...     March    9       7       Sunday
1         2  2019-03-10  2019        1  ...     March   10       1       Monday
2         3  2019-03-11  2019        1  ...     March   11       2      Tuesday
3         4  2019-03-12  2019        1  ...     March   12       3    Wednesday
4         5  2019-03-13  2019        1  ...     March   13       4     Thursday
..      ...         ...   ...      ...  ...       ...  ...     ...          ...
345     346  2020-02-17  2020        1  ...  February   17       2      Tuesday
346     347  2020-02-18  2020        1  ...  February   18       3    Wednesday
347     348  2020-02-19  2020        1  ...  February   19       4     Thursday
348     349  2020-02-20  2020        1  ...  February   20       5       Friday
349     350  2020-02-21  2020        1  ...  February   21       6     Saturday

[350 rows x 10 columns]
[2025-08-05T18:48:44.129+0000] {logging_mixin.py:188} INFO - Tabla Insertada: dimproduct
[2025-08-05T18:48:44.141+0000] {logging_mixin.py:188} INFO -     Productid   Producttype
0        1001   Electronics
1        1002      Clothing
2        1003     Furniture
3        1004     Groceries
4        1005    Appliances
5        1006        Beauty
6        1007         Books
7        1008         Shoes
8        1009     Gardening
9        1010        Sports
10       1011          Toys
11       1012       Jewelry
12       1013         Tools
13       1014   Kitchenware
14       1015  Pet Supplies
15       1016  Art Supplies
16       1017   Electronics
17       1018      Clothing
18       1019     Furniture
19       1020     Groceries
20       1021    Appliances
21       1022        Beauty
22       1023         Books
23       1024         Shoes
24       1025     Gardening
[2025-08-05T18:48:44.180+0000] {logging_mixin.py:188} INFO - Tabla Insertada: factsales
[2025-08-05T18:48:44.197+0000] {logging_mixin.py:188} INFO -    Salesid  Dateid  Productid  Segmentid  Price_PerUnit  QuantitySold
0    S1001       1       1001         19         299.99             3
1    S1002       2       1002         21          89.99            10
2    S1003       3       1003         31        1249.99             2
3    S1004       4       1004         32           5.99            40
4    S1005       5       1005         40         499.99             1
5    S1006       6       1006         43          20.00             5
6    S1007       7       1007         44          15.99            12
7    S1008       8       1008         46         120.00             7
8    S1009       9       1009         47          30.00            15
9    S1010      10       1010         48          65.50             4
10   S1011      11       1011         57          12.99            20
11   S1012      12       1012         71          45.00             8
12   S1013      13       1013         77         250.00             3
13   S1014      14       1014         81          35.00             6
14   S1015      15       1015         82          18.50             9
15   S1016      16       1001         83         299.99             2
16   S1017      17       1002         84          89.99            15
17   S1018      18       1003         86        1249.99             1
18   S1019      19       1004         97           5.99            35
19   S1020      20       1005         19         499.99             4
20   S1021      21       1006         21          20.00             6
21   S1022      22       1007         31          15.99            11
22   S1023      23       1008         32         120.00             5
23   S1024      24       1009         40          30.00            14
24   S1025      25       1010         43          65.50             7
[2025-08-05T18:48:44.198+0000] {python.py:201} INFO - Done. Returned value was: cargarinicialsupabase
[2025-08-05T18:48:44.242+0000] {taskinstance.py:1138} INFO - Marking task as SUCCESS. dag_id=Ejercicio1, task_id=CrearTablasCsv, execution_date=20250805T184833, start_date=20250805T184843, end_date=20250805T184844
[2025-08-05T18:48:44.325+0000] {local_task_job_runner.py:234} INFO - Task exited with return code 0
[2025-08-05T18:48:44.368+0000] {taskinstance.py:3280} INFO - 0 downstream tasks scheduled from follow-on schedule check
