[2025-08-06T23:39:31.806+0000] {taskinstance.py:1956} INFO - Dependencies all met for dep_context=non-requeueable deps ti=<TaskInstance: Ejercicio2.cargainicial manual__2025-08-06T23:39:06.305933+00:00 [queued]>
[2025-08-06T23:39:31.842+0000] {taskinstance.py:1956} INFO - Dependencies all met for dep_context=requeueable deps ti=<TaskInstance: Ejercicio2.cargainicial manual__2025-08-06T23:39:06.305933+00:00 [queued]>
[2025-08-06T23:39:31.843+0000] {taskinstance.py:2170} INFO - Starting attempt 1 of 2
[2025-08-06T23:39:31.917+0000] {taskinstance.py:2191} INFO - Executing <Task(PythonOperator): cargainicial> on 2025-08-06 23:39:06.305933+00:00
[2025-08-06T23:39:31.956+0000] {standard_task_runner.py:60} INFO - Started process 4912 to run task
[2025-08-06T23:39:31.971+0000] {standard_task_runner.py:87} INFO - Running: ['***', 'tasks', 'run', 'Ejercicio2', 'cargainicial', 'manual__2025-08-06T23:39:06.305933+00:00', '--job-id', '296', '--raw', '--subdir', 'DAGS_FOLDER/ejercicio2.py', '--cfg-path', '/tmp/tmp7fjlgm_8']
[2025-08-06T23:39:31.981+0000] {standard_task_runner.py:88} INFO - Job 296: Subtask cargainicial
[2025-08-06T23:39:32.159+0000] {task_command.py:423} INFO - Running <TaskInstance: Ejercicio2.cargainicial manual__2025-08-06T23:39:06.305933+00:00 [running]> on host 019b67754667
[2025-08-06T23:39:32.449+0000] {taskinstance.py:2480} INFO - Exporting env vars: AIRFLOW_CTX_DAG_OWNER='***' AIRFLOW_CTX_DAG_ID='Ejercicio2' AIRFLOW_CTX_TASK_ID='cargainicial' AIRFLOW_CTX_EXECUTION_DATE='2025-08-06T23:39:06.305933+00:00' AIRFLOW_CTX_TRY_NUMBER='1' AIRFLOW_CTX_DAG_RUN_ID='manual__2025-08-06T23:39:06.305933+00:00'
[2025-08-06T23:39:32.812+0000] {warnings.py:109} WARNING - /home/***/.local/lib/python3.8/site-packages/urllib3/connectionpool.py:1061: InsecureRequestWarning: Unverified HTTPS request is being made to host 'api.bcra.gob.ar'. Adding certificate verification is strongly advised. See: https://urllib3.readthedocs.io/en/1.26.x/advanced-usage.html#ssl-warnings
  warnings.warn(

[2025-08-06T23:39:33.164+0000] {warnings.py:109} WARNING - /home/***/.local/lib/python3.8/site-packages/urllib3/connectionpool.py:1061: InsecureRequestWarning: Unverified HTTPS request is being made to host 'api.bcra.gob.ar'. Adding certificate verification is strongly advised. See: https://urllib3.readthedocs.io/en/1.26.x/advanced-usage.html#ssl-warnings
  warnings.warn(

[2025-08-06T23:39:37.680+0000] {_client.py:1038} INFO - HTTP Request: POST https://qwpzsjaaxuijmqodvslf.supabase.co/rest/v1/cotizaciones?columns=%22fecha%22%2C%22descripcion%22%2C%22tipocotizacion%22%2C%22codigomoneda%22%2C%22tipopase%22 "HTTP/2 201 Created"
[2025-08-06T23:39:37.928+0000] {_client.py:1038} INFO - HTTP Request: POST https://qwpzsjaaxuijmqodvslf.supabase.co/rest/v1/cotizaciones?columns=%22fecha%22%2C%22descripcion%22%2C%22tipocotizacion%22%2C%22codigomoneda%22%2C%22tipopase%22 "HTTP/2 201 Created"
[2025-08-06T23:39:38.155+0000] {_client.py:1038} INFO - HTTP Request: POST https://qwpzsjaaxuijmqodvslf.supabase.co/rest/v1/cotizaciones?columns=%22fecha%22%2C%22descripcion%22%2C%22tipocotizacion%22%2C%22codigomoneda%22%2C%22tipopase%22 "HTTP/2 201 Created"
[2025-08-06T23:39:38.617+0000] {_client.py:1038} INFO - HTTP Request: POST https://qwpzsjaaxuijmqodvslf.supabase.co/rest/v1/cotizaciones?columns=%22fecha%22%2C%22descripcion%22%2C%22tipocotizacion%22%2C%22codigomoneda%22%2C%22tipopase%22 "HTTP/2 201 Created"
[2025-08-06T23:39:38.868+0000] {_client.py:1038} INFO - HTTP Request: POST https://qwpzsjaaxuijmqodvslf.supabase.co/rest/v1/cotizaciones?columns=%22fecha%22%2C%22descripcion%22%2C%22tipocotizacion%22%2C%22codigomoneda%22%2C%22tipopase%22 "HTTP/2 201 Created"
[2025-08-06T23:39:38.876+0000] {logging_mixin.py:188} INFO - [{'codigoMoneda': 'ARS', 'descripcion': 'PESO', 'tipoPase': 0.000747, 'tipoCotizacion': 0.0, 'fecha': '2025-08-05'}, {'codigoMoneda': 'ARS', 'descripcion': 'PESO', 'tipoPase': 0.000735, 'tipoCotizacion': 0.0, 'fecha': '2025-08-04'}, {'codigoMoneda': 'ARS', 'descripcion': 'PESO', 'tipoPase': 0.000733, 'tipoCotizacion': 0.0, 'fecha': '2025-08-01'}, {'codigoMoneda': 'ARS', 'descripcion': 'PESO', 'tipoPase': 0.000728, 'tipoCotizacion': 0.0, 'fecha': '2025-07-31'}, {'codigoMoneda': 'ARS', 'descripcion': 'PESO', 'tipoPase': 0.00076, 'tipoCotizacion': 0.0, 'fecha': '2025-07-30'}, {'codigoMoneda': 'ARS', 'descripcion': 'PESO', 'tipoPase': 0.000775, 'tipoCotizacion': 0.0, 'fecha': '2025-07-29'}, {'codigoMoneda': 'ARS', 'descripcion': 'PESO', 'tipoPase': 0.000772, 'tipoCotizacion': 0.0, 'fecha': '2025-07-28'}, {'codigoMoneda': 'ARS', 'descripcion': 'PESO', 'tipoPase': 0.000781, 'tipoCotizacion': 0.0, 'fecha': '2025-07-25'}, {'codigoMoneda': 'ARS', 'descripcion': 'PESO', 'tipoPase': 0.000786, 'tipoCotizacion': 0.0, 'fecha': '2025-07-24'}, {'codigoMoneda': 'ARS', 'descripcion': 'PESO', 'tipoPase': 0.000795, 'tipoCotizacion': 0.0, 'fecha': '2025-07-23'}, {'codigoMoneda': 'ARS', 'descripcion': 'PESO', 'tipoPase': 0.000796, 'tipoCotizacion': 0.0, 'fecha': '2025-07-22'}, {'codigoMoneda': 'ARS', 'descripcion': 'PESO', 'tipoPase': 0.000784, 'tipoCotizacion': 0.0, 'fecha': '2025-07-21'}, {'codigoMoneda': 'ARS', 'descripcion': 'PESO', 'tipoPase': 0.000778, 'tipoCotizacion': 0.0, 'fecha': '2025-07-18'}, {'codigoMoneda': 'ARS', 'descripcion': 'PESO', 'tipoPase': 0.000785, 'tipoCotizacion': 0.0, 'fecha': '2025-07-17'}, {'codigoMoneda': 'ARS', 'descripcion': 'PESO', 'tipoPase': 0.000793, 'tipoCotizacion': 0.0, 'fecha': '2025-07-16'}, {'codigoMoneda': 'ARS', 'descripcion': 'PESO', 'tipoPase': 0.000794, 'tipoCotizacion': 0.0, 'fecha': '2025-07-15'}, {'codigoMoneda': 'ARS', 'descripcion': 'PESO', 'tipoPase': 0.000781, 'tipoCotizacion': 0.0, 'fecha': '2025-07-14'}, {'codigoMoneda': 'ARS', 'descripcion': 'PESO', 'tipoPase': 0.000793, 'tipoCotizacion': 0.0, 'fecha': '2025-07-11'}, {'codigoMoneda': 'ARS', 'descripcion': 'PESO', 'tipoPase': 0.000797, 'tipoCotizacion': 0.0, 'fecha': '2025-07-10'}, {'codigoMoneda': 'ARS', 'descripcion': 'PESO', 'tipoPase': 0.000797, 'tipoCotizacion': 0.0, 'fecha': '2025-07-08'}, {'codigoMoneda': 'ARS', 'descripcion': 'PESO', 'tipoPase': 0.000791, 'tipoCotizacion': 0.0, 'fecha': '2025-07-07'}, {'codigoMoneda': 'ARS', 'descripcion': 'PESO', 'tipoPase': 0.000806, 'tipoCotizacion': 0.0, 'fecha': '2025-07-04'}, {'codigoMoneda': 'ARS', 'descripcion': 'PESO', 'tipoPase': 0.000812, 'tipoCotizacion': 0.0, 'fecha': '2025-07-03'}, {'codigoMoneda': 'ARS', 'descripcion': 'PESO', 'tipoPase': 0.000814, 'tipoCotizacion': 0.0, 'fecha': '2025-07-02'}, {'codigoMoneda': 'ARS', 'descripcion': 'PESO', 'tipoPase': 0.000818, 'tipoCotizacion': 0.0, 'fecha': '2025-07-01'}, {'codigoMoneda': 'ARS', 'descripcion': 'PESO', 'tipoPase': 0.00083, 'tipoCotizacion': 0.0, 'fecha': '2025-06-30'}, {'codigoMoneda': 'ARS', 'descripcion': 'PESO', 'tipoPase': 0.000841, 'tipoCotizacion': 0.0, 'fecha': '2025-06-27'}, {'codigoMoneda': 'ARS', 'descripcion': 'PESO', 'tipoPase': 0.000841, 'tipoCotizacion': 0.0, 'fecha': '2025-06-26'}, {'codigoMoneda': 'ARS', 'descripcion': 'PESO', 'tipoPase': 0.000839, 'tipoCotizacion': 0.0, 'fecha': '2025-06-25'}, {'codigoMoneda': 'ARS', 'descripcion': 'PESO', 'tipoPase': 0.000851, 'tipoCotizacion': 0.0, 'fecha': '2025-06-24'}, {'codigoMoneda': 'ARS', 'descripcion': 'PESO', 'tipoPase': 0.000854, 'tipoCotizacion': 0.0, 'fecha': '2025-06-23'}, {'codigoMoneda': 'ARS', 'descripcion': 'PESO', 'tipoPase': 0.000861, 'tipoCotizacion': 0.0, 'fecha': '2025-06-19'}, {'codigoMoneda': 'ARS', 'descripcion': 'PESO', 'tipoPase': 0.000875, 'tipoCotizacion': 0.0, 'fecha': '2025-06-18'}, {'codigoMoneda': 'ARS', 'descripcion': 'PESO', 'tipoPase': 0.000862, 'tipoCotizacion': 0.0, 'fecha': '2025-06-17'}, {'codigoMoneda': 'ARS', 'descripcion': 'PESO', 'tipoPase': 0.000846, 'tipoCotizacion': 0.0, 'fecha': '2025-06-13'}, {'codigoMoneda': 'ARS', 'descripcion': 'PESO', 'tipoPase': 0.000844, 'tipoCotizacion': 0.0, 'fecha': '2025-06-12'}, {'codigoMoneda': 'ARS', 'descripcion': 'PESO', 'tipoPase': 0.000846, 'tipoCotizacion': 0.0, 'fecha': '2025-06-11'}, {'codigoMoneda': 'ARS', 'descripcion': 'PESO', 'tipoPase': 0.000841, 'tipoCotizacion': 0.0, 'fecha': '2025-06-10'}, {'codigoMoneda': 'ARS', 'descripcion': 'PESO', 'tipoPase': 0.000844, 'tipoCotizacion': 0.0, 'fecha': '2025-06-09'}, {'codigoMoneda': 'ARS', 'descripcion': 'PESO', 'tipoPase': 0.000844, 'tipoCotizacion': 0.0, 'fecha': '2025-06-06'}, {'codigoMoneda': 'ARS', 'descripcion': 'PESO', 'tipoPase': 0.00084, 'tipoCotizacion': 0.0, 'fecha': '2025-06-05'}, {'codigoMoneda': 'ARS', 'descripcion': 'PESO', 'tipoPase': 0.000844, 'tipoCotizacion': 0.0, 'fecha': '2025-06-04'}, {'codigoMoneda': 'ARS', 'descripcion': 'PESO', 'tipoPase': 0.000845, 'tipoCotizacion': 0.0, 'fecha': '2025-06-03'}, {'codigoMoneda': 'ARS', 'descripcion': 'PESO', 'tipoPase': 0.000847, 'tipoCotizacion': 0.0, 'fecha': '2025-06-02'}, {'codigoMoneda': 'ARS', 'descripcion': 'PESO', 'tipoPase': 0.000842, 'tipoCotizacion': 0.0, 'fecha': '2025-05-30'}, {'codigoMoneda': 'ARS', 'descripcion': 'PESO', 'tipoPase': 0.000845, 'tipoCotizacion': 0.0, 'fecha': '2025-05-29'}, {'codigoMoneda': 'ARS', 'descripcion': 'PESO', 'tipoPase': 0.000862, 'tipoCotizacion': 0.0, 'fecha': '2025-05-28'}, {'codigoMoneda': 'ARS', 'descripcion': 'PESO', 'tipoPase': 0.000865, 'tipoCotizacion': 0.0, 'fecha': '2025-05-27'}, {'codigoMoneda': 'ARS', 'descripcion': 'PESO', 'tipoPase': 0.000875, 'tipoCotizacion': 0.0, 'fecha': '2025-05-26'}, {'codigoMoneda': 'ARS', 'descripcion': 'PESO', 'tipoPase': 0.000882, 'tipoCotizacion': 0.0, 'fecha': '2025-05-23'}]
[2025-08-06T23:39:39.242+0000] {warnings.py:109} WARNING - /home/***/.local/lib/python3.8/site-packages/urllib3/connectionpool.py:1061: InsecureRequestWarning: Unverified HTTPS request is being made to host 'api.bcra.gob.ar'. Adding certificate verification is strongly advised. See: https://urllib3.readthedocs.io/en/1.26.x/advanced-usage.html#ssl-warnings
  warnings.warn(

[2025-08-06T23:39:43.098+0000] {taskinstance.py:2698} ERROR - Task failed with exception
Traceback (most recent call last):
  File "/home/airflow/.local/lib/python3.8/site-packages/airflow/models/taskinstance.py", line 433, in _execute_task
    result = execute_callable(context=context, **execute_callable_kwargs)
  File "/home/airflow/.local/lib/python3.8/site-packages/airflow/operators/python.py", line 199, in execute
    return_value = self.execute_callable()
  File "/home/airflow/.local/lib/python3.8/site-packages/airflow/operators/python.py", line 216, in execute_callable
    return self.python_callable(*self.op_args, **self.op_kwargs)
  File "/opt/airflow/dags/ejercicio2.py", line 88, in cargainicial
    df.columns = df.columns.str.lower()
  File "/home/airflow/.local/lib/python3.8/site-packages/pandas/core/accessor.py", line 224, in __get__
    accessor_obj = self._accessor(obj)
  File "/home/airflow/.local/lib/python3.8/site-packages/pandas/core/strings/accessor.py", line 181, in __init__
    self._inferred_dtype = self._validate(data)
  File "/home/airflow/.local/lib/python3.8/site-packages/pandas/core/strings/accessor.py", line 235, in _validate
    raise AttributeError("Can only use .str accessor with string values!")
AttributeError: Can only use .str accessor with string values!
[2025-08-06T23:39:43.145+0000] {taskinstance.py:1138} INFO - Marking task as UP_FOR_RETRY. dag_id=Ejercicio2, task_id=cargainicial, execution_date=20250806T233906, start_date=20250806T233931, end_date=20250806T233943
[2025-08-06T23:39:43.190+0000] {standard_task_runner.py:107} ERROR - Failed to execute job 296 for task cargainicial (Can only use .str accessor with string values!; 4912)
[2025-08-06T23:39:43.277+0000] {local_task_job_runner.py:234} INFO - Task exited with return code 1
[2025-08-06T23:39:43.332+0000] {taskinstance.py:3280} INFO - 0 downstream tasks scheduled from follow-on schedule check
