[2025-08-07T00:25:13.988+0000] {taskinstance.py:1956} INFO - Dependencies all met for dep_context=non-requeueable deps ti=<TaskInstance: Ejercicio2.cargainicial manual__2025-08-06T23:39:06.305933+00:00 [queued]>
[2025-08-07T00:25:14.028+0000] {taskinstance.py:1956} INFO - Dependencies all met for dep_context=requeueable deps ti=<TaskInstance: Ejercicio2.cargainicial manual__2025-08-06T23:39:06.305933+00:00 [queued]>
[2025-08-07T00:25:14.030+0000] {taskinstance.py:2170} INFO - Starting attempt 2 of 2
[2025-08-07T00:25:14.083+0000] {taskinstance.py:2191} INFO - Executing <Task(PythonOperator): cargainicial> on 2025-08-06 23:39:06.305933+00:00
[2025-08-07T00:25:14.117+0000] {standard_task_runner.py:60} INFO - Started process 4954 to run task
[2025-08-07T00:25:14.123+0000] {standard_task_runner.py:87} INFO - Running: ['***', 'tasks', 'run', 'Ejercicio2', 'cargainicial', 'manual__2025-08-06T23:39:06.305933+00:00', '--job-id', '298', '--raw', '--subdir', 'DAGS_FOLDER/ejercicio2.py', '--cfg-path', '/tmp/tmphr7px5r9']
[2025-08-07T00:25:14.129+0000] {standard_task_runner.py:88} INFO - Job 298: Subtask cargainicial
[2025-08-07T00:25:14.287+0000] {task_command.py:423} INFO - Running <TaskInstance: Ejercicio2.cargainicial manual__2025-08-06T23:39:06.305933+00:00 [running]> on host 019b67754667
[2025-08-07T00:25:14.704+0000] {taskinstance.py:2480} INFO - Exporting env vars: AIRFLOW_CTX_DAG_OWNER='***' AIRFLOW_CTX_DAG_ID='Ejercicio2' AIRFLOW_CTX_TASK_ID='cargainicial' AIRFLOW_CTX_EXECUTION_DATE='2025-08-06T23:39:06.305933+00:00' AIRFLOW_CTX_TRY_NUMBER='2' AIRFLOW_CTX_DAG_RUN_ID='manual__2025-08-06T23:39:06.305933+00:00'
[2025-08-07T00:25:15.151+0000] {warnings.py:109} WARNING - /home/***/.local/lib/python3.8/site-packages/urllib3/connectionpool.py:1061: InsecureRequestWarning: Unverified HTTPS request is being made to host 'api.bcra.gob.ar'. Adding certificate verification is strongly advised. See: https://urllib3.readthedocs.io/en/1.26.x/advanced-usage.html#ssl-warnings
  warnings.warn(

[2025-08-07T00:25:15.644+0000] {warnings.py:109} WARNING - /home/***/.local/lib/python3.8/site-packages/urllib3/connectionpool.py:1061: InsecureRequestWarning: Unverified HTTPS request is being made to host 'api.bcra.gob.ar'. Adding certificate verification is strongly advised. See: https://urllib3.readthedocs.io/en/1.26.x/advanced-usage.html#ssl-warnings
  warnings.warn(

[2025-08-07T00:25:20.575+0000] {taskinstance.py:1946} INFO - Dependencies not met for <TaskInstance: Ejercicio2.cargainicial manual__2025-08-06T23:39:06.305933+00:00 [running]>, dependency 'Task Instance Not Running' FAILED: Task is in the running state
[2025-08-07T00:25:20.588+0000] {taskinstance.py:1946} INFO - Dependencies not met for <TaskInstance: Ejercicio2.cargainicial manual__2025-08-06T23:39:06.305933+00:00 [running]>, dependency 'Task Instance State' FAILED: Task is in the 'running' state.
[2025-08-07T00:25:20.595+0000] {local_task_job_runner.py:160} INFO - Task is not able to be run
[2025-08-07T00:25:21.401+0000] {_client.py:1038} INFO - HTTP Request: POST https://qwpzsjaaxuijmqodvslf.supabase.co/rest/v1/cotizaciones?columns=%22fecha%22%2C%22descripcion%22%2C%22tipocotizacion%22%2C%22codigomoneda%22%2C%22tipopase%22 "HTTP/2 409 Conflict"
[2025-08-07T00:25:21.409+0000] {logging_mixin.py:188} INFO - Error insertando en {'code': '23505', 'details': 'Key (fecha)=(2025-08-05) already exists.', 'hint': None, 'message': 'duplicate key value violates unique constraint "cotizaciones_pkey"'}
[2025-08-07T00:25:21.984+0000] {_client.py:1038} INFO - HTTP Request: POST https://qwpzsjaaxuijmqodvslf.supabase.co/rest/v1/cotizaciones?columns=%22fecha%22%2C%22descripcion%22%2C%22tipocotizacion%22%2C%22codigomoneda%22%2C%22tipopase%22 "HTTP/2 409 Conflict"
[2025-08-07T00:25:21.988+0000] {logging_mixin.py:188} INFO - Error insertando en {'code': '23505', 'details': 'Key (fecha)=(2025-07-23) already exists.', 'hint': None, 'message': 'duplicate key value violates unique constraint "cotizaciones_pkey"'}
[2025-08-07T00:25:22.519+0000] {_client.py:1038} INFO - HTTP Request: POST https://qwpzsjaaxuijmqodvslf.supabase.co/rest/v1/cotizaciones?columns=%22fecha%22%2C%22descripcion%22%2C%22tipocotizacion%22%2C%22codigomoneda%22%2C%22tipopase%22 "HTTP/2 409 Conflict"
[2025-08-07T00:25:22.522+0000] {logging_mixin.py:188} INFO - Error insertando en {'code': '23505', 'details': 'Key (fecha)=(2025-07-08) already exists.', 'hint': None, 'message': 'duplicate key value violates unique constraint "cotizaciones_pkey"'}
[2025-08-07T00:25:23.134+0000] {_client.py:1038} INFO - HTTP Request: POST https://qwpzsjaaxuijmqodvslf.supabase.co/rest/v1/cotizaciones?columns=%22fecha%22%2C%22descripcion%22%2C%22tipocotizacion%22%2C%22codigomoneda%22%2C%22tipopase%22 "HTTP/2 409 Conflict"
[2025-08-07T00:25:23.139+0000] {logging_mixin.py:188} INFO - Error insertando en {'code': '23505', 'details': 'Key (fecha)=(2025-06-24) already exists.', 'hint': None, 'message': 'duplicate key value violates unique constraint "cotizaciones_pkey"'}
[2025-08-07T00:25:23.433+0000] {_client.py:1038} INFO - HTTP Request: POST https://qwpzsjaaxuijmqodvslf.supabase.co/rest/v1/cotizaciones?columns=%22fecha%22%2C%22descripcion%22%2C%22tipocotizacion%22%2C%22codigomoneda%22%2C%22tipopase%22 "HTTP/2 409 Conflict"
[2025-08-07T00:25:23.437+0000] {logging_mixin.py:188} INFO - Error insertando en {'code': '23505', 'details': 'Key (fecha)=(2025-06-06) already exists.', 'hint': None, 'message': 'duplicate key value violates unique constraint "cotizaciones_pkey"'}
[2025-08-07T00:25:23.440+0000] {logging_mixin.py:188} INFO - [{'codigoMoneda': 'ARS', 'descripcion': 'PESO', 'tipoPase': 0.000751, 'tipoCotizacion': 0.0, 'fecha': '2025-08-06'}, {'codigoMoneda': 'ARS', 'descripcion': 'PESO', 'tipoPase': 0.000747, 'tipoCotizacion': 0.0, 'fecha': '2025-08-05'}, {'codigoMoneda': 'ARS', 'descripcion': 'PESO', 'tipoPase': 0.000735, 'tipoCotizacion': 0.0, 'fecha': '2025-08-04'}, {'codigoMoneda': 'ARS', 'descripcion': 'PESO', 'tipoPase': 0.000733, 'tipoCotizacion': 0.0, 'fecha': '2025-08-01'}, {'codigoMoneda': 'ARS', 'descripcion': 'PESO', 'tipoPase': 0.000728, 'tipoCotizacion': 0.0, 'fecha': '2025-07-31'}, {'codigoMoneda': 'ARS', 'descripcion': 'PESO', 'tipoPase': 0.00076, 'tipoCotizacion': 0.0, 'fecha': '2025-07-30'}, {'codigoMoneda': 'ARS', 'descripcion': 'PESO', 'tipoPase': 0.000775, 'tipoCotizacion': 0.0, 'fecha': '2025-07-29'}, {'codigoMoneda': 'ARS', 'descripcion': 'PESO', 'tipoPase': 0.000772, 'tipoCotizacion': 0.0, 'fecha': '2025-07-28'}, {'codigoMoneda': 'ARS', 'descripcion': 'PESO', 'tipoPase': 0.000781, 'tipoCotizacion': 0.0, 'fecha': '2025-07-25'}, {'codigoMoneda': 'ARS', 'descripcion': 'PESO', 'tipoPase': 0.000786, 'tipoCotizacion': 0.0, 'fecha': '2025-07-24'}, {'codigoMoneda': 'ARS', 'descripcion': 'PESO', 'tipoPase': 0.000795, 'tipoCotizacion': 0.0, 'fecha': '2025-07-23'}, {'codigoMoneda': 'ARS', 'descripcion': 'PESO', 'tipoPase': 0.000796, 'tipoCotizacion': 0.0, 'fecha': '2025-07-22'}, {'codigoMoneda': 'ARS', 'descripcion': 'PESO', 'tipoPase': 0.000784, 'tipoCotizacion': 0.0, 'fecha': '2025-07-21'}, {'codigoMoneda': 'ARS', 'descripcion': 'PESO', 'tipoPase': 0.000778, 'tipoCotizacion': 0.0, 'fecha': '2025-07-18'}, {'codigoMoneda': 'ARS', 'descripcion': 'PESO', 'tipoPase': 0.000785, 'tipoCotizacion': 0.0, 'fecha': '2025-07-17'}, {'codigoMoneda': 'ARS', 'descripcion': 'PESO', 'tipoPase': 0.000793, 'tipoCotizacion': 0.0, 'fecha': '2025-07-16'}, {'codigoMoneda': 'ARS', 'descripcion': 'PESO', 'tipoPase': 0.000794, 'tipoCotizacion': 0.0, 'fecha': '2025-07-15'}, {'codigoMoneda': 'ARS', 'descripcion': 'PESO', 'tipoPase': 0.000781, 'tipoCotizacion': 0.0, 'fecha': '2025-07-14'}, {'codigoMoneda': 'ARS', 'descripcion': 'PESO', 'tipoPase': 0.000793, 'tipoCotizacion': 0.0, 'fecha': '2025-07-11'}, {'codigoMoneda': 'ARS', 'descripcion': 'PESO', 'tipoPase': 0.000797, 'tipoCotizacion': 0.0, 'fecha': '2025-07-10'}, {'codigoMoneda': 'ARS', 'descripcion': 'PESO', 'tipoPase': 0.000797, 'tipoCotizacion': 0.0, 'fecha': '2025-07-08'}, {'codigoMoneda': 'ARS', 'descripcion': 'PESO', 'tipoPase': 0.000791, 'tipoCotizacion': 0.0, 'fecha': '2025-07-07'}, {'codigoMoneda': 'ARS', 'descripcion': 'PESO', 'tipoPase': 0.000806, 'tipoCotizacion': 0.0, 'fecha': '2025-07-04'}, {'codigoMoneda': 'ARS', 'descripcion': 'PESO', 'tipoPase': 0.000812, 'tipoCotizacion': 0.0, 'fecha': '2025-07-03'}, {'codigoMoneda': 'ARS', 'descripcion': 'PESO', 'tipoPase': 0.000814, 'tipoCotizacion': 0.0, 'fecha': '2025-07-02'}, {'codigoMoneda': 'ARS', 'descripcion': 'PESO', 'tipoPase': 0.000818, 'tipoCotizacion': 0.0, 'fecha': '2025-07-01'}, {'codigoMoneda': 'ARS', 'descripcion': 'PESO', 'tipoPase': 0.00083, 'tipoCotizacion': 0.0, 'fecha': '2025-06-30'}, {'codigoMoneda': 'ARS', 'descripcion': 'PESO', 'tipoPase': 0.000841, 'tipoCotizacion': 0.0, 'fecha': '2025-06-27'}, {'codigoMoneda': 'ARS', 'descripcion': 'PESO', 'tipoPase': 0.000841, 'tipoCotizacion': 0.0, 'fecha': '2025-06-26'}, {'codigoMoneda': 'ARS', 'descripcion': 'PESO', 'tipoPase': 0.000839, 'tipoCotizacion': 0.0, 'fecha': '2025-06-25'}, {'codigoMoneda': 'ARS', 'descripcion': 'PESO', 'tipoPase': 0.000851, 'tipoCotizacion': 0.0, 'fecha': '2025-06-24'}, {'codigoMoneda': 'ARS', 'descripcion': 'PESO', 'tipoPase': 0.000854, 'tipoCotizacion': 0.0, 'fecha': '2025-06-23'}, {'codigoMoneda': 'ARS', 'descripcion': 'PESO', 'tipoPase': 0.000861, 'tipoCotizacion': 0.0, 'fecha': '2025-06-19'}, {'codigoMoneda': 'ARS', 'descripcion': 'PESO', 'tipoPase': 0.000875, 'tipoCotizacion': 0.0, 'fecha': '2025-06-18'}, {'codigoMoneda': 'ARS', 'descripcion': 'PESO', 'tipoPase': 0.000862, 'tipoCotizacion': 0.0, 'fecha': '2025-06-17'}, {'codigoMoneda': 'ARS', 'descripcion': 'PESO', 'tipoPase': 0.000846, 'tipoCotizacion': 0.0, 'fecha': '2025-06-13'}, {'codigoMoneda': 'ARS', 'descripcion': 'PESO', 'tipoPase': 0.000844, 'tipoCotizacion': 0.0, 'fecha': '2025-06-12'}, {'codigoMoneda': 'ARS', 'descripcion': 'PESO', 'tipoPase': 0.000846, 'tipoCotizacion': 0.0, 'fecha': '2025-06-11'}, {'codigoMoneda': 'ARS', 'descripcion': 'PESO', 'tipoPase': 0.000841, 'tipoCotizacion': 0.0, 'fecha': '2025-06-10'}, {'codigoMoneda': 'ARS', 'descripcion': 'PESO', 'tipoPase': 0.000844, 'tipoCotizacion': 0.0, 'fecha': '2025-06-09'}, {'codigoMoneda': 'ARS', 'descripcion': 'PESO', 'tipoPase': 0.000844, 'tipoCotizacion': 0.0, 'fecha': '2025-06-06'}, {'codigoMoneda': 'ARS', 'descripcion': 'PESO', 'tipoPase': 0.00084, 'tipoCotizacion': 0.0, 'fecha': '2025-06-05'}, {'codigoMoneda': 'ARS', 'descripcion': 'PESO', 'tipoPase': 0.000844, 'tipoCotizacion': 0.0, 'fecha': '2025-06-04'}, {'codigoMoneda': 'ARS', 'descripcion': 'PESO', 'tipoPase': 0.000845, 'tipoCotizacion': 0.0, 'fecha': '2025-06-03'}, {'codigoMoneda': 'ARS', 'descripcion': 'PESO', 'tipoPase': 0.000847, 'tipoCotizacion': 0.0, 'fecha': '2025-06-02'}, {'codigoMoneda': 'ARS', 'descripcion': 'PESO', 'tipoPase': 0.000842, 'tipoCotizacion': 0.0, 'fecha': '2025-05-30'}, {'codigoMoneda': 'ARS', 'descripcion': 'PESO', 'tipoPase': 0.000845, 'tipoCotizacion': 0.0, 'fecha': '2025-05-29'}, {'codigoMoneda': 'ARS', 'descripcion': 'PESO', 'tipoPase': 0.000862, 'tipoCotizacion': 0.0, 'fecha': '2025-05-28'}, {'codigoMoneda': 'ARS', 'descripcion': 'PESO', 'tipoPase': 0.000865, 'tipoCotizacion': 0.0, 'fecha': '2025-05-27'}, {'codigoMoneda': 'ARS', 'descripcion': 'PESO', 'tipoPase': 0.000875, 'tipoCotizacion': 0.0, 'fecha': '2025-05-26'}]
[2025-08-07T00:25:23.669+0000] {warnings.py:109} WARNING - /home/***/.local/lib/python3.8/site-packages/urllib3/connectionpool.py:1061: InsecureRequestWarning: Unverified HTTPS request is being made to host 'api.bcra.gob.ar'. Adding certificate verification is strongly advised. See: https://urllib3.readthedocs.io/en/1.26.x/advanced-usage.html#ssl-warnings
  warnings.warn(

[2025-08-07T00:25:27.497+0000] {taskinstance.py:2698} ERROR - Task failed with exception
Traceback (most recent call last):
  File "/home/airflow/.local/lib/python3.8/site-packages/airflow/models/taskinstance.py", line 433, in _execute_task
    result = execute_callable(context=context, **execute_callable_kwargs)
  File "/home/airflow/.local/lib/python3.8/site-packages/airflow/operators/python.py", line 199, in execute
    return_value = self.execute_callable()
  File "/home/airflow/.local/lib/python3.8/site-packages/airflow/operators/python.py", line 216, in execute_callable
    return self.python_callable(*self.op_args, **self.op_kwargs)
  File "/opt/airflow/dags/ejercicio2.py", line 88, in cargainicial
    df.columns = df.columns.str.lower()
  File "/home/airflow/.local/lib/python3.8/site-packages/pandas/core/accessor.py", line 224, in __get__
    accessor_obj = self._accessor(obj)
  File "/home/airflow/.local/lib/python3.8/site-packages/pandas/core/strings/accessor.py", line 181, in __init__
    self._inferred_dtype = self._validate(data)
  File "/home/airflow/.local/lib/python3.8/site-packages/pandas/core/strings/accessor.py", line 235, in _validate
    raise AttributeError("Can only use .str accessor with string values!")
AttributeError: Can only use .str accessor with string values!
[2025-08-07T00:25:27.560+0000] {taskinstance.py:1138} INFO - Marking task as FAILED. dag_id=Ejercicio2, task_id=cargainicial, execution_date=20250806T233906, start_date=20250807T002513, end_date=20250807T002527
[2025-08-07T00:25:27.637+0000] {standard_task_runner.py:107} ERROR - Failed to execute job 298 for task cargainicial (Can only use .str accessor with string values!; 4954)
[2025-08-07T00:25:27.722+0000] {local_task_job_runner.py:234} INFO - Task exited with return code 1
[2025-08-07T00:25:27.767+0000] {taskinstance.py:3280} INFO - 0 downstream tasks scheduled from follow-on schedule check
