[2025-08-06T23:32:45.662+0000] {taskinstance.py:1956} INFO - Dependencies all met for dep_context=non-requeueable deps ti=<TaskInstance: Ejercicio2.Inicio manual__2025-08-06T23:27:28.083550+00:00 [queued]>
[2025-08-06T23:32:45.702+0000] {taskinstance.py:1956} INFO - Dependencies all met for dep_context=requeueable deps ti=<TaskInstance: Ejercicio2.Inicio manual__2025-08-06T23:27:28.083550+00:00 [queued]>
[2025-08-06T23:32:45.707+0000] {taskinstance.py:2170} INFO - Starting attempt 2 of 2
[2025-08-06T23:32:45.789+0000] {taskinstance.py:2191} INFO - Executing <Task(BranchPythonOperator): Inicio> on 2025-08-06 23:27:28.083550+00:00
[2025-08-06T23:32:45.833+0000] {standard_task_runner.py:60} INFO - Started process 4823 to run task
[2025-08-06T23:32:45.920+0000] {standard_task_runner.py:87} INFO - Running: ['***', 'tasks', 'run', 'Ejercicio2', 'Inicio', 'manual__2025-08-06T23:27:28.083550+00:00', '--job-id', '293', '--raw', '--subdir', 'DAGS_FOLDER/ejercicio2.py', '--cfg-path', '/tmp/tmpsgaroify']
[2025-08-06T23:32:45.961+0000] {standard_task_runner.py:88} INFO - Job 293: Subtask Inicio
[2025-08-06T23:32:46.896+0000] {task_command.py:423} INFO - Running <TaskInstance: Ejercicio2.Inicio manual__2025-08-06T23:27:28.083550+00:00 [running]> on host 019b67754667
[2025-08-06T23:32:47.906+0000] {taskinstance.py:2480} INFO - Exporting env vars: AIRFLOW_CTX_DAG_OWNER='***' AIRFLOW_CTX_DAG_ID='Ejercicio2' AIRFLOW_CTX_TASK_ID='Inicio' AIRFLOW_CTX_EXECUTION_DATE='2025-08-06T23:27:28.083550+00:00' AIRFLOW_CTX_TRY_NUMBER='2' AIRFLOW_CTX_DAG_RUN_ID='manual__2025-08-06T23:27:28.083550+00:00'
[2025-08-06T23:32:48.764+0000] {_client.py:1038} INFO - HTTP Request: GET https://qwpzsjaaxuijmqodvslf.supabase.co/rest/v1/cotizaciones?select=%2A "HTTP/2 200 OK"
[2025-08-06T23:32:48.935+0000] {logging_mixin.py:188} INFO - 
 ----------------------
data=[] count=None
[2025-08-06T23:32:48.940+0000] {python.py:201} INFO - Done. Returned value was: cargainicial
[2025-08-06T23:32:48.942+0000] {branch.py:35} INFO - Branch into cargainicial
[2025-08-06T23:32:48.943+0000] {skipmixin.py:178} INFO - Following branch cargainicial
[2025-08-06T23:32:49.010+0000] {skipmixin.py:244} INFO - Skipping tasks []
[2025-08-06T23:32:49.195+0000] {taskinstance.py:1138} INFO - Marking task as SUCCESS. dag_id=Ejercicio2, task_id=Inicio, execution_date=20250806T232728, start_date=20250806T233245, end_date=20250806T233249
[2025-08-06T23:32:49.321+0000] {local_task_job_runner.py:234} INFO - Task exited with return code 0
[2025-08-06T23:32:49.418+0000] {taskinstance.py:3280} INFO - 0 downstream tasks scheduled from follow-on schedule check
